#
# There is insufficient memory for the Java Runtime Environment to continue.
# Native memory allocation (malloc) failed to allocate 1727952 bytes for Chunk::new
# Possible reasons:
#   The system is out of physical RAM or swap space
#   In 32 bit mode, the process size limit was hit
# Possible solutions:
#   Reduce memory load on the system
#   Increase physical memory or swap space
#   Check if swap backing store is full
#   Use 64 bit Java on a 64 bit OS
#   Decrease Java heap size (-Xmx/-Xms)
#   Decrease number of Java threads
#   Decrease Java thread stack sizes (-Xss)
#   Set larger code cache with -XX:ReservedCodeCacheSize=
# This output file may be truncated or incomplete.
#
#  Out of Memory Error (allocation.cpp:390), pid=1664, tid=2400
#
# JRE version: Java(TM) SE Runtime Environment (8.0_60-b27) (build 1.8.0_60-b27)
# Java VM: Java HotSpot(TM) 64-Bit Server VM (25.60-b23 mixed mode windows-amd64 compressed oops)
# Failed to write core dump. Minidumps are not enabled by default on client versions of Windows
#

---------------  T H R E A D  ---------------

Current thread (0x0000000054b10800):  JavaThread "C2 CompilerThread0" daemon [_thread_in_native, id=2400, stack(0x0000000055d60000,0x0000000055e60000)]

Stack: [0x0000000055d60000,0x0000000055e60000]
[error occurred during error reporting (printing stack bounds), id 0xc0000005]

Native frames: (J=compiled Java code, j=interpreted, Vv=VM code, C=native code)


Current CompileTask:
C2:2497919 16221   !   4       org.gradle.api.internal.file.collections.DefaultFileCollectionResolveContext::doResolve (378 bytes)


---------------  P R O C E S S  ---------------

Java Threads: ( => current thread )
  0x0000000056e7c000 JavaThread "Stdin handler" [_thread_blocked, id=1772, stack(0x000000005ce70000,0x000000005cf70000)]
  0x0000000056e79000 JavaThread "Daemon worker Thread 5" [_thread_in_native, id=3900, stack(0x000000005c840000,0x000000005c940000)]
  0x0000000056e77800 JavaThread "Cancel handler" [_thread_blocked, id=3640, stack(0x000000005a230000,0x000000005a330000)]
  0x0000000056e76800 JavaThread "Handler for socket connection from /127.0.0.1:49437 to /127.0.0.1:58933" [_thread_in_native, id=1216, stack(0x000000005c740000,0x000000005c840000)]
  0x0000000056e76000 JavaThread "Daemon Thread 5" [_thread_blocked, id=992, stack(0x0000000058600000,0x0000000058700000)]
  0x0000000056e81000 JavaThread "pool-3-thread-4" [_thread_blocked, id=2212, stack(0x000000005f060000,0x000000005f160000)]
  0x0000000056e82800 JavaThread "pool-3-thread-3" [_thread_blocked, id=3324, stack(0x000000005fd50000,0x000000005fe50000)]
  0x0000000056e7f800 JavaThread "pool-3-thread-2" [_thread_blocked, id=3768, stack(0x000000005fa30000,0x000000005fb30000)]
  0x0000000056e7f000 JavaThread "pool-3-thread-1" [_thread_blocked, id=2208, stack(0x000000005edc0000,0x000000005eec0000)]
  0x0000000057ca0800 JavaThread "stdout" daemon [_thread_in_native, id=3948, stack(0x0000000063710000,0x0000000063810000)]
  0x0000000057c9f800 JavaThread "stderr" daemon [_thread_in_native, id=3856, stack(0x0000000063610000,0x0000000063710000)]
  0x00000000597f8000 JavaThread "stdout" daemon [_thread_in_native, id=3232, stack(0x0000000063000000,0x0000000063100000)]
  0x0000000059127000 JavaThread "stderr" daemon [_thread_in_native, id=3228, stack(0x0000000062e40000,0x0000000062f40000)]
  0x0000000059123800 JavaThread "stdout" daemon [_thread_in_native, id=3184, stack(0x0000000062730000,0x0000000062830000)]
  0x0000000059122800 JavaThread "stderr" daemon [_thread_in_native, id=3180, stack(0x0000000062180000,0x0000000062280000)]
  0x00000000577b3800 JavaThread "stdout" daemon [_thread_in_native, id=952, stack(0x0000000062040000,0x0000000062140000)]
  0x00000000577b3000 JavaThread "stderr" daemon [_thread_in_native, id=2424, stack(0x0000000061b30000,0x0000000061c30000)]
  0x00000000577b2000 JavaThread "stdout" daemon [_thread_in_native, id=2200, stack(0x0000000061d90000,0x0000000061e90000)]
  0x00000000577b1800 JavaThread "stderr" daemon [_thread_in_native, id=2456, stack(0x0000000061c80000,0x0000000061d80000)]
  0x00000000577af000 JavaThread "stdout" daemon [_thread_in_native, id=2620, stack(0x0000000061170000,0x0000000061270000)]
  0x00000000577ae800 JavaThread "stderr" daemon [_thread_in_native, id=468, stack(0x000000005ef60000,0x000000005f060000)]
  0x0000000057c4d000 JavaThread "File lock request listener" [_thread_in_native, id=1728, stack(0x000000005a3e0000,0x000000005a4e0000)]
  0x00000000572c6000 JavaThread "Incoming local TCP Connector on port 49437" [_thread_in_native, id=828, stack(0x0000000058260000,0x0000000058360000)]
  0x0000000054b16000 JavaThread "Service Thread" daemon [_thread_blocked, id=3012, stack(0x00000000560b0000,0x00000000561b0000)]
  0x0000000054b13000 JavaThread "C1 CompilerThread1" daemon [_thread_blocked, id=2468, stack(0x0000000055eb0000,0x0000000055fb0000)]
=>0x0000000054b10800 JavaThread "C2 CompilerThread0" daemon [_thread_in_native, id=2400, stack(0x0000000055d60000,0x0000000055e60000)]
  0x0000000054b0f800 JavaThread "Attach Listener" daemon [_thread_blocked, id=296, stack(0x0000000055c30000,0x0000000055d30000)]
  0x0000000054b0e000 JavaThread "Signal Dispatcher" daemon [_thread_blocked, id=820, stack(0x0000000055960000,0x0000000055a60000)]
  0x0000000054aae800 JavaThread "Finalizer" daemon [_thread_blocked, id=2304, stack(0x00000000557a0000,0x00000000558a0000)]
  0x0000000054aa5800 JavaThread "Reference Handler" daemon [_thread_blocked, id=1924, stack(0x0000000055650000,0x0000000055750000)]
  0x0000000001f7e800 JavaThread "main" [_thread_blocked, id=756, stack(0x0000000001fb0000,0x00000000020b0000)]

Other Threads:
  0x0000000054a9d800 VMThread [stack: 0x00000000554c0000,0x00000000555c0000] [id=2280]
  0x00000000561c8800 WatcherThread [stack: 0x0000000056640000,0x0000000056740000] [id=1220]

VM state:not at safepoint (normal execution)

VM Mutex/Monitor currently owned by a thread: None

Heap:
 PSYoungGen      total 313344K, used 97138K [0x00000000eab00000, 0x00000000ff880000, 0x0000000100000000)
  eden space 285184K, 34% used [0x00000000eab00000,0x00000000f09dc998,0x00000000fc180000)
  from space 28160K, 0% used [0x00000000fdd00000,0x00000000fdd00000,0x00000000ff880000)
  to   space 28160K, 0% used [0x00000000fc180000,0x00000000fc180000,0x00000000fdd00000)
 ParOldGen       total 110592K, used 43910K [0x00000000c0000000, 0x00000000c6c00000, 0x00000000eab00000)
  object space 110592K, 39% used [0x00000000c0000000,0x00000000c2ae1ab8,0x00000000c6c00000)
 Metaspace       used 68260K, capacity 71364K, committed 72960K, reserved 1112064K
  class space    used 8812K, capacity 9305K, committed 9728K, reserved 1048576K

Card table byte_map: [0x0000000011850000,0x0000000011a60000] byte_map_base: 0x0000000011250000

Marking Bits: (ParMarkBitMap*) 0x0000000072e2a5b0
 Begin Bits: [0x0000000011f70000, 0x0000000012f70000)
 End Bits:   [0x0000000012f70000, 0x0000000013f70000)

Polling page: 0x0000000000110000

CodeCache: size=245760Kb used=45330Kb max_used=45388Kb free=200430Kb
 bounds [0x0000000002490000, 0x0000000005140000, 0x0000000011490000]
 total_blobs=13474 nmethods=12698 adapters=688
 compilation: enabled

Compilation events (10 events):
Event: 2497.179 Thread 0x0000000054b13000 16255   !   3       com.android.build.gradle.internal.scope.BaseScope$getTaskName::call (43 bytes)
Event: 2497.180 Thread 0x0000000054b13000 nmethod 16255 0x0000000004bc2890 code [0x0000000004bc2a60, 0x0000000004bc3128]
Event: 2497.188 Thread 0x0000000054b13000 16256       1       org.gradle.api.internal.plugins.ExtensionsStorage$ExtensionHolder::get (5 bytes)
Event: 2497.188 Thread 0x0000000054b13000 nmethod 16256 0x00000000040c44d0 code [0x00000000040c4620, 0x00000000040c4730]
Event: 2497.193 Thread 0x0000000054b13000 16258       3       com.google.common.reflect.TypeResolver::resolveTypes (32 bytes)
Event: 2497.193 Thread 0x0000000054b13000 nmethod 16258 0x0000000004bc2090 code [0x0000000004bc2220, 0x0000000004bc26c8]
Event: 2497.193 Thread 0x0000000054b13000 16259       1       com.google.common.reflect.Types$ParameterizedTypeImpl::getOwnerType (5 bytes)
Event: 2497.193 Thread 0x0000000054b13000 nmethod 16259 0x000000000293e910 code [0x000000000293ea60, 0x000000000293eb70]
Event: 2497.193 Thread 0x0000000054b13000 16260       1       com.google.common.reflect.Types$ParameterizedTypeImpl::getRawType (5 bytes)
Event: 2497.194 Thread 0x0000000054b13000 nmethod 16260 0x0000000005004090 code [0x00000000050041e0, 0x00000000050042f0]

GC Heap History (10 events):
Event: 954.186 GC heap before
{Heap before GC invocations=25 (full 7):
 PSYoungGen      total 316416K, used 283648K [0x00000000eab00000, 0x0000000100000000, 0x0000000100000000)
  eden space 283648K, 100% used [0x00000000eab00000,0x00000000fc000000,0x00000000fc000000)
  from space 32768K, 0% used [0x00000000fc000000,0x00000000fc000000,0x00000000fe000000)
  to   space 31232K, 0% used [0x00000000fe180000,0x00000000fe180000,0x0000000100000000)
 ParOldGen       total 110592K, used 55837K [0x00000000c0000000, 0x00000000c6c00000, 0x00000000eab00000)
  object space 110592K, 50% used [0x00000000c0000000,0x00000000c3687620,0x00000000c6c00000)
 Metaspace       used 65966K, capacity 69220K, committed 69376K, reserved 1110016K
  class space    used 8724K, capacity 9373K, committed 9472K, reserved 1048576K
Event: 954.213 GC heap after
Heap after GC invocations=25 (full 7):
 PSYoungGen      total 310784K, used 10640K [0x00000000eab00000, 0x00000000ffa80000, 0x0000000100000000)
  eden space 285184K, 0% used [0x00000000eab00000,0x00000000eab00000,0x00000000fc180000)
  from space 25600K, 41% used [0x00000000fe180000,0x00000000febe4010,0x00000000ffa80000)
  to   space 29184K, 0% used [0x00000000fc180000,0x00000000fc180000,0x00000000fde00000)
 ParOldGen       total 110592K, used 55845K [0x00000000c0000000, 0x00000000c6c00000, 0x00000000eab00000)
  object space 110592K, 50% used [0x00000000c0000000,0x00000000c3689620,0x00000000c6c00000)
 Metaspace       used 65966K, capacity 69220K, committed 69376K, reserved 1110016K
  class space    used 8724K, capacity 9373K, committed 9472K, reserved 1048576K
}
Event: 1018.245 GC heap before
{Heap before GC invocations=26 (full 7):
 PSYoungGen      total 310784K, used 249386K [0x00000000eab00000, 0x00000000ffa80000, 0x0000000100000000)
  eden space 285184K, 83% used [0x00000000eab00000,0x00000000f94268e0,0x00000000fc180000)
  from space 25600K, 41% used [0x00000000fe180000,0x00000000febe4010,0x00000000ffa80000)
  to   space 29184K, 0% used [0x00000000fc180000,0x00000000fc180000,0x00000000fde00000)
 ParOldGen       total 110592K, used 55845K [0x00000000c0000000, 0x00000000c6c00000, 0x00000000eab00000)
  object space 110592K, 50% used [0x00000000c0000000,0x00000000c3689620,0x00000000c6c00000)
 Metaspace       used 68892K, capacity 72352K, committed 72448K, reserved 1112064K
  class space    used 9000K, capacity 9695K, committed 9728K, reserved 1048576K
Event: 1018.271 GC heap after
Heap after GC invocations=26 (full 7):
 PSYoungGen      total 298496K, used 13032K [0x00000000eab00000, 0x00000000ff880000, 0x0000000100000000)
  eden space 285184K, 0% used [0x00000000eab00000,0x00000000eab00000,0x00000000fc180000)
  from space 13312K, 97% used [0x00000000fc180000,0x00000000fce3a2d8,0x00000000fce80000)
  to   space 28160K, 0% used [0x00000000fdd00000,0x00000000fdd00000,0x00000000ff880000)
 ParOldGen       total 110592K, used 55853K [0x00000000c0000000, 0x00000000c6c00000, 0x00000000eab00000)
  object space 110592K, 50% used [0x00000000c0000000,0x00000000c368b620,0x00000000c6c00000)
 Metaspace       used 68892K, capacity 72352K, committed 72448K, reserved 1112064K
  class space    used 9000K, capacity 9695K, committed 9728K, reserved 1048576K
}
Event: 1018.271 GC heap before
{Heap before GC invocations=27 (full 8):
 PSYoungGen      total 298496K, used 13032K [0x00000000eab00000, 0x00000000ff880000, 0x0000000100000000)
  eden space 285184K, 0% used [0x00000000eab00000,0x00000000eab00000,0x00000000fc180000)
  from space 13312K, 97% used [0x00000000fc180000,0x00000000fce3a2d8,0x00000000fce80000)
  to   space 28160K, 0% used [0x00000000fdd00000,0x00000000fdd00000,0x00000000ff880000)
 ParOldGen       total 110592K, used 55853K [0x00000000c0000000, 0x00000000c6c00000, 0x00000000eab00000)
  object space 110592K, 50% used [0x00000000c0000000,0x00000000c368b620,0x00000000c6c00000)
 Metaspace       used 68892K, capacity 72352K, committed 72448K, reserved 1112064K
  class space    used 9000K, capacity 9695K, committed 9728K, reserved 1048576K
Event: 1018.779 GC heap after
Heap after GC invocations=27 (full 8):
 PSYoungGen      total 298496K, used 0K [0x00000000eab00000, 0x00000000ff880000, 0x0000000100000000)
  eden space 285184K, 0% used [0x00000000eab00000,0x00000000eab00000,0x00000000fc180000)
  from space 13312K, 0% used [0x00000000fc180000,0x00000000fc180000,0x00000000fce80000)
  to   space 28160K, 0% used [0x00000000fdd00000,0x00000000fdd00000,0x00000000ff880000)
 ParOldGen       total 110592K, used 59404K [0x00000000c0000000, 0x00000000c6c00000, 0x00000000eab00000)
  object space 110592K, 53% used [0x00000000c0000000,0x00000000c3a03358,0x00000000c6c00000)
 Metaspace       used 68683K, capacity 71990K, committed 72448K, reserved 1112064K
  class space    used 8970K, capacity 9629K, committed 9728K, reserved 1048576K
}
Event: 1731.209 GC heap before
{Heap before GC invocations=28 (full 8):
 PSYoungGen      total 298496K, used 158955K [0x00000000eab00000, 0x00000000ff880000, 0x0000000100000000)
  eden space 285184K, 55% used [0x00000000eab00000,0x00000000f463af00,0x00000000fc180000)
  from space 13312K, 0% used [0x00000000fc180000,0x00000000fc180000,0x00000000fce80000)
  to   space 28160K, 0% used [0x00000000fdd00000,0x00000000fdd00000,0x00000000ff880000)
 ParOldGen       total 110592K, used 59404K [0x00000000c0000000, 0x00000000c6c00000, 0x00000000eab00000)
  object space 110592K, 53% used [0x00000000c0000000,0x00000000c3a03358,0x00000000c6c00000)
 Metaspace       used 69220K, capacity 72754K, committed 72960K, reserved 1112064K
  class space    used 9027K, capacity 9679K, committed 9728K, reserved 1048576K
Event: 1731.219 GC heap after
Heap after GC invocations=28 (full 8):
 PSYoungGen      total 313344K, used 2098K [0x00000000eab00000, 0x00000000ff880000, 0x0000000100000000)
  eden space 285184K, 0% used [0x00000000eab00000,0x00000000eab00000,0x00000000fc180000)
  from space 28160K, 7% used [0x00000000fdd00000,0x00000000fdf0ca30,0x00000000ff880000)
  to   space 28160K, 0% used [0x00000000fc180000,0x00000000fc180000,0x00000000fdd00000)
 ParOldGen       total 110592K, used 59412K [0x00000000c0000000, 0x00000000c6c00000, 0x00000000eab00000)
  object space 110592K, 53% used [0x00000000c0000000,0x00000000c3a05358,0x00000000c6c00000)
 Metaspace       used 69220K, capacity 72754K, committed 72960K, reserved 1112064K
  class space    used 9027K, capacity 9679K, committed 9728K, reserved 1048576K
}
Event: 1731.219 GC heap before
{Heap before GC invocations=29 (full 9):
 PSYoungGen      total 313344K, used 2098K [0x00000000eab00000, 0x00000000ff880000, 0x0000000100000000)
  eden space 285184K, 0% used [0x00000000eab00000,0x00000000eab00000,0x00000000fc180000)
  from space 28160K, 7% used [0x00000000fdd00000,0x00000000fdf0ca30,0x00000000ff880000)
  to   space 28160K, 0% used [0x00000000fc180000,0x00000000fc180000,0x00000000fdd00000)
 ParOldGen       total 110592K, used 59412K [0x00000000c0000000, 0x00000000c6c00000, 0x00000000eab00000)
  object space 110592K, 53% used [0x00000000c0000000,0x00000000c3a05358,0x00000000c6c00000)
 Metaspace       used 69220K, capacity 72754K, committed 72960K, reserved 1112064K
  class space    used 9027K, capacity 9679K, committed 9728K, reserved 1048576K
Event: 1731.714 GC heap after
Heap after GC invocations=29 (full 9):
 PSYoungGen      total 313344K, used 0K [0x00000000eab00000, 0x00000000ff880000, 0x0000000100000000)
  eden space 285184K, 0% used [0x00000000eab00000,0x00000000eab00000,0x00000000fc180000)
  from space 28160K, 0% used [0x00000000fdd00000,0x00000000fdd00000,0x00000000ff880000)
  to   space 28160K, 0% used [0x00000000fc180000,0x00000000fc180000,0x00000000fdd00000)
 ParOldGen       total 110592K, used 43910K [0x00000000c0000000, 0x00000000c6c00000, 0x00000000eab00000)
  object space 110592K, 39% used [0x00000000c0000000,0x00000000c2ae1ab8,0x00000000c6c00000)
 Metaspace       used 68077K, capacity 71042K, committed 72960K, reserved 1112064K
  class space    used 8794K, capacity 9286K, committed 9728K, reserved 1048576K
}

Deoptimization events (10 events):
Event: 1724.689 Thread 0x0000000056e76800 Uncommon trap: reason=class_check action=maybe_recompile pc=0x00000000041e2e2c method=org.gradle.api.internal.file.pattern.PatternMatcherFactory$PathMatcherBackedSpec.isSatisfiedBy(Lorg/gradle/api/file/RelativePath;)Z @ 38
Event: 1724.690 Thread 0x0000000056e76800 Uncommon trap: reason=class_check action=maybe_recompile pc=0x0000000003ced8a4 method=org.gradle.api.internal.file.pattern.PatternMatcherFactory$PathMatcherBackedSpec.isSatisfiedBy(Lorg/gradle/api/file/RelativePath;)Z @ 38
Event: 1724.702 Thread 0x0000000056e76800 Uncommon trap: reason=unstable_if action=reinterpret pc=0x0000000003850bd4 method=org.gradle.api.internal.file.pattern.FixedStepsPathMatcher.matches([Ljava/lang/String;I)Z @ 10
Event: 1724.702 Thread 0x0000000056e76800 Uncommon trap: reason=unstable_if action=reinterpret pc=0x00000000046aa948 method=org.gradle.api.internal.file.collections.jdk7.Jdk7DirectoryWalker$1.visitFile(Ljava/nio/file/Path;Ljava/nio/file/attribute/BasicFileAttributes;)Ljava/nio/file/FileVisitResult#^^8Töš@
Event: 1725.582 Thread 0x0000000056e76800 Uncommon trap: reason=class_check action=maybe_recompile pc=0x00000000036e9290 method=sun.misc.URLClassPath$1.next()Z @ 46
Event: 1726.154 Thread 0x0000000056e76800 Uncommon trap: reason=class_check action=maybe_recompile pc=0x0000000004c58b7c method=com.sun.tools.javac.jvm.Pool.makePoolValue(Ljava/lang/Object;)Ljava/lang/Object; @ 58
Event: 1726.154 Thread 0x0000000056e76800 Uncommon trap: reason=class_check action=maybe_recompile pc=0x0000000004c58b7c method=com.sun.tools.javac.jvm.Pool.makePoolValue(Ljava/lang/Object;)Ljava/lang/Object; @ 58
Event: 1731.731 Thread 0x0000000056e76000 Uncommon trap: reason=unstable_if action=reinterpret pc=0x000000000324b1b0 method=java.io.ObjectStreamClass.processQueue(Ljava/lang/ref/ReferenceQueue;Ljava/util/concurrent/ConcurrentMap;)V @ 6
Event: 2495.653 Thread 0x0000000056e79000 Uncommon trap: reason=null_check action=make_not_entrant pc=0x0000000002674d0c method=org.gradle.api.internal.collections.CollectionFilter.filter(Ljava/lang/Object;)Ljava/lang/Object; @ 5
Event: 2495.891 Thread 0x0000000056e79000 Uncommon trap: reason=unstable_if action=reinterpret pc=0x0000000003eb56c8 method=com.sun.org.apache.xerces.internal.parsers.AbstractSAXParser.startElement(Lcom/sun/org/apache/xerces/internal/xni/QName;Lcom/sun/org/apache/xerces/internal/xni/XMLAttributes;

Internal exceptions (10 events):
Event: 1018.235 Thread 0x0000000056e77800 Exception <a 'java/io/FileNotFoundException'> (0x00000000f8f477a8) thrown at [C:\re\workspace\8-2-build-windows-amd64-cygwin\jdk8u60\4407\hotspot\src\share\vm\prims\jni.cpp, line 709]
Event: 1018.235 Thread 0x0000000056e77800 Exception <a 'java/io/FileNotFoundException'> (0x00000000f8f48978) thrown at [C:\re\workspace\8-2-build-windows-amd64-cygwin\jdk8u60\4407\hotspot\src\share\vm\prims\jni.cpp, line 709]
Event: 1718.719 Thread 0x0000000056e76800 Exception <a 'java/lang/ClassNotFoundException': asLocalRepo54_9gvfnz7p3hetqgenc6klwvan7BeanInfo> (0x00000000ebd6bd58) thrown at [C:\re\workspace\8-2-build-windows-amd64-cygwin\jdk8u60\4407\hotspot\src\share\vm\classfile\systemDictionary.cpp, line 210]
Event: 1718.719 Thread 0x0000000056e76800 Exception <a 'java/lang/ClassNotFoundException': asLocalRepo54_9gvfnz7p3hetqgenc6klwvan7Customizer> (0x00000000ebd75280) thrown at [C:\re\workspace\8-2-build-windows-amd64-cygwin\jdk8u60\4407\hotspot\src\share\vm\classfile\systemDictionary.cpp, line 210]
Event: 1723.754 Thread 0x0000000056e76800 Implicit null exception at 0x000000000481dd05 to 0x000000000481e104
Event: 1723.754 Thread 0x0000000056e76800 Implicit null exception at 0x000000000432e7a3 to 0x000000000432eaa4
Event: 1731.202 Thread 0x0000000056e76800 Exception <a 'java/io/FileNotFoundException'> (0x00000000f45c40f8) thrown at [C:\re\workspace\8-2-build-windows-amd64-cygwin\jdk8u60\4407\hotspot\src\share\vm\prims\jni.cpp, line 709]
Event: 2493.632 Thread 0x0000000056e79000 Exception <a 'java/lang/ClassNotFoundException': asLocalRepo55_nx8g1vuq34z4hmaxi571ohuxBeanInfo> (0x00000000ebb72480) thrown at [C:\re\workspace\8-2-build-windows-amd64-cygwin\jdk8u60\4407\hotspot\src\share\vm\classfile\systemDictionary.cpp, line 210]
Event: 2493.632 Thread 0x0000000056e79000 Exception <a 'java/lang/ClassNotFoundException': asLocalRepo55_nx8g1vuq34z4hmaxi571ohuxCustomizer> (0x00000000ebb7b960) thrown at [C:\re\workspace\8-2-build-windows-amd64-cygwin\jdk8u60\4407\hotspot\src\share\vm\classfile\systemDictionary.cpp, line 210]
Event: 2495.653 Thread 0x0000000056e79000 Implicit null exception at 0x0000000002674bcf to 0x0000000002674cf9

Events (10 events):
Event: 2496.002 Thread 0x0000000054b13000 flushing nmethod 0x0000000004659c90
Event: 2496.002 Thread 0x0000000054b13000 flushing nmethod 0x0000000004673850
Event: 2496.003 Thread 0x0000000054b13000 flushing nmethod 0x00000000046aa3d0
Event: 2496.003 Thread 0x0000000054b13000 flushing nmethod 0x000000000481da90
Event: 2496.004 Thread 0x0000000054b13000 flushing nmethod 0x00000000049e51d0
Event: 2496.004 Thread 0x0000000054b13000 flushing nmethod 0x0000000004a0fcd0
Event: 2496.005 Thread 0x0000000054b13000 flushing nmethod 0x0000000004bc2090
Event: 2496.005 Thread 0x0000000054b13000 flushing nmethod 0x0000000004bc5490
Event: 2496.065 loading class org/gradle/internal/typeconversion/NotationConverterToNotationParserAdapter$1
Event: 2496.065 loading class org/gradle/internal/typeconversion/NotationConverterToNotationParserAdapter$1 done


Dynamic libraries:
0x000000013fa80000 - 0x000000013fab7000 	E:\jdk1.8.0_60\bin\java.exe
0x0000000076cb0000 - 0x0000000076e59000 	C:\Windows\SYSTEM32\ntdll.dll
0x0000000076a90000 - 0x0000000076baf000 	C:\Windows\system32\kernel32.dll
0x000007fefcb80000 - 0x000007fefcbeb000 	C:\Windows\system32\KERNELBASE.dll
0x000007fefecd0000 - 0x000007fefedab000 	C:\Windows\system32\ADVAPI32.dll
0x000007fefe3b0000 - 0x000007fefe44f000 	C:\Windows\system32\msvcrt.dll
0x000007fefebd0000 - 0x000007fefebef000 	C:\Windows\SYSTEM32\sechost.dll
0x000007fefdfd0000 - 0x000007fefe0fd000 	C:\Windows\system32\RPCRT4.dll
0x0000000076bb0000 - 0x0000000076caa000 	C:\Windows\system32\USER32.dll
0x000007fefe100000 - 0x000007fefe167000 	C:\Windows\system32\GDI32.dll
0x000007fefe8b0000 - 0x000007fefe8be000 	C:\Windows\system32\LPK.dll
0x000007fefdcc0000 - 0x000007fefdd89000 	C:\Windows\system32\USP10.dll
0x000007fefb0c0000 - 0x000007fefb2b4000 	C:\Windows\WinSxS\amd64_microsoft.windows.common-controls_6595b64144ccf1df_6.0.7601.17514_none_fa396087175ac9ac\COMCTL32.dll
0x000007fefec50000 - 0x000007fefecc1000 	C:\Windows\system32\SHLWAPI.dll
0x000007fefe450000 - 0x000007fefe47e000 	C:\Windows\system32\IMM32.DLL
0x000007fefea20000 - 0x000007fefeb29000 	C:\Windows\system32\MSCTF.dll
0x0000000073ed0000 - 0x0000000073fa2000 	E:\jdk1.8.0_60\jre\bin\msvcr100.dll
0x0000000072620000 - 0x0000000072ea9000 	E:\jdk1.8.0_60\jre\bin\server\jvm.dll
0x000007fefa8b0000 - 0x000007fefa8b9000 	C:\Windows\system32\WSOCK32.dll
0x000007fefec00000 - 0x000007fefec4d000 	C:\Windows\system32\WS2_32.dll
0x000007fefebf0000 - 0x000007fefebf8000 	C:\Windows\system32\NSI.dll
0x000007fef71a0000 - 0x000007fef71db000 	C:\Windows\system32\WINMM.dll
0x000007fefbbc0000 - 0x000007fefbbcc000 	C:\Windows\system32\VERSION.dll
0x0000000076e80000 - 0x0000000076e87000 	C:\Windows\system32\PSAPI.DLL
0x00000000741a0000 - 0x00000000741af000 	E:\jdk1.8.0_60\jre\bin\verify.dll
0x0000000074170000 - 0x0000000074199000 	E:\jdk1.8.0_60\jre\bin\java.dll
0x0000000074150000 - 0x0000000074166000 	E:\jdk1.8.0_60\jre\bin\zip.dll
0x000007fefcf30000 - 0x000007fefdcb8000 	C:\Windows\system32\SHELL32.dll
0x000007fefedb0000 - 0x000007fefefb3000 	C:\Windows\system32\ole32.dll
0x000007fefca60000 - 0x000007fefca6f000 	C:\Windows\system32\profapi.dll
0x0000000074320000 - 0x000000007433a000 	E:\jdk1.8.0_60\jre\bin\net.dll
0x000007fefc290000 - 0x000007fefc2e5000 	C:\Windows\system32\mswsock.dll
0x000007fefc280000 - 0x000007fefc287000 	C:\Windows\System32\wship6.dll
0x0000000074300000 - 0x0000000074311000 	E:\jdk1.8.0_60\jre\bin\nio.dll
0x000007fee8d80000 - 0x000007fee8d92000 	C:\Users\Administrator\.gradle\native\19\windows-amd64\native-platform.dll
0x000007fefa500000 - 0x000007fefa527000 	C:\Windows\system32\IPHLPAPI.DLL
0x000007fefa4f0000 - 0x000007fefa4fb000 	C:\Windows\system32\WINNSI.DLL
0x000007fefa3b0000 - 0x000007fefa3c1000 	C:\Windows\system32\dhcpcsvc6.DLL
0x000007fefa390000 - 0x000007fefa3a8000 	C:\Windows\system32\dhcpcsvc.DLL
0x000007fefc2f0000 - 0x000007fefc307000 	C:\Windows\system32\CRYPTSP.dll
0x000007fefbff0000 - 0x000007fefc037000 	C:\Windows\system32\rsaenh.dll
0x000007fefbda0000 - 0x000007fefbdbe000 	C:\Windows\system32\USERENV.dll
0x000007fefc8f0000 - 0x000007fefc8ff000 	C:\Windows\system32\CRYPTBASE.dll
0x000007fefc9a0000 - 0x000007fefc9f7000 	C:\Windows\system32\apphelp.dll
0x0000000074820000 - 0x000000007482d000 	E:\jdk1.8.0_60\jre\bin\management.dll
0x00000000741e0000 - 0x0000000074204000 	E:\jdk1.8.0_60\jre\bin\sunec.dll
0x000007fefbc90000 - 0x000007fefbc97000 	C:\Windows\System32\wshtcpip.dll
0x000007fefc110000 - 0x000007fefc16b000 	C:\Windows\system32\DNSAPI.dll
0x000007fef9250000 - 0x000007fef9258000 	C:\Windows\system32\rasadhlp.dll
0x000007fefa480000 - 0x000007fefa4d3000 	C:\Windows\System32\fwpuclnt.dll
0x000007fefab00000 - 0x000007fefab15000 	C:\Windows\system32\NLAapi.dll
0x000007fef6480000 - 0x000007fef6495000 	C:\Windows\system32\napinsp.dll
0x000007fef6460000 - 0x000007fef6479000 	C:\Windows\system32\pnrpnsp.dll
0x000007fef6440000 - 0x000007fef644b000 	C:\Windows\System32\winrnr.dll

VM Arguments:
jvm_args: -XX:MaxPermSize=256m -XX:+HeapDumpOnOutOfMemoryError -Xmx1024m -Dfile.encoding=windows-1252 -Duser.country=US -Duser.language=en -Duser.variant 
java_command: org.gradle.launcher.daemon.bootstrap.GradleDaemon 2.10
java_class_path (initial): C:\Program Files\Android\Android Studio\gradle\gradle-2.10\lib\gradle-launcher-2.10.jar
Launcher Type: SUN_STANDARD

Environment Variables:
PATH=C:\ProgramData\Oracle\Java\javapath;C:\Windows\system32;C:\Windows;C:\Windows\System32\Wbem;C:\Windows\System32\WindowsPowerShell\v1.0\;E:\Git\cmd;E:\Git\mingw64\bin;E:\Git\usr\bin
USERNAME=Administrator
OS=Windows_NT
PROCESSOR_IDENTIFIER=Intel64 Family 6 Model 23 Stepping 10, GenuineIntel



---------------  S Y S T E M  ---------------

OS: Windows 7 , 64 bit Build 7601 (6.1.7601.18015)

CPU:total 2 (2 cores per cpu, 1 threads per core) family 6 model 23 stepping 10, cmov, cx8, fxsr, mmx, sse, sse2, sse3, ssse3, sse4.1, tsc

Memory: 4k page, physical 4157944k(456400k free), swap 4157944k(6560k free)

vm_info: Java HotSpot(TM) 64-Bit Server VM (25.60-b23) for windows-amd64 JRE (1.8.0_60-b27), built on Aug  4 2015 11:06:27 by "java_re" with MS VC++ 10.0 (VS2010)

time: Sun Jul 24 18:25:02 2016
elapsed time: 2497 seconds (0d 0h 41m 37s)

