#
# There is insufficient memory for the Java Runtime Environment to continue.
# Native memory allocation (malloc) failed to allocate 143696 bytes for Chunk::new
# Possible reasons:
#   The system is out of physical RAM or swap space
#   In 32 bit mode, the process size limit was hit
# Possible solutions:
#   Reduce memory load on the system
#   Increase physical memory or swap space
#   Check if swap backing store is full
#   Use 64 bit Java on a 64 bit OS
#   Decrease Java heap size (-Xmx/-Xms)
#   Decrease number of Java threads
#   Decrease Java thread stack sizes (-Xss)
#   Set larger code cache with -XX:ReservedCodeCacheSize=
# This output file may be truncated or incomplete.
#
#  Out of Memory Error (allocation.cpp:390), pid=3712, tid=3208
#
# JRE version: Java(TM) SE Runtime Environment (8.0_60-b27) (build 1.8.0_60-b27)
# Java VM: Java HotSpot(TM) 64-Bit Server VM (25.60-b23 mixed mode windows-amd64 compressed oops)
# Failed to write core dump. Minidumps are not enabled by default on client versions of Windows
#

---------------  T H R E A D  ---------------

Current thread (0x0000000054d7a000):  JavaThread "C2 CompilerThread1" daemon [_thread_in_native, id=3208, stack(0x0000000056700000,0x0000000056800000)]

Stack: [0x0000000056700000,0x0000000056800000]
[error occurred during error reporting (printing stack bounds), id 0xc0000005]

Native frames: (J=compiled Java code, j=interpreted, Vv=VM code, C=native code)


Current CompileTask:
C2:   2622 1107       4       com.android.dx.ssa.SsaMethod$2::addToUses (48 bytes)


---------------  P R O C E S S  ---------------

Java Threads: ( => current thread )
  0x0000000056c51000 JavaThread "pool-2-thread-4" [_thread_blocked, id=3684, stack(0x0000000057540000,0x0000000057640000)]
  0x0000000056c4e800 JavaThread "pool-2-thread-3" [_thread_blocked, id=3600, stack(0x00000000572b0000,0x00000000573b0000)]
  0x0000000056c3e000 JavaThread "pool-2-thread-2" [_thread_blocked, id=3680, stack(0x00000000562d0000,0x00000000563d0000)]
  0x0000000056be6000 JavaThread "pool-3-thread-1" [_thread_blocked, id=3640, stack(0x0000000056db0000,0x0000000056eb0000)]
  0x0000000056be0800 JavaThread "pool-2-thread-1" [_thread_blocked, id=3100, stack(0x00000000570d0000,0x00000000571d0000)]
  0x0000000054d7d800 JavaThread "Service Thread" daemon [_thread_blocked, id=2664, stack(0x0000000055f20000,0x0000000056020000)]
  0x0000000054d7b000 JavaThread "C1 CompilerThread2" daemon [_thread_blocked, id=3692, stack(0x0000000056870000,0x0000000056970000)]
=>0x0000000054d7a000 JavaThread "C2 CompilerThread1" daemon [_thread_in_native, id=3208, stack(0x0000000056700000,0x0000000056800000)]
  0x0000000054d78000 JavaThread "C2 CompilerThread0" daemon [_thread_in_native, id=2732, stack(0x00000000565d0000,0x00000000566d0000)]
  0x0000000054d71800 JavaThread "Attach Listener" daemon [_thread_blocked, id=3096, stack(0x0000000056420000,0x0000000056520000)]
  0x0000000054d70800 JavaThread "Signal Dispatcher" daemon [_thread_blocked, id=3280, stack(0x00000000561d0000,0x00000000562d0000)]
  0x0000000054d11000 JavaThread "Finalizer" daemon [_thread_blocked, id=392, stack(0x0000000056060000,0x0000000056160000)]
  0x0000000054d10000 JavaThread "Reference Handler" daemon [_thread_blocked, id=1920, stack(0x0000000055e10000,0x0000000055f10000)]
  0x0000000001d9e000 JavaThread "main" [_thread_blocked, id=3432, stack(0x00000000020d0000,0x00000000021d0000)]

Other Threads:
  0x0000000054d0a800 VMThread [stack: 0x0000000055d00000,0x0000000055e00000] [id=2524]
  0x0000000056a03000 WatcherThread [stack: 0x0000000056eb0000,0x0000000056fb0000] [id=3888]

VM state:not at safepoint (normal execution)

VM Mutex/Monitor currently owned by a thread: None

Heap:
 PSYoungGen      total 18944K, used 15302K [0x00000000eab00000, 0x00000000ed000000, 0x0000000100000000)
  eden space 16384K, 77% used [0x00000000eab00000,0x00000000eb777f40,0x00000000ebb00000)
  from space 2560K, 99% used [0x00000000ebb00000,0x00000000ebd79c88,0x00000000ebd80000)
  to   space 2560K, 0% used [0x00000000ecd80000,0x00000000ecd80000,0x00000000ed000000)
 ParOldGen       total 44032K, used 1485K [0x00000000c0000000, 0x00000000c2b00000, 0x00000000eab00000)
  object space 44032K, 3% used [0x00000000c0000000,0x00000000c0173420,0x00000000c2b00000)
 Metaspace       used 5885K, capacity 6832K, committed 7040K, reserved 1056768K
  class space    used 598K, capacity 616K, committed 640K, reserved 1048576K

Card table byte_map: [0x0000000011860000,0x0000000011a70000] byte_map_base: 0x0000000011260000

Marking Bits: (ParMarkBitMap*) 0x0000000073eca5b0
 Begin Bits: [0x0000000012180000, 0x0000000013180000)
 End Bits:   [0x0000000013180000, 0x0000000014180000)

Polling page: 0x0000000000310000

CodeCache: size=245760Kb used=4172Kb max_used=4172Kb free=241587Kb
 bounds [0x00000000024a0000, 0x00000000028c0000, 0x00000000114a0000]
 total_blobs=1343 nmethods=1074 adapters=182
 compilation: enabled

Compilation events (10 events):
Event: 2.615 Thread 0x0000000054d7b000 nmethod 1110 0x00000000028ac0d0 code [0x00000000028ac280, 0x00000000028ac9a8]
Event: 2.616 Thread 0x0000000054d7b000 1111  s    3       com.android.dx.dex.file.MethodIdsSection::intern (55 bytes)
Event: 2.617 Thread 0x0000000054d7b000 nmethod 1111 0x00000000028b35d0 code [0x00000000028b3800, 0x00000000028b4508]
Event: 2.617 Thread 0x0000000054d7b000 1113       3       java.util.TreeMap::rotateLeft (96 bytes)
Event: 2.617 Thread 0x0000000054d7b000 nmethod 1113 0x0000000002893550 code [0x00000000028936c0, 0x0000000002893a10]
Event: 2.619 Thread 0x0000000054d7b000 1114       1       sun.util.calendar.CalendarDate::getYear (5 bytes)
Event: 2.620 Thread 0x0000000054d7b000 nmethod 1114 0x0000000002894e10 code [0x0000000002894f60, 0x0000000002895070]
Event: 2.620 Thread 0x0000000054d7b000 1115       1       sun.util.calendar.CalendarDate::getZone (5 bytes)
Event: 2.620 Thread 0x0000000054d7b000 nmethod 1115 0x00000000028abd50 code [0x00000000028abea0, 0x00000000028abfb0]
Event: 2.620 Thread 0x0000000054d7b000 1116       3       com.android.dx.rop.cst.CstMemberRef::<init> (43 bytes)

GC Heap History (2 events):
Event: 1.568 GC heap before
{Heap before GC invocations=1 (full 0):
 PSYoungGen      total 18944K, used 16384K [0x00000000eab00000, 0x00000000ec000000, 0x0000000100000000)
  eden space 16384K, 100% used [0x00000000eab00000,0x00000000ebb00000,0x00000000ebb00000)
  from space 2560K, 0% used [0x00000000ebd80000,0x00000000ebd80000,0x00000000ec000000)
  to   space 2560K, 0% used [0x00000000ebb00000,0x00000000ebb00000,0x00000000ebd80000)
 ParOldGen       total 44032K, used 0K [0x00000000c0000000, 0x00000000c2b00000, 0x00000000eab00000)
  object space 44032K, 0% used [0x00000000c0000000,0x00000000c0000000,0x00000000c2b00000)
 Metaspace       used 5704K, capacity 6704K, committed 6784K, reserved 1056768K
  class space    used 597K, capacity 616K, committed 640K, reserved 1048576K
Event: 1.773 GC heap after
Heap after GC invocations=1 (full 0):
 PSYoungGen      total 18944K, used 2535K [0x00000000eab00000, 0x00000000ed000000, 0x0000000100000000)
  eden space 16384K, 0% used [0x00000000eab00000,0x00000000eab00000,0x00000000ebb00000)
  from space 2560K, 99% used [0x00000000ebb00000,0x00000000ebd79c88,0x00000000ebd80000)
  to   space 2560K, 0% used [0x00000000ecd80000,0x00000000ecd80000,0x00000000ed000000)
 ParOldGen       total 44032K, used 1485K [0x00000000c0000000, 0x00000000c2b00000, 0x00000000eab00000)
  object space 44032K, 3% used [0x00000000c0000000,0x00000000c0173420,0x00000000c2b00000)
 Metaspace       used 5704K, capacity 6704K, committed 6784K, reserved 1056768K
  class space    used 597K, capacity 616K, committed 640K, reserved 1048576K
}

Deoptimization events (4 events):
Event: 0.983 Thread 0x0000000056be0800 Uncommon trap: reason=unstable_if action=reinterpret pc=0x00000000026ae1ec method=java.util.HashMap.getNode(ILjava/lang/Object;)Ljava/util/HashMap$Node; @ 62
Event: 1.189 Thread 0x0000000001d9e000 Uncommon trap: reason=null_check action=make_not_entrant pc=0x000000000271e8dc method=com.android.dx.ssa.SsaRenamer.getLocalForNewReg(I)Lcom/android/dx/rop/code/LocalItem; @ 19
Event: 1.820 Thread 0x0000000056c3e000 Uncommon trap: reason=unstable_if action=reinterpret pc=0x00000000026c7264 method=java.util.BitSet.ensureCapacity(I)V @ 6
Event: 1.992 Thread 0x0000000056c51000 Uncommon trap: reason=unstable_if action=reinterpret pc=0x000000000270b404 method=com.android.dx.rop.code.RegisterSpec.equals(ILcom/android/dx/rop/type/TypeBearer;Lcom/android/dx/rop/code/LocalItem;)Z @ 42

Internal exceptions (3 events):
Event: 0.121 Thread 0x0000000001d9e000 Exception <a 'java/lang/NoSuchMethodError': Method sun.misc.Unsafe.defineClass(Ljava/lang/String;[BII)Ljava/lang/Class; name or signature does not match> (0x00000000eab0d458) thrown at [C:\re\workspace\8-2-build-windows-amd64-cygwin\jdk8u60\4407\hotspot\srÙ…jùö¾?
Event: 0.121 Thread 0x0000000001d9e000 Exception <a 'java/lang/NoSuchMethodError': Method sun.misc.Unsafe.prefetchRead(Ljava/lang/Object;J)V name or signature does not match> (0x00000000eab0d740) thrown at [C:\re\workspace\8-2-build-windows-amd64-cygwin\jdk8u60\4407\hotspot\src\share\vm\prims\jû¶¤Íó?
Event: 1.189 Thread 0x0000000001d9e000 Implicit null exception at 0x000000000271c788 to 0x000000000271e899

Events (10 events):
Event: 1.414 Executing VM operation: ParallelGCFailedAllocation
Event: 1.773 Executing VM operation: ParallelGCFailedAllocation done
Event: 1.819 loading class java/util/DualPivotQuicksort
Event: 1.819 loading class java/util/DualPivotQuicksort done
Event: 1.820 Thread 0x0000000056c3e000 Uncommon trap: trap_request=0xffffff65 fr.pc=0x00000000026c7264
Event: 1.820 Thread 0x0000000056c3e000 DEOPT PACKING pc=0x00000000026c7264 sp=0x00000000563ce750
Event: 1.820 Thread 0x0000000056c3e000 DEOPT UNPACKING pc=0x00000000024e582a sp=0x00000000563ce638 mode 2
Event: 1.992 Thread 0x0000000056c51000 Uncommon trap: trap_request=0xffffff65 fr.pc=0x000000000270b404
Event: 1.992 Thread 0x0000000056c51000 DEOPT PACKING pc=0x000000000270b404 sp=0x000000005763e900
Event: 1.992 Thread 0x0000000056c51000 DEOPT UNPACKING pc=0x00000000024e582a sp=0x000000005763e888 mode 2


Dynamic libraries:
0x000000013fc00000 - 0x000000013fc37000 	C:\Program Files\Java\jdk1.8.0_60\bin\java.exe
0x0000000077950000 - 0x0000000077af9000 	C:\Windows\SYSTEM32\ntdll.dll
0x0000000077830000 - 0x000000007794f000 	C:\Windows\system32\kernel32.dll
0x000007fefd7d0000 - 0x000007fefd83b000 	C:\Windows\system32\KERNELBASE.dll
0x000007fefdda0000 - 0x000007fefde7b000 	C:\Windows\system32\ADVAPI32.dll
0x000007fefe820000 - 0x000007fefe8bf000 	C:\Windows\system32\msvcrt.dll
0x000007fefe2a0000 - 0x000007fefe2bf000 	C:\Windows\SYSTEM32\sechost.dll
0x000007fefdc70000 - 0x000007fefdd9d000 	C:\Windows\system32\RPCRT4.dll
0x0000000077730000 - 0x000000007782a000 	C:\Windows\system32\USER32.dll
0x000007fefe940000 - 0x000007fefe9a7000 	C:\Windows\system32\GDI32.dll
0x000007fefe050000 - 0x000007fefe05e000 	C:\Windows\system32\LPK.dll
0x000007fefe750000 - 0x000007fefe819000 	C:\Windows\system32\USP10.dll
0x000007fefc170000 - 0x000007fefc364000 	C:\Windows\WinSxS\amd64_microsoft.windows.common-controls_6595b64144ccf1df_6.0.7601.17514_none_fa396087175ac9ac\COMCTL32.dll
0x000007feff980000 - 0x000007feff9f1000 	C:\Windows\system32\SHLWAPI.dll
0x000007feffc30000 - 0x000007feffc5e000 	C:\Windows\system32\IMM32.DLL
0x000007fefe9b0000 - 0x000007fefeab9000 	C:\Windows\system32\MSCTF.dll
0x0000000074310000 - 0x00000000743e2000 	C:\Program Files\Java\jdk1.8.0_60\jre\bin\msvcr100.dll
0x00000000736c0000 - 0x0000000073f49000 	C:\Program Files\Java\jdk1.8.0_60\jre\bin\server\jvm.dll
0x000007fef3cb0000 - 0x000007fef3cb9000 	C:\Windows\system32\WSOCK32.dll
0x000007fefeac0000 - 0x000007fefeb0d000 	C:\Windows\system32\WS2_32.dll
0x000007fefdee0000 - 0x000007fefdee8000 	C:\Windows\system32\NSI.dll
0x000007fef67b0000 - 0x000007fef67eb000 	C:\Windows\system32\WINMM.dll
0x000007fefc860000 - 0x000007fefc86c000 	C:\Windows\system32\VERSION.dll
0x0000000077b10000 - 0x0000000077b17000 	C:\Windows\system32\PSAPI.DLL
0x00000000754a0000 - 0x00000000754af000 	C:\Program Files\Java\jdk1.8.0_60\jre\bin\verify.dll
0x0000000075470000 - 0x0000000075499000 	C:\Program Files\Java\jdk1.8.0_60\jre\bin\java.dll
0x0000000075450000 - 0x0000000075466000 	C:\Program Files\Java\jdk1.8.0_60\jre\bin\zip.dll
0x000007fefeb10000 - 0x000007feff898000 	C:\Windows\system32\SHELL32.dll
0x000007feffa00000 - 0x000007feffc03000 	C:\Windows\system32\ole32.dll
0x000007fefd730000 - 0x000007fefd73f000 	C:\Windows\system32\profapi.dll

VM Arguments:
jvm_args: -Djava.awt.headless=true -Xmx1024M -Dfile.encoding=windows-1252 -Duser.country=US -Duser.language=en -Duser.variant 
java_command: com.android.dx.command.Main --dex --force-jumbo --num-threads=4 --multi-dex --output D:\Hai\Demo\app\build\intermediates\transforms\dex\debug\folders\1000\10\com.android.support-recyclerview-v7-23.0.1_ef42b39e44568ef527d45b22fc50f9ef23e0c332 D:\Hai\Demo\app\build\intermediates\exploded-aar\com.android.support\recyclerview-v7\23.0.1\jars\classes.jar
java_class_path (initial): C:\Users\Administrator\AppData\Local\Android\sdk\build-tools\23.0.3\lib\dx.jar
Launcher Type: SUN_STANDARD

Environment Variables:
PATH=C:\ProgramData\Oracle\Java\javapath;C:\Windows\system32;C:\Windows;C:\Windows\System32\Wbem;C:\Windows\System32\WindowsPowerShell\v1.0\;C:\Program Files\Git\cmd;C:\Program Files\Git\mingw64\bin;C:\Program Files\Git\usr\bin
USERNAME=Administrator
OS=Windows_NT
PROCESSOR_IDENTIFIER=Intel64 Family 6 Model 58 Stepping 9, GenuineIntel



---------------  S Y S T E M  ---------------

OS: Windows 7 , 64 bit Build 7601 (6.1.7601.18015)

CPU:total 4 (2 cores per cpu, 2 threads per core) family 6 model 58 stepping 9, cmov, cx8, fxsr, mmx, sse, sse2, sse3, ssse3, sse4.1, sse4.2, popcnt, avx, aes, clmul, erms, ht, tsc, tscinvbit, tscinv

Memory: 4k page, physical 4094316k(759516k free), swap 4094316k(5128k free)

vm_info: Java HotSpot(TM) 64-Bit Server VM (25.60-b23) for windows-amd64 JRE (1.8.0_60-b27), built on Aug  4 2015 11:06:27 by "java_re" with MS VC++ 10.0 (VS2010)

time: Sun Jul 17 10:29:17 2016
elapsed time: 2 seconds (0d 0h 0m 2s)

