#
# There is insufficient memory for the Java Runtime Environment to continue.
# Native memory allocation (malloc) failed to allocate 2160 bytes for AllocateHeap
# Possible reasons:
#   The system is out of physical RAM or swap space
#   In 32 bit mode, the process size limit was hit
# Possible solutions:
#   Reduce memory load on the system
#   Increase physical memory or swap space
#   Check if swap backing store is full
#   Use 64 bit Java on a 64 bit OS
#   Decrease Java heap size (-Xmx/-Xms)
#   Decrease number of Java threads
#   Decrease Java thread stack sizes (-Xss)
#   Set larger code cache with -XX:ReservedCodeCacheSize=
# This output file may be truncated or incomplete.
#
#  Out of Memory Error (memory/allocation.inline.hpp:61), pid=3452, tid=3340
#
# JRE version: Java(TM) SE Runtime Environment (8.0_60-b27) (build 1.8.0_60-b27)
# Java VM: Java HotSpot(TM) 64-Bit Server VM (25.60-b23 mixed mode windows-amd64 compressed oops)
# Failed to write core dump. Minidumps are not enabled by default on client versions of Windows
#

---------------  T H R E A D  ---------------

Current thread (0x0000000054eeb000):  JavaThread "C1 CompilerThread2" daemon [_thread_in_vm, id=3340, stack(0x0000000056b90000,0x0000000056c90000)]

Stack: [0x0000000056b90000,0x0000000056c90000]
[error occurred during error reporting (printing stack bounds), id 0xc0000005]

Native frames: (J=compiled Java code, j=interpreted, Vv=VM code, C=native code)


Current CompileTask:
C1:   3494  787       3       com.android.dx.cf.code.BasicBlocker::visitNoArgs (298 bytes)


---------------  P R O C E S S  ---------------

Java Threads: ( => current thread )
  0x0000000056def000 JavaThread "pool-2-thread-4" [_thread_blocked, id=2496, stack(0x0000000057850000,0x0000000057950000)]
  0x0000000056dec800 JavaThread "pool-2-thread-3" [_thread_blocked, id=4012, stack(0x00000000575d0000,0x00000000576d0000)]
  0x0000000056deb800 JavaThread "pool-2-thread-2" [_thread_blocked, id=3488, stack(0x0000000057490000,0x0000000057590000)]
  0x0000000056deb000 JavaThread "pool-3-thread-1" [_thread_blocked, id=636, stack(0x0000000057370000,0x0000000057470000)]
  0x0000000056de2000 JavaThread "pool-2-thread-1" [_thread_blocked, id=2828, stack(0x0000000057150000,0x0000000057250000)]
  0x0000000054eee000 JavaThread "Service Thread" daemon [_thread_blocked, id=3540, stack(0x0000000056360000,0x0000000056460000)]
=>0x0000000054eeb000 JavaThread "C1 CompilerThread2" daemon [_thread_in_vm, id=3340, stack(0x0000000056b90000,0x0000000056c90000)]
  0x0000000054eea000 JavaThread "C2 CompilerThread1" daemon [_thread_blocked, id=2972, stack(0x00000000569e0000,0x0000000056ae0000)]
  0x0000000054ee8000 JavaThread "C2 CompilerThread0" daemon [_thread_blocked, id=3792, stack(0x0000000056830000,0x0000000056930000)]
  0x0000000054ee1800 JavaThread "Attach Listener" daemon [_thread_blocked, id=1676, stack(0x00000000566c0000,0x00000000567c0000)]
  0x0000000054ee0800 JavaThread "Signal Dispatcher" daemon [_thread_blocked, id=2612, stack(0x00000000564c0000,0x00000000565c0000)]
  0x0000000054e81000 JavaThread "Finalizer" daemon [_thread_blocked, id=1724, stack(0x0000000056260000,0x0000000056360000)]
  0x0000000054e80000 JavaThread "Reference Handler" daemon [_thread_blocked, id=3432, stack(0x0000000055f30000,0x0000000056030000)]
  0x000000000203e000 JavaThread "main" [_thread_blocked, id=3856, stack(0x0000000002190000,0x0000000002290000)]

Other Threads:
  0x0000000054e7a800 VMThread [stack: 0x0000000056080000,0x0000000056180000] [id=3796]
  0x0000000056d2a000 WatcherThread [stack: 0x0000000057260000,0x0000000057360000] [id=1156]

VM state:not at safepoint (normal execution)

VM Mutex/Monitor currently owned by a thread:  ([mutex/lock_event])
[0x000000000203b4d0] CodeCache_lock - owner thread: 0x0000000054eeb000
[0x000000000203cb80] Compile_lock - owner thread: 0x0000000054eeb000
[0x000000000203cc80] MethodCompileQueue_lock - owner thread: 0x0000000054eeb000

Heap:
 PSYoungGen      total 18944K, used 13838K [0x00000000eab00000, 0x00000000ec000000, 0x0000000100000000)
  eden space 16384K, 84% used [0x00000000eab00000,0x00000000eb883808,0x00000000ebb00000)
  from space 2560K, 0% used [0x00000000ebd80000,0x00000000ebd80000,0x00000000ec000000)
  to   space 2560K, 0% used [0x00000000ebb00000,0x00000000ebb00000,0x00000000ebd80000)
 ParOldGen       total 44032K, used 0K [0x00000000c0000000, 0x00000000c2b00000, 0x00000000eab00000)
  object space 44032K, 0% used [0x00000000c0000000,0x00000000c0000000,0x00000000c2b00000)
 Metaspace       used 5657K, capacity 6704K, committed 6784K, reserved 1056768K
  class space    used 593K, capacity 616K, committed 640K, reserved 1048576K

Card table byte_map: [0x0000000011920000,0x0000000011b30000] byte_map_base: 0x0000000011320000

Marking Bits: (ParMarkBitMap*) 0x0000000070c1a5b0
 Begin Bits: [0x00000000122f0000, 0x00000000132f0000)
 End Bits:   [0x00000000132f0000, 0x00000000142f0000)

Polling page: 0x0000000000130000

CodeCache: size=245760Kb used=3255Kb max_used=3262Kb free=242504Kb
 bounds [0x0000000002560000, 0x00000000028a0000, 0x0000000011560000]
 total_blobs=1056 nmethods=786 adapters=182
 compilation: enabled

Compilation events (10 events):
Event: 3.008 Thread 0x0000000054eeb000  784       3       com.android.dx.util.BitIntSet::merge (148 bytes)
Event: 3.010 Thread 0x0000000054eeb000 nmethod 784 0x000000000288a710 code [0x000000000288a9c0, 0x000000000288bb68]
Event: 3.010 Thread 0x0000000054eeb000  779       3       com.android.dx.cf.code.BaseMachine::auxIntArg (6 bytes)
Event: 3.010 Thread 0x0000000054eeb000 nmethod 779 0x0000000002881210 code [0x0000000002881360, 0x00000000028814b0]
Event: 3.010 Thread 0x0000000054eeb000  773       3       com.android.dx.dex.file.Item::<init> (5 bytes)
Event: 3.010 Thread 0x0000000054eeb000 nmethod 773 0x0000000002884110 code [0x0000000002884260, 0x0000000002884410]
Event: 3.030 Thread 0x0000000054ee8000 nmethod 782 0x0000000002890050 code [0x00000000028902a0, 0x0000000002891150]
Event: 3.491 Thread 0x0000000054eeb000  786       3       java.util.TreeMap::setColor (10 bytes)
Event: 3.491 Thread 0x0000000054eeb000 nmethod 786 0x0000000002883d90 code [0x0000000002883ee0, 0x0000000002884050]
Event: 3.491 Thread 0x0000000054eeb000  787       3       com.android.dx.cf.code.BasicBlocker::visitNoArgs (298 bytes)

GC Heap History (0 events):
No events

Deoptimization events (6 events):
Event: 2.068 Thread 0x0000000056deb800 Uncommon trap: reason=unstable_if action=reinterpret pc=0x0000000002754fac method=java.util.HashMap.getNode(ILjava/lang/Object;)Ljava/util/HashMap$Node; @ 62
Event: 2.992 Thread 0x0000000056dec800 Uncommon trap: reason=class_check action=maybe_recompile pc=0x000000000282f6ec method=com.android.dx.ssa.NormalSsaInsn.accept(Lcom/android/dx/ssa/SsaInsn$Visitor;)V @ 9
Event: 2.992 Thread 0x0000000056dec800 Uncommon trap: reason=class_check action=maybe_recompile pc=0x000000000282f6ec method=com.android.dx.ssa.NormalSsaInsn.accept(Lcom/android/dx/ssa/SsaInsn$Visitor;)V @ 9
Event: 2.992 Thread 0x0000000056dec800 Uncommon trap: reason=class_check action=maybe_recompile pc=0x000000000282f6ec method=com.android.dx.ssa.NormalSsaInsn.accept(Lcom/android/dx/ssa/SsaInsn$Visitor;)V @ 9
Event: 2.993 Thread 0x0000000056dec800 Uncommon trap: reason=class_check action=maybe_recompile pc=0x000000000282f6ec method=com.android.dx.ssa.NormalSsaInsn.accept(Lcom/android/dx/ssa/SsaInsn$Visitor;)V @ 9
Event: 2.993 Thread 0x0000000056dec800 Uncommon trap: reason=class_check action=maybe_recompile pc=0x000000000285da14 method=com.android.dx.ssa.NormalSsaInsn.accept(Lcom/android/dx/ssa/SsaInsn$Visitor;)V @ 9

Internal exceptions (2 events):
Event: 0.511 Thread 0x000000000203e000 Exception <a 'java/lang/NoSuchMethodError': Method sun.misc.Unsafe.defineClass(Ljava/lang/String;[BII)Ljava/lang/Class; name or signature does not match> (0x00000000eab0d2b0) thrown at [C:\re\workspace\8-2-build-windows-amd64-cygwin\jdk8u60\4407\hotspot\srqü&&Xà?
Event: 0.511 Thread 0x000000000203e000 Exception <a 'java/lang/NoSuchMethodError': Method sun.misc.Unsafe.prefetchRead(Ljava/lang/Object;J)V name or signature does not match> (0x00000000eab0d598) thrown at [C:\re\workspace\8-2-build-windows-amd64-cygwin\jdk8u60\4407\hotspot\src\share\vm\prims\j

Events (10 events):
Event: 2.992 Thread 0x0000000056dec800 DEOPT UNPACKING pc=0x00000000025a582a sp=0x00000000576ce610 mode 2
Event: 2.992 Thread 0x0000000056dec800 Uncommon trap: trap_request=0xffffffde fr.pc=0x000000000282f6ec
Event: 2.992 Thread 0x0000000056dec800 DEOPT PACKING pc=0x000000000282f6ec sp=0x00000000576ce640
Event: 2.992 Thread 0x0000000056dec800 DEOPT UNPACKING pc=0x00000000025a582a sp=0x00000000576ce5b0 mode 2
Event: 2.993 Thread 0x0000000056dec800 Uncommon trap: trap_request=0xffffffde fr.pc=0x000000000282f6ec
Event: 2.993 Thread 0x0000000056dec800 DEOPT PACKING pc=0x000000000282f6ec sp=0x00000000576ce960
Event: 2.993 Thread 0x0000000056dec800 DEOPT UNPACKING pc=0x00000000025a582a sp=0x00000000576ce8d0 mode 2
Event: 2.993 Thread 0x0000000056dec800 Uncommon trap: trap_request=0xffffffde fr.pc=0x000000000285da14
Event: 2.993 Thread 0x0000000056dec800 DEOPT PACKING pc=0x000000000285da14 sp=0x00000000576ce8c0
Event: 2.993 Thread 0x0000000056dec800 DEOPT UNPACKING pc=0x00000000025a582a sp=0x00000000576ce8f0 mode 2


Dynamic libraries:
0x000000013f500000 - 0x000000013f537000 	C:\Program Files\Java\jdk1.8.0_60\bin\java.exe
0x0000000076d40000 - 0x0000000076ee9000 	C:\Windows\SYSTEM32\ntdll.dll
0x0000000076c20000 - 0x0000000076d3f000 	C:\Windows\system32\kernel32.dll
0x000007fefcdf0000 - 0x000007fefce5b000 	C:\Windows\system32\KERNELBASE.dll
0x000007fefd330000 - 0x000007fefd40b000 	C:\Windows\system32\ADVAPI32.dll
0x000007fefd680000 - 0x000007fefd71f000 	C:\Windows\system32\msvcrt.dll
0x000007fefdaf0000 - 0x000007fefdb0f000 	C:\Windows\SYSTEM32\sechost.dll
0x000007fefd200000 - 0x000007fefd32d000 	C:\Windows\system32\RPCRT4.dll
0x0000000076b20000 - 0x0000000076c1a000 	C:\Windows\system32\USER32.dll
0x000007fefd610000 - 0x000007fefd677000 	C:\Windows\system32\GDI32.dll
0x000007fefd1f0000 - 0x000007fefd1fe000 	C:\Windows\system32\LPK.dll
0x000007fefe980000 - 0x000007fefea49000 	C:\Windows\system32\USP10.dll
0x000007fefb2f0000 - 0x000007fefb4e4000 	C:\Windows\WinSxS\amd64_microsoft.windows.common-controls_6595b64144ccf1df_6.0.7601.17514_none_fa396087175ac9ac\COMCTL32.dll
0x000007fefe8a0000 - 0x000007fefe911000 	C:\Windows\system32\SHLWAPI.dll
0x000007fefebb0000 - 0x000007fefebde000 	C:\Windows\system32\IMM32.DLL
0x000007fefd720000 - 0x000007fefd829000 	C:\Windows\system32\MSCTF.dll
0x0000000073a50000 - 0x0000000073b22000 	C:\Program Files\Java\jdk1.8.0_60\jre\bin\msvcr100.dll
0x0000000070410000 - 0x0000000070c99000 	C:\Program Files\Java\jdk1.8.0_60\jre\bin\server\jvm.dll
0x000007fefad50000 - 0x000007fefad59000 	C:\Windows\system32\WSOCK32.dll
0x000007fefcf20000 - 0x000007fefcf6d000 	C:\Windows\system32\WS2_32.dll
0x000007fefdae0000 - 0x000007fefdae8000 	C:\Windows\system32\NSI.dll
0x000007fef7660000 - 0x000007fef769b000 	C:\Windows\system32\WINMM.dll
0x000007fefcb30000 - 0x000007fefcb3c000 	C:\Windows\system32\VERSION.dll
0x0000000076f00000 - 0x0000000076f07000 	C:\Windows\system32\PSAPI.DLL
0x0000000074600000 - 0x000000007460f000 	C:\Program Files\Java\jdk1.8.0_60\jre\bin\verify.dll
0x00000000741e0000 - 0x0000000074209000 	C:\Program Files\Java\jdk1.8.0_60\jre\bin\java.dll
0x00000000741c0000 - 0x00000000741d6000 	C:\Program Files\Java\jdk1.8.0_60\jre\bin\zip.dll
0x000007fefdb10000 - 0x000007fefe898000 	C:\Windows\system32\SHELL32.dll
0x000007fefebe0000 - 0x000007fefede3000 	C:\Windows\system32\ole32.dll
0x000007fefcb20000 - 0x000007fefcb2f000 	C:\Windows\system32\profapi.dll

VM Arguments:
jvm_args: -Djava.awt.headless=true -Xmx1024M -Dfile.encoding=windows-1252 -Duser.country=US -Duser.language=en -Duser.variant 
java_command: com.android.dx.command.Main --dex --force-jumbo --num-threads=4 --multi-dex --output D:\Hai\Demo\app\build\intermediates\transforms\dex\debug\folders\1000\10\com.daimajia.easing-library-1.0.1_792c6d6132121d9fb2ba1c49a76f59c998758878 D:\Hai\Demo\app\build\intermediates\exploded-aar\com.daimajia.easing\library\1.0.1\jars\classes.jar
java_class_path (initial): C:\Users\Administrator\AppData\Local\Android\sdk\build-tools\23.0.3\lib\dx.jar
Launcher Type: SUN_STANDARD

Environment Variables:



---------------  S Y S T E M  ---------------

OS: Windows 7 , 64 bit Build 7601 (6.1.7601.18015)

CPU:total 4 (2 cores per cpu, 2 threads per core) family 6 model 58 stepping 9, cmov, cx8, fxsr, mmx, sse, sse2, sse3, ssse3, sse4.1, sse4.2, popcnt, avx, aes, clmul, erms, ht, tsc, tscinvbit, tscinv

Memory: 4k page, physical 4094316k(837180k free), swap 4094316k(5024k free)

vm_info: Java HotSpot(TM) 64-Bit Server VM (25.60-b23) for windows-amd64 JRE (1.8.0_60-b27), built on Aug  4 2015 11:06:27 by "java_re" with MS VC++ 10.0 (VS2010)

time: Sat Jul 16 22:46:13 2016
elapsed time: 3 seconds (0d 0h 0m 3s)

