#
# There is insufficient memory for the Java Runtime Environment to continue.
# Native memory allocation (malloc) failed to allocate 262656 bytes for Chunk::new
# Possible reasons:
#   The system is out of physical RAM or swap space
#   In 32 bit mode, the process size limit was hit
# Possible solutions:
#   Reduce memory load on the system
#   Increase physical memory or swap space
#   Check if swap backing store is full
#   Use 64 bit Java on a 64 bit OS
#   Decrease Java heap size (-Xmx/-Xms)
#   Decrease number of Java threads
#   Decrease Java thread stack sizes (-Xss)
#   Set larger code cache with -XX:ReservedCodeCacheSize=
# This output file may be truncated or incomplete.
#
#  Out of Memory Error (allocation.cpp:390), pid=728, tid=3180
#
# JRE version: Java(TM) SE Runtime Environment (8.0_60-b27) (build 1.8.0_60-b27)
# Java VM: Java HotSpot(TM) 64-Bit Server VM (25.60-b23 mixed mode windows-amd64 compressed oops)
# Failed to write core dump. Minidumps are not enabled by default on client versions of Windows
#

---------------  T H R E A D  ---------------

Current thread (0x0000000054df8000):  JavaThread "C2 CompilerThread0" daemon [_thread_in_native, id=3180, stack(0x0000000056570000,0x0000000056670000)]

Stack: [0x0000000056570000,0x0000000056670000]
[error occurred during error reporting (printing stack bounds), id 0xc0000005]

Native frames: (J=compiled Java code, j=interpreted, Vv=VM code, C=native code)


Current CompileTask:
C2:   3076 1127   !   4       com.android.dx.cf.code.BytecodeArray::parseInstruction (2764 bytes)


---------------  P R O C E S S  ---------------

Java Threads: ( => current thread )
  0x0000000056adc000 JavaThread "pool-2-thread-4" [_thread_blocked, id=3644, stack(0x0000000057520000,0x0000000057620000)]
  0x0000000056ad3000 JavaThread "pool-2-thread-3" [_thread_blocked, id=2416, stack(0x0000000057270000,0x0000000057370000)]
  0x0000000056ac8000 JavaThread "pool-2-thread-2" [_thread_in_Java, id=2352, stack(0x0000000057120000,0x0000000057220000)]
  0x0000000056ac5800 JavaThread "pool-3-thread-1" [_thread_blocked, id=4036, stack(0x0000000057000000,0x0000000057100000)]
  0x0000000056ac1800 JavaThread "pool-2-thread-1" [_thread_blocked, id=920, stack(0x0000000056d80000,0x0000000056e80000)]
  0x0000000054dfd800 JavaThread "Service Thread" daemon [_thread_blocked, id=3188, stack(0x0000000056c80000,0x0000000056d80000)]
  0x0000000054dfb000 JavaThread "C1 CompilerThread2" daemon [_thread_blocked, id=836, stack(0x0000000055fe0000,0x00000000560e0000)]
  0x0000000054dfa000 JavaThread "C2 CompilerThread1" daemon [_thread_blocked, id=4088, stack(0x0000000056760000,0x0000000056860000)]
=>0x0000000054df8000 JavaThread "C2 CompilerThread0" daemon [_thread_in_native, id=3180, stack(0x0000000056570000,0x0000000056670000)]
  0x0000000054df1800 JavaThread "Attach Listener" daemon [_thread_blocked, id=2640, stack(0x0000000056440000,0x0000000056540000)]
  0x0000000054df0800 JavaThread "Signal Dispatcher" daemon [_thread_blocked, id=1264, stack(0x00000000562d0000,0x00000000563d0000)]
  0x0000000054d91000 JavaThread "Finalizer" daemon [_thread_blocked, id=3592, stack(0x00000000561a0000,0x00000000562a0000)]
  0x0000000054d90000 JavaThread "Reference Handler" daemon [_thread_blocked, id=2692, stack(0x0000000055ee0000,0x0000000055fe0000)]
  0x000000000016e000 JavaThread "main" [_thread_blocked, id=1088, stack(0x0000000002260000,0x0000000002360000)]

Other Threads:
  0x0000000054d8a800 VMThread [stack: 0x0000000055db0000,0x0000000055eb0000] [id=3040]
  0x00000000568d3000 WatcherThread [stack: 0x0000000056ef0000,0x0000000056ff0000] [id=2124]

VM state:not at safepoint (normal execution)

VM Mutex/Monitor currently owned by a thread: None

Heap:
 PSYoungGen      total 18944K, used 13299K [0x00000000eab00000, 0x00000000ed000000, 0x0000000100000000)
  eden space 16384K, 65% used [0x00000000eab00000,0x00000000eb57f1f8,0x00000000ebb00000)
  from space 2560K, 99% used [0x00000000ebb00000,0x00000000ebd7dc78,0x00000000ebd80000)
  to   space 2560K, 0% used [0x00000000ecd80000,0x00000000ecd80000,0x00000000ed000000)
 ParOldGen       total 44032K, used 1311K [0x00000000c0000000, 0x00000000c2b00000, 0x00000000eab00000)
  object space 44032K, 2% used [0x00000000c0000000,0x00000000c0147c20,0x00000000c2b00000)
 Metaspace       used 5951K, capacity 6896K, committed 7040K, reserved 1056768K
  class space    used 598K, capacity 616K, committed 640K, reserved 1048576K

Card table byte_map: [0x00000000119f0000,0x0000000011c00000] byte_map_base: 0x00000000113f0000

Marking Bits: (ParMarkBitMap*) 0x000000007201a5b0
 Begin Bits: [0x0000000012200000, 0x0000000013200000)
 End Bits:   [0x0000000013200000, 0x0000000014200000)

Polling page: 0x0000000000130000

CodeCache: size=245760Kb used=4571Kb max_used=4585Kb free=241188Kb
 bounds [0x0000000002630000, 0x0000000002ab0000, 0x0000000011630000]
 total_blobs=1429 nmethods=1159 adapters=182
 compilation: disabled (not enough contiguous free space left)

Compilation events (10 events):
Event: 2.868 Thread 0x0000000054dfb000 1135   !   3       com.android.dx.cf.direct.AttributeListParser::parse (323 bytes)
Event: 2.872 Thread 0x0000000054dfb000 nmethod 1135 0x0000000002a80250 code [0x0000000002a807a0, 0x0000000002a83e28]
Event: 2.872 Thread 0x0000000054dfb000 1136       3       com.android.dx.rop.code.AccessFlags::isStatic (13 bytes)
Event: 2.872 Thread 0x0000000054dfb000 nmethod 1136 0x0000000002a866d0 code [0x0000000002a86820, 0x0000000002a869b0]
Event: 2.873 Thread 0x0000000054dfb000 1137       3       com.android.dx.cf.iface.StdMember::<init> (69 bytes)
Event: 2.873 Thread 0x0000000054dfb000 nmethod 1137 0x0000000002a86a50 code [0x0000000002a86c00, 0x0000000002a870c8]
Event: 2.873 Thread 0x0000000054dfb000 1138       3       com.android.dx.cf.attrib.AttLineNumberTable::byteLength (13 bytes)
Event: 2.873 Thread 0x0000000054dfb000 nmethod 1138 0x0000000002a872d0 code [0x0000000002a87440, 0x0000000002a87690]
Event: 2.874 Thread 0x0000000054dfa000 1139       4       com.android.dx.util.ByteArray$MyInputStream::read (40 bytes)
Event: 2.875 Thread 0x0000000054dfa000 nmethod 1139 0x0000000002a8a450 code [0x0000000002a8a5a0, 0x0000000002a8a678]

GC Heap History (2 events):
Event: 1.365 GC heap before
{Heap before GC invocations=1 (full 0):
 PSYoungGen      total 18944K, used 16384K [0x00000000eab00000, 0x00000000ec000000, 0x0000000100000000)
  eden space 16384K, 100% used [0x00000000eab00000,0x00000000ebb00000,0x00000000ebb00000)
  from space 2560K, 0% used [0x00000000ebd80000,0x00000000ebd80000,0x00000000ec000000)
  to   space 2560K, 0% used [0x00000000ebb00000,0x00000000ebb00000,0x00000000ebd80000)
 ParOldGen       total 44032K, used 0K [0x00000000c0000000, 0x00000000c2b00000, 0x00000000eab00000)
  object space 44032K, 0% used [0x00000000c0000000,0x00000000c0000000,0x00000000c2b00000)
 Metaspace       used 5715K, capacity 6704K, committed 6784K, reserved 1056768K
  class space    used 597K, capacity 616K, committed 640K, reserved 1048576K
Event: 1.767 GC heap after
Heap after GC invocations=1 (full 0):
 PSYoungGen      total 18944K, used 2551K [0x00000000eab00000, 0x00000000ed000000, 0x0000000100000000)
  eden space 16384K, 0% used [0x00000000eab00000,0x00000000eab00000,0x00000000ebb00000)
  from space 2560K, 99% used [0x00000000ebb00000,0x00000000ebd7dc78,0x00000000ebd80000)
  to   space 2560K, 0% used [0x00000000ecd80000,0x00000000ecd80000,0x00000000ed000000)
 ParOldGen       total 44032K, used 1311K [0x00000000c0000000, 0x00000000c2b00000, 0x00000000eab00000)
  object space 44032K, 2% used [0x00000000c0000000,0x00000000c0147c20,0x00000000c2b00000)
 Metaspace       used 5715K, capacity 6704K, committed 6784K, reserved 1056768K
  class space    used 597K, capacity 616K, committed 640K, reserved 1048576K
}

Deoptimization events (6 events):
Event: 1.172 Thread 0x0000000056ac8000 Uncommon trap: reason=unstable_if action=reinterpret pc=0x000000000283f120 method=java.util.BitSet.nextSetBit(I)I @ 87
Event: 1.836 Thread 0x000000000016e000 Uncommon trap: reason=null_check action=make_not_entrant pc=0x00000000028c61bc method=com.android.dx.ssa.SsaRenamer.getLocalForNewReg(I)Lcom/android/dx/rop/code/LocalItem; @ 19
Event: 1.837 Thread 0x000000000016e000 Uncommon trap: reason=null_check action=make_not_entrant pc=0x00000000028ddbe8 method=com.android.dx.ssa.SsaRenamer.getLocalForNewReg(I)Lcom/android/dx/rop/code/LocalItem; @ 19
Event: 1.852 Thread 0x0000000056adc000 Uncommon trap: reason=unstable_if action=reinterpret pc=0x000000000285c824 method=java.util.BitSet.ensureCapacity(I)V @ 6
Event: 2.304 Thread 0x0000000056ac1800 Uncommon trap: reason=null_check action=make_not_entrant pc=0x000000000299e410 method=com.android.dx.rop.type.Type.equals(Ljava/lang/Object;)Z @ 8
Event: 2.420 Thread 0x0000000056ac1800 Uncommon trap: reason=unstable_if action=reinterpret pc=0x000000000294acc0 method=com.android.dx.rop.code.RegisterSpec.equals(ILcom/android/dx/rop/type/TypeBearer;Lcom/android/dx/rop/code/LocalItem;)Z @ 42

Internal exceptions (5 events):
Event: 0.125 Thread 0x000000000016e000 Exception <a 'java/lang/NoSuchMethodError': Method sun.misc.Unsafe.defineClass(Ljava/lang/String;[BII)Ljava/lang/Class; name or signature does not match> (0x00000000eab0d2d8) thrown at [C:\re\workspace\8-2-build-windows-amd64-cygwin\jdk8u60\4407\hotspot\srl}B~Å¿?
Event: 0.126 Thread 0x000000000016e000 Exception <a 'java/lang/NoSuchMethodError': Method sun.misc.Unsafe.prefetchRead(Ljava/lang/Object;J)V name or signature does not match> (0x00000000eab0d5c0) thrown at [C:\re\workspace\8-2-build-windows-amd64-cygwin\jdk8u60\4407\hotspot\src\share\vm\prims\jZ∞. b˝?
Event: 1.836 Thread 0x000000000016e000 Implicit null exception at 0x00000000028c45df to 0x00000000028c6175
Event: 1.837 Thread 0x000000000016e000 Implicit null exception at 0x00000000028dbeba to 0x00000000028ddbc9
Event: 2.304 Thread 0x0000000056ac1800 Implicit null exception at 0x000000000299e312 to 0x000000000299e402

Events (10 events):
Event: 1.852 Thread 0x0000000056adc000 DEOPT PACKING pc=0x000000000285c824 sp=0x000000005761ebb0
Event: 1.852 Thread 0x0000000056adc000 DEOPT UNPACKING pc=0x000000000267582a sp=0x000000005761ea98 mode 2
Event: 2.146 loading class com/android/dx/cf/attrib/AttExceptions
Event: 2.146 loading class com/android/dx/cf/attrib/AttExceptions done
Event: 2.304 Thread 0x0000000056ac1800 Uncommon trap: trap_request=0xfffffff4 fr.pc=0x000000000299e410
Event: 2.304 Thread 0x0000000056ac1800 DEOPT PACKING pc=0x000000000299e410 sp=0x0000000056e7e3f0
Event: 2.304 Thread 0x0000000056ac1800 DEOPT UNPACKING pc=0x000000000267582a sp=0x0000000056e7e388 mode 2
Event: 2.420 Thread 0x0000000056ac1800 Uncommon trap: trap_request=0xffffff65 fr.pc=0x000000000294acc0
Event: 2.420 Thread 0x0000000056ac1800 DEOPT PACKING pc=0x000000000294acc0 sp=0x0000000056e7e6e0
Event: 2.420 Thread 0x0000000056ac1800 DEOPT UNPACKING pc=0x000000000267582a sp=0x0000000056e7e668 mode 2


Dynamic libraries:
0x000000013f5d0000 - 0x000000013f607000 	C:\Program Files\Java\jdk1.8.0_60\bin\java.exe
0x00000000771a0000 - 0x0000000077349000 	C:\Windows\SYSTEM32\ntdll.dll
0x0000000076f80000 - 0x000000007709f000 	C:\Windows\system32\kernel32.dll
0x000007fefd130000 - 0x000007fefd19b000 	C:\Windows\system32\KERNELBASE.dll
0x000007fefef40000 - 0x000007feff01b000 	C:\Windows\system32\ADVAPI32.dll
0x000007fefeea0000 - 0x000007fefef3f000 	C:\Windows\system32\msvcrt.dll
0x000007fefee80000 - 0x000007fefee9f000 	C:\Windows\SYSTEM32\sechost.dll
0x000007fefd380000 - 0x000007fefd4ad000 	C:\Windows\system32\RPCRT4.dll
0x00000000770a0000 - 0x000000007719a000 	C:\Windows\system32\USER32.dll
0x000007fefd6f0000 - 0x000007fefd757000 	C:\Windows\system32\GDI32.dll
0x000007fefd920000 - 0x000007fefd92e000 	C:\Windows\system32\LPK.dll
0x000007fefd930000 - 0x000007fefd9f9000 	C:\Windows\system32\USP10.dll
0x000007fefb600000 - 0x000007fefb7f4000 	C:\Windows\WinSxS\amd64_microsoft.windows.common-controls_6595b64144ccf1df_6.0.7601.17514_none_fa396087175ac9ac\COMCTL32.dll
0x000007fefdcb0000 - 0x000007fefdd21000 	C:\Windows\system32\SHLWAPI.dll
0x000007fefd800000 - 0x000007fefd82e000 	C:\Windows\system32\IMM32.DLL
0x000007fefdd30000 - 0x000007fefde39000 	C:\Windows\system32\MSCTF.dll
0x0000000073a20000 - 0x0000000073af2000 	C:\Program Files\Java\jdk1.8.0_60\jre\bin\msvcr100.dll
0x0000000071810000 - 0x0000000072099000 	C:\Program Files\Java\jdk1.8.0_60\jre\bin\server\jvm.dll
0x000007fefb570000 - 0x000007fefb579000 	C:\Windows\system32\WSOCK32.dll
0x000007fefde60000 - 0x000007fefdead000 	C:\Windows\system32\WS2_32.dll
0x000007fefd830000 - 0x000007fefd838000 	C:\Windows\system32\NSI.dll
0x000007fef6100000 - 0x000007fef613b000 	C:\Windows\system32\WINMM.dll
0x000007fefc0b0000 - 0x000007fefc0bc000 	C:\Windows\system32\VERSION.dll
0x0000000077370000 - 0x0000000077377000 	C:\Windows\system32\PSAPI.DLL
0x00000000745a0000 - 0x00000000745af000 	C:\Program Files\Java\jdk1.8.0_60\jre\bin\verify.dll
0x0000000074540000 - 0x0000000074569000 	C:\Program Files\Java\jdk1.8.0_60\jre\bin\java.dll
0x0000000074580000 - 0x0000000074596000 	C:\Program Files\Java\jdk1.8.0_60\jre\bin\zip.dll
0x000007fefe0f0000 - 0x000007fefee78000 	C:\Windows\system32\SHELL32.dll
0x000007fefda00000 - 0x000007fefdc03000 	C:\Windows\system32\ole32.dll
0x000007fefcf90000 - 0x000007fefcf9f000 	C:\Windows\system32\profapi.dll

VM Arguments:
jvm_args: -Djava.awt.headless=true -Xmx1024M -Dfile.encoding=windows-1252 -Duser.country=US -Duser.language=en -Duser.variant 
java_command: com.android.dx.command.Main --dex --force-jumbo --num-threads=4 --multi-dex --output D:\Hai\Demo\app\build\intermediates\transforms\dex\debug\folders\1000\10\com.android.support-recyclerview-v7-23.0.1_ef42b39e44568ef527d45b22fc50f9ef23e0c332 D:\Hai\Demo\app\build\intermediates\exploded-aar\com.android.support\recyclerview-v7\23.0.1\jars\classes.jar
java_class_path (initial): C:\Users\Administrator\AppData\Local\Android\sdk\build-tools\23.0.3\lib\dx.jar
Launcher Type: SUN_STANDARD

Environment Variables:
PATH=C:\ProgramData\Oracle\Java\javapath;C:\Windows\system32;C:\Windows;C:\Windows\System32\Wbem;C:\Windows\System32\WindowsPowerShell\v1.0\;C:\Program Files\Git\cmd;C:\Program Files\Git\mingw64\bin;C:\Program Files\Git\usr\bin
USERNAME=Administrator
OS=Windows_NT
PROCESSOR_IDENTIFIER=Intel64 Family 6 Model 58 Stepping 9, GenuineIntel



---------------  S Y S T E M  ---------------

OS: Windows 7 , 64 bit Build 7601 (6.1.7601.18015)

CPU:total 4 (2 cores per cpu, 2 threads per core) family 6 model 58 stepping 9, cmov, cx8, fxsr, mmx, sse, sse2, sse3, ssse3, sse4.1, sse4.2, popcnt, avx, aes, clmul, erms, ht, tsc, tscinvbit, tscinv

Memory: 4k page, physical 4094316k(627472k free), swap 4094316k(5096k free)

vm_info: Java HotSpot(TM) 64-Bit Server VM (25.60-b23) for windows-amd64 JRE (1.8.0_60-b27), built on Aug  4 2015 11:06:27 by "java_re" with MS VC++ 10.0 (VS2010)

time: Fri Jul 22 22:16:05 2016
elapsed time: 3 seconds (0d 0h 0m 3s)

