#
# A fatal error has been detected by the Java Runtime Environment:
#
#  EXCEPTION_ACCESS_VIOLATION (0xc0000005) at pc=0x0000000072d518a7, pid=1264, tid=2228
#
# JRE version:  (8.0_60-b27) (build )
# Java VM: Java HotSpot(TM) 64-Bit Server VM (25.60-b23 mixed mode windows-amd64 compressed oops)
# Problematic frame:
# V  [jvm.dll+0x2118a7]
#
# Failed to write core dump. Minidumps are not enabled by default on client versions of Windows
#
# If you would like to submit a bug report, please visit:
#   http://bugreport.java.com/bugreport/crash.jsp
#

---------------  T H R E A D  ---------------

Current thread (0x0000000001e6e000):  JavaThread "main" [_thread_in_vm, id=2228, stack(0x0000000001fa0000,0x00000000020a0000)]

siginfo: ExceptionCode=0xc0000005, writing address 0x0000000002098890

Registers:
RAX=0x0000000002098890, RBX=0x0000000000000007, RCX=0x0000000000006000, RDX=0x0000000000000009
RSP=0x000000000209e890, RBP=0x0000000000000000, RSI=0x000000000209e890, RDI=0x0000000000000007
R8 =0x0000000000000009, R9 =0x0000000001e68160, R10=0x0000000054234dd8, R11=0x0000000001faa140
R12=0x0000000001e68160, R13=0x0000000001e6e000, R14=0x000000000209e9c0, R15=0x0000000054234dd8
RIP=0x0000000072d518a7, EFLAGS=0x0000000000010206

Top of Stack: (sp=0x000000000209e890)
0x000000000209e890:   0000000001e6e500 0000000001e6e838
0x000000000209e8a0:   0000000001e6e000 0000000001e68160
0x000000000209e8b0:   00000000ffffffff 0000000072d527d7
0x000000000209e8c0:   000000000209e9c0 0000000054234dd8
0x000000000209e8d0:   0000000001e6e000 0000000000000005
0x000000000209e8e0:   0000000000000028 0000000000000000
0x000000000209e8f0:   0000000000000005 0000000072c667a4
0x000000000209e900:   0000000054234dd8 0000000001e6e000
0x000000000209e910:   00000000023810c0 0000000054233280
0x000000000209e920:   0000000000000000 0000000054210088
0x000000000209e930:   0000001400000000 0000000000000000
0x000000000209e940:   0000000000000007 0000000054234dd8
0x000000000209e950:   0000000001e6e000 0000000072c67f32
0x000000000209e960:   0000000000000000 0000000001e6e4e0
0x000000000209e970:   000000000209eb08 0000000000000005
0x000000000209e980:   00000000ffffffff 0000000054233801 

Instructions: (pc=0x0000000072d518a7)
0x0000000072d51887:   48 89 6c 24 30 33 ed 66 90 e8 ab 36 08 00 ff c3
0x0000000072d51897:   48 63 c8 48 8b c6 48 0f af cf 48 ff c7 48 2b c1
0x0000000072d518a7:   89 28 48 63 c3 48 3b 05 dd 9d 58 00 7e db 48 8b
0x0000000072d518b7:   6c 24 30 48 8b 5c 24 38 48 8b 74 24 40 48 83 c4 


Register to memory mapping:

RAX=0x0000000002098890 is pointing into the stack for thread: 0x0000000001e6e000
RBX=0x0000000000000007 is an unknown value
RCX=0x0000000000006000 is an unknown value
RDX=0x0000000000000009 is an unknown value
RSP=0x000000000209e890 is pointing into the stack for thread: 0x0000000001e6e000
RBP=0x0000000000000000 is an unknown value
RSI=0x000000000209e890 is pointing into the stack for thread: 0x0000000001e6e000
RDI=0x0000000000000007 is an unknown value
R8 =0x0000000000000009 is an unknown value
R9 =0x0000000001e68160 is an unknown value
R10={method} {0x0000000054234de0} '<clinit>' '()V' in 'java/security/AccessControlContext'
R11=0x0000000001faa140 is pointing into the stack for thread: 0x0000000001e6e000
R12=0x0000000001e68160 is an unknown value
R13=0x0000000001e6e000 is a thread
R14=0x000000000209e9c0 is pointing into the stack for thread: 0x0000000001e6e000
R15={method} {0x0000000054234de0} '<clinit>' '()V' in 'java/security/AccessControlContext'


Stack: [0x0000000001fa0000,0x00000000020a0000],  sp=0x000000000209e890,  free space=1018k
Native frames: (J=compiled Java code, j=interpreted, Vv=VM code, C=native code)

Java frames: (J=compiled Java code, j=interpreted, Vv=VM code)
j  java.security.AccessController.getStackAccessControlContext()Ljava/security/AccessControlContext;+0
j  java.security.AccessController.getContext()Ljava/security/AccessControlContext;+0
j  java.lang.Thread.init(Ljava/lang/ThreadGroup;Ljava/lang/Runnable;Ljava/lang/String;JLjava/security/AccessControlContext;)V+159
j  java.lang.Thread.init(Ljava/lang/ThreadGroup;Ljava/lang/Runnable;Ljava/lang/String;J)V+7
j  java.lang.Thread.<init>(Ljava/lang/ThreadGroup;Ljava/lang/String;)V+45
v  ~StubRoutines::call_stub

---------------  P R O C E S S  ---------------

Java Threads: ( => current thread )
=>0x0000000001e6e000 JavaThread "main" [_thread_in_vm, id=2228, stack(0x0000000001fa0000,0x00000000020a0000)]

Other Threads:
  0x0000000054b9a000 VMThread [stack: 0x0000000055af0000,0x0000000055bf0000] [id=3596]

VM state:not at safepoint (normal execution)

VM Mutex/Monitor currently owned by a thread: None

Heap:
 PSYoungGen      total 18944K, used 327K [0x00000000eab00000, 0x00000000ec000000, 0x0000000100000000)
  eden space 16384K, 2% used [0x00000000eab00000,0x00000000eab51ec8,0x00000000ebb00000)
  from space 2560K, 0% used [0x00000000ebd80000,0x00000000ebd80000,0x00000000ec000000)
  to   space 2560K, 0% used [0x00000000ebb00000,0x00000000ebb00000,0x00000000ebd80000)
 ParOldGen       total 44032K, used 0K [0x00000000c0000000, 0x00000000c2b00000, 0x00000000eab00000)
  object space 44032K, 0% used [0x00000000c0000000,0x00000000c0000000,0x00000000c2b00000)
 Metaspace       used 819K, capacity 4480K, committed 4480K, reserved 1056768K
  class space    used 82K, capacity 384K, committed 384K, reserved 1048576K

Card table byte_map: [0x0000000011730000,0x0000000011940000] byte_map_base: 0x0000000011130000

Marking Bits: (ParMarkBitMap*) 0x000000007334a5b0
 Begin Bits: [0x0000000012010000, 0x0000000013010000)
 End Bits:   [0x0000000013010000, 0x0000000014010000)

Polling page: 0x00000000005a0000

CodeCache: size=245760Kb used=391Kb max_used=391Kb free=245368Kb
 bounds [0x0000000002370000, 0x00000000025e0000, 0x0000000011370000]
 total_blobs=78 nmethods=0 adapters=52
 compilation: enabled

Compilation events (0 events):
No events

GC Heap History (0 events):
No events

Deoptimization events (0 events):
No events

Internal exceptions (0 events):
No events

Events (10 events):
Event: 0.351 loading class java/lang/RuntimePermission
Event: 0.351 loading class java/security/BasicPermission
Event: 0.351 loading class java/security/Permission
Event: 0.351 loading class java/security/Guard
Event: 0.351 loading class java/security/Guard done
Event: 0.351 loading class java/security/Permission done
Event: 0.351 loading class java/security/BasicPermission done
Event: 0.351 loading class java/lang/RuntimePermission done
Event: 0.352 loading class java/security/AccessController
Event: 0.352 loading class java/security/AccessController done


Dynamic libraries:
0x000000013f250000 - 0x000000013f287000 	C:\Program Files\Java\jdk1.8.0_60\bin\java.exe
0x0000000077470000 - 0x0000000077619000 	C:\Windows\SYSTEM32\ntdll.dll
0x0000000077350000 - 0x000000007746f000 	C:\Windows\system32\kernel32.dll
0x000007fefd420000 - 0x000007fefd48b000 	C:\Windows\system32\KERNELBASE.dll
0x000007fefe6c0000 - 0x000007fefe79b000 	C:\Windows\system32\ADVAPI32.dll
0x000007fefe0f0000 - 0x000007fefe18f000 	C:\Windows\system32\msvcrt.dll
0x000007fefd650000 - 0x000007fefd66f000 	C:\Windows\SYSTEM32\sechost.dll
0x000007fefd850000 - 0x000007fefd97d000 	C:\Windows\system32\RPCRT4.dll
0x0000000077250000 - 0x000000007734a000 	C:\Windows\system32\USER32.dll
0x000007fefdd00000 - 0x000007fefdd67000 	C:\Windows\system32\GDI32.dll
0x000007fefe580000 - 0x000007fefe58e000 	C:\Windows\system32\LPK.dll
0x000007fefe5f0000 - 0x000007fefe6b9000 	C:\Windows\system32\USP10.dll
0x000007fefb9b0000 - 0x000007fefbba4000 	C:\Windows\WinSxS\amd64_microsoft.windows.common-controls_6595b64144ccf1df_6.0.7601.17514_none_fa396087175ac9ac\COMCTL32.dll
0x000007fefd670000 - 0x000007fefd6e1000 	C:\Windows\system32\SHLWAPI.dll
0x000007fefd980000 - 0x000007fefd9ae000 	C:\Windows\system32\IMM32.DLL
0x000007fefdea0000 - 0x000007fefdfa9000 	C:\Windows\system32\MSCTF.dll
0x0000000073f80000 - 0x0000000074052000 	C:\Program Files\Java\jdk1.8.0_60\jre\bin\msvcr100.dll
0x0000000072b40000 - 0x00000000733c9000 	C:\Program Files\Java\jdk1.8.0_60\jre\bin\server\jvm.dll
0x000007fefb850000 - 0x000007fefb859000 	C:\Windows\system32\WSOCK32.dll
0x000007fefdd70000 - 0x000007fefddbd000 	C:\Windows\system32\WS2_32.dll
0x000007fefe9e0000 - 0x000007fefe9e8000 	C:\Windows\system32\NSI.dll
0x000007fef6630000 - 0x000007fef666b000 	C:\Windows\system32\WINMM.dll
0x000007fefc380000 - 0x000007fefc38c000 	C:\Windows\system32\VERSION.dll
0x0000000077640000 - 0x0000000077647000 	C:\Windows\system32\PSAPI.DLL
0x0000000074bb0000 - 0x0000000074bbf000 	C:\Program Files\Java\jdk1.8.0_60\jre\bin\verify.dll
0x0000000074b80000 - 0x0000000074ba9000 	C:\Program Files\Java\jdk1.8.0_60\jre\bin\java.dll
0x0000000074b60000 - 0x0000000074b76000 	C:\Program Files\Java\jdk1.8.0_60\jre\bin\zip.dll
0x000007feeda00000 - 0x000007feedb25000 	C:\Windows\system32\dbghelp.dll

VM Arguments:
jvm_args: -Djava.awt.headless=true -Xmx1024M -Dfile.encoding=windows-1252 -Duser.country=US -Duser.language=en -Duser.variant 
java_command: com.android.dx.command.Main --dex --force-jumbo --num-threads=4 --multi-dex --output D:\Hai\Demo\app\build\intermediates\transforms\dex\debug\folders\1000\5\slice_5 D:\Hai\Demo\app\build\intermediates\transforms\instantRunSlicer\debug\folders\1\5\slice_5
java_class_path (initial): C:\Users\Administrator\AppData\Local\Android\sdk\build-tools\23.0.3\lib\dx.jar
Launcher Type: SUN_STANDARD

Environment Variables:
PATH=C:\ProgramData\Oracle\Java\javapath;C:\Windows\system32;C:\Windows;C:\Windows\System32\Wbem;C:\Windows\System32\WindowsPowerShell\v1.0\;C:\Program Files\Git\cmd;C:\Program Files\Git\mingw64\bin;C:\Program Files\Git\usr\bin
USERNAME=Administrator
OS=Windows_NT
PROCESSOR_IDENTIFIER=Intel64 Family 6 Model 58 Stepping 9, GenuineIntel



---------------  S Y S T E M  ---------------

OS: Windows 7 , 64 bit Build 7601 (6.1.7601.18015)

CPU:total 4 (2 cores per cpu, 2 threads per core) family 6 model 58 stepping 9, cmov, cx8, fxsr, mmx, sse, sse2, sse3, ssse3, sse4.1, sse4.2, popcnt, avx, aes, clmul, erms, ht, tsc, tscinvbit, tscinv

Memory: 4k page, physical 4094316k(1140164k free), swap 4094316k(579708k free)

vm_info: Java HotSpot(TM) 64-Bit Server VM (25.60-b23) for windows-amd64 JRE (1.8.0_60-b27), built on Aug  4 2015 11:06:27 by "java_re" with MS VC++ 10.0 (VS2010)

time: Tue Jul 19 09:54:04 2016
elapsed time: 1 seconds (0d 0h 0m 1s)

