#
# There is insufficient memory for the Java Runtime Environment to continue.
# Native memory allocation (malloc) failed to allocate 966896 bytes for Chunk::new
# Possible reasons:
#   The system is out of physical RAM or swap space
#   In 32 bit mode, the process size limit was hit
# Possible solutions:
#   Reduce memory load on the system
#   Increase physical memory or swap space
#   Check if swap backing store is full
#   Use 64 bit Java on a 64 bit OS
#   Decrease Java heap size (-Xmx/-Xms)
#   Decrease number of Java threads
#   Decrease Java thread stack sizes (-Xss)
#   Set larger code cache with -XX:ReservedCodeCacheSize=
# This output file may be truncated or incomplete.
#
#  Out of Memory Error (allocation.cpp:390), pid=504, tid=1436
#
# JRE version: Java(TM) SE Runtime Environment (8.0_60-b27) (build 1.8.0_60-b27)
# Java VM: Java HotSpot(TM) 64-Bit Server VM (25.60-b23 mixed mode windows-amd64 compressed oops)
# Failed to write core dump. Minidumps are not enabled by default on client versions of Windows
#

---------------  T H R E A D  ---------------

Current thread (0x0000000054cea000):  JavaThread "C2 CompilerThread1" daemon [_thread_in_native, id=1436, stack(0x00000000566f0000,0x00000000567f0000)]

Stack: [0x00000000566f0000,0x00000000567f0000]
[error occurred during error reporting (printing stack bounds), id 0xc0000005]

Native frames: (J=compiled Java code, j=interpreted, Vv=VM code, C=native code)


Current CompileTask:
C2:   7596 1475       4       com.android.dx.ssa.SCCP::simulateBlock (54 bytes)


---------------  P R O C E S S  ---------------

Java Threads: ( => current thread )
  0x0000000056be1800 JavaThread "pool-2-thread-4" [_thread_blocked, id=1828, stack(0x0000000057e60000,0x0000000057f60000)]
  0x0000000056be0800 JavaThread "pool-2-thread-3" [_thread_blocked, id=3336, stack(0x0000000056f90000,0x0000000057090000)]
  0x0000000056bd9800 JavaThread "pool-2-thread-2" [_thread_blocked, id=3404, stack(0x0000000057c80000,0x0000000057d80000)]
  0x0000000056bd8800 JavaThread "pool-3-thread-1" [_thread_blocked, id=4008, stack(0x0000000057b40000,0x0000000057c40000)]
  0x0000000056c54800 JavaThread "pool-2-thread-1" [_thread_in_Java, id=1840, stack(0x00000000579e0000,0x0000000057ae0000)]
  0x0000000054ced800 JavaThread "Service Thread" daemon [_thread_blocked, id=3692, stack(0x0000000056df0000,0x0000000056ef0000)]
  0x0000000054ceb000 JavaThread "C1 CompilerThread2" daemon [_thread_blocked, id=3772, stack(0x0000000056870000,0x0000000056970000)]
=>0x0000000054cea000 JavaThread "C2 CompilerThread1" daemon [_thread_in_native, id=1436, stack(0x00000000566f0000,0x00000000567f0000)]
  0x0000000054ce8000 JavaThread "C2 CompilerThread0" daemon [_thread_in_native, id=3500, stack(0x00000000564b0000,0x00000000565b0000)]
  0x0000000054ce1800 JavaThread "Attach Listener" daemon [_thread_blocked, id=3028, stack(0x0000000056150000,0x0000000056250000)]
  0x0000000054ce0800 JavaThread "Signal Dispatcher" daemon [_thread_blocked, id=2340, stack(0x00000000562d0000,0x00000000563d0000)]
  0x0000000054c87000 JavaThread "Finalizer" daemon [_thread_blocked, id=3488, stack(0x0000000055ff0000,0x00000000560f0000)]
  0x0000000054c80000 JavaThread "Reference Handler" daemon [_thread_blocked, id=116, stack(0x0000000055ee0000,0x0000000055fe0000)]
  0x0000000001ebe000 JavaThread "main" [_thread_blocked, id=3080, stack(0x00000000021d0000,0x00000000022d0000)]

Other Threads:
  0x0000000054c7a800 VMThread [stack: 0x0000000055d00000,0x0000000055e00000] [id=3136]
  0x00000000569e7800 WatcherThread [stack: 0x0000000057090000,0x0000000057190000] [id=2804]

VM state:not at safepoint (normal execution)

VM Mutex/Monitor currently owned by a thread: None

Heap:
 PSYoungGen      total 35328K, used 22564K [0x00000000eab00000, 0x00000000ed000000, 0x0000000100000000)
  eden space 32768K, 61% used [0x00000000eab00000,0x00000000ebe90a78,0x00000000ecb00000)
  from space 2560K, 98% used [0x00000000ecd80000,0x00000000ecff86b8,0x00000000ed000000)
  to   space 2560K, 0% used [0x00000000ecb00000,0x00000000ecb00000,0x00000000ecd80000)
 ParOldGen       total 44032K, used 2418K [0x00000000c0000000, 0x00000000c2b00000, 0x00000000eab00000)
  object space 44032K, 5% used [0x00000000c0000000,0x00000000c025caa0,0x00000000c2b00000)
 Metaspace       used 6165K, capacity 7088K, committed 7296K, reserved 1056768K
  class space    used 601K, capacity 616K, committed 640K, reserved 1048576K

Card table byte_map: [0x0000000011960000,0x0000000011b70000] byte_map_base: 0x0000000011360000

Marking Bits: (ParMarkBitMap*) 0x000000007334a5b0
 Begin Bits: [0x00000000120f0000, 0x00000000130f0000)
 End Bits:   [0x00000000130f0000, 0x00000000140f0000)

Polling page: 0x00000000000a0000

CodeCache: size=245760Kb used=6221Kb max_used=6233Kb free=239538Kb
 bounds [0x00000000025a0000, 0x0000000002bc0000, 0x00000000115a0000]
 total_blobs=1742 nmethods=1473 adapters=182
 compilation: enabled

Compilation events (10 events):
Event: 7.468 Thread 0x0000000054cea000 nmethod 1439 0x0000000002bb3f10 code [0x0000000002bb4080, 0x0000000002bb45e8]
Event: 7.468 Thread 0x0000000054cea000 1440       4       com.android.dx.rop.code.ThrowingCstInsn::accept (8 bytes)
Event: 7.468 Thread 0x0000000054cea000 nmethod 1440 0x0000000002b23550 code [0x0000000002b23680, 0x0000000002b236f8]
Event: 7.468 Thread 0x0000000054cea000 1446       4       com.android.dx.rop.type.Type::isIntlike (56 bytes)
Event: 7.469 Thread 0x0000000054cea000 nmethod 1446 0x0000000002a3b350 code [0x0000000002a3b480, 0x0000000002a3b4f8]
Event: 7.472 Thread 0x0000000054cea000 1472       4       com.android.dx.rop.code.RegisterSpecSet::localItemToSpec (49 bytes)
Event: 7.473 Thread 0x0000000054ceb000 1473       3       java.util.concurrent.locks.LockSupport::setBlocker (12 bytes)
Event: 7.473 Thread 0x0000000054ceb000 nmethod 1473 0x0000000002bb3850 code [0x0000000002bb39a0, 0x0000000002bb3af0]
Event: 7.478 Thread 0x0000000054cea000 nmethod 1472 0x0000000002bb55d0 code [0x0000000002bb5720, 0x0000000002bb5ab8]
Event: 7.512 Thread 0x0000000054cea000 1475       4       com.android.dx.ssa.SCCP::simulateBlock (54 bytes)

GC Heap History (4 events):
Event: 2.365 GC heap before
{Heap before GC invocations=1 (full 0):
 PSYoungGen      total 18944K, used 16384K [0x00000000eab00000, 0x00000000ec000000, 0x0000000100000000)
  eden space 16384K, 100% used [0x00000000eab00000,0x00000000ebb00000,0x00000000ebb00000)
  from space 2560K, 0% used [0x00000000ebd80000,0x00000000ebd80000,0x00000000ec000000)
  to   space 2560K, 0% used [0x00000000ebb00000,0x00000000ebb00000,0x00000000ebd80000)
 ParOldGen       total 44032K, used 0K [0x00000000c0000000, 0x00000000c2b00000, 0x00000000eab00000)
  object space 44032K, 0% used [0x00000000c0000000,0x00000000c0000000,0x00000000c2b00000)
 Metaspace       used 5545K, capacity 6512K, committed 6784K, reserved 1056768K
  class space    used 594K, capacity 616K, committed 640K, reserved 1048576K
Event: 2.678 GC heap after
Heap after GC invocations=1 (full 0):
 PSYoungGen      total 18944K, used 2547K [0x00000000eab00000, 0x00000000ed000000, 0x0000000100000000)
  eden space 16384K, 0% used [0x00000000eab00000,0x00000000eab00000,0x00000000ebb00000)
  from space 2560K, 99% used [0x00000000ebb00000,0x00000000ebd7ce70,0x00000000ebd80000)
  to   space 2560K, 0% used [0x00000000ecd80000,0x00000000ecd80000,0x00000000ed000000)
 ParOldGen       total 44032K, used 783K [0x00000000c0000000, 0x00000000c2b00000, 0x00000000eab00000)
  object space 44032K, 1% used [0x00000000c0000000,0x00000000c00c3f78,0x00000000c2b00000)
 Metaspace       used 5545K, capacity 6512K, committed 6784K, reserved 1056768K
  class space    used 594K, capacity 616K, committed 640K, reserved 1048576K
}
Event: 4.756 GC heap before
{Heap before GC invocations=2 (full 0):
 PSYoungGen      total 18944K, used 18931K [0x00000000eab00000, 0x00000000ed000000, 0x0000000100000000)
  eden space 16384K, 100% used [0x00000000eab00000,0x00000000ebb00000,0x00000000ebb00000)
  from space 2560K, 99% used [0x00000000ebb00000,0x00000000ebd7ce70,0x00000000ebd80000)
  to   space 2560K, 0% used [0x00000000ecd80000,0x00000000ecd80000,0x00000000ed000000)
 ParOldGen       total 44032K, used 783K [0x00000000c0000000, 0x00000000c2b00000, 0x00000000eab00000)
  object space 44032K, 1% used [0x00000000c0000000,0x00000000c00c3f78,0x00000000c2b00000)
 Metaspace       used 6023K, capacity 6960K, committed 7040K, reserved 1056768K
  class space    used 601K, capacity 616K, committed 640K, reserved 1048576K
Event: 5.100 GC heap after
Heap after GC invocations=2 (full 0):
 PSYoungGen      total 35328K, used 2529K [0x00000000eab00000, 0x00000000ed000000, 0x0000000100000000)
  eden space 32768K, 0% used [0x00000000eab00000,0x00000000eab00000,0x00000000ecb00000)
  from space 2560K, 98% used [0x00000000ecd80000,0x00000000ecff86b8,0x00000000ed000000)
  to   space 2560K, 0% used [0x00000000ecb00000,0x00000000ecb00000,0x00000000ecd80000)
 ParOldGen       total 44032K, used 2418K [0x00000000c0000000, 0x00000000c2b00000, 0x00000000eab00000)
  object space 44032K, 5% used [0x00000000c0000000,0x00000000c025caa0,0x00000000c2b00000)
 Metaspace       used 6023K, capacity 6960K, committed 7040K, reserved 1056768K
  class space    used 601K, capacity 616K, committed 640K, reserved 1048576K
}

Deoptimization events (10 events):
Event: 2.796 Thread 0x0000000056bd9800 Uncommon trap: reason=unstable_if action=reinterpret pc=0x00000000028095e0 method=java.util.BitSet.nextSetBit(I)I @ 87
Event: 2.862 Thread 0x0000000056be1800 Uncommon trap: reason=bimorphic action=maybe_recompile pc=0x0000000002816874 method=java.util.HashMap.getNode(ILjava/lang/Object;)Ljava/util/HashMap$Node; @ 126
Event: 2.970 Thread 0x0000000056bd9800 Uncommon trap: reason=unstable_if action=reinterpret pc=0x000000000281641c method=java.util.HashMap.getNode(ILjava/lang/Object;)Ljava/util/HashMap$Node; @ 129
Event: 3.919 Thread 0x0000000056c54800 Uncommon trap: reason=unstable_if action=reinterpret pc=0x00000000028b0e50 method=com.android.dx.rop.code.RegisterSpec.equals(ILcom/android/dx/rop/type/TypeBearer;Lcom/android/dx/rop/code/LocalItem;)Z @ 42
Event: 3.961 Thread 0x0000000056be0800 Uncommon trap: reason=unstable_if action=reinterpret pc=0x0000000002997a9c method=com.android.dx.rop.code.RegisterSpecSet.put(Lcom/android/dx/rop/code/RegisterSpec;)V @ 77
Event: 3.961 Thread 0x0000000056be0800 Uncommon trap: reason=unstable_if action=reinterpret pc=0x00000000029d38d8 method=com.android.dx.rop.code.RegisterSpecSet.put(Lcom/android/dx/rop/code/RegisterSpec;)V @ 77
Event: 5.842 Thread 0x0000000056be1800 Uncommon trap: reason=bimorphic action=maybe_recompile pc=0x0000000002a69370 method=com.android.dx.cf.code.BytecodeArray.parseInstruction(ILcom/android/dx/cf/code/BytecodeArray$Visitor;)I @ 2484
Event: 5.842 Thread 0x0000000056be1800 Uncommon trap: reason=bimorphic action=maybe_recompile pc=0x0000000002a69370 method=com.android.dx.cf.code.BytecodeArray.parseInstruction(ILcom/android/dx/cf/code/BytecodeArray$Visitor;)I @ 2484
Event: 6.614 Thread 0x0000000056be1800 Uncommon trap: reason=unstable_if action=reinterpret pc=0x0000000002b38f38 method=com.android.dx.ssa.SCCP.simulateBranch(Lcom/android/dx/ssa/SsaInsn;)V @ 107
Event: 7.379 Thread 0x0000000056c54800 Uncommon trap: reason=unstable_if action=reinterpret pc=0x000000000284e004 method=com.android.dx.rop.cst.Constant.compareTo(Lcom/android/dx/rop/cst/Constant;)I @ 12

Internal exceptions (2 events):
Event: 0.129 Thread 0x0000000001ebe000 Exception <a 'java/lang/NoSuchMethodError': Method sun.misc.Unsafe.defineClass(Ljava/lang/String;[BII)Ljava/lang/Class; name or signature does not match> (0x00000000eab0d2c8) thrown at [C:\re\workspace\8-2-build-windows-amd64-cygwin\jdk8u60\4407\hotspot\srÊ?ÛA‡À?
Event: 0.129 Thread 0x0000000001ebe000 Exception <a 'java/lang/NoSuchMethodError': Method sun.misc.Unsafe.prefetchRead(Ljava/lang/Object;J)V name or signature does not match> (0x00000000eab0d5b0) thrown at [C:\re\workspace\8-2-build-windows-amd64-cygwin\jdk8u60\4407\hotspot\src\share\vm\prims\j

Events (10 events):
Event: 5.842 Thread 0x0000000056be1800 DEOPT UNPACKING pc=0x00000000025e582a sp=0x0000000057f5e6b8 mode 2
Event: 5.842 Thread 0x0000000056be1800 Uncommon trap: trap_request=0xffffffc6 fr.pc=0x0000000002a69370
Event: 5.842 Thread 0x0000000056be1800 DEOPT PACKING pc=0x0000000002a69370 sp=0x0000000057f5e5a0
Event: 5.842 Thread 0x0000000056be1800 DEOPT UNPACKING pc=0x00000000025e582a sp=0x0000000057f5e528 mode 2
Event: 6.614 Thread 0x0000000056be1800 Uncommon trap: trap_request=0xffffff65 fr.pc=0x0000000002b38f38
Event: 6.614 Thread 0x0000000056be1800 DEOPT PACKING pc=0x0000000002b38f38 sp=0x0000000057f5e740
Event: 6.614 Thread 0x0000000056be1800 DEOPT UNPACKING pc=0x00000000025e582a sp=0x0000000057f5e6e8 mode 2
Event: 7.379 Thread 0x0000000056c54800 Uncommon trap: trap_request=0xffffff65 fr.pc=0x000000000284e004
Event: 7.379 Thread 0x0000000056c54800 DEOPT PACKING pc=0x000000000284e004 sp=0x0000000057ade540
Event: 7.379 Thread 0x0000000056c54800 DEOPT UNPACKING pc=0x00000000025e582a sp=0x0000000057ade4e0 mode 2


Dynamic libraries:
0x000000013f250000 - 0x000000013f287000 	C:\Program Files\Java\jdk1.8.0_60\bin\java.exe
0x0000000077470000 - 0x0000000077619000 	C:\Windows\SYSTEM32\ntdll.dll
0x0000000077350000 - 0x000000007746f000 	C:\Windows\system32\kernel32.dll
0x000007fefd420000 - 0x000007fefd48b000 	C:\Windows\system32\KERNELBASE.dll
0x000007fefe6c0000 - 0x000007fefe79b000 	C:\Windows\system32\ADVAPI32.dll
0x000007fefe0f0000 - 0x000007fefe18f000 	C:\Windows\system32\msvcrt.dll
0x000007fefd650000 - 0x000007fefd66f000 	C:\Windows\SYSTEM32\sechost.dll
0x000007fefd850000 - 0x000007fefd97d000 	C:\Windows\system32\RPCRT4.dll
0x0000000077250000 - 0x000000007734a000 	C:\Windows\system32\USER32.dll
0x000007fefdd00000 - 0x000007fefdd67000 	C:\Windows\system32\GDI32.dll
0x000007fefe580000 - 0x000007fefe58e000 	C:\Windows\system32\LPK.dll
0x000007fefe5f0000 - 0x000007fefe6b9000 	C:\Windows\system32\USP10.dll
0x000007fefb9b0000 - 0x000007fefbba4000 	C:\Windows\WinSxS\amd64_microsoft.windows.common-controls_6595b64144ccf1df_6.0.7601.17514_none_fa396087175ac9ac\COMCTL32.dll
0x000007fefd670000 - 0x000007fefd6e1000 	C:\Windows\system32\SHLWAPI.dll
0x000007fefd980000 - 0x000007fefd9ae000 	C:\Windows\system32\IMM32.DLL
0x000007fefdea0000 - 0x000007fefdfa9000 	C:\Windows\system32\MSCTF.dll
0x0000000073f80000 - 0x0000000074052000 	C:\Program Files\Java\jdk1.8.0_60\jre\bin\msvcr100.dll
0x0000000072b40000 - 0x00000000733c9000 	C:\Program Files\Java\jdk1.8.0_60\jre\bin\server\jvm.dll
0x000007fefb850000 - 0x000007fefb859000 	C:\Windows\system32\WSOCK32.dll
0x000007fefdd70000 - 0x000007fefddbd000 	C:\Windows\system32\WS2_32.dll
0x000007fefe9e0000 - 0x000007fefe9e8000 	C:\Windows\system32\NSI.dll
0x000007fef6630000 - 0x000007fef666b000 	C:\Windows\system32\WINMM.dll
0x000007fefc380000 - 0x000007fefc38c000 	C:\Windows\system32\VERSION.dll
0x0000000077640000 - 0x0000000077647000 	C:\Windows\system32\PSAPI.DLL
0x0000000074bb0000 - 0x0000000074bbf000 	C:\Program Files\Java\jdk1.8.0_60\jre\bin\verify.dll
0x0000000074b80000 - 0x0000000074ba9000 	C:\Program Files\Java\jdk1.8.0_60\jre\bin\java.dll
0x0000000074b60000 - 0x0000000074b76000 	C:\Program Files\Java\jdk1.8.0_60\jre\bin\zip.dll
0x000007fefe9f0000 - 0x000007feff778000 	C:\Windows\system32\SHELL32.dll
0x000007fefe370000 - 0x000007fefe573000 	C:\Windows\system32\ole32.dll
0x000007fefd260000 - 0x000007fefd26f000 	C:\Windows\system32\profapi.dll

VM Arguments:
jvm_args: -Djava.awt.headless=true -Xmx1024M -Dfile.encoding=windows-1252 -Duser.country=US -Duser.language=en -Duser.variant 
java_command: com.android.dx.command.Main --dex --force-jumbo --num-threads=4 --multi-dex --output D:\Hai\Demo\app\build\intermediates\transforms\dex\debug\folders\1000\10\com.android.support-appcompat-v7-23.4.0_c3da417fe977320a65e4e4ae15e7fd2fc48d2adc D:\Hai\Demo\app\build\intermediates\exploded-aar\com.android.support\appcompat-v7\23.4.0\jars\classes.jar
java_class_path (initial): C:\Users\Administrator\AppData\Local\Android\sdk\build-tools\23.0.3\lib\dx.jar
Launcher Type: SUN_STANDARD

Environment Variables:
PATH=C:\ProgramData\Oracle\Java\javapath;C:\Windows\system32;C:\Windows;C:\Windows\System32\Wbem;C:\Windows\System32\WindowsPowerShell\v1.0\;C:\Program Files\Git\cmd;C:\Program Files\Git\mingw64\bin;C:\Program Files\Git\usr\bin
USERNAME=Administrator
OS=Windows_NT
PROCESSOR_IDENTIFIER=Intel64 Family 6 Model 58 Stepping 9, GenuineIntel



---------------  S Y S T E M  ---------------

OS: Windows 7 , 64 bit Build 7601 (6.1.7601.18015)

CPU:total 4 (2 cores per cpu, 2 threads per core) family 6 model 58 stepping 9, cmov, cx8, fxsr, mmx, sse, sse2, sse3, ssse3, sse4.1, sse4.2, popcnt, avx, aes, clmul, erms, ht, tsc, tscinvbit, tscinv

Memory: 4k page, physical 4094316k(836352k free), swap 4094316k(5736k free)

vm_info: Java HotSpot(TM) 64-Bit Server VM (25.60-b23) for windows-amd64 JRE (1.8.0_60-b27), built on Aug  4 2015 11:06:27 by "java_re" with MS VC++ 10.0 (VS2010)

time: Tue Jul 19 09:53:56 2016
elapsed time: 7 seconds (0d 0h 0m 7s)

