#
# There is insufficient memory for the Java Runtime Environment to continue.
# Native memory allocation (malloc) failed to allocate 32744 bytes for ChunkPool::allocate
# Possible reasons:
#   The system is out of physical RAM or swap space
#   In 32 bit mode, the process size limit was hit
# Possible solutions:
#   Reduce memory load on the system
#   Increase physical memory or swap space
#   Check if swap backing store is full
#   Use 64 bit Java on a 64 bit OS
#   Decrease Java heap size (-Xmx/-Xms)
#   Decrease number of Java threads
#   Decrease Java thread stack sizes (-Xss)
#   Set larger code cache with -XX:ReservedCodeCacheSize=
# This output file may be truncated or incomplete.
#
#  Out of Memory Error (allocation.cpp:273), pid=1780, tid=2456
#
# JRE version: Java(TM) SE Runtime Environment (8.0_60-b27) (build 1.8.0_60-b27)
# Java VM: Java HotSpot(TM) 64-Bit Server VM (25.60-b23 mixed mode windows-amd64 compressed oops)
# Failed to write core dump. Minidumps are not enabled by default on client versions of Windows
#

---------------  T H R E A D  ---------------

Current thread (0x00000000569b9000):  JavaThread "pool-2-thread-1" [_thread_in_vm, id=2456, stack(0x0000000057080000,0x0000000057180000)]

Stack: [0x0000000057080000,0x0000000057180000]
[error occurred during error reporting (printing stack bounds), id 0xc0000005]

Native frames: (J=compiled Java code, j=interpreted, Vv=VM code, C=native code)

Java frames: (J=compiled Java code, j=interpreted, Vv=VM code)
j  com.android.dx.dex.file.ParameterAnnotationStruct.<init>(Lcom/android/dx/rop/cst/CstMethodRef;Lcom/android/dx/rop/annotation/AnnotationsList;Lcom/android/dx/dex/file/DexFile;)V+111
j  com.android.dx.dex.file.AnnotationsDirectoryItem.addParameterAnnotations(Lcom/android/dx/rop/cst/CstMethodRef;Lcom/android/dx/rop/annotation/AnnotationsList;Lcom/android/dx/dex/file/DexFile;)V+29
j  com.android.dx.dex.file.ClassDefItem.addParameterAnnotations(Lcom/android/dx/rop/cst/CstMethodRef;Lcom/android/dx/rop/annotation/AnnotationsList;Lcom/android/dx/dex/file/DexFile;)V+7
j  com.android.dx.dex.cf.CfTranslator.processMethods(Lcom/android/dx/cf/direct/DirectClassFile;Lcom/android/dx/dex/cf/CfOptions;Lcom/android/dx/dex/DexOptions;Lcom/android/dx/dex/file/ClassDefItem;Lcom/android/dx/dex/file/DexFile;)V+501
j  com.android.dx.dex.cf.CfTranslator.translate0(Lcom/android/dx/cf/direct/DirectClassFile;[BLcom/android/dx/dex/cf/CfOptions;Lcom/android/dx/dex/DexOptions;Lcom/android/dx/dex/file/DexFile;)Lcom/android/dx/dex/file/ClassDefItem;+120
j  com.android.dx.dex.cf.CfTranslator.translate(Lcom/android/dx/cf/direct/DirectClassFile;[BLcom/android/dx/dex/cf/CfOptions;Lcom/android/dx/dex/DexOptions;Lcom/android/dx/dex/file/DexFile;)Lcom/android/dx/dex/file/ClassDefItem;+6
j  com.android.dx.command.dexer.Main.translateClass([BLcom/android/dx/cf/direct/DirectClassFile;)Lcom/android/dx/dex/file/ClassDefItem;+17
j  com.android.dx.command.dexer.Main.access$2700([BLcom/android/dx/cf/direct/DirectClassFile;)Lcom/android/dx/dex/file/ClassDefItem;+2
j  com.android.dx.command.dexer.Main$ClassTranslatorTask.call()Lcom/android/dx/dex/file/ClassDefItem;+8
j  com.android.dx.command.dexer.Main$ClassTranslatorTask.call()Ljava/lang/Object;+1
j  java.util.concurrent.FutureTask.run()V+42
j  java.util.concurrent.ThreadPoolExecutor.runWorker(Ljava/util/concurrent/ThreadPoolExecutor$Worker;)V+95
j  java.util.concurrent.ThreadPoolExecutor$Worker.run()V+5
j  java.lang.Thread.run()V+11
v  ~StubRoutines::call_stub

---------------  P R O C E S S  ---------------

Java Threads: ( => current thread )
  0x00000000569be000 JavaThread "pool-2-thread-4" [_thread_blocked, id=888, stack(0x0000000057570000,0x0000000057670000)]
  0x00000000569bd000 JavaThread "pool-2-thread-3" [_thread_in_Java, id=3264, stack(0x0000000056310000,0x0000000056410000)]
  0x00000000569bc000 JavaThread "pool-2-thread-2" [_thread_in_Java, id=1712, stack(0x00000000573c0000,0x00000000574c0000)]
  0x00000000569c0800 JavaThread "pool-3-thread-1" [_thread_blocked, id=1356, stack(0x0000000057280000,0x0000000057380000)]
=>0x00000000569b9000 JavaThread "pool-2-thread-1" [_thread_in_vm, id=2456, stack(0x0000000057080000,0x0000000057180000)]
  0x000000005675b000 JavaThread "Service Thread" daemon [_thread_blocked, id=3496, stack(0x0000000056c90000,0x0000000056d90000)]
  0x0000000056754800 JavaThread "C1 CompilerThread2" daemon [_thread_in_native, id=2280, stack(0x0000000056b70000,0x0000000056c70000)]
  0x0000000054eaa800 JavaThread "C2 CompilerThread1" daemon [_thread_blocked, id=1620, stack(0x0000000056600000,0x0000000056700000)]
  0x0000000054ea8000 JavaThread "C2 CompilerThread0" daemon [_thread_blocked, id=720, stack(0x0000000056450000,0x0000000056550000)]
  0x0000000054ea2000 JavaThread "Attach Listener" daemon [_thread_blocked, id=3736, stack(0x0000000055fe0000,0x00000000560e0000)]
  0x0000000054ea0800 JavaThread "Signal Dispatcher" daemon [_thread_blocked, id=3532, stack(0x0000000056200000,0x0000000056300000)]
  0x0000000054e47000 JavaThread "Finalizer" daemon [_thread_blocked, id=2928, stack(0x0000000056100000,0x0000000056200000)]
  0x0000000054e40000 JavaThread "Reference Handler" daemon [_thread_blocked, id=3920, stack(0x0000000055ed0000,0x0000000055fd0000)]
  0x0000000001cce000 JavaThread "main" [_thread_blocked, id=2948, stack(0x0000000002050000,0x0000000002150000)]

Other Threads:
  0x0000000054e3a800 VMThread [stack: 0x0000000055d20000,0x0000000055e20000] [id=3248]
  0x0000000056762000 WatcherThread [stack: 0x0000000056e50000,0x0000000056f50000] [id=2040]

VM state:not at safepoint (normal execution)

VM Mutex/Monitor currently owned by a thread: None

Heap:
 PSYoungGen      total 18944K, used 10137K [0x00000000eab00000, 0x00000000ec000000, 0x0000000100000000)
  eden space 16384K, 61% used [0x00000000eab00000,0x00000000eb4e67a0,0x00000000ebb00000)
  from space 2560K, 0% used [0x00000000ebd80000,0x00000000ebd80000,0x00000000ec000000)
  to   space 2560K, 0% used [0x00000000ebb00000,0x00000000ebb00000,0x00000000ebd80000)
 ParOldGen       total 44032K, used 0K [0x00000000c0000000, 0x00000000c2b00000, 0x00000000eab00000)
  object space 44032K, 0% used [0x00000000c0000000,0x00000000c0000000,0x00000000c2b00000)
 Metaspace       used 5430K, capacity 6448K, committed 6528K, reserved 1056768K
  class space    used 596K, capacity 616K, committed 640K, reserved 1048576K

Card table byte_map: [0x00000000117e0000,0x00000000119f0000] byte_map_base: 0x00000000111e0000

Marking Bits: (ParMarkBitMap*) 0x000000007334a5b0
 Begin Bits: [0x00000000122b0000, 0x00000000132b0000)
 End Bits:   [0x00000000132b0000, 0x00000000142b0000)

Polling page: 0x0000000000310000

CodeCache: size=245760Kb used=1943Kb max_used=1955Kb free=243816Kb
 bounds [0x0000000002420000, 0x0000000002690000, 0x0000000011420000]
 total_blobs=703 nmethods=434 adapters=182
 compilation: enabled

Compilation events (10 events):
Event: 8.708 Thread 0x0000000056754800  431       3       com.android.dx.rop.code.PlainInsn::accept (8 bytes)
Event: 8.708 Thread 0x0000000056754800 nmethod 431 0x0000000002603dd0 code [0x0000000002603f40, 0x0000000002604168]
Event: 8.708 Thread 0x0000000056754800  432       3       com.android.dx.dex.code.DalvInsn::<init> (67 bytes)
Event: 8.709 Thread 0x0000000056754800 nmethod 432 0x0000000002604250 code [0x0000000002604400, 0x00000000026048c8]
Event: 8.709 Thread 0x0000000056754800  434       3       com.android.dx.dex.code.OutputCollector::add (9 bytes)
Event: 8.709 Thread 0x0000000056754800 nmethod 434 0x0000000002604ad0 code [0x0000000002604c80, 0x0000000002605278]
Event: 8.709 Thread 0x0000000056754800  435       3       com.android.dx.dex.code.OutputFinisher::add (15 bytes)
Event: 8.710 Thread 0x0000000056754800 nmethod 435 0x0000000002605610 code [0x00000000026057c0, 0x0000000002605d98]
Event: 8.714 Thread 0x0000000054eaa800 nmethod 436 0x0000000002609090 code [0x0000000002609200, 0x00000000026095a8]
Event: 8.719 Thread 0x0000000056754800  438   !   3       com.android.dx.cf.code.BytecodeArray::parseInstruction (2764 bytes)

GC Heap History (0 events):
No events

Deoptimization events (0 events):
No events

Internal exceptions (2 events):
Event: 0.068 Thread 0x0000000001cce000 Exception <a 'java/lang/NoSuchMethodError': Method sun.misc.Unsafe.defineClass(Ljava/lang/String;[BII)Ljava/lang/Class; name or signature does not match> (0x00000000eab0d478) thrown at [C:\re\workspace\8-2-build-windows-amd64-cygwin\jdk8u60\4407\hotspot\srŒuÃ‘‰x±?
Event: 0.068 Thread 0x0000000001cce000 Exception <a 'java/lang/NoSuchMethodError': Method sun.misc.Unsafe.prefetchRead(Ljava/lang/Object;J)V name or signature does not match> (0x00000000eab0d760) thrown at [C:\re\workspace\8-2-build-windows-amd64-cygwin\jdk8u60\4407\hotspot\src\share\vm\prims\j

Events (10 events):
Event: 8.716 loading class com/android/dx/dex/file/MethodIdItem
Event: 8.716 loading class com/android/dx/dex/file/MethodIdItem done
Event: 8.722 Executing VM operation: RevokeBias
Event: 8.722 Executing VM operation: RevokeBias done
Event: 8.731 loading class com/android/dx/dex/file/ParameterAnnotationStruct
Event: 8.731 loading class com/android/dx/dex/file/ParameterAnnotationStruct done
Event: 8.732 loading class com/android/dx/dex/file/UniformListItem
Event: 8.732 loading class com/android/dx/dex/file/UniformListItem done
Event: 8.733 loading class com/android/dx/dex/file/AnnotationSetRefItem
Event: 8.733 loading class com/android/dx/dex/file/AnnotationSetRefItem done


Dynamic libraries:
0x000000013f250000 - 0x000000013f287000 	C:\Program Files\Java\jdk1.8.0_60\bin\java.exe
0x0000000077470000 - 0x0000000077619000 	C:\Windows\SYSTEM32\ntdll.dll
0x0000000077350000 - 0x000000007746f000 	C:\Windows\system32\kernel32.dll
0x000007fefd420000 - 0x000007fefd48b000 	C:\Windows\system32\KERNELBASE.dll
0x000007fefe6c0000 - 0x000007fefe79b000 	C:\Windows\system32\ADVAPI32.dll
0x000007fefe0f0000 - 0x000007fefe18f000 	C:\Windows\system32\msvcrt.dll
0x000007fefd650000 - 0x000007fefd66f000 	C:\Windows\SYSTEM32\sechost.dll
0x000007fefd850000 - 0x000007fefd97d000 	C:\Windows\system32\RPCRT4.dll
0x0000000077250000 - 0x000000007734a000 	C:\Windows\system32\USER32.dll
0x000007fefdd00000 - 0x000007fefdd67000 	C:\Windows\system32\GDI32.dll
0x000007fefe580000 - 0x000007fefe58e000 	C:\Windows\system32\LPK.dll
0x000007fefe5f0000 - 0x000007fefe6b9000 	C:\Windows\system32\USP10.dll
0x000007fefb9b0000 - 0x000007fefbba4000 	C:\Windows\WinSxS\amd64_microsoft.windows.common-controls_6595b64144ccf1df_6.0.7601.17514_none_fa396087175ac9ac\COMCTL32.dll
0x000007fefd670000 - 0x000007fefd6e1000 	C:\Windows\system32\SHLWAPI.dll
0x000007fefd980000 - 0x000007fefd9ae000 	C:\Windows\system32\IMM32.DLL
0x000007fefdea0000 - 0x000007fefdfa9000 	C:\Windows\system32\MSCTF.dll
0x0000000073f80000 - 0x0000000074052000 	C:\Program Files\Java\jdk1.8.0_60\jre\bin\msvcr100.dll
0x0000000072b40000 - 0x00000000733c9000 	C:\Program Files\Java\jdk1.8.0_60\jre\bin\server\jvm.dll
0x000007fefb850000 - 0x000007fefb859000 	C:\Windows\system32\WSOCK32.dll
0x000007fefdd70000 - 0x000007fefddbd000 	C:\Windows\system32\WS2_32.dll
0x000007fefe9e0000 - 0x000007fefe9e8000 	C:\Windows\system32\NSI.dll
0x000007fef6630000 - 0x000007fef666b000 	C:\Windows\system32\WINMM.dll
0x000007fefc380000 - 0x000007fefc38c000 	C:\Windows\system32\VERSION.dll
0x0000000077640000 - 0x0000000077647000 	C:\Windows\system32\PSAPI.DLL
0x0000000074bb0000 - 0x0000000074bbf000 	C:\Program Files\Java\jdk1.8.0_60\jre\bin\verify.dll
0x0000000074b80000 - 0x0000000074ba9000 	C:\Program Files\Java\jdk1.8.0_60\jre\bin\java.dll
0x0000000074b60000 - 0x0000000074b76000 	C:\Program Files\Java\jdk1.8.0_60\jre\bin\zip.dll
0x000007fefe9f0000 - 0x000007feff778000 	C:\Windows\system32\SHELL32.dll
0x000007fefe370000 - 0x000007fefe573000 	C:\Windows\system32\ole32.dll
0x000007fefd260000 - 0x000007fefd26f000 	C:\Windows\system32\profapi.dll

VM Arguments:
jvm_args: -Djava.awt.headless=true -Xmx1024M -Dfile.encoding=windows-1252 -Duser.country=US -Duser.language=en -Duser.variant 
java_command: com.android.dx.command.Main --dex --force-jumbo --num-threads=4 --multi-dex --output D:\Hai\Demo\app\build\intermediates\transforms\dex\debug\folders\1000\10\com.android.support-animated-vector-drawable-23.4.0_fa2ac7294c7f8e2fe3962287085cacd5561a61f8 D:\Hai\Demo\app\build\intermediates\exploded-aar\com.android.support\animated-vector-drawable\23.4.0\jars\classes.jar
java_class_path (initial): C:\Users\Administrator\AppData\Local\Android\sdk\build-tools\23.0.3\lib\dx.jar
Launcher Type: SUN_STANDARD

Environment Variables:
PATH=C:\ProgramData\Oracle\Java\javapath;C:\Windows\system32;C:\Windows;C:\Windows\System32\Wbem;C:\Windows\System32\WindowsPowerShell\v1.0\;C:\Program Files\Git\cmd;C:\Program Files\Git\mingw64\bin;C:\Program Files\Git\usr\bin
USERNAME=Administrator
OS=Windows_NT
PROCESSOR_IDENTIFIER=Intel64 Family 6 Model 58 Stepping 9, GenuineIntel



---------------  S Y S T E M  ---------------

OS: Windows 7 , 64 bit Build 7601 (6.1.7601.18015)

CPU:total 4 (2 cores per cpu, 2 threads per core) family 6 model 58 stepping 9, cmov, cx8, fxsr, mmx, sse, sse2, sse3, ssse3, sse4.1, sse4.2, popcnt, avx, aes, clmul, erms, ht, tsc, tscinvbit, tscinv

Memory: 4k page, physical 4094316k(753148k free), swap 4094316k(5096k free)

vm_info: Java HotSpot(TM) 64-Bit Server VM (25.60-b23) for windows-amd64 JRE (1.8.0_60-b27), built on Aug  4 2015 11:06:27 by "java_re" with MS VC++ 10.0 (VS2010)

time: Tue Jul 19 09:57:15 2016
elapsed time: 8 seconds (0d 0h 0m 8s)

