#
# There is insufficient memory for the Java Runtime Environment to continue.
# Native memory allocation (malloc) failed to allocate 131088 bytes for Chunk::new
# Possible reasons:
#   The system is out of physical RAM or swap space
#   In 32 bit mode, the process size limit was hit
# Possible solutions:
#   Reduce memory load on the system
#   Increase physical memory or swap space
#   Check if swap backing store is full
#   Use 64 bit Java on a 64 bit OS
#   Decrease Java heap size (-Xmx/-Xms)
#   Decrease number of Java threads
#   Decrease Java thread stack sizes (-Xss)
#   Set larger code cache with -XX:ReservedCodeCacheSize=
# This output file may be truncated or incomplete.
#
#  Out of Memory Error (allocation.cpp:390), pid=2288, tid=3248
#
# JRE version: Java(TM) SE Runtime Environment (8.0_60-b27) (build 1.8.0_60-b27)
# Java VM: Java HotSpot(TM) 64-Bit Server VM (25.60-b23 mixed mode windows-amd64 compressed oops)
# Failed to write core dump. Minidumps are not enabled by default on client versions of Windows
#

---------------  T H R E A D  ---------------

Current thread (0x00000000549b2000):  JavaThread "C2 CompilerThread0" daemon [_thread_in_native, id=3248, stack(0x0000000055a50000,0x0000000055b50000)]

Stack: [0x0000000055a50000,0x0000000055b50000]
[error occurred during error reporting (printing stack bounds), id 0xc0000005]

Native frames: (J=compiled Java code, j=interpreted, Vv=VM code, C=native code)


Current CompileTask:
C2:   3760 1368   !   4       com.android.dx.cf.cst.ConstantPoolParser::parse0 (731 bytes)


---------------  P R O C E S S  ---------------

Java Threads: ( => current thread )
  0x00000000560a7800 JavaThread "pool-2-thread-4" [_thread_blocked, id=3496, stack(0x00000000568a0000,0x00000000569a0000)]
  0x000000005609a800 JavaThread "pool-2-thread-3" [_thread_blocked, id=3760, stack(0x00000000566f0000,0x00000000567f0000)]
  0x000000005607d800 JavaThread "pool-2-thread-2" [_thread_blocked, id=3956, stack(0x0000000056560000,0x0000000056660000)]
  0x0000000056044000 JavaThread "pool-3-thread-1" [_thread_blocked, id=3984, stack(0x0000000055530000,0x0000000055630000)]
  0x0000000055ffc800 JavaThread "pool-2-thread-1" [_thread_blocked, id=2432, stack(0x00000000563c0000,0x00000000564c0000)]
  0x0000000055df4000 JavaThread "Service Thread" daemon [_thread_blocked, id=3200, stack(0x0000000055b90000,0x0000000055c90000)]
  0x00000000549b7000 JavaThread "C1 CompilerThread1" daemon [_thread_blocked, id=3764, stack(0x0000000055cd0000,0x0000000055dd0000)]
=>0x00000000549b2000 JavaThread "C2 CompilerThread0" daemon [_thread_in_native, id=3248, stack(0x0000000055a50000,0x0000000055b50000)]
  0x00000000549aa800 JavaThread "Attach Listener" daemon [_thread_blocked, id=1376, stack(0x0000000055920000,0x0000000055a20000)]
  0x00000000549a9000 JavaThread "Signal Dispatcher" daemon [_thread_blocked, id=3328, stack(0x0000000055810000,0x0000000055910000)]
  0x000000005494f800 JavaThread "Finalizer" daemon [_thread_blocked, id=992, stack(0x0000000055650000,0x0000000055750000)]
  0x0000000054944800 JavaThread "Reference Handler" daemon [_thread_blocked, id=3444, stack(0x0000000055400000,0x0000000055500000)]
  0x0000000001cbd800 JavaThread "main" [_thread_in_native, id=2824, stack(0x0000000002000000,0x0000000002100000)]

Other Threads:
  0x000000005493d000 VMThread [stack: 0x00000000552a0000,0x00000000553a0000] [id=2212]
  0x0000000055df7800 WatcherThread [stack: 0x0000000056270000,0x0000000056370000] [id=3108]

VM state:not at safepoint (normal execution)

VM Mutex/Monitor currently owned by a thread: None

Heap:
 PSYoungGen      total 18944K, used 10347K [0x00000000eab00000, 0x00000000ed000000, 0x0000000100000000)
  eden space 16384K, 47% used [0x00000000eab00000,0x00000000eb29e5a8,0x00000000ebb00000)
  from space 2560K, 99% used [0x00000000ebd80000,0x00000000ebffc688,0x00000000ec000000)
  to   space 2560K, 0% used [0x00000000ebb00000,0x00000000ebb00000,0x00000000ebd80000)
 ParOldGen       total 44032K, used 2499K [0x00000000c0000000, 0x00000000c2b00000, 0x00000000eab00000)
  object space 44032K, 5% used [0x00000000c0000000,0x00000000c0270df0,0x00000000c2b00000)
 Metaspace       used 6086K, capacity 6960K, committed 7040K, reserved 1056768K
  class space    used 600K, capacity 616K, committed 640K, reserved 1048576K

Card table byte_map: [0x0000000011790000,0x00000000119a0000] byte_map_base: 0x0000000011190000

Marking Bits: (ParMarkBitMap*) 0x0000000072e2a5b0
 Begin Bits: [0x0000000011e10000, 0x0000000012e10000)
 End Bits:   [0x0000000012e10000, 0x0000000013e10000)

Polling page: 0x0000000000110000

CodeCache: size=245760Kb used=5588Kb max_used=5600Kb free=240171Kb
 bounds [0x00000000023d0000, 0x0000000002950000, 0x00000000113d0000]
 total_blobs=1636 nmethods=1369 adapters=182
 compilation: enabled

Compilation events (10 events):
Event: 3.662 Thread 0x00000000549b7000 nmethod 1364 0x0000000002945d90 code [0x0000000002945ee0, 0x0000000002946030]
Event: 3.683 Thread 0x00000000549b7000 1366       1       com.android.dx.rop.annotation.NameValuePair::getValue (5 bytes)
Event: 3.683 Thread 0x00000000549b7000 nmethod 1366 0x0000000002945710 code [0x0000000002945860, 0x0000000002945970]
Event: 3.694 Thread 0x00000000549b7000 1370       3       com.android.dx.cf.attrib.RawAttribute::byteLength (11 bytes)
Event: 3.694 Thread 0x00000000549b2000 1367       4       com.android.dx.rop.cst.StdConstantPool::set (123 bytes)
Event: 3.694 Thread 0x00000000549b7000 nmethod 1370 0x0000000002945310 code [0x0000000002945460, 0x0000000002945650]
Event: 3.694 Thread 0x00000000549b7000 1369       3       java.util.TreeMap::containsKey (14 bytes)
Event: 3.694 Thread 0x00000000549b7000 nmethod 1369 0x0000000002944e90 code [0x0000000002945000, 0x0000000002945268]
Event: 3.698 Thread 0x00000000549b2000 nmethod 1367 0x000000000294cb10 code [0x000000000294cc60, 0x000000000294ced8]
Event: 3.698 Thread 0x00000000549b2000 1368   !   4       com.android.dx.cf.cst.ConstantPoolParser::parse0 (731 bytes)

GC Heap History (4 events):
Event: 1.592 GC heap before
{Heap before GC invocations=1 (full 0):
 PSYoungGen      total 18944K, used 16384K [0x00000000eab00000, 0x00000000ec000000, 0x0000000100000000)
  eden space 16384K, 100% used [0x00000000eab00000,0x00000000ebb00000,0x00000000ebb00000)
  from space 2560K, 0% used [0x00000000ebd80000,0x00000000ebd80000,0x00000000ec000000)
  to   space 2560K, 0% used [0x00000000ebb00000,0x00000000ebb00000,0x00000000ebd80000)
 ParOldGen       total 44032K, used 0K [0x00000000c0000000, 0x00000000c2b00000, 0x00000000eab00000)
  object space 44032K, 0% used [0x00000000c0000000,0x00000000c0000000,0x00000000c2b00000)
 Metaspace       used 5556K, capacity 6512K, committed 6784K, reserved 1056768K
  class space    used 595K, capacity 616K, committed 640K, reserved 1048576K
Event: 1.598 GC heap after
Heap after GC invocations=1 (full 0):
 PSYoungGen      total 18944K, used 2544K [0x00000000eab00000, 0x00000000ec000000, 0x0000000100000000)
  eden space 16384K, 0% used [0x00000000eab00000,0x00000000eab00000,0x00000000ebb00000)
  from space 2560K, 99% used [0x00000000ebb00000,0x00000000ebd7c030,0x00000000ebd80000)
  to   space 2560K, 0% used [0x00000000ebd80000,0x00000000ebd80000,0x00000000ec000000)
 ParOldGen       total 44032K, used 750K [0x00000000c0000000, 0x00000000c2b00000, 0x00000000eab00000)
  object space 44032K, 1% used [0x00000000c0000000,0x00000000c00bbab8,0x00000000c2b00000)
 Metaspace       used 5556K, capacity 6512K, committed 6784K, reserved 1056768K
  class space    used 595K, capacity 616K, committed 640K, reserved 1048576K
}
Event: 3.095 GC heap before
{Heap before GC invocations=2 (full 0):
 PSYoungGen      total 18944K, used 18928K [0x00000000eab00000, 0x00000000ec000000, 0x0000000100000000)
  eden space 16384K, 100% used [0x00000000eab00000,0x00000000ebb00000,0x00000000ebb00000)
  from space 2560K, 99% used [0x00000000ebb00000,0x00000000ebd7c030,0x00000000ebd80000)
  to   space 2560K, 0% used [0x00000000ebd80000,0x00000000ebd80000,0x00000000ec000000)
 ParOldGen       total 44032K, used 750K [0x00000000c0000000, 0x00000000c2b00000, 0x00000000eab00000)
  object space 44032K, 1% used [0x00000000c0000000,0x00000000c00bbab8,0x00000000c2b00000)
 Metaspace       used 6040K, capacity 6960K, committed 7040K, reserved 1056768K
  class space    used 600K, capacity 616K, committed 640K, reserved 1048576K
Event: 3.135 GC heap after
Heap after GC invocations=2 (full 0):
 PSYoungGen      total 18944K, used 2545K [0x00000000eab00000, 0x00000000ed000000, 0x0000000100000000)
  eden space 16384K, 0% used [0x00000000eab00000,0x00000000eab00000,0x00000000ebb00000)
  from space 2560K, 99% used [0x00000000ebd80000,0x00000000ebffc688,0x00000000ec000000)
  to   space 2560K, 0% used [0x00000000ebb00000,0x00000000ebb00000,0x00000000ebd80000)
 ParOldGen       total 44032K, used 2499K [0x00000000c0000000, 0x00000000c2b00000, 0x00000000eab00000)
  object space 44032K, 5% used [0x00000000c0000000,0x00000000c0270df0,0x00000000c2b00000)
 Metaspace       used 6040K, capacity 6960K, committed 7040K, reserved 1056768K
  class space    used 600K, capacity 616K, committed 640K, reserved 1048576K
}

Deoptimization events (8 events):
Event: 0.782 Thread 0x0000000001cbd800 Uncommon trap: reason=unstable_if action=reinterpret pc=0x0000000002521a84 method=java.lang.String.compareTo(Ljava/lang/String;)I @ 38
Event: 1.575 Thread 0x000000005607d800 Uncommon trap: reason=unstable_if action=reinterpret pc=0x00000000025d7ac0 method=java.util.HashMap.getNode(ILjava/lang/Object;)Ljava/util/HashMap$Node; @ 129
Event: 1.579 Thread 0x000000005607d800 Uncommon trap: reason=unstable_if action=reinterpret pc=0x000000000261f5e0 method=java.util.BitSet.nextSetBit(I)I @ 87
Event: 1.883 Thread 0x00000000560a7800 Uncommon trap: reason=bimorphic action=maybe_recompile pc=0x0000000002666c14 method=java.util.HashMap.getNode(ILjava/lang/Object;)Ljava/util/HashMap$Node; @ 126
Event: 2.164 Thread 0x00000000560a7800 Uncommon trap: reason=unstable_if action=reinterpret pc=0x00000000026fde54 method=com.android.dx.rop.code.RegisterSpec.equals(ILcom/android/dx/rop/type/TypeBearer;Lcom/android/dx/rop/code/LocalItem;)Z @ 42
Event: 2.332 Thread 0x000000005607d800 Uncommon trap: reason=unstable_if action=reinterpret pc=0x00000000027c7ed4 method=com.android.dx.rop.code.RegisterSpecSet.put(Lcom/android/dx/rop/code/RegisterSpec;)V @ 77
Event: 2.332 Thread 0x000000005607d800 Uncommon trap: reason=unstable_if action=reinterpret pc=0x00000000027cb58c method=com.android.dx.rop.code.RegisterSpecSet.put(Lcom/android/dx/rop/code/RegisterSpec;)V @ 77
Event: 3.155 Thread 0x00000000560a7800 Uncommon trap: reason=bimorphic action=maybe_recompile pc=0x0000000002666c14 method=java.util.HashMap.getNode(ILjava/lang/Object;)Ljava/util/HashMap$Node; @ 126

Internal exceptions (2 events):
Event: 0.091 Thread 0x0000000001cbd800 Exception <a 'java/lang/NoSuchMethodError': Method sun.misc.Unsafe.defineClass(Ljava/lang/String;[BII)Ljava/lang/Class; name or signature does not match> (0x00000000eab0d0b0) thrown at [C:\re\workspace\8-2-build-windows-amd64-cygwin\jdk8u60\4407\hotspot\srL}·üQ·?
Event: 0.091 Thread 0x0000000001cbd800 Exception <a 'java/lang/NoSuchMethodError': Method sun.misc.Unsafe.prefetchRead(Ljava/lang/Object;J)V name or signature does not match> (0x00000000eab0d398) thrown at [C:\re\workspace\8-2-build-windows-amd64-cygwin\jdk8u60\4407\hotspot\src\share\vm\prims\j

Events (10 events):
Event: 2.332 Thread 0x000000005607d800 Uncommon trap: trap_request=0xffffff65 fr.pc=0x00000000027cb58c
Event: 2.332 Thread 0x000000005607d800 DEOPT PACKING pc=0x00000000027cb58c sp=0x000000005665e8f0
Event: 2.332 Thread 0x000000005607d800 DEOPT UNPACKING pc=0x000000000241556a sp=0x000000005665e810 mode 2
Event: 2.445 loading class com/android/dx/dex/file/FieldAnnotationStruct
Event: 2.445 loading class com/android/dx/dex/file/FieldAnnotationStruct done
Event: 3.095 Executing VM operation: ParallelGCFailedAllocation
Event: 3.135 Executing VM operation: ParallelGCFailedAllocation done
Event: 3.155 Thread 0x00000000560a7800 Uncommon trap: trap_request=0xffffffc6 fr.pc=0x0000000002666c14
Event: 3.155 Thread 0x00000000560a7800 DEOPT PACKING pc=0x0000000002666c14 sp=0x000000005699ec10
Event: 3.155 Thread 0x00000000560a7800 DEOPT UNPACKING pc=0x000000000241556a sp=0x000000005699eb38 mode 2


Dynamic libraries:
0x000000013f410000 - 0x000000013f447000 	E:\jdk1.8.0_60\bin\java.exe
0x0000000076cb0000 - 0x0000000076e59000 	C:\Windows\SYSTEM32\ntdll.dll
0x0000000076a90000 - 0x0000000076baf000 	C:\Windows\system32\kernel32.dll
0x000007fefcb80000 - 0x000007fefcbeb000 	C:\Windows\system32\KERNELBASE.dll
0x000007fefecd0000 - 0x000007fefedab000 	C:\Windows\system32\ADVAPI32.dll
0x000007fefe3b0000 - 0x000007fefe44f000 	C:\Windows\system32\msvcrt.dll
0x000007fefebd0000 - 0x000007fefebef000 	C:\Windows\SYSTEM32\sechost.dll
0x000007fefdfd0000 - 0x000007fefe0fd000 	C:\Windows\system32\RPCRT4.dll
0x0000000076bb0000 - 0x0000000076caa000 	C:\Windows\system32\USER32.dll
0x000007fefe100000 - 0x000007fefe167000 	C:\Windows\system32\GDI32.dll
0x000007fefe8b0000 - 0x000007fefe8be000 	C:\Windows\system32\LPK.dll
0x000007fefdcc0000 - 0x000007fefdd89000 	C:\Windows\system32\USP10.dll
0x000007fefb0c0000 - 0x000007fefb2b4000 	C:\Windows\WinSxS\amd64_microsoft.windows.common-controls_6595b64144ccf1df_6.0.7601.17514_none_fa396087175ac9ac\COMCTL32.dll
0x000007fefec50000 - 0x000007fefecc1000 	C:\Windows\system32\SHLWAPI.dll
0x000007fefe450000 - 0x000007fefe47e000 	C:\Windows\system32\IMM32.DLL
0x000007fefea20000 - 0x000007fefeb29000 	C:\Windows\system32\MSCTF.dll
0x0000000073da0000 - 0x0000000073e72000 	E:\jdk1.8.0_60\jre\bin\msvcr100.dll
0x0000000072620000 - 0x0000000072ea9000 	E:\jdk1.8.0_60\jre\bin\server\jvm.dll
0x000007fefa8b0000 - 0x000007fefa8b9000 	C:\Windows\system32\WSOCK32.dll
0x000007fefec00000 - 0x000007fefec4d000 	C:\Windows\system32\WS2_32.dll
0x000007fefebf0000 - 0x000007fefebf8000 	C:\Windows\system32\NSI.dll
0x000007fef71a0000 - 0x000007fef71db000 	C:\Windows\system32\WINMM.dll
0x000007fefbbc0000 - 0x000007fefbbcc000 	C:\Windows\system32\VERSION.dll
0x0000000076e80000 - 0x0000000076e87000 	C:\Windows\system32\PSAPI.DLL
0x00000000741a0000 - 0x00000000741af000 	E:\jdk1.8.0_60\jre\bin\verify.dll
0x0000000074170000 - 0x0000000074199000 	E:\jdk1.8.0_60\jre\bin\java.dll
0x0000000074150000 - 0x0000000074166000 	E:\jdk1.8.0_60\jre\bin\zip.dll
0x000007fefcf30000 - 0x000007fefdcb8000 	C:\Windows\system32\SHELL32.dll
0x000007fefedb0000 - 0x000007fefefb3000 	C:\Windows\system32\ole32.dll
0x000007fefca60000 - 0x000007fefca6f000 	C:\Windows\system32\profapi.dll

VM Arguments:
jvm_args: -Djava.awt.headless=true -Xmx1024M -Dfile.encoding=windows-1252 -Duser.country=US -Duser.language=en -Duser.variant 
java_command: com.android.dx.command.Main --dex --force-jumbo --num-threads=4 --multi-dex --output D:\Android\Demo\Demo\app\build\intermediates\transforms\dex\debug\folders\1000\10\com.android.support-appcompat-v7-23.4.0_581f89d34eca40d55b2684f4f667020a09b0a8e2 D:\Android\Demo\Demo\app\build\intermediates\exploded-aar\com.android.support\appcompat-v7\23.4.0\jars\classes.jar
java_class_path (initial): C:\Users\Administrator\AppData\Local\Android\sdk\build-tools\23.0.3\lib\dx.jar
Launcher Type: SUN_STANDARD

Environment Variables:
PATH=C:\ProgramData\Oracle\Java\javapath;C:\Windows\system32;C:\Windows;C:\Windows\System32\Wbem;C:\Windows\System32\WindowsPowerShell\v1.0\;E:\Git\cmd;E:\Git\mingw64\bin;E:\Git\usr\bin
USERNAME=Administrator
OS=Windows_NT
PROCESSOR_IDENTIFIER=Intel64 Family 6 Model 23 Stepping 10, GenuineIntel



---------------  S Y S T E M  ---------------

OS: Windows 7 , 64 bit Build 7601 (6.1.7601.18015)

CPU:total 2 (2 cores per cpu, 1 threads per core) family 6 model 23 stepping 10, cmov, cx8, fxsr, mmx, sse, sse2, sse3, ssse3, sse4.1, tsc

Memory: 4k page, physical 4157944k(659868k free), swap 4157944k(5120k free)

vm_info: Java HotSpot(TM) 64-Bit Server VM (25.60-b23) for windows-amd64 JRE (1.8.0_60-b27), built on Aug  4 2015 11:06:27 by "java_re" with MS VC++ 10.0 (VS2010)

time: Sun Jul 24 18:34:17 2016
elapsed time: 3 seconds (0d 0h 0m 3s)

