#
# There is insufficient memory for the Java Runtime Environment to continue.
# Native memory allocation (malloc) failed to allocate 758096 bytes for Chunk::new
# Possible reasons:
#   The system is out of physical RAM or swap space
#   In 32 bit mode, the process size limit was hit
# Possible solutions:
#   Reduce memory load on the system
#   Increase physical memory or swap space
#   Check if swap backing store is full
#   Use 64 bit Java on a 64 bit OS
#   Decrease Java heap size (-Xmx/-Xms)
#   Decrease number of Java threads
#   Decrease Java thread stack sizes (-Xss)
#   Set larger code cache with -XX:ReservedCodeCacheSize=
# This output file may be truncated or incomplete.
#
#  Out of Memory Error (allocation.cpp:390), pid=2056, tid=3580
#
# JRE version: Java(TM) SE Runtime Environment (8.0_60-b27) (build 1.8.0_60-b27)
# Java VM: Java HotSpot(TM) 64-Bit Server VM (25.60-b23 mixed mode windows-amd64 compressed oops)
# Failed to write core dump. Minidumps are not enabled by default on client versions of Windows
#

---------------  T H R E A D  ---------------

Current thread (0x0000000054c4a000):  JavaThread "C2 CompilerThread1" daemon [_thread_in_native, id=3580, stack(0x0000000056040000,0x0000000056140000)]

Stack: [0x0000000056040000,0x0000000056140000]
[error occurred during error reporting (printing stack bounds), id 0xc0000005]

Native frames: (J=compiled Java code, j=interpreted, Vv=VM code, C=native code)


Current CompileTask:
C2:  16705 2084       4       com.android.dx.ssa.SsaRenamer$BlockRenamer::process (191 bytes)


---------------  P R O C E S S  ---------------

Java Threads: ( => current thread )
  0x0000000056a25800 JavaThread "pool-2-thread-4" [_thread_blocked, id=2032, stack(0x0000000057550000,0x0000000057650000)]
  0x0000000056a1f800 JavaThread "pool-2-thread-3" [_thread_in_Java, id=2336, stack(0x0000000055e20000,0x0000000055f20000)]
  0x0000000056a1d800 JavaThread "pool-2-thread-2" [_thread_blocked, id=3784, stack(0x0000000057330000,0x0000000057430000)]
  0x0000000056a97000 JavaThread "pool-3-thread-1" [_thread_blocked, id=3300, stack(0x0000000057150000,0x0000000057250000)]
  0x0000000056a8e000 JavaThread "pool-2-thread-1" [_thread_blocked, id=2112, stack(0x0000000057030000,0x0000000057130000)]
  0x0000000054c4d800 JavaThread "Service Thread" daemon [_thread_blocked, id=3548, stack(0x0000000056c60000,0x0000000056d60000)]
  0x0000000054c4b000 JavaThread "C1 CompilerThread2" daemon [_thread_blocked, id=432, stack(0x00000000566a0000,0x00000000567a0000)]
=>0x0000000054c4a000 JavaThread "C2 CompilerThread1" daemon [_thread_in_native, id=3580, stack(0x0000000056040000,0x0000000056140000)]
  0x0000000054c48000 JavaThread "C2 CompilerThread0" daemon [_thread_in_native, id=3936, stack(0x00000000563c0000,0x00000000564c0000)]
  0x0000000054c41800 JavaThread "Attach Listener" daemon [_thread_blocked, id=3272, stack(0x0000000056560000,0x0000000056660000)]
  0x0000000054c40800 JavaThread "Signal Dispatcher" daemon [_thread_blocked, id=2272, stack(0x00000000562c0000,0x00000000563c0000)]
  0x0000000054be7000 JavaThread "Finalizer" daemon [_thread_blocked, id=1484, stack(0x0000000056140000,0x0000000056240000)]
  0x0000000054be0000 JavaThread "Reference Handler" daemon [_thread_blocked, id=1932, stack(0x0000000055f40000,0x0000000056040000)]
  0x000000000037e000 JavaThread "main" [_thread_blocked, id=3496, stack(0x0000000001fa0000,0x00000000020a0000)]

Other Threads:
  0x0000000054bda800 VMThread [stack: 0x0000000055d10000,0x0000000055e10000] [id=2696]
  0x0000000056801800 WatcherThread [stack: 0x0000000056f00000,0x0000000057000000] [id=3296]

VM state:not at safepoint (normal execution)

VM Mutex/Monitor currently owned by a thread: None

Heap:
 PSYoungGen      total 53248K, used 13218K [0x00000000eab00000, 0x00000000f4d00000, 0x0000000100000000)
  eden space 50688K, 26% used [0x00000000eab00000,0x00000000eb7e88c0,0x00000000edc80000)
  from space 2560K, 0% used [0x00000000eed80000,0x00000000eed80000,0x00000000ef000000)
  to   space 17408K, 0% used [0x00000000edc80000,0x00000000edc80000,0x00000000eed80000)
 ParOldGen       total 68608K, used 33408K [0x00000000c0000000, 0x00000000c4300000, 0x00000000eab00000)
  object space 68608K, 48% used [0x00000000c0000000,0x00000000c20a0358,0x00000000c4300000)
 Metaspace       used 6381K, capacity 7216K, committed 7296K, reserved 1056768K
  class space    used 602K, capacity 616K, committed 640K, reserved 1048576K

Card table byte_map: [0x0000000011730000,0x0000000011940000] byte_map_base: 0x0000000011130000

Marking Bits: (ParMarkBitMap*) 0x000000007334a5b0
 Begin Bits: [0x0000000012050000, 0x0000000013050000)
 End Bits:   [0x0000000013050000, 0x0000000014050000)

Polling page: 0x0000000000310000

CodeCache: size=245760Kb used=9007Kb max_used=9007Kb free=236752Kb
 bounds [0x0000000002370000, 0x0000000002c50000, 0x0000000011370000]
 total_blobs=2282 nmethods=2012 adapters=182
 compilation: enabled

Compilation events (10 events):
Event: 16.663 Thread 0x0000000054c4b000 2187       2       java.util.zip.ZipFile$ZipFileInflaterInputStream::finalize (5 bytes)
Event: 16.663 Thread 0x0000000054c4b000 nmethod 2187 0x0000000002c3f410 code [0x0000000002c3f580, 0x0000000002c3f6e8]
Event: 16.668 Thread 0x0000000054c4b000 2188   !   2       java.util.concurrent.locks.AbstractQueuedSynchronizer::acquireQueued (93 bytes)
Event: 16.669 Thread 0x0000000054c4b000 nmethod 2188 0x0000000002c3f790 code [0x0000000002c3f960, 0x0000000002c3fe98]
Event: 16.674 Thread 0x0000000054c4b000 2189       2       com.android.dx.cf.attrib.AttSignature::<init> (26 bytes)
Event: 16.675 Thread 0x0000000054c4b000 nmethod 2189 0x0000000002c40350 code [0x0000000002c404c0, 0x0000000002c40708]
Event: 16.675 Thread 0x0000000054c4b000 2190       2       java.util.concurrent.locks.AbstractQueuedSynchronizer$Node::<init> (15 bytes)
Event: 16.675 Thread 0x0000000054c4b000 nmethod 2190 0x0000000002c407d0 code [0x0000000002c40920, 0x0000000002c40a90]
Event: 16.688 Thread 0x0000000054c4b000 2191       2       com.android.dx.dex.file.AnnotationUtils::makeInnerClass (65 bytes)
Event: 16.689 Thread 0x0000000054c4b000 nmethod 2191 0x0000000002c40b10 code [0x0000000002c40d00, 0x0000000002c411f8]

GC Heap History (10 events):
Event: 3.911 GC heap before
{Heap before GC invocations=3 (full 0):
 PSYoungGen      total 35328K, used 35309K [0x00000000eab00000, 0x00000000ed000000, 0x0000000100000000)
  eden space 32768K, 100% used [0x00000000eab00000,0x00000000ecb00000,0x00000000ecb00000)
  from space 2560K, 99% used [0x00000000ecd80000,0x00000000ecffb5c8,0x00000000ed000000)
  to   space 2560K, 0% used [0x00000000ecb00000,0x00000000ecb00000,0x00000000ecd80000)
 ParOldGen       total 44032K, used 2022K [0x00000000c0000000, 0x00000000c2b00000, 0x00000000eab00000)
  object space 44032K, 4% used [0x00000000c0000000,0x00000000c01f9b50,0x00000000c2b00000)
 Metaspace       used 6120K, capacity 7024K, committed 7296K, reserved 1056768K
  class space    used 601K, capacity 616K, committed 640K, reserved 1048576K
Event: 4.037 GC heap after
Heap after GC invocations=3 (full 0):
 PSYoungGen      total 35328K, used 2540K [0x00000000eab00000, 0x00000000ef000000, 0x0000000100000000)
  eden space 32768K, 0% used [0x00000000eab00000,0x00000000eab00000,0x00000000ecb00000)
  from space 2560K, 99% used [0x00000000ecb00000,0x00000000ecd7b328,0x00000000ecd80000)
  to   space 2560K, 0% used [0x00000000eed80000,0x00000000eed80000,0x00000000ef000000)
 ParOldGen       total 44032K, used 7095K [0x00000000c0000000, 0x00000000c2b00000, 0x00000000eab00000)
  object space 44032K, 16% used [0x00000000c0000000,0x00000000c06edee8,0x00000000c2b00000)
 Metaspace       used 6120K, capacity 7024K, committed 7296K, reserved 1056768K
  class space    used 601K, capacity 616K, committed 640K, reserved 1048576K
}
Event: 5.189 GC heap before
{Heap before GC invocations=4 (full 0):
 PSYoungGen      total 35328K, used 35308K [0x00000000eab00000, 0x00000000ef000000, 0x0000000100000000)
  eden space 32768K, 100% used [0x00000000eab00000,0x00000000ecb00000,0x00000000ecb00000)
  from space 2560K, 99% used [0x00000000ecb00000,0x00000000ecd7b328,0x00000000ecd80000)
  to   space 2560K, 0% used [0x00000000eed80000,0x00000000eed80000,0x00000000ef000000)
 ParOldGen       total 44032K, used 7095K [0x00000000c0000000, 0x00000000c2b00000, 0x00000000eab00000)
  object space 44032K, 16% used [0x00000000c0000000,0x00000000c06edee8,0x00000000c2b00000)
 Metaspace       used 6195K, capacity 7088K, committed 7296K, reserved 1056768K
  class space    used 602K, capacity 616K, committed 640K, reserved 1048576K
Event: 5.451 GC heap after
Heap after GC invocations=4 (full 0):
 PSYoungGen      total 68096K, used 2540K [0x00000000eab00000, 0x00000000ef000000, 0x0000000100000000)
  eden space 65536K, 0% used [0x00000000eab00000,0x00000000eab00000,0x00000000eeb00000)
  from space 2560K, 99% used [0x00000000eed80000,0x00000000eeffb338,0x00000000ef000000)
  to   space 2560K, 0% used [0x00000000eeb00000,0x00000000eeb00000,0x00000000eed80000)
 ParOldGen       total 44032K, used 11748K [0x00000000c0000000, 0x00000000c2b00000, 0x00000000eab00000)
  object space 44032K, 26% used [0x00000000c0000000,0x00000000c0b793b0,0x00000000c2b00000)
 Metaspace       used 6195K, capacity 7088K, committed 7296K, reserved 1056768K
  class space    used 602K, capacity 616K, committed 640K, reserved 1048576K
}
Event: 6.230 GC heap before
{Heap before GC invocations=5 (full 0):
 PSYoungGen      total 68096K, used 68076K [0x00000000eab00000, 0x00000000ef000000, 0x0000000100000000)
  eden space 65536K, 100% used [0x00000000eab00000,0x00000000eeb00000,0x00000000eeb00000)
  from space 2560K, 99% used [0x00000000eed80000,0x00000000eeffb338,0x00000000ef000000)
  to   space 2560K, 0% used [0x00000000eeb00000,0x00000000eeb00000,0x00000000eed80000)
 ParOldGen       total 44032K, used 11748K [0x00000000c0000000, 0x00000000c2b00000, 0x00000000eab00000)
  object space 44032K, 26% used [0x00000000c0000000,0x00000000c0b793b0,0x00000000c2b00000)
 Metaspace       used 6275K, capacity 7152K, committed 7296K, reserved 1056768K
  class space    used 602K, capacity 616K, committed 640K, reserved 1048576K
Event: 6.671 GC heap after
Heap after GC invocations=5 (full 0):
 PSYoungGen      total 68096K, used 2540K [0x00000000eab00000, 0x00000000ef000000, 0x0000000100000000)
  eden space 65536K, 0% used [0x00000000eab00000,0x00000000eab00000,0x00000000eeb00000)
  from space 2560K, 99% used [0x00000000eeb00000,0x00000000eed7b328,0x00000000eed80000)
  to   space 2560K, 0% used [0x00000000eed80000,0x00000000eed80000,0x00000000ef000000)
 ParOldGen       total 44032K, used 22177K [0x00000000c0000000, 0x00000000c2b00000, 0x00000000eab00000)
  object space 44032K, 50% used [0x00000000c0000000,0x00000000c15a8678,0x00000000c2b00000)
 Metaspace       used 6275K, capacity 7152K, committed 7296K, reserved 1056768K
  class space    used 602K, capacity 616K, committed 640K, reserved 1048576K
}
Event: 15.883 GC heap before
{Heap before GC invocations=6 (full 0):
 PSYoungGen      total 68096K, used 68076K [0x00000000eab00000, 0x00000000ef000000, 0x0000000100000000)
  eden space 65536K, 100% used [0x00000000eab00000,0x00000000eeb00000,0x00000000eeb00000)
  from space 2560K, 99% used [0x00000000eeb00000,0x00000000eed7b328,0x00000000eed80000)
  to   space 2560K, 0% used [0x00000000eed80000,0x00000000eed80000,0x00000000ef000000)
 ParOldGen       total 44032K, used 23399K [0x00000000c0000000, 0x00000000c2b00000, 0x00000000eab00000)
  object space 44032K, 53% used [0x00000000c0000000,0x00000000c16d9e28,0x00000000c2b00000)
 Metaspace       used 6377K, capacity 7216K, committed 7296K, reserved 1056768K
  class space    used 602K, capacity 616K, committed 640K, reserved 1048576K
Event: 15.958 GC heap after
Heap after GC invocations=6 (full 0):
 PSYoungGen      total 53248K, used 2540K [0x00000000eab00000, 0x00000000f4d00000, 0x0000000100000000)
  eden space 50688K, 0% used [0x00000000eab00000,0x00000000eab00000,0x00000000edc80000)
  from space 2560K, 99% used [0x00000000eed80000,0x00000000eeffb2d0,0x00000000ef000000)
  to   space 17408K, 0% used [0x00000000edc80000,0x00000000edc80000,0x00000000eed80000)
 ParOldGen       total 44032K, used 34965K [0x00000000c0000000, 0x00000000c2b00000, 0x00000000eab00000)
  object space 44032K, 79% used [0x00000000c0000000,0x00000000c2225530,0x00000000c2b00000)
 Metaspace       used 6377K, capacity 7216K, committed 7296K, reserved 1056768K
  class space    used 602K, capacity 616K, committed 640K, reserved 1048576K
}
Event: 15.958 GC heap before
{Heap before GC invocations=7 (full 1):
 PSYoungGen      total 53248K, used 2540K [0x00000000eab00000, 0x00000000f4d00000, 0x0000000100000000)
  eden space 50688K, 0% used [0x00000000eab00000,0x00000000eab00000,0x00000000edc80000)
  from space 2560K, 99% used [0x00000000eed80000,0x00000000eeffb2d0,0x00000000ef000000)
  to   space 17408K, 0% used [0x00000000edc80000,0x00000000edc80000,0x00000000eed80000)
 ParOldGen       total 44032K, used 34965K [0x00000000c0000000, 0x00000000c2b00000, 0x00000000eab00000)
  object space 44032K, 79% used [0x00000000c0000000,0x00000000c2225530,0x00000000c2b00000)
 Metaspace       used 6377K, capacity 7216K, committed 7296K, reserved 1056768K
  class space    used 602K, capacity 616K, committed 640K, reserved 1048576K
Event: 16.617 GC heap after
Heap after GC invocations=7 (full 1):
 PSYoungGen      total 53248K, used 0K [0x00000000eab00000, 0x00000000f4d00000, 0x0000000100000000)
  eden space 50688K, 0% used [0x00000000eab00000,0x00000000eab00000,0x00000000edc80000)
  from space 2560K, 0% used [0x00000000eed80000,0x00000000eed80000,0x00000000ef000000)
  to   space 17408K, 0% used [0x00000000edc80000,0x00000000edc80000,0x00000000eed80000)
 ParOldGen       total 68608K, used 33408K [0x00000000c0000000, 0x00000000c4300000, 0x00000000eab00000)
  object space 68608K, 48% used [0x00000000c0000000,0x00000000c20a0358,0x00000000c4300000)
 Metaspace       used 6377K, capacity 7216K, committed 7296K, reserved 1056768K
  class space    used 602K, capacity 616K, committed 640K, reserved 1048576K
}

Deoptimization events (10 events):
Event: 4.923 Thread 0x0000000056a25800 Uncommon trap: reason=class_check action=maybe_recompile pc=0x0000000002872a38 method=java.util.HashMap.putVal(ILjava/lang/Object;Ljava/lang/Object;ZZ)Ljava/lang/Object; @ 203
Event: 4.923 Thread 0x0000000056a25800 Uncommon trap: reason=bimorphic action=maybe_recompile pc=0x000000000265b374 method=java.util.HashMap.getNode(ILjava/lang/Object;)Ljava/util/HashMap$Node; @ 126
Event: 5.654 Thread 0x0000000056a25800 Uncommon trap: reason=unstable_if action=reinterpret pc=0x00000000029ae138 method=com.android.dx.cf.code.RopperMachine.run(Lcom/android/dx/cf/code/Frame;II)V @ 1250
Event: 7.143 Thread 0x000000000037e000 Uncommon trap: reason=bimorphic action=maybe_recompile pc=0x00000000028ce918 method=com.android.dx.ssa.LiteralOpUpgrader.tryReplacingWithConstant(Lcom/android/dx/ssa/NormalSsaInsn;)Z @ 52
Event: 7.164 Thread 0x000000000037e000 Uncommon trap: reason=bimorphic action=maybe_recompile pc=0x00000000028ce918 method=com.android.dx.ssa.LiteralOpUpgrader.tryReplacingWithConstant(Lcom/android/dx/ssa/NormalSsaInsn;)Z @ 52
Event: 9.516 Thread 0x000000000037e000 Uncommon trap: reason=unloaded action=reinterpret pc=0x00000000029d28d8 method=com.android.dx.cf.cst.ConstantPoolParser.parse0(ILjava/util/BitSet;)Lcom/android/dx/rop/cst/Constant; @ 220
Event: 9.577 Thread 0x0000000056a1d800 Uncommon trap: reason=unstable_if action=reinterpret pc=0x0000000002a469b0 method=com.android.dx.ssa.SCCP.simulateBranch(Lcom/android/dx/ssa/SsaInsn;)V @ 548
Event: 9.584 Thread 0x0000000056a1d800 Uncommon trap: reason=class_check action=maybe_recompile pc=0x00000000027d80b4 method=java.util.HashMap.putVal(ILjava/lang/Object;Ljava/lang/Object;ZZ)Ljava/lang/Object; @ 203
Event: 9.610 Thread 0x0000000056a1d800 Uncommon trap: reason=uninitialized action=reinterpret pc=0x0000000002a79d28 method=com.android.dx.cf.code.BytecodeArray.parseInstruction(ILcom/android/dx/cf/code/BytecodeArray$Visitor;)I @ 1079
Event: 15.829 Thread 0x000000000037e000 Uncommon trap: reason=unstable_if action=reinterpret pc=0x000000000290b384 method=com.android.dx.rop.code.LocalItem.compareHandlesNulls(Lcom/android/dx/rop/cst/CstString;Lcom/android/dx/rop/cst/CstString;)I @ 14

Internal exceptions (4 events):
Event: 0.044 Thread 0x000000000037e000 Exception <a 'java/lang/NoSuchMethodError': Method sun.misc.Unsafe.defineClass(Ljava/lang/String;[BII)Ljava/lang/Class; name or signature does not match> (0x00000000eab0d440) thrown at [C:\re\workspace\8-2-build-windows-amd64-cygwin\jdk8u60\4407\hotspot\srôö\Né¤¦?
Event: 0.044 Thread 0x000000000037e000 Exception <a 'java/lang/NoSuchMethodError': Method sun.misc.Unsafe.prefetchRead(Ljava/lang/Object;J)V name or signature does not match> (0x00000000eab0d728) thrown at [C:\re\workspace\8-2-build-windows-amd64-cygwin\jdk8u60\4407\hotspot\src\share\vm\prims\j8¼=Â‚@
Event: 2.689 Thread 0x0000000056a25800 Implicit null exception at 0x000000000267fc12 to 0x000000000267fd11
Event: 15.828 Thread 0x000000000037e000 Implicit null exception at 0x0000000002909ebf to 0x000000000290b351

Events (10 events):
Event: 15.843 Thread 0x0000000056a1d800 DEOPT PACKING pc=0x0000000002790e31 sp=0x000000005742e700
Event: 15.843 Thread 0x0000000056a1d800 DEOPT UNPACKING pc=0x00000000023b787f sp=0x000000005742e530 mode 0
Event: 15.845 Executing VM operation: ParallelGCFailedAllocation
Event: 15.846 Executing VM operation: ParallelGCFailedAllocation done
Event: 15.867 Executing VM operation: ParallelGCSystemGC
Event: 16.617 Executing VM operation: ParallelGCSystemGC done
Event: 16.650 Thread 0x0000000056a1d800 DEOPT PACKING pc=0x00000000028394cc sp=0x000000005742e4f0
Event: 16.650 Thread 0x0000000056a1d800 DEOPT UNPACKING pc=0x00000000023b787f sp=0x000000005742e200 mode 0
Event: 16.691 Thread 0x0000000056a1f800 DEOPT PACKING pc=0x00000000026ca105 sp=0x0000000055f1ea20
Event: 16.691 Thread 0x0000000056a1f800 DEOPT UNPACKING pc=0x00000000023b787f sp=0x0000000055f1e7c0 mode 0


Dynamic libraries:
0x000000013f250000 - 0x000000013f287000 	C:\Program Files\Java\jdk1.8.0_60\bin\java.exe
0x0000000077470000 - 0x0000000077619000 	C:\Windows\SYSTEM32\ntdll.dll
0x0000000077350000 - 0x000000007746f000 	C:\Windows\system32\kernel32.dll
0x000007fefd420000 - 0x000007fefd48b000 	C:\Windows\system32\KERNELBASE.dll
0x000007fefe6c0000 - 0x000007fefe79b000 	C:\Windows\system32\ADVAPI32.dll
0x000007fefe0f0000 - 0x000007fefe18f000 	C:\Windows\system32\msvcrt.dll
0x000007fefd650000 - 0x000007fefd66f000 	C:\Windows\SYSTEM32\sechost.dll
0x000007fefd850000 - 0x000007fefd97d000 	C:\Windows\system32\RPCRT4.dll
0x0000000077250000 - 0x000000007734a000 	C:\Windows\system32\USER32.dll
0x000007fefdd00000 - 0x000007fefdd67000 	C:\Windows\system32\GDI32.dll
0x000007fefe580000 - 0x000007fefe58e000 	C:\Windows\system32\LPK.dll
0x000007fefe5f0000 - 0x000007fefe6b9000 	C:\Windows\system32\USP10.dll
0x000007fefb9b0000 - 0x000007fefbba4000 	C:\Windows\WinSxS\amd64_microsoft.windows.common-controls_6595b64144ccf1df_6.0.7601.17514_none_fa396087175ac9ac\COMCTL32.dll
0x000007fefd670000 - 0x000007fefd6e1000 	C:\Windows\system32\SHLWAPI.dll
0x000007fefd980000 - 0x000007fefd9ae000 	C:\Windows\system32\IMM32.DLL
0x000007fefdea0000 - 0x000007fefdfa9000 	C:\Windows\system32\MSCTF.dll
0x0000000073f80000 - 0x0000000074052000 	C:\Program Files\Java\jdk1.8.0_60\jre\bin\msvcr100.dll
0x0000000072b40000 - 0x00000000733c9000 	C:\Program Files\Java\jdk1.8.0_60\jre\bin\server\jvm.dll
0x000007fefb850000 - 0x000007fefb859000 	C:\Windows\system32\WSOCK32.dll
0x000007fefdd70000 - 0x000007fefddbd000 	C:\Windows\system32\WS2_32.dll
0x000007fefe9e0000 - 0x000007fefe9e8000 	C:\Windows\system32\NSI.dll
0x000007fef6630000 - 0x000007fef666b000 	C:\Windows\system32\WINMM.dll
0x000007fefc380000 - 0x000007fefc38c000 	C:\Windows\system32\VERSION.dll
0x0000000077640000 - 0x0000000077647000 	C:\Windows\system32\PSAPI.DLL
0x0000000074bb0000 - 0x0000000074bbf000 	C:\Program Files\Java\jdk1.8.0_60\jre\bin\verify.dll
0x0000000074b80000 - 0x0000000074ba9000 	C:\Program Files\Java\jdk1.8.0_60\jre\bin\java.dll
0x0000000074b60000 - 0x0000000074b76000 	C:\Program Files\Java\jdk1.8.0_60\jre\bin\zip.dll
0x000007fefe9f0000 - 0x000007feff778000 	C:\Windows\system32\SHELL32.dll
0x000007fefe370000 - 0x000007fefe573000 	C:\Windows\system32\ole32.dll
0x000007fefd260000 - 0x000007fefd26f000 	C:\Windows\system32\profapi.dll

VM Arguments:
jvm_args: -Djava.awt.headless=true -Xmx1024M -Dfile.encoding=windows-1252 -Duser.country=US -Duser.language=en -Duser.variant 
java_command: com.android.dx.command.Main --dex --force-jumbo --num-threads=4 --multi-dex --output D:\Hai\Demo\app\build\intermediates\transforms\dex\debug\folders\1000\10\com.android.support-support-v4-23.4.0_89d756267a63c137aa0ccd1b554c51da7071b325 D:\Hai\Demo\app\build\intermediates\exploded-aar\com.android.support\support-v4\23.4.0\jars\classes.jar
java_class_path (initial): C:\Users\Administrator\AppData\Local\Android\sdk\build-tools\23.0.3\lib\dx.jar
Launcher Type: SUN_STANDARD

Environment Variables:
PATH=C:\ProgramData\Oracle\Java\javapath;C:\Windows\system32;C:\Windows;C:\Windows\System32\Wbem;C:\Windows\System32\WindowsPowerShell\v1.0\;C:\Program Files\Git\cmd;C:\Program Files\Git\mingw64\bin;C:\Program Files\Git\usr\bin
USERNAME=Administrator
OS=Windows_NT
PROCESSOR_IDENTIFIER=Intel64 Family 6 Model 58 Stepping 9, GenuineIntel



---------------  S Y S T E M  ---------------

OS: Windows 7 , 64 bit Build 7601 (6.1.7601.18015)

CPU:total 4 (2 cores per cpu, 2 threads per core) family 6 model 58 stepping 9, cmov, cx8, fxsr, mmx, sse, sse2, sse3, ssse3, sse4.1, sse4.2, popcnt, avx, aes, clmul, erms, ht, tsc, tscinvbit, tscinv

Memory: 4k page, physical 4094316k(985800k free), swap 4094316k(5128k free)

vm_info: Java HotSpot(TM) 64-Bit Server VM (25.60-b23) for windows-amd64 JRE (1.8.0_60-b27), built on Aug  4 2015 11:06:27 by "java_re" with MS VC++ 10.0 (VS2010)

time: Tue Jul 19 09:54:03 2016
elapsed time: 16 seconds (0d 0h 0m 16s)

