#
# There is insufficient memory for the Java Runtime Environment to continue.
# Native memory allocation (malloc) failed to allocate 317200 bytes for Chunk::new
# Possible reasons:
#   The system is out of physical RAM or swap space
#   In 32 bit mode, the process size limit was hit
# Possible solutions:
#   Reduce memory load on the system
#   Increase physical memory or swap space
#   Check if swap backing store is full
#   Use 64 bit Java on a 64 bit OS
#   Decrease Java heap size (-Xmx/-Xms)
#   Decrease number of Java threads
#   Decrease Java thread stack sizes (-Xss)
#   Set larger code cache with -XX:ReservedCodeCacheSize=
# This output file may be truncated or incomplete.
#
#  Out of Memory Error (allocation.cpp:390), pid=4040, tid=3500
#
# JRE version: Java(TM) SE Runtime Environment (8.0_60-b27) (build 1.8.0_60-b27)
# Java VM: Java HotSpot(TM) 64-Bit Server VM (25.60-b23 mixed mode windows-amd64 compressed oops)
# Failed to write core dump. Minidumps are not enabled by default on client versions of Windows
#

---------------  T H R E A D  ---------------

Current thread (0x0000000054aee000):  JavaThread "C2 CompilerThread1" daemon [_thread_in_native, id=3500, stack(0x00000000565c0000,0x00000000566c0000)]

Stack: [0x00000000565c0000,0x00000000566c0000]
[error occurred during error reporting (printing stack bounds), id 0xc0000005]

Native frames: (J=compiled Java code, j=interpreted, Vv=VM code, C=native code)


Current CompileTask:
C2:   1269  821   !   4       com.android.dx.cf.cst.ConstantPoolParser::parse0 (731 bytes)


---------------  P R O C E S S  ---------------

Java Threads: ( => current thread )
  0x0000000056876800 JavaThread "pool-2-thread-4" [_thread_in_Java, id=2008, stack(0x0000000057510000,0x0000000057610000)]
  0x0000000056870800 JavaThread "pool-2-thread-3" [_thread_in_vm, id=3108, stack(0x0000000057240000,0x0000000057340000)]
  0x0000000056843800 JavaThread "pool-2-thread-2" [_thread_blocked, id=3084, stack(0x0000000057390000,0x0000000057490000)]
  0x0000000056804000 JavaThread "pool-3-thread-1" [_thread_blocked, id=3276, stack(0x0000000057140000,0x0000000057240000)]
  0x0000000056803000 JavaThread "pool-2-thread-1" [_thread_blocked, id=120, stack(0x0000000056b40000,0x0000000056c40000)]
  0x0000000056721800 JavaThread "Service Thread" daemon [_thread_blocked, id=1120, stack(0x0000000056d60000,0x0000000056e60000)]
  0x0000000054aef000 JavaThread "C1 CompilerThread2" daemon [_thread_in_native, id=1724, stack(0x0000000056c60000,0x0000000056d60000)]
=>0x0000000054aee000 JavaThread "C2 CompilerThread1" daemon [_thread_in_native, id=3500, stack(0x00000000565c0000,0x00000000566c0000)]
  0x0000000054aec000 JavaThread "C2 CompilerThread0" daemon [_thread_blocked, id=3560, stack(0x00000000563d0000,0x00000000564d0000)]
  0x0000000054ae5800 JavaThread "Attach Listener" daemon [_thread_blocked, id=2684, stack(0x00000000561d0000,0x00000000562d0000)]
  0x0000000054ae4800 JavaThread "Signal Dispatcher" daemon [_thread_blocked, id=3432, stack(0x0000000056000000,0x0000000056100000)]
  0x0000000054a81000 JavaThread "Finalizer" daemon [_thread_blocked, id=3388, stack(0x0000000055e30000,0x0000000055f30000)]
  0x0000000054a7f800 JavaThread "Reference Handler" daemon [_thread_blocked, id=284, stack(0x0000000055b50000,0x0000000055c50000)]
  0x000000000057d800 JavaThread "main" [_thread_in_Java, id=964, stack(0x00000000021e0000,0x00000000022e0000)]

Other Threads:
  0x0000000054a7a000 VMThread [stack: 0x0000000055c80000,0x0000000055d80000] [id=652]
  0x000000005674b800 WatcherThread [stack: 0x0000000056f20000,0x0000000057020000] [id=3180]

VM state:not at safepoint (normal execution)

VM Mutex/Monitor currently owned by a thread: None

Heap:
 PSYoungGen      total 18944K, used 15043K [0x00000000eab00000, 0x00000000ec000000, 0x0000000100000000)
  eden space 16384K, 91% used [0x00000000eab00000,0x00000000eb9b0d10,0x00000000ebb00000)
  from space 2560K, 0% used [0x00000000ebd80000,0x00000000ebd80000,0x00000000ec000000)
  to   space 2560K, 0% used [0x00000000ebb00000,0x00000000ebb00000,0x00000000ebd80000)
 ParOldGen       total 44032K, used 0K [0x00000000c0000000, 0x00000000c2b00000, 0x00000000eab00000)
  object space 44032K, 0% used [0x00000000c0000000,0x00000000c0000000,0x00000000c2b00000)
 Metaspace       used 5591K, capacity 6768K, committed 7040K, reserved 1056768K
  class space    used 574K, capacity 616K, committed 640K, reserved 1048576K

Card table byte_map: [0x0000000011970000,0x0000000011b80000] byte_map_base: 0x0000000011370000

Marking Bits: (ParMarkBitMap*) 0x0000000070c1a5b0
 Begin Bits: [0x0000000011ef0000, 0x0000000012ef0000)
 End Bits:   [0x0000000012ef0000, 0x0000000013ef0000)

Polling page: 0x0000000000230000

CodeCache: size=245760Kb used=3636Kb max_used=3647Kb free=242123Kb
 bounds [0x00000000025b0000, 0x0000000002950000, 0x00000000115b0000]
 total_blobs=1139 nmethods=878 adapters=174
 compilation: enabled

Compilation events (10 events):
Event: 1.264 Thread 0x0000000054aec000  871       4       java.util.Arrays::equals (78 bytes)
Event: 1.264 Thread 0x0000000054aef000  873       3       java.util.ArrayList::<init> (61 bytes)
Event: 1.265 Thread 0x0000000054aef000 nmethod 873 0x000000000293b650 code [0x000000000293b860, 0x000000000293c2b8]
Event: 1.265 Thread 0x0000000054aef000  874       3       com.android.dx.rop.cst.CstString::compareTo0 (15 bytes)
Event: 1.265 Thread 0x0000000054aef000 nmethod 874 0x000000000293b0d0 code [0x000000000293b240, 0x000000000293b528]
Event: 1.266 Thread 0x0000000054aef000  875       3       java.util.TreeMap::put (247 bytes)
Event: 1.267 Thread 0x0000000054aef000 nmethod 875 0x000000000293d010 code [0x000000000293d280, 0x000000000293e438]
Event: 1.267 Thread 0x0000000054aef000  876       3       com.android.dx.rop.annotation.Annotations::size (8 bytes)
Event: 1.267 Thread 0x0000000054aef000 nmethod 876 0x000000000293ad50 code [0x000000000293aea0, 0x000000000293b030]
Event: 1.267 Thread 0x0000000054aef000  877       3       com.android.dx.dex.cf.AttributeTranslator::getAnnotations (22 bytes)

GC Heap History (0 events):
No events

Deoptimization events (1 events):
Event: 0.833 Thread 0x0000000056876800 Uncommon trap: reason=unstable_if action=reinterpret pc=0x00000000027a3020 method=java.util.HashMap.getNode(ILjava/lang/Object;)Ljava/util/HashMap$Node; @ 62

Internal exceptions (2 events):
Event: 0.073 Thread 0x000000000057d800 Exception <a 'java/lang/NoSuchMethodError': Method sun.misc.Unsafe.defineClass(Ljava/lang/String;[BII)Ljava/lang/Class; name or signature does not match> (0x00000000eab0d2e8) thrown at [C:\re\workspace\8-2-build-windows-amd64-cygwin\jdk8u60\4407\hotspot\sr򋗲?
Event: 0.073 Thread 0x000000000057d800 Exception <a 'java/lang/NoSuchMethodError': Method sun.misc.Unsafe.prefetchRead(Ljava/lang/Object;J)V name or signature does not match> (0x00000000eab0d5d0) thrown at [C:\re\workspace\8-2-build-windows-amd64-cygwin\jdk8u60\4407\hotspot\src\share\vm\prims\j

Events (10 events):
Event: 0.809 loading class com/android/dx/cf/code/SwitchList done
Event: 0.831 loading class com/android/dx/ssa/back/FirstFitLocalCombiningAllocator$Multiset
Event: 0.831 loading class com/android/dx/ssa/back/FirstFitLocalCombiningAllocator$Multiset done
Event: 0.833 Thread 0x0000000056876800 Uncommon trap: trap_request=0xffffff65 fr.pc=0x00000000027a3020
Event: 0.833 Thread 0x0000000056876800 DEOPT PACKING pc=0x00000000027a3020 sp=0x000000005760e7a0
Event: 0.833 Thread 0x0000000056876800 DEOPT UNPACKING pc=0x00000000025f582a sp=0x000000005760e718 mode 2
Event: 0.870 loading class java/util/DualPivotQuicksort
Event: 0.870 loading class java/util/DualPivotQuicksort done
Event: 1.183 loading class java/util/ArrayList$1
Event: 1.183 loading class java/util/ArrayList$1 done


Dynamic libraries:
0x000000013f500000 - 0x000000013f537000 	C:\Program Files\Java\jdk1.8.0_60\bin\java.exe
0x0000000076d40000 - 0x0000000076ee9000 	C:\Windows\SYSTEM32\ntdll.dll
0x0000000076c20000 - 0x0000000076d3f000 	C:\Windows\system32\kernel32.dll
0x000007fefcdf0000 - 0x000007fefce5b000 	C:\Windows\system32\KERNELBASE.dll
0x000007fefd330000 - 0x000007fefd40b000 	C:\Windows\system32\ADVAPI32.dll
0x000007fefd680000 - 0x000007fefd71f000 	C:\Windows\system32\msvcrt.dll
0x000007fefdaf0000 - 0x000007fefdb0f000 	C:\Windows\SYSTEM32\sechost.dll
0x000007fefd200000 - 0x000007fefd32d000 	C:\Windows\system32\RPCRT4.dll
0x0000000076b20000 - 0x0000000076c1a000 	C:\Windows\system32\USER32.dll
0x000007fefd610000 - 0x000007fefd677000 	C:\Windows\system32\GDI32.dll
0x000007fefd1f0000 - 0x000007fefd1fe000 	C:\Windows\system32\LPK.dll
0x000007fefe980000 - 0x000007fefea49000 	C:\Windows\system32\USP10.dll
0x000007fefb2f0000 - 0x000007fefb4e4000 	C:\Windows\WinSxS\amd64_microsoft.windows.common-controls_6595b64144ccf1df_6.0.7601.17514_none_fa396087175ac9ac\COMCTL32.dll
0x000007fefe8a0000 - 0x000007fefe911000 	C:\Windows\system32\SHLWAPI.dll
0x000007fefebb0000 - 0x000007fefebde000 	C:\Windows\system32\IMM32.DLL
0x000007fefd720000 - 0x000007fefd829000 	C:\Windows\system32\MSCTF.dll
0x0000000073a50000 - 0x0000000073b22000 	C:\Program Files\Java\jdk1.8.0_60\jre\bin\msvcr100.dll
0x0000000070410000 - 0x0000000070c99000 	C:\Program Files\Java\jdk1.8.0_60\jre\bin\server\jvm.dll
0x000007fefad50000 - 0x000007fefad59000 	C:\Windows\system32\WSOCK32.dll
0x000007fefcf20000 - 0x000007fefcf6d000 	C:\Windows\system32\WS2_32.dll
0x000007fefdae0000 - 0x000007fefdae8000 	C:\Windows\system32\NSI.dll
0x000007fef7660000 - 0x000007fef769b000 	C:\Windows\system32\WINMM.dll
0x000007fefcb30000 - 0x000007fefcb3c000 	C:\Windows\system32\VERSION.dll
0x0000000076f00000 - 0x0000000076f07000 	C:\Windows\system32\PSAPI.DLL
0x0000000074600000 - 0x000000007460f000 	C:\Program Files\Java\jdk1.8.0_60\jre\bin\verify.dll
0x00000000741e0000 - 0x0000000074209000 	C:\Program Files\Java\jdk1.8.0_60\jre\bin\java.dll
0x00000000741c0000 - 0x00000000741d6000 	C:\Program Files\Java\jdk1.8.0_60\jre\bin\zip.dll
0x000007fefdb10000 - 0x000007fefe898000 	C:\Windows\system32\SHELL32.dll
0x000007fefebe0000 - 0x000007fefede3000 	C:\Windows\system32\ole32.dll
0x000007fefcb20000 - 0x000007fefcb2f000 	C:\Windows\system32\profapi.dll

VM Arguments:
jvm_args: -Djava.awt.headless=true -Xmx1024M -Dfile.encoding=windows-1252 -Duser.country=US -Duser.language=en -Duser.variant 
java_command: com.android.dx.command.Main --dex --force-jumbo --num-threads=4 --multi-dex --output D:\Hai\Demo\app\build\intermediates\transforms\dex\debug\folders\1000\5\slice_6 D:\Hai\Demo\app\build\intermediates\transforms\instantRunSlicer\debug\folders\1\5\slice_6
java_class_path (initial): C:\Users\Administrator\AppData\Local\Android\sdk\build-tools\23.0.3\lib\dx.jar
Launcher Type: SUN_STANDARD

Environment Variables:
PATH=C:\ProgramData\Oracle\Java\javapath;C:\Windows\system32;C:\Windows;C:\Windows\System32\Wbem;C:\Windows\System32\WindowsPowerShell\v1.0\
USERNAME=Administrator
OS=Windows_NT
PROCESSOR_IDENTIFIER=Intel64 Family 6 Model 58 Stepping 9, GenuineIntel



---------------  S Y S T E M  ---------------

OS: Windows 7 , 64 bit Build 7601 (6.1.7601.18015)

CPU:total 4 (2 cores per cpu, 2 threads per core) family 6 model 58 stepping 9, cmov, cx8, fxsr, mmx, sse, sse2, sse3, ssse3, sse4.1, sse4.2, popcnt, avx, aes, clmul, erms, ht, tsc, tscinvbit, tscinv

Memory: 4k page, physical 4094316k(757792k free), swap 4094316k(5292k free)

vm_info: Java HotSpot(TM) 64-Bit Server VM (25.60-b23) for windows-amd64 JRE (1.8.0_60-b27), built on Aug  4 2015 11:06:27 by "java_re" with MS VC++ 10.0 (VS2010)

time: Sat Jul 16 22:39:50 2016
elapsed time: 1 seconds (0d 0h 0m 1s)

