#
# There is insufficient memory for the Java Runtime Environment to continue.
# Native memory allocation (malloc) failed to allocate 84096 bytes for Chunk::new
# Possible reasons:
#   The system is out of physical RAM or swap space
#   In 32 bit mode, the process size limit was hit
# Possible solutions:
#   Reduce memory load on the system
#   Increase physical memory or swap space
#   Check if swap backing store is full
#   Use 64 bit Java on a 64 bit OS
#   Decrease Java heap size (-Xmx/-Xms)
#   Decrease number of Java threads
#   Decrease Java thread stack sizes (-Xss)
#   Set larger code cache with -XX:ReservedCodeCacheSize=
# This output file may be truncated or incomplete.
#
#  Out of Memory Error (allocation.cpp:390), pid=3016, tid=2008
#
# JRE version: Java(TM) SE Runtime Environment (8.0_60-b27) (build 1.8.0_60-b27)
# Java VM: Java HotSpot(TM) 64-Bit Server VM (25.60-b23 mixed mode windows-amd64 compressed oops)
# Failed to write core dump. Minidumps are not enabled by default on client versions of Windows
#

---------------  T H R E A D  ---------------

Current thread (0x00000000560d6000):  JavaThread "C2 CompilerThread1" daemon [_thread_in_native, id=2008, stack(0x0000000056820000,0x0000000056920000)]

Stack: [0x0000000056820000,0x0000000056920000]
[error occurred during error reporting (printing stack bounds), id 0xc0000005]

Native frames: (J=compiled Java code, j=interpreted, Vv=VM code, C=native code)


Current CompileTask:
C2:    859  407       4       sun.misc.MetaIndex::mayContain (51 bytes)


---------------  P R O C E S S  ---------------

Java Threads: ( => current thread )
  0x00000000562a4000 JavaThread "pool-2-thread-4" [_thread_blocked, id=196, stack(0x0000000057120000,0x0000000057220000)]
  0x000000005629b800 JavaThread "pool-2-thread-3" [_thread_blocked, id=2664, stack(0x0000000057260000,0x0000000057360000)]
  0x000000005623c800 JavaThread "pool-2-thread-2" [_thread_in_vm, id=3376, stack(0x0000000056f80000,0x0000000057080000)]
  0x0000000056216000 JavaThread "pool-3-thread-1" [_thread_blocked, id=3216, stack(0x0000000056e50000,0x0000000056f50000)]
  0x0000000056211800 JavaThread "pool-2-thread-1" [_thread_blocked, id=3572, stack(0x0000000056d20000,0x0000000056e20000)]
  0x0000000054c0b800 JavaThread "Service Thread" daemon [_thread_blocked, id=2076, stack(0x0000000056bf0000,0x0000000056cf0000)]
  0x00000000560d7000 JavaThread "C1 CompilerThread2" daemon [_thread_in_native, id=4092, stack(0x0000000056aa0000,0x0000000056ba0000)]
=>0x00000000560d6000 JavaThread "C2 CompilerThread1" daemon [_thread_in_native, id=2008, stack(0x0000000056820000,0x0000000056920000)]
  0x00000000560d4800 JavaThread "C2 CompilerThread0" daemon [_thread_in_native, id=3960, stack(0x0000000055da0000,0x0000000055ea0000)]
  0x0000000054c06800 JavaThread "Attach Listener" daemon [_thread_blocked, id=3820, stack(0x00000000566b0000,0x00000000567b0000)]
  0x0000000054c05800 JavaThread "Signal Dispatcher" daemon [_thread_blocked, id=1480, stack(0x00000000564e0000,0x00000000565e0000)]
  0x0000000054ba4800 JavaThread "Finalizer" daemon [_thread_blocked, id=1064, stack(0x0000000055fd0000,0x00000000560d0000)]
  0x0000000054ba3800 JavaThread "Reference Handler" daemon [_thread_blocked, id=2888, stack(0x0000000055ec0000,0x0000000055fc0000)]
  0x0000000001f5e000 JavaThread "main" [_thread_in_native, id=3760, stack(0x0000000001f60000,0x0000000002060000)]

Other Threads:
  0x0000000054b9e000 VMThread [stack: 0x0000000055c60000,0x0000000055d60000] [id=2272]
  0x000000005614b800 WatcherThread [stack: 0x00000000569a0000,0x0000000056aa0000] [id=1028]

VM state:not at safepoint (normal execution)

VM Mutex/Monitor currently owned by a thread: None

Heap:
 PSYoungGen      total 18944K, used 9827K [0x00000000eab00000, 0x00000000ec000000, 0x0000000100000000)
  eden space 16384K, 59% used [0x00000000eab00000,0x00000000eb498d30,0x00000000ebb00000)
  from space 2560K, 0% used [0x00000000ebd80000,0x00000000ebd80000,0x00000000ec000000)
  to   space 2560K, 0% used [0x00000000ebb00000,0x00000000ebb00000,0x00000000ebd80000)
 ParOldGen       total 44032K, used 0K [0x00000000c0000000, 0x00000000c2b00000, 0x00000000eab00000)
  object space 44032K, 0% used [0x00000000c0000000,0x00000000c0000000,0x00000000c2b00000)
 Metaspace       used 5224K, capacity 6448K, committed 6528K, reserved 1056768K
  class space    used 572K, capacity 616K, committed 640K, reserved 1048576K

Card table byte_map: [0x00000000117d0000,0x00000000119e0000] byte_map_base: 0x00000000111d0000

Marking Bits: (ParMarkBitMap*) 0x0000000072aba5b0
 Begin Bits: [0x0000000012010000, 0x0000000013010000)
 End Bits:   [0x0000000013010000, 0x0000000014010000)

Polling page: 0x00000000000a0000

CodeCache: size=245760Kb used=1875Kb max_used=1886Kb free=243884Kb
 bounds [0x0000000002410000, 0x0000000002680000, 0x0000000011410000]
 total_blobs=684 nmethods=423 adapters=174
 compilation: enabled

Compilation events (10 events):
Event: 0.716 Thread 0x00000000560d7000 nmethod 409 0x00000000025de790 code [0x00000000025de900, 0x00000000025dead0]
Event: 0.716 Thread 0x00000000560d7000  411       3       java.util.Arrays::hashCode (56 bytes)
Event: 0.717 Thread 0x00000000560d7000 nmethod 411 0x00000000025debd0 code [0x00000000025ded40, 0x00000000025df0c8]
Event: 0.717 Thread 0x00000000560d7000  410       3       com.android.dx.util.FixedSizeList::hashCode (8 bytes)
Event: 0.717 Thread 0x00000000560d7000 nmethod 410 0x00000000025df210 code [0x00000000025df380, 0x00000000025df508]
Event: 0.717 Thread 0x00000000560d7000  412       3       com.android.dx.util.IntList::sort (29 bytes)
Event: 0.718 Thread 0x00000000560d7000 nmethod 412 0x00000000025df590 code [0x00000000025df740, 0x00000000025dfbe8]
Event: 0.718 Thread 0x00000000560d7000  413       3       com.android.dx.rop.code.BasicBlockList::labelToBlock (46 bytes)
Event: 0.719 Thread 0x00000000560d7000 nmethod 413 0x00000000025dfdd0 code [0x00000000025e0000, 0x00000000025e0d08]
Event: 0.719 Thread 0x00000000560d7000  414       3       com.android.dx.dex.code.OutputCollector::add (9 bytes)

GC Heap History (0 events):
No events

Deoptimization events (0 events):
No events

Internal exceptions (2 events):
Event: 0.042 Thread 0x0000000001f5e000 Exception <a 'java/lang/NoSuchMethodError': Method sun.misc.Unsafe.defineClass(Ljava/lang/String;[BII)Ljava/lang/Class; name or signature does not match> (0x00000000eab0d398) thrown at [C:\re\workspace\8-2-build-windows-amd64-cygwin\jdk8u60\4407\hotspot\sr–¡5Åc•?
Event: 0.042 Thread 0x0000000001f5e000 Exception <a 'java/lang/NoSuchMethodError': Method sun.misc.Unsafe.prefetchRead(Ljava/lang/Object;J)V name or signature does not match> (0x00000000eab0d680) thrown at [C:\re\workspace\8-2-build-windows-amd64-cygwin\jdk8u60\4407\hotspot\src\share\vm\prims\j

Events (10 events):
Event: 0.708 loading class com/android/dx/dex/code/ArrayData
Event: 0.708 loading class com/android/dx/dex/code/ArrayData done
Event: 0.709 loading class com/android/dx/dex/code/LocalStart
Event: 0.709 loading class com/android/dx/dex/code/LocalStart done
Event: 0.710 loading class com/android/dx/dex/code/RopToDop
Event: 0.710 loading class com/android/dx/dex/code/RopToDop done
Event: 0.715 loading class com/android/dx/dex/code/StdCatchBuilder
Event: 0.715 loading class com/android/dx/dex/code/StdCatchBuilder done
Event: 0.716 loading class com/android/dx/dex/code/DalvCode
Event: 0.716 loading class com/android/dx/dex/code/DalvCode done


Dynamic libraries:
0x000000013fc90000 - 0x000000013fcc7000 	C:\Program Files\Java\jdk1.8.0_60\bin\java.exe
0x0000000077470000 - 0x0000000077619000 	C:\Windows\SYSTEM32\ntdll.dll
0x0000000077350000 - 0x000000007746f000 	C:\Windows\system32\kernel32.dll
0x000007fefd420000 - 0x000007fefd48b000 	C:\Windows\system32\KERNELBASE.dll
0x000007fefe6c0000 - 0x000007fefe79b000 	C:\Windows\system32\ADVAPI32.dll
0x000007fefe0f0000 - 0x000007fefe18f000 	C:\Windows\system32\msvcrt.dll
0x000007fefd650000 - 0x000007fefd66f000 	C:\Windows\SYSTEM32\sechost.dll
0x000007fefd850000 - 0x000007fefd97d000 	C:\Windows\system32\RPCRT4.dll
0x0000000077250000 - 0x000000007734a000 	C:\Windows\system32\USER32.dll
0x000007fefdd00000 - 0x000007fefdd67000 	C:\Windows\system32\GDI32.dll
0x000007fefe580000 - 0x000007fefe58e000 	C:\Windows\system32\LPK.dll
0x000007fefe5f0000 - 0x000007fefe6b9000 	C:\Windows\system32\USP10.dll
0x000007fefb9b0000 - 0x000007fefbba4000 	C:\Windows\WinSxS\amd64_microsoft.windows.common-controls_6595b64144ccf1df_6.0.7601.17514_none_fa396087175ac9ac\COMCTL32.dll
0x000007fefd670000 - 0x000007fefd6e1000 	C:\Windows\system32\SHLWAPI.dll
0x000007fefd980000 - 0x000007fefd9ae000 	C:\Windows\system32\IMM32.DLL
0x000007fefdea0000 - 0x000007fefdfa9000 	C:\Windows\system32\MSCTF.dll
0x0000000074580000 - 0x0000000074652000 	C:\Program Files\Java\jdk1.8.0_60\jre\bin\msvcr100.dll
0x00000000722b0000 - 0x0000000072b39000 	C:\Program Files\Java\jdk1.8.0_60\jre\bin\server\jvm.dll
0x000007fefb870000 - 0x000007fefb879000 	C:\Windows\system32\WSOCK32.dll
0x000007fefdd70000 - 0x000007fefddbd000 	C:\Windows\system32\WS2_32.dll
0x000007fefe9e0000 - 0x000007fefe9e8000 	C:\Windows\system32\NSI.dll
0x000007fef6630000 - 0x000007fef666b000 	C:\Windows\system32\WINMM.dll
0x000007fefc380000 - 0x000007fefc38c000 	C:\Windows\system32\VERSION.dll
0x0000000077640000 - 0x0000000077647000 	C:\Windows\system32\PSAPI.DLL
0x0000000074bc0000 - 0x0000000074bcf000 	C:\Program Files\Java\jdk1.8.0_60\jre\bin\verify.dll
0x0000000074b90000 - 0x0000000074bb9000 	C:\Program Files\Java\jdk1.8.0_60\jre\bin\java.dll
0x0000000074b70000 - 0x0000000074b86000 	C:\Program Files\Java\jdk1.8.0_60\jre\bin\zip.dll
0x000007fefe9f0000 - 0x000007feff778000 	C:\Windows\system32\SHELL32.dll
0x000007fefe370000 - 0x000007fefe573000 	C:\Windows\system32\ole32.dll
0x000007fefd260000 - 0x000007fefd26f000 	C:\Windows\system32\profapi.dll

VM Arguments:
jvm_args: -Djava.awt.headless=true -Xmx1024M -Dfile.encoding=windows-1252 -Duser.country=US -Duser.language=en -Duser.variant 
java_command: com.android.dx.command.Main --dex --force-jumbo --num-threads=4 --multi-dex --output D:\Hai\Demo\app\build\intermediates\transforms\dex\debug\folders\1000\5\slice_6 D:\Hai\Demo\app\build\intermediates\transforms\instantRunSlicer\debug\folders\1\5\slice_6
java_class_path (initial): C:\Users\Administrator\AppData\Local\Android\sdk\build-tools\23.0.3\lib\dx.jar
Launcher Type: SUN_STANDARD

Environment Variables:
PATH=C:\ProgramData\Oracle\Java\javapath;C:\Windows\system32;C:\Windows;C:\Windows\System32\Wbem;C:\Windows\System32\WindowsPowerShell\v1.0\;C:\Program Files\Git\cmd;C:\Program Files\Git\mingw64\bin;C:\Program Files\Git\usr\bin
USERNAME=Administrator
OS=Windows_NT
PROCESSOR_IDENTIFIER=Intel64 Family 6 Model 58 Stepping 9, GenuineIntel



---------------  S Y S T E M  ---------------

OS: Windows 7 , 64 bit Build 7601 (6.1.7601.18015)

CPU:total 4 (2 cores per cpu, 2 threads per core) family 6 model 58 stepping 9, cmov, cx8, fxsr, mmx, sse, sse2, sse3, ssse3, sse4.1, sse4.2, popcnt, avx, aes, clmul, erms, ht, tsc, tscinvbit, tscinv

Memory: 4k page, physical 4094316k(635760k free), swap 4094316k(36876k free)

vm_info: Java HotSpot(TM) 64-Bit Server VM (25.60-b23) for windows-amd64 JRE (1.8.0_60-b27), built on Aug  4 2015 11:06:27 by "java_re" with MS VC++ 10.0 (VS2010)

time: Tue Jul 19 09:48:27 2016
elapsed time: 0 seconds (0d 0h 0m 0s)

