#
# There is insufficient memory for the Java Runtime Environment to continue.
# Native memory allocation (malloc) failed to allocate 1670416 bytes for Chunk::new
# Possible reasons:
#   The system is out of physical RAM or swap space
#   In 32 bit mode, the process size limit was hit
# Possible solutions:
#   Reduce memory load on the system
#   Increase physical memory or swap space
#   Check if swap backing store is full
#   Use 64 bit Java on a 64 bit OS
#   Decrease Java heap size (-Xmx/-Xms)
#   Decrease number of Java threads
#   Decrease Java thread stack sizes (-Xss)
#   Set larger code cache with -XX:ReservedCodeCacheSize=
# This output file may be truncated or incomplete.
#
#  Out of Memory Error (allocation.cpp:390), pid=3408, tid=1944
#
# JRE version: Java(TM) SE Runtime Environment (8.0_60-b27) (build 1.8.0_60-b27)
# Java VM: Java HotSpot(TM) 64-Bit Server VM (25.60-b23 mixed mode windows-amd64 compressed oops)
# Failed to write core dump. Minidumps are not enabled by default on client versions of Windows
#

---------------  T H R E A D  ---------------

Current thread (0x0000000054bea800):  JavaThread "C2 CompilerThread1" daemon [_thread_in_native, id=1944, stack(0x0000000056400000,0x0000000056500000)]

Stack: [0x0000000056400000,0x0000000056500000]
[error occurred during error reporting (printing stack bounds), id 0xc0000005]

Native frames: (J=compiled Java code, j=interpreted, Vv=VM code, C=native code)


Current CompileTask:
C2:   5780 1689       4       com.android.dx.rop.code.Rops::ropFor (771 bytes)


---------------  P R O C E S S  ---------------

Java Threads: ( => current thread )
  0x00000000569f4000 JavaThread "pool-2-thread-4" [_thread_blocked, id=3120, stack(0x0000000056ea0000,0x0000000056fa0000)]
  0x00000000569f2000 JavaThread "pool-2-thread-3" [_thread_blocked, id=3736, stack(0x00000000570d0000,0x00000000571d0000)]
  0x000000005699b000 JavaThread "pool-2-thread-2" [_thread_blocked, id=2136, stack(0x0000000057420000,0x0000000057520000)]
  0x0000000056999800 JavaThread "pool-3-thread-1" [_thread_blocked, id=3152, stack(0x0000000057240000,0x0000000057340000)]
  0x0000000056996000 JavaThread "pool-2-thread-1" [_thread_blocked, id=3244, stack(0x0000000056fa0000,0x00000000570a0000)]
  0x0000000054bed800 JavaThread "Service Thread" daemon [_thread_blocked, id=2204, stack(0x0000000056bf0000,0x0000000056cf0000)]
  0x0000000054beb800 JavaThread "C1 CompilerThread2" daemon [_thread_blocked, id=3144, stack(0x0000000056600000,0x0000000056700000)]
=>0x0000000054bea800 JavaThread "C2 CompilerThread1" daemon [_thread_in_native, id=1944, stack(0x0000000056400000,0x0000000056500000)]
  0x0000000054be8000 JavaThread "C2 CompilerThread0" daemon [_thread_in_native, id=3712, stack(0x0000000056240000,0x0000000056340000)]
  0x0000000054be2000 JavaThread "Attach Listener" daemon [_thread_blocked, id=1800, stack(0x0000000056140000,0x0000000056240000)]
  0x0000000054be0800 JavaThread "Signal Dispatcher" daemon [_thread_blocked, id=2108, stack(0x0000000056040000,0x0000000056140000)]
  0x0000000054b87000 JavaThread "Finalizer" daemon [_thread_blocked, id=1320, stack(0x0000000055c10000,0x0000000055d10000)]
  0x0000000054b80000 JavaThread "Reference Handler" daemon [_thread_blocked, id=3560, stack(0x0000000055ec0000,0x0000000055fc0000)]
  0x000000000022e000 JavaThread "main" [_thread_blocked, id=3092, stack(0x00000000020c0000,0x00000000021c0000)]

Other Threads:
  0x0000000054b7a800 VMThread [stack: 0x0000000055dc0000,0x0000000055ec0000] [id=1864]
  0x000000005678a000 WatcherThread [stack: 0x0000000056da0000,0x0000000056ea0000] [id=1020]

VM state:not at safepoint (normal execution)

VM Mutex/Monitor currently owned by a thread: None

Heap:
 PSYoungGen      total 35328K, used 31567K [0x00000000eab00000, 0x00000000ef000000, 0x0000000100000000)
  eden space 32768K, 88% used [0x00000000eab00000,0x00000000ec75bf40,0x00000000ecb00000)
  from space 2560K, 98% used [0x00000000ecb00000,0x00000000ecd78018,0x00000000ecd80000)
  to   space 2560K, 0% used [0x00000000eed80000,0x00000000eed80000,0x00000000ef000000)
 ParOldGen       total 44032K, used 7373K [0x00000000c0000000, 0x00000000c2b00000, 0x00000000eab00000)
  object space 44032K, 16% used [0x00000000c0000000,0x00000000c0733400,0x00000000c2b00000)
 Metaspace       used 6265K, capacity 7088K, committed 7296K, reserved 1056768K
  class space    used 601K, capacity 616K, committed 640K, reserved 1048576K

Card table byte_map: [0x0000000011850000,0x0000000011a60000] byte_map_base: 0x0000000011250000

Marking Bits: (ParMarkBitMap*) 0x0000000073eca5b0
 Begin Bits: [0x0000000011ff0000, 0x0000000012ff0000)
 End Bits:   [0x0000000012ff0000, 0x0000000013ff0000)

Polling page: 0x0000000000210000

CodeCache: size=245760Kb used=6933Kb max_used=6933Kb free=238826Kb
 bounds [0x0000000002490000, 0x0000000002b60000, 0x0000000011490000]
 total_blobs=1962 nmethods=1692 adapters=182
 compilation: enabled

Compilation events (10 events):
Event: 5.632 Thread 0x0000000054beb800 1707   !   2       java.util.zip.ZipFile::getInflater (56 bytes)
Event: 5.633 Thread 0x0000000054beb800 nmethod 1707 0x0000000002b464d0 code [0x0000000002b46680, 0x0000000002b46db8]
Event: 5.633 Thread 0x0000000054beb800 1709       2       com.android.dx.dex.file.ValueEncoder::addContents (75 bytes)
Event: 5.634 Thread 0x0000000054beb800 nmethod 1709 0x0000000002b45610 code [0x0000000002b45800, 0x0000000002b45e98]
Event: 5.634 Thread 0x0000000054beb800 1708       2       java.util.zip.InflaterInputStream::<init> (79 bytes)
Event: 5.635 Thread 0x0000000054beb800 nmethod 1708 0x0000000002b59d50 code [0x0000000002b59ee0, 0x0000000002b5a3d8]
Event: 5.635 Thread 0x0000000054beb800 1710       2       com.android.dx.rop.annotation.Annotation::getNameValuePairs (11 bytes)
Event: 5.636 Thread 0x0000000054beb800 nmethod 1710 0x0000000002b5a5d0 code [0x0000000002b5a740, 0x0000000002b5aa48]
Event: 5.695 Thread 0x0000000054beb800 1713       2       com.android.dx.ssa.back.FirstFitLocalCombiningAllocator::isEven (12 bytes)
Event: 5.695 Thread 0x0000000054beb800 nmethod 1713 0x0000000002b452d0 code [0x0000000002b45420, 0x0000000002b45570]

GC Heap History (6 events):
Event: 2.642 GC heap before
{Heap before GC invocations=1 (full 0):
 PSYoungGen      total 18944K, used 16384K [0x00000000eab00000, 0x00000000ec000000, 0x0000000100000000)
  eden space 16384K, 100% used [0x00000000eab00000,0x00000000ebb00000,0x00000000ebb00000)
  from space 2560K, 0% used [0x00000000ebd80000,0x00000000ebd80000,0x00000000ec000000)
  to   space 2560K, 0% used [0x00000000ebb00000,0x00000000ebb00000,0x00000000ebd80000)
 ParOldGen       total 44032K, used 0K [0x00000000c0000000, 0x00000000c2b00000, 0x00000000eab00000)
  object space 44032K, 0% used [0x00000000c0000000,0x00000000c0000000,0x00000000c2b00000)
 Metaspace       used 5459K, capacity 6448K, committed 6528K, reserved 1056768K
  class space    used 591K, capacity 616K, committed 640K, reserved 1048576K
Event: 2.972 GC heap after
Heap after GC invocations=1 (full 0):
 PSYoungGen      total 18944K, used 2555K [0x00000000eab00000, 0x00000000ed000000, 0x0000000100000000)
  eden space 16384K, 0% used [0x00000000eab00000,0x00000000eab00000,0x00000000ebb00000)
  from space 2560K, 99% used [0x00000000ebb00000,0x00000000ebd7edd0,0x00000000ebd80000)
  to   space 2560K, 0% used [0x00000000ecd80000,0x00000000ecd80000,0x00000000ed000000)
 ParOldGen       total 44032K, used 736K [0x00000000c0000000, 0x00000000c2b00000, 0x00000000eab00000)
  object space 44032K, 1% used [0x00000000c0000000,0x00000000c00b8258,0x00000000c2b00000)
 Metaspace       used 5459K, capacity 6448K, committed 6528K, reserved 1056768K
  class space    used 591K, capacity 616K, committed 640K, reserved 1048576K
}
Event: 4.513 GC heap before
{Heap before GC invocations=2 (full 0):
 PSYoungGen      total 18944K, used 18939K [0x00000000eab00000, 0x00000000ed000000, 0x0000000100000000)
  eden space 16384K, 100% used [0x00000000eab00000,0x00000000ebb00000,0x00000000ebb00000)
  from space 2560K, 99% used [0x00000000ebb00000,0x00000000ebd7edd0,0x00000000ebd80000)
  to   space 2560K, 0% used [0x00000000ecd80000,0x00000000ecd80000,0x00000000ed000000)
 ParOldGen       total 44032K, used 736K [0x00000000c0000000, 0x00000000c2b00000, 0x00000000eab00000)
  object space 44032K, 1% used [0x00000000c0000000,0x00000000c00b8258,0x00000000c2b00000)
 Metaspace       used 5904K, capacity 6832K, committed 7040K, reserved 1056768K
  class space    used 595K, capacity 616K, committed 640K, reserved 1048576K
Event: 4.519 GC heap after
Heap after GC invocations=2 (full 0):
 PSYoungGen      total 35328K, used 2538K [0x00000000eab00000, 0x00000000ed000000, 0x0000000100000000)
  eden space 32768K, 0% used [0x00000000eab00000,0x00000000eab00000,0x00000000ecb00000)
  from space 2560K, 99% used [0x00000000ecd80000,0x00000000ecffaaa8,0x00000000ed000000)
  to   space 2560K, 0% used [0x00000000ecb00000,0x00000000ecb00000,0x00000000ecd80000)
 ParOldGen       total 44032K, used 2358K [0x00000000c0000000, 0x00000000c2b00000, 0x00000000eab00000)
  object space 44032K, 5% used [0x00000000c0000000,0x00000000c024d978,0x00000000c2b00000)
 Metaspace       used 5904K, capacity 6832K, committed 7040K, reserved 1056768K
  class space    used 595K, capacity 616K, committed 640K, reserved 1048576K
}
Event: 5.213 GC heap before
{Heap before GC invocations=3 (full 0):
 PSYoungGen      total 35328K, used 35306K [0x00000000eab00000, 0x00000000ed000000, 0x0000000100000000)
  eden space 32768K, 100% used [0x00000000eab00000,0x00000000ecb00000,0x00000000ecb00000)
  from space 2560K, 99% used [0x00000000ecd80000,0x00000000ecffaaa8,0x00000000ed000000)
  to   space 2560K, 0% used [0x00000000ecb00000,0x00000000ecb00000,0x00000000ecd80000)
 ParOldGen       total 44032K, used 2358K [0x00000000c0000000, 0x00000000c2b00000, 0x00000000eab00000)
  object space 44032K, 5% used [0x00000000c0000000,0x00000000c024d978,0x00000000c2b00000)
 Metaspace       used 6205K, capacity 7088K, committed 7296K, reserved 1056768K
  class space    used 601K, capacity 616K, committed 640K, reserved 1048576K
Event: 5.227 GC heap after
Heap after GC invocations=3 (full 0):
 PSYoungGen      total 35328K, used 2528K [0x00000000eab00000, 0x00000000ef000000, 0x0000000100000000)
  eden space 32768K, 0% used [0x00000000eab00000,0x00000000eab00000,0x00000000ecb00000)
  from space 2560K, 98% used [0x00000000ecb00000,0x00000000ecd78018,0x00000000ecd80000)
  to   space 2560K, 0% used [0x00000000eed80000,0x00000000eed80000,0x00000000ef000000)
 ParOldGen       total 44032K, used 7373K [0x00000000c0000000, 0x00000000c2b00000, 0x00000000eab00000)
  object space 44032K, 16% used [0x00000000c0000000,0x00000000c0733400,0x00000000c2b00000)
 Metaspace       used 6205K, capacity 7088K, committed 7296K, reserved 1056768K
  class space    used 601K, capacity 616K, committed 640K, reserved 1048576K
}

Deoptimization events (9 events):
Event: 1.812 Thread 0x000000000022e000 Uncommon trap: reason=unstable_if action=reinterpret pc=0x00000000025cfb84 method=java.lang.String.compareTo(Ljava/lang/String;)I @ 38
Event: 4.260 Thread 0x0000000056996000 Uncommon trap: reason=unstable_if action=reinterpret pc=0x000000000278e8c4 method=com.android.dx.rop.cst.Constant.compareTo(Lcom/android/dx/rop/cst/Constant;)I @ 12
Event: 5.038 Thread 0x0000000056996000 Uncommon trap: reason=unstable_if action=reinterpret pc=0x00000000029464c8 method=com.android.dx.ssa.SCCP.simulateStmt(Lcom/android/dx/ssa/SsaInsn;)V @ 53
Event: 5.258 Thread 0x000000000022e000 Uncommon trap: reason=unstable_if action=reinterpret pc=0x00000000029d83e8 method=com.android.dx.rop.cst.StdConstantPool.set(ILcom/android/dx/rop/cst/Constant;)V @ 12
Event: 5.258 Thread 0x000000000022e000 Uncommon trap: reason=unstable_if action=reinterpret pc=0x0000000002984ba8 method=com.android.dx.rop.cst.StdConstantPool.set(ILcom/android/dx/rop/cst/Constant;)V @ 12
Event: 5.320 Thread 0x00000000569f4000 Uncommon trap: reason=unstable_if action=reinterpret pc=0x000000000286f0e8 method=com.android.dx.rop.code.RegisterSpecSet.<init>(I)V @ 2
Event: 5.363 Thread 0x00000000569f2000 Uncommon trap: reason=unstable_if action=reinterpret pc=0x0000000002ad5b80 method=com.android.dx.ssa.SCCP.simulateBranch(Lcom/android/dx/ssa/SsaInsn;)V @ 64
Event: 5.364 Thread 0x00000000569f2000 Uncommon trap: reason=unstable_if action=reinterpret pc=0x0000000002ae8290 method=com.android.dx.ssa.LiteralOpUpgrader$1.visitNonMoveInsn(Lcom/android/dx/ssa/NormalSsaInsn;)V @ 55
Event: 5.364 Thread 0x00000000569f2000 Uncommon trap: reason=unstable_if action=reinterpret pc=0x000000000288348c method=com.android.dx.ssa.SsaMethod.updateOneDefinition(Lcom/android/dx/ssa/SsaInsn;Lcom/android/dx/rop/code/RegisterSpec;)V @ 4

Internal exceptions (2 events):
Event: 0.098 Thread 0x000000000022e000 Exception <a 'java/lang/NoSuchMethodError': Method sun.misc.Unsafe.defineClass(Ljava/lang/String;[BII)Ljava/lang/Class; name or signature does not match> (0x00000000eab0cef0) thrown at [C:\re\workspace\8-2-build-windows-amd64-cygwin\jdk8u60\4407\hotspot\srKŽgñæ5¹?
Event: 0.098 Thread 0x000000000022e000 Exception <a 'java/lang/NoSuchMethodError': Method sun.misc.Unsafe.prefetchRead(Ljava/lang/Object;J)V name or signature does not match> (0x00000000eab0d1d8) thrown at [C:\re\workspace\8-2-build-windows-amd64-cygwin\jdk8u60\4407\hotspot\src\share\vm\prims\j

Events (10 events):
Event: 5.363 Thread 0x00000000569f2000 DEOPT PACKING pc=0x0000000002ad5b80 sp=0x00000000571ce4e0
Event: 5.363 Thread 0x00000000569f2000 DEOPT UNPACKING pc=0x00000000024d582a sp=0x00000000571ce4c0 mode 2
Event: 5.364 Thread 0x00000000569f2000 Uncommon trap: trap_request=0xffffff65 fr.pc=0x0000000002ae8290
Event: 5.364 Thread 0x00000000569f2000 DEOPT PACKING pc=0x0000000002ae8290 sp=0x00000000571ce6d0
Event: 5.364 Thread 0x00000000569f2000 DEOPT UNPACKING pc=0x00000000024d582a sp=0x00000000571ce680 mode 2
Event: 5.364 loading class com/android/dx/rop/code/RegOps
Event: 5.364 loading class com/android/dx/rop/code/RegOps done
Event: 5.364 Thread 0x00000000569f2000 Uncommon trap: trap_request=0xffffff65 fr.pc=0x000000000288348c
Event: 5.364 Thread 0x00000000569f2000 DEOPT PACKING pc=0x000000000288348c sp=0x00000000571ce4e0
Event: 5.364 Thread 0x00000000569f2000 DEOPT UNPACKING pc=0x00000000024d582a sp=0x00000000571ce488 mode 2


Dynamic libraries:
0x000000013fc00000 - 0x000000013fc37000 	C:\Program Files\Java\jdk1.8.0_60\bin\java.exe
0x0000000077950000 - 0x0000000077af9000 	C:\Windows\SYSTEM32\ntdll.dll
0x0000000077830000 - 0x000000007794f000 	C:\Windows\system32\kernel32.dll
0x000007fefd7d0000 - 0x000007fefd83b000 	C:\Windows\system32\KERNELBASE.dll
0x000007fefdda0000 - 0x000007fefde7b000 	C:\Windows\system32\ADVAPI32.dll
0x000007fefe820000 - 0x000007fefe8bf000 	C:\Windows\system32\msvcrt.dll
0x000007fefe2a0000 - 0x000007fefe2bf000 	C:\Windows\SYSTEM32\sechost.dll
0x000007fefdc70000 - 0x000007fefdd9d000 	C:\Windows\system32\RPCRT4.dll
0x0000000077730000 - 0x000000007782a000 	C:\Windows\system32\USER32.dll
0x000007fefe940000 - 0x000007fefe9a7000 	C:\Windows\system32\GDI32.dll
0x000007fefe050000 - 0x000007fefe05e000 	C:\Windows\system32\LPK.dll
0x000007fefe750000 - 0x000007fefe819000 	C:\Windows\system32\USP10.dll
0x000007fefc170000 - 0x000007fefc364000 	C:\Windows\WinSxS\amd64_microsoft.windows.common-controls_6595b64144ccf1df_6.0.7601.17514_none_fa396087175ac9ac\COMCTL32.dll
0x000007feff980000 - 0x000007feff9f1000 	C:\Windows\system32\SHLWAPI.dll
0x000007feffc30000 - 0x000007feffc5e000 	C:\Windows\system32\IMM32.DLL
0x000007fefe9b0000 - 0x000007fefeab9000 	C:\Windows\system32\MSCTF.dll
0x0000000074310000 - 0x00000000743e2000 	C:\Program Files\Java\jdk1.8.0_60\jre\bin\msvcr100.dll
0x00000000736c0000 - 0x0000000073f49000 	C:\Program Files\Java\jdk1.8.0_60\jre\bin\server\jvm.dll
0x000007fef3cb0000 - 0x000007fef3cb9000 	C:\Windows\system32\WSOCK32.dll
0x000007fefeac0000 - 0x000007fefeb0d000 	C:\Windows\system32\WS2_32.dll
0x000007fefdee0000 - 0x000007fefdee8000 	C:\Windows\system32\NSI.dll
0x000007fef67b0000 - 0x000007fef67eb000 	C:\Windows\system32\WINMM.dll
0x000007fefc860000 - 0x000007fefc86c000 	C:\Windows\system32\VERSION.dll
0x0000000077b10000 - 0x0000000077b17000 	C:\Windows\system32\PSAPI.DLL
0x00000000754a0000 - 0x00000000754af000 	C:\Program Files\Java\jdk1.8.0_60\jre\bin\verify.dll
0x0000000075470000 - 0x0000000075499000 	C:\Program Files\Java\jdk1.8.0_60\jre\bin\java.dll
0x0000000075450000 - 0x0000000075466000 	C:\Program Files\Java\jdk1.8.0_60\jre\bin\zip.dll
0x000007fefeb10000 - 0x000007feff898000 	C:\Windows\system32\SHELL32.dll
0x000007feffa00000 - 0x000007feffc03000 	C:\Windows\system32\ole32.dll
0x000007fefd730000 - 0x000007fefd73f000 	C:\Windows\system32\profapi.dll

VM Arguments:
jvm_args: -Djava.awt.headless=true -Xmx1024M -Dfile.encoding=windows-1252 -Duser.country=US -Duser.language=en -Duser.variant 
java_command: com.android.dx.command.Main --dex --force-jumbo --num-threads=4 --multi-dex --output D:\Hai\Demo\app\build\intermediates\transforms\dex\debug\folders\1000\10\internal_impl-23.4.0_8345f2c17f1d5b23a81ba0592bf42e14b0805771 D:\Hai\Demo\app\build\intermediates\exploded-aar\com.android.support\support-v4\23.4.0\jars\libs\internal_impl-23.4.0.jar
java_class_path (initial): C:\Users\Administrator\AppData\Local\Android\sdk\build-tools\23.0.3\lib\dx.jar
Launcher Type: SUN_STANDARD

Environment Variables:
PATH=C:\ProgramData\Oracle\Java\javapath;C:\Windows\system32;C:\Windows;C:\Windows\System32\Wbem;C:\Windows\System32\WindowsPowerShell\v1.0\;C:\Program Files\Git\cmd;C:\Program Files\Git\mingw64\bin;C:\Program Files\Git\usr\bin
USERNAME=Administrator
OS=Windows_NT
PROCESSOR_IDENTIFIER=Intel64 Family 6 Model 58 Stepping 9, GenuineIntel



---------------  S Y S T E M  ---------------

OS: Windows 7 , 64 bit Build 7601 (6.1.7601.18015)

CPU:total 4 (2 cores per cpu, 2 threads per core) family 6 model 58 stepping 9, cmov, cx8, fxsr, mmx, sse, sse2, sse3, ssse3, sse4.1, sse4.2, popcnt, avx, aes, clmul, erms, ht, tsc, tscinvbit, tscinv

Memory: 4k page, physical 4094316k(795268k free), swap 4094316k(5156k free)

vm_info: Java HotSpot(TM) 64-Bit Server VM (25.60-b23) for windows-amd64 JRE (1.8.0_60-b27), built on Aug  4 2015 11:06:27 by "java_re" with MS VC++ 10.0 (VS2010)

time: Sun Jul 17 10:30:33 2016
elapsed time: 5 seconds (0d 0h 0m 5s)

