#
# There is insufficient memory for the Java Runtime Environment to continue.
# Native memory allocation (malloc) failed to allocate 32784 bytes for Chunk::new
# Possible reasons:
#   The system is out of physical RAM or swap space
#   In 32 bit mode, the process size limit was hit
# Possible solutions:
#   Reduce memory load on the system
#   Increase physical memory or swap space
#   Check if swap backing store is full
#   Use 64 bit Java on a 64 bit OS
#   Decrease Java heap size (-Xmx/-Xms)
#   Decrease number of Java threads
#   Decrease Java thread stack sizes (-Xss)
#   Set larger code cache with -XX:ReservedCodeCacheSize=
# This output file may be truncated or incomplete.
#
#  Out of Memory Error (allocation.cpp:390), pid=764, tid=1268
#
# JRE version: Java(TM) SE Runtime Environment (8.0_60-b27) (build 1.8.0_60-b27)
# Java VM: Java HotSpot(TM) 64-Bit Server VM (25.60-b23 mixed mode windows-amd64 compressed oops)
# Failed to write core dump. Minidumps are not enabled by default on client versions of Windows
#

---------------  T H R E A D  ---------------

Current thread (0x0000000054dec000):  JavaThread "C2 CompilerThread1" daemon [_thread_in_native, id=1268, stack(0x00000000567b0000,0x00000000568b0000)]

Stack: [0x00000000567b0000,0x00000000568b0000]
[error occurred during error reporting (printing stack bounds), id 0xc0000005]

Native frames: (J=compiled Java code, j=interpreted, Vv=VM code, C=native code)


Current CompileTask:
C2:   3854  555   !   4       com.android.dx.cf.code.BytecodeArray::parseInstruction (2764 bytes)


---------------  P R O C E S S  ---------------

Java Threads: ( => current thread )
  0x0000000056b15000 JavaThread "pool-2-thread-4" [_thread_blocked, id=1884, stack(0x00000000570d0000,0x00000000571d0000)]
  0x0000000056b12800 JavaThread "pool-2-thread-3" [_thread_blocked, id=3892, stack(0x0000000057620000,0x0000000057720000)]
  0x0000000056b0e800 JavaThread "pool-2-thread-2" [_thread_in_Java, id=3232, stack(0x0000000057420000,0x0000000057520000)]
  0x00000000569ad800 JavaThread "pool-3-thread-1" [_thread_blocked, id=1200, stack(0x0000000057260000,0x0000000057360000)]
  0x00000000569ad000 JavaThread "pool-2-thread-1" [_thread_blocked, id=2492, stack(0x0000000056fb0000,0x00000000570b0000)]
  0x0000000054def800 JavaThread "Service Thread" daemon [_thread_blocked, id=268, stack(0x0000000056ce0000,0x0000000056de0000)]
  0x0000000054ded000 JavaThread "C1 CompilerThread2" daemon [_thread_in_native, id=3760, stack(0x0000000056640000,0x0000000056740000)]
=>0x0000000054dec000 JavaThread "C2 CompilerThread1" daemon [_thread_in_native, id=1268, stack(0x00000000567b0000,0x00000000568b0000)]
  0x0000000054dea000 JavaThread "C2 CompilerThread0" daemon [_thread_in_native, id=1524, stack(0x00000000564f0000,0x00000000565f0000)]
  0x0000000054de3800 JavaThread "Attach Listener" daemon [_thread_blocked, id=2040, stack(0x00000000562f0000,0x00000000563f0000)]
  0x0000000054de2000 JavaThread "Signal Dispatcher" daemon [_thread_blocked, id=1928, stack(0x0000000056130000,0x0000000056230000)]
  0x0000000054d81000 JavaThread "Finalizer" daemon [_thread_blocked, id=3752, stack(0x0000000055ff0000,0x00000000560f0000)]
  0x0000000054d7f800 JavaThread "Reference Handler" daemon [_thread_blocked, id=3188, stack(0x0000000055ee0000,0x0000000055fe0000)]
  0x0000000001f0e000 JavaThread "main" [_thread_blocked, id=1444, stack(0x0000000001f60000,0x0000000002060000)]

Other Threads:
  0x0000000054d7a000 VMThread [stack: 0x0000000055d00000,0x0000000055e00000] [id=1744]
  0x0000000056936800 WatcherThread [stack: 0x0000000056e80000,0x0000000056f80000] [id=792]

VM state:not at safepoint (normal execution)

VM Mutex/Monitor currently owned by a thread: None

Heap:
 PSYoungGen      total 18944K, used 11849K [0x00000000eab00000, 0x00000000ec000000, 0x0000000100000000)
  eden space 16384K, 72% used [0x00000000eab00000,0x00000000eb692630,0x00000000ebb00000)
  from space 2560K, 0% used [0x00000000ebd80000,0x00000000ebd80000,0x00000000ec000000)
  to   space 2560K, 0% used [0x00000000ebb00000,0x00000000ebb00000,0x00000000ebd80000)
 ParOldGen       total 44032K, used 0K [0x00000000c0000000, 0x00000000c2b00000, 0x00000000eab00000)
  object space 44032K, 0% used [0x00000000c0000000,0x00000000c0000000,0x00000000c2b00000)
 Metaspace       used 5400K, capacity 6576K, committed 6784K, reserved 1056768K
  class space    used 576K, capacity 616K, committed 640K, reserved 1048576K

Card table byte_map: [0x00000000116f0000,0x0000000011900000] byte_map_base: 0x00000000110f0000

Marking Bits: (ParMarkBitMap*) 0x000000007201a5b0
 Begin Bits: [0x00000000121f0000, 0x00000000131f0000)
 End Bits:   [0x00000000131f0000, 0x00000000141f0000)

Polling page: 0x0000000000240000

CodeCache: size=245760Kb used=2460Kb max_used=2460Kb free=243299Kb
 bounds [0x0000000002330000, 0x00000000025a0000, 0x0000000011330000]
 total_blobs=807 nmethods=545 adapters=175
 compilation: enabled

Compilation events (10 events):
Event: 3.820 Thread 0x0000000054ded000 nmethod 567 0x0000000002596190 code [0x00000000025963c0, 0x0000000002596f98]
Event: 3.820 Thread 0x0000000054ded000  568       3       com.android.dx.cf.code.Ropper::isSynchronized (21 bytes)
Event: 3.821 Thread 0x0000000054ded000 nmethod 568 0x0000000002597510 code [0x0000000002597680, 0x00000000025979c8]
Event: 3.821 Thread 0x0000000054ded000  569       3       com.android.dx.cf.code.ConcreteMethod::getAccessFlags (10 bytes)
Event: 3.821 Thread 0x0000000054ded000 nmethod 569 0x0000000002597b10 code [0x0000000002597c80, 0x0000000002597ea8]
Event: 3.821 Thread 0x0000000054ded000  560       3       com.android.dx.cf.code.BaseMachine::auxIntArg (6 bytes)
Event: 3.821 Thread 0x0000000054ded000 nmethod 560 0x0000000002565c90 code [0x0000000002565de0, 0x0000000002565f30]
Event: 3.821 Thread 0x0000000054ded000  563       3       com.android.dx.cf.code.OneLocalsArray::<init> (22 bytes)
Event: 3.821 Thread 0x0000000054ded000 nmethod 563 0x0000000002597f50 code [0x00000000025980c0, 0x0000000002598430]
Event: 3.821 Thread 0x0000000054ded000  571   !   3       com.android.dx.cf.code.Ropper::processBlock (1101 bytes)

GC Heap History (0 events):
No events

Deoptimization events (0 events):
No events

Internal exceptions (2 events):
Event: 0.493 Thread 0x0000000001f0e000 Exception <a 'java/lang/NoSuchMethodError': Method sun.misc.Unsafe.defineClass(Ljava/lang/String;[BII)Ljava/lang/Class; name or signature does not match> (0x00000000eab0d398) thrown at [C:\re\workspace\8-2-build-windows-amd64-cygwin\jdk8u60\4407\hotspot\srKxù´5’ß?
Event: 0.493 Thread 0x0000000001f0e000 Exception <a 'java/lang/NoSuchMethodError': Method sun.misc.Unsafe.prefetchRead(Ljava/lang/Object;J)V name or signature does not match> (0x00000000eab0d680) thrown at [C:\re\workspace\8-2-build-windows-amd64-cygwin\jdk8u60\4407\hotspot\src\share\vm\prims\j

Events (10 events):
Event: 3.659 loading class com/android/dx/cf/code/SwitchList
Event: 3.659 loading class com/android/dx/cf/code/SwitchList done
Event: 3.772 Thread 0x0000000056b0e800 DEOPT PACKING pc=0x00000000025445ba sp=0x000000005751e8f0
Event: 3.772 Thread 0x0000000056b0e800 DEOPT UNPACKING pc=0x000000000237787f sp=0x000000005751e668 mode 0
Event: 3.774 Thread 0x0000000056b0e800 DEOPT PACKING pc=0x00000000025445ba sp=0x000000005751e8f0
Event: 3.774 Thread 0x0000000056b0e800 DEOPT UNPACKING pc=0x000000000237787f sp=0x000000005751e668 mode 0
Event: 3.776 Thread 0x0000000056b0e800 DEOPT PACKING pc=0x00000000025445ba sp=0x000000005751e8f0
Event: 3.776 Thread 0x0000000056b0e800 DEOPT UNPACKING pc=0x000000000237787f sp=0x000000005751e668 mode 0
Event: 3.777 Thread 0x0000000056b0e800 DEOPT PACKING pc=0x00000000025445ba sp=0x000000005751e8f0
Event: 3.777 Thread 0x0000000056b0e800 DEOPT UNPACKING pc=0x000000000237787f sp=0x000000005751e668 mode 0


Dynamic libraries:
0x000000013f5d0000 - 0x000000013f607000 	C:\Program Files\Java\jdk1.8.0_60\bin\java.exe
0x00000000771a0000 - 0x0000000077349000 	C:\Windows\SYSTEM32\ntdll.dll
0x0000000076f80000 - 0x000000007709f000 	C:\Windows\system32\kernel32.dll
0x000007fefd130000 - 0x000007fefd19b000 	C:\Windows\system32\KERNELBASE.dll
0x000007fefef40000 - 0x000007feff01b000 	C:\Windows\system32\ADVAPI32.dll
0x000007fefeea0000 - 0x000007fefef3f000 	C:\Windows\system32\msvcrt.dll
0x000007fefee80000 - 0x000007fefee9f000 	C:\Windows\SYSTEM32\sechost.dll
0x000007fefd380000 - 0x000007fefd4ad000 	C:\Windows\system32\RPCRT4.dll
0x00000000770a0000 - 0x000000007719a000 	C:\Windows\system32\USER32.dll
0x000007fefd6f0000 - 0x000007fefd757000 	C:\Windows\system32\GDI32.dll
0x000007fefd920000 - 0x000007fefd92e000 	C:\Windows\system32\LPK.dll
0x000007fefd930000 - 0x000007fefd9f9000 	C:\Windows\system32\USP10.dll
0x000007fefb600000 - 0x000007fefb7f4000 	C:\Windows\WinSxS\amd64_microsoft.windows.common-controls_6595b64144ccf1df_6.0.7601.17514_none_fa396087175ac9ac\COMCTL32.dll
0x000007fefdcb0000 - 0x000007fefdd21000 	C:\Windows\system32\SHLWAPI.dll
0x000007fefd800000 - 0x000007fefd82e000 	C:\Windows\system32\IMM32.DLL
0x000007fefdd30000 - 0x000007fefde39000 	C:\Windows\system32\MSCTF.dll
0x0000000073a20000 - 0x0000000073af2000 	C:\Program Files\Java\jdk1.8.0_60\jre\bin\msvcr100.dll
0x0000000071810000 - 0x0000000072099000 	C:\Program Files\Java\jdk1.8.0_60\jre\bin\server\jvm.dll
0x000007fefb570000 - 0x000007fefb579000 	C:\Windows\system32\WSOCK32.dll
0x000007fefde60000 - 0x000007fefdead000 	C:\Windows\system32\WS2_32.dll
0x000007fefd830000 - 0x000007fefd838000 	C:\Windows\system32\NSI.dll
0x000007fef6100000 - 0x000007fef613b000 	C:\Windows\system32\WINMM.dll
0x000007fefc0b0000 - 0x000007fefc0bc000 	C:\Windows\system32\VERSION.dll
0x0000000077370000 - 0x0000000077377000 	C:\Windows\system32\PSAPI.DLL
0x00000000745a0000 - 0x00000000745af000 	C:\Program Files\Java\jdk1.8.0_60\jre\bin\verify.dll
0x0000000074540000 - 0x0000000074569000 	C:\Program Files\Java\jdk1.8.0_60\jre\bin\java.dll
0x0000000074580000 - 0x0000000074596000 	C:\Program Files\Java\jdk1.8.0_60\jre\bin\zip.dll
0x000007fefe0f0000 - 0x000007fefee78000 	C:\Windows\system32\SHELL32.dll
0x000007fefda00000 - 0x000007fefdc03000 	C:\Windows\system32\ole32.dll
0x000007fefcf90000 - 0x000007fefcf9f000 	C:\Windows\system32\profapi.dll

VM Arguments:
jvm_args: -Djava.awt.headless=true -Xmx1024M -Dfile.encoding=windows-1252 -Duser.country=US -Duser.language=en -Duser.variant 
java_command: com.android.dx.command.Main --dex --force-jumbo --num-threads=4 --multi-dex --output D:\Hai\Demo\app\build\intermediates\transforms\dex\debug\folders\1000\5\slice_1 D:\Hai\Demo\app\build\intermediates\transforms\instantRunSlicer\debug\folders\1\5\slice_1
java_class_path (initial): C:\Users\Administrator\AppData\Local\Android\sdk\build-tools\23.0.3\lib\dx.jar
Launcher Type: SUN_STANDARD

Environment Variables:
PATH=C:\ProgramData\Oracle\Java\javapath;C:\Windows\system32;C:\Windows;C:\Windows\System32\Wbem;C:\Windows\System32\WindowsPowerShell\v1.0\;C:\Program Files\Git\cmd;C:\Program Files\Git\mingw64\bin;C:\Program Files\Git\usr\bin
USERNAME=Administrator
OS=Windows_NT
PROCESSOR_IDENTIFIER=Intel64 Family 6 Model 58 Stepping 9, GenuineIntel



---------------  S Y S T E M  ---------------

OS: Windows 7 , 64 bit Build 7601 (6.1.7601.18015)

CPU:total 4 (2 cores per cpu, 2 threads per core) family 6 model 58 stepping 9, cmov, cx8, fxsr, mmx, sse, sse2, sse3, ssse3, sse4.1, sse4.2, popcnt, avx, aes, clmul, erms, ht, tsc, tscinvbit, tscinv

Memory: 4k page, physical 4094316k(553900k free), swap 4094316k(5064k free)

vm_info: Java HotSpot(TM) 64-Bit Server VM (25.60-b23) for windows-amd64 JRE (1.8.0_60-b27), built on Aug  4 2015 11:06:27 by "java_re" with MS VC++ 10.0 (VS2010)

time: Fri Jul 22 22:17:16 2016
elapsed time: 3 seconds (0d 0h 0m 3s)

