#
# There is insufficient memory for the Java Runtime Environment to continue.
# Native memory allocation (malloc) failed to allocate 65552 bytes for Chunk::new
# Possible reasons:
#   The system is out of physical RAM or swap space
#   In 32 bit mode, the process size limit was hit
# Possible solutions:
#   Reduce memory load on the system
#   Increase physical memory or swap space
#   Check if swap backing store is full
#   Use 64 bit Java on a 64 bit OS
#   Decrease Java heap size (-Xmx/-Xms)
#   Decrease number of Java threads
#   Decrease Java thread stack sizes (-Xss)
#   Set larger code cache with -XX:ReservedCodeCacheSize=
# This output file may be truncated or incomplete.
#
#  Out of Memory Error (allocation.cpp:390), pid=2108, tid=716
#
# JRE version: Java(TM) SE Runtime Environment (8.0_60-b27) (build 1.8.0_60-b27)
# Java VM: Java HotSpot(TM) 64-Bit Server VM (25.60-b23 mixed mode windows-amd64 compressed oops)
# Failed to write core dump. Minidumps are not enabled by default on client versions of Windows
#

---------------  T H R E A D  ---------------

Current thread (0x0000000054fc8000):  JavaThread "C2 CompilerThread0" daemon [_thread_in_native, id=716, stack(0x0000000056720000,0x0000000056820000)]

Stack: [0x0000000056720000,0x0000000056820000]
[error occurred during error reporting (printing stack bounds), id 0xc0000005]

Native frames: (J=compiled Java code, j=interpreted, Vv=VM code, C=native code)


Current CompileTask:
C2:   4469 1299       4       com.android.dx.ssa.LiteralOpUpgrader::tryReplacingWithConstant (161 bytes)


---------------  P R O C E S S  ---------------

Java Threads: ( => current thread )
  0x000000005737a000 JavaThread "pool-2-thread-4" [_thread_blocked, id=3972, stack(0x0000000058240000,0x0000000058340000)]
  0x0000000057338000 JavaThread "pool-2-thread-3" [_thread_in_vm, id=3016, stack(0x0000000058010000,0x0000000058110000)]
  0x0000000057337000 JavaThread "pool-2-thread-2" [_thread_blocked, id=3308, stack(0x00000000568b0000,0x00000000569b0000)]
  0x0000000057328800 JavaThread "pool-3-thread-1" [_thread_blocked, id=3556, stack(0x0000000057dd0000,0x0000000057ed0000)]
  0x0000000057346800 JavaThread "pool-2-thread-1" [_thread_blocked, id=3084, stack(0x0000000057c10000,0x0000000057d10000)]
  0x0000000054fcd800 JavaThread "Service Thread" daemon [_thread_blocked, id=2420, stack(0x0000000057030000,0x0000000057130000)]
  0x0000000054fcb000 JavaThread "C1 CompilerThread2" daemon [_thread_in_native, id=3636, stack(0x0000000056b20000,0x0000000056c20000)]
  0x0000000054fca000 JavaThread "C2 CompilerThread1" daemon [_thread_in_native, id=1864, stack(0x00000000569f0000,0x0000000056af0000)]
=>0x0000000054fc8000 JavaThread "C2 CompilerThread0" daemon [_thread_in_native, id=716, stack(0x0000000056720000,0x0000000056820000)]
  0x0000000054fc1800 JavaThread "Attach Listener" daemon [_thread_blocked, id=3964, stack(0x0000000056450000,0x0000000056550000)]
  0x0000000054fc0800 JavaThread "Signal Dispatcher" daemon [_thread_blocked, id=1372, stack(0x0000000056550000,0x0000000056650000)]
  0x0000000054f61000 JavaThread "Finalizer" daemon [_thread_blocked, id=3856, stack(0x00000000562a0000,0x00000000563a0000)]
  0x0000000054f60000 JavaThread "Reference Handler" daemon [_thread_blocked, id=3816, stack(0x0000000055ef0000,0x0000000055ff0000)]
  0x0000000001e2e000 JavaThread "main" [_thread_in_Java, id=2488, stack(0x00000000020d0000,0x00000000021d0000)]

Other Threads:
  0x0000000054f5a800 VMThread [stack: 0x00000000560a0000,0x00000000561a0000] [id=3564]
  0x0000000056cb0000 WatcherThread [stack: 0x0000000057220000,0x0000000057320000] [id=3080]

VM state:not at safepoint (normal execution)

VM Mutex/Monitor currently owned by a thread: None

Heap:
 PSYoungGen      total 35328K, used 18782K [0x00000000eab00000, 0x00000000ed000000, 0x0000000100000000)
  eden space 32768K, 49% used [0x00000000eab00000,0x00000000ebad9328,0x00000000ecb00000)
  from space 2560K, 99% used [0x00000000ecd80000,0x00000000ecffe798,0x00000000ed000000)
  to   space 2560K, 0% used [0x00000000ecb00000,0x00000000ecb00000,0x00000000ecd80000)
 ParOldGen       total 44032K, used 1934K [0x00000000c0000000, 0x00000000c2b00000, 0x00000000eab00000)
  object space 44032K, 4% used [0x00000000c0000000,0x00000000c01e3808,0x00000000c2b00000)
 Metaspace       used 6016K, capacity 6960K, committed 7040K, reserved 1056768K
  class space    used 600K, capacity 616K, committed 640K, reserved 1048576K

Card table byte_map: [0x0000000011860000,0x0000000011a70000] byte_map_base: 0x0000000011260000

Marking Bits: (ParMarkBitMap*) 0x0000000073eca5b0
 Begin Bits: [0x00000000123d0000, 0x00000000133d0000)
 End Bits:   [0x00000000133d0000, 0x00000000143d0000)

Polling page: 0x0000000000110000

CodeCache: size=245760Kb used=5188Kb max_used=5188Kb free=240571Kb
 bounds [0x00000000024a0000, 0x00000000029c0000, 0x00000000114a0000]
 total_blobs=1571 nmethods=1302 adapters=182
 compilation: enabled

Compilation events (10 events):
Event: 4.461 Thread 0x0000000054fcb000 nmethod 1301 0x00000000029b1150 code [0x00000000029b1340, 0x00000000029b1df8]
Event: 4.462 Thread 0x0000000054fcb000 1303       3       com.android.dx.cf.attrib.AttCode::byteLength (29 bytes)
Event: 4.463 Thread 0x0000000054fcb000 nmethod 1303 0x00000000029acd90 code [0x00000000029acf60, 0x00000000029ad9b8]
Event: 4.464 Thread 0x0000000054fcb000 1304       3       com.android.dx.cf.attrib.RawAttribute::byteLength (11 bytes)
Event: 4.464 Thread 0x0000000054fcb000 nmethod 1304 0x00000000029a6bd0 code [0x00000000029a6d20, 0x00000000029a6f10]
Event: 4.465 Thread 0x0000000054fcb000 1305       3       com.android.dx.cf.code.BytecodeArray::<init> (43 bytes)
Event: 4.466 Thread 0x0000000054fcb000 nmethod 1305 0x00000000029b0a90 code [0x00000000029b0c20, 0x00000000029b0fd8]
Event: 4.466 Thread 0x0000000054fcb000 1306   !   3       com.android.dx.cf.attrib.AttLineNumberTable::<init> (43 bytes)
Event: 4.466 Thread 0x0000000054fcb000 nmethod 1306 0x00000000029b0150 code [0x00000000029b0300, 0x00000000029b07f8]
Event: 4.466 Thread 0x0000000054fcb000 1307   !   3       com.android.dx.cf.attrib.AttCode::<init> (144 bytes)

GC Heap History (4 events):
Event: 0.799 GC heap before
{Heap before GC invocations=1 (full 0):
 PSYoungGen      total 18944K, used 16384K [0x00000000eab00000, 0x00000000ec000000, 0x0000000100000000)
  eden space 16384K, 100% used [0x00000000eab00000,0x00000000ebb00000,0x00000000ebb00000)
  from space 2560K, 0% used [0x00000000ebd80000,0x00000000ebd80000,0x00000000ec000000)
  to   space 2560K, 0% used [0x00000000ebb00000,0x00000000ebb00000,0x00000000ebd80000)
 ParOldGen       total 44032K, used 0K [0x00000000c0000000, 0x00000000c2b00000, 0x00000000eab00000)
  object space 44032K, 0% used [0x00000000c0000000,0x00000000c0000000,0x00000000c2b00000)
 Metaspace       used 3980K, capacity 5104K, committed 5376K, reserved 1056768K
  class space    used 447K, capacity 488K, committed 512K, reserved 1048576K
Event: 0.954 GC heap after
Heap after GC invocations=1 (full 0):
 PSYoungGen      total 18944K, used 1413K [0x00000000eab00000, 0x00000000ed000000, 0x0000000100000000)
  eden space 16384K, 0% used [0x00000000eab00000,0x00000000eab00000,0x00000000ebb00000)
  from space 2560K, 55% used [0x00000000ebb00000,0x00000000ebc615c8,0x00000000ebd80000)
  to   space 2560K, 0% used [0x00000000ecd80000,0x00000000ecd80000,0x00000000ed000000)
 ParOldGen       total 44032K, used 8K [0x00000000c0000000, 0x00000000c2b00000, 0x00000000eab00000)
  object space 44032K, 0% used [0x00000000c0000000,0x00000000c0002000,0x00000000c2b00000)
 Metaspace       used 3980K, capacity 5104K, committed 5376K, reserved 1056768K
  class space    used 447K, capacity 488K, committed 512K, reserved 1048576K
}
Event: 3.534 GC heap before
{Heap before GC invocations=2 (full 0):
 PSYoungGen      total 18944K, used 17797K [0x00000000eab00000, 0x00000000ed000000, 0x0000000100000000)
  eden space 16384K, 100% used [0x00000000eab00000,0x00000000ebb00000,0x00000000ebb00000)
  from space 2560K, 55% used [0x00000000ebb00000,0x00000000ebc615c8,0x00000000ebd80000)
  to   space 2560K, 0% used [0x00000000ecd80000,0x00000000ecd80000,0x00000000ed000000)
 ParOldGen       total 44032K, used 8K [0x00000000c0000000, 0x00000000c2b00000, 0x00000000eab00000)
  object space 44032K, 0% used [0x00000000c0000000,0x00000000c0002000,0x00000000c2b00000)
 Metaspace       used 5882K, capacity 6832K, committed 7040K, reserved 1056768K
  class space    used 600K, capacity 616K, committed 640K, reserved 1048576K
Event: 3.618 GC heap after
Heap after GC invocations=2 (full 0):
 PSYoungGen      total 35328K, used 2553K [0x00000000eab00000, 0x00000000ed000000, 0x0000000100000000)
  eden space 32768K, 0% used [0x00000000eab00000,0x00000000eab00000,0x00000000ecb00000)
  from space 2560K, 99% used [0x00000000ecd80000,0x00000000ecffe798,0x00000000ed000000)
  to   space 2560K, 0% used [0x00000000ecb00000,0x00000000ecb00000,0x00000000ecd80000)
 ParOldGen       total 44032K, used 1934K [0x00000000c0000000, 0x00000000c2b00000, 0x00000000eab00000)
  object space 44032K, 4% used [0x00000000c0000000,0x00000000c01e3808,0x00000000c2b00000)
 Metaspace       used 5882K, capacity 6832K, committed 7040K, reserved 1056768K
  class space    used 600K, capacity 616K, committed 640K, reserved 1048576K
}

Deoptimization events (8 events):
Event: 0.556 Thread 0x0000000001e2e000 Uncommon trap: reason=unstable_if action=reinterpret pc=0x00000000025e6f84 method=java.lang.String.compareTo(Ljava/lang/String;)I @ 38
Event: 3.501 Thread 0x0000000057337000 Uncommon trap: reason=unstable_if action=reinterpret pc=0x00000000026a5220 method=java.util.BitSet.nextSetBit(I)I @ 87
Event: 3.750 Thread 0x0000000057337000 Uncommon trap: reason=unstable_if action=reinterpret pc=0x000000000281f604 method=com.android.dx.rop.cst.Constant.compareTo(Lcom/android/dx/rop/cst/Constant;)I @ 12
Event: 3.780 Thread 0x0000000057337000 Uncommon trap: reason=class_check action=maybe_recompile pc=0x00000000027e6910 method=com.android.dx.rop.type.Type.equals(Ljava/lang/Object;)Z @ 8
Event: 4.115 Thread 0x0000000057346800 Uncommon trap: reason=class_check action=maybe_recompile pc=0x00000000027e6910 method=com.android.dx.rop.type.Type.equals(Ljava/lang/Object;)Z @ 8
Event: 4.127 Thread 0x0000000057346800 Uncommon trap: reason=null_check action=make_not_entrant pc=0x00000000027e6920 method=com.android.dx.rop.type.Type.equals(Ljava/lang/Object;)Z @ 8
Event: 4.240 Thread 0x0000000057346800 Uncommon trap: reason=unstable_if action=reinterpret pc=0x000000000297fbc0 method=com.android.dx.util.LabeledList.set(ILcom/android/dx/util/LabeledItem;)V @ 16
Event: 4.240 Thread 0x0000000057346800 Uncommon trap: reason=unstable_if action=reinterpret pc=0x00000000028fe390 method=com.android.dx.util.LabeledList.set(ILcom/android/dx/util/LabeledItem;)V @ 16

Internal exceptions (3 events):
Event: 0.116 Thread 0x0000000001e2e000 Exception <a 'java/lang/NoSuchMethodError': Method sun.misc.Unsafe.defineClass(Ljava/lang/String;[BII)Ljava/lang/Class; name or signature does not match> (0x00000000eab0d440) thrown at [C:\re\workspace\8-2-build-windows-amd64-cygwin\jdk8u60\4407\hotspot\srﬂ°ÿ∏Ω?
Event: 0.116 Thread 0x0000000001e2e000 Exception <a 'java/lang/NoSuchMethodError': Method sun.misc.Unsafe.prefetchRead(Ljava/lang/Object;J)V name or signature does not match> (0x00000000eab0d728) thrown at [C:\re\workspace\8-2-build-windows-amd64-cygwin\jdk8u60\4407\hotspot\src\share\vm\prims\j&œNÏÅ@
Event: 4.127 Thread 0x0000000057346800 Implicit null exception at 0x00000000027e6812 to 0x00000000027e6911

Events (10 events):
Event: 4.199 Thread 0x0000000057346800 DEOPT PACKING pc=0x000000000289cd5e sp=0x0000000057d0e7e0
Event: 4.199 Thread 0x0000000057346800 DEOPT UNPACKING pc=0x00000000024e787f sp=0x0000000057d0e548 mode 0
Event: 4.240 Thread 0x0000000057346800 Uncommon trap: trap_request=0xffffff65 fr.pc=0x000000000297fbc0
Event: 4.240 Thread 0x0000000057346800 DEOPT PACKING pc=0x000000000297fbc0 sp=0x0000000057d0e810
Event: 4.240 Thread 0x0000000057346800 DEOPT UNPACKING pc=0x00000000024e582a sp=0x0000000057d0e7a8 mode 2
Event: 4.240 Thread 0x0000000057346800 Uncommon trap: trap_request=0xffffff65 fr.pc=0x00000000028fe390
Event: 4.240 Thread 0x0000000057346800 DEOPT PACKING pc=0x00000000028fe390 sp=0x0000000057d0e950
Event: 4.240 Thread 0x0000000057346800 DEOPT UNPACKING pc=0x00000000024e582a sp=0x0000000057d0e938 mode 2
Event: 4.306 Executing VM operation: EnableBiasedLocking
Event: 4.306 Executing VM operation: EnableBiasedLocking done


Dynamic libraries:
0x000000013fc00000 - 0x000000013fc37000 	C:\Program Files\Java\jdk1.8.0_60\bin\java.exe
0x0000000077950000 - 0x0000000077af9000 	C:\Windows\SYSTEM32\ntdll.dll
0x0000000077830000 - 0x000000007794f000 	C:\Windows\system32\kernel32.dll
0x000007fefd7d0000 - 0x000007fefd83b000 	C:\Windows\system32\KERNELBASE.dll
0x000007fefdda0000 - 0x000007fefde7b000 	C:\Windows\system32\ADVAPI32.dll
0x000007fefe820000 - 0x000007fefe8bf000 	C:\Windows\system32\msvcrt.dll
0x000007fefe2a0000 - 0x000007fefe2bf000 	C:\Windows\SYSTEM32\sechost.dll
0x000007fefdc70000 - 0x000007fefdd9d000 	C:\Windows\system32\RPCRT4.dll
0x0000000077730000 - 0x000000007782a000 	C:\Windows\system32\USER32.dll
0x000007fefe940000 - 0x000007fefe9a7000 	C:\Windows\system32\GDI32.dll
0x000007fefe050000 - 0x000007fefe05e000 	C:\Windows\system32\LPK.dll
0x000007fefe750000 - 0x000007fefe819000 	C:\Windows\system32\USP10.dll
0x000007fefc170000 - 0x000007fefc364000 	C:\Windows\WinSxS\amd64_microsoft.windows.common-controls_6595b64144ccf1df_6.0.7601.17514_none_fa396087175ac9ac\COMCTL32.dll
0x000007feff980000 - 0x000007feff9f1000 	C:\Windows\system32\SHLWAPI.dll
0x000007feffc30000 - 0x000007feffc5e000 	C:\Windows\system32\IMM32.DLL
0x000007fefe9b0000 - 0x000007fefeab9000 	C:\Windows\system32\MSCTF.dll
0x0000000074310000 - 0x00000000743e2000 	C:\Program Files\Java\jdk1.8.0_60\jre\bin\msvcr100.dll
0x00000000736c0000 - 0x0000000073f49000 	C:\Program Files\Java\jdk1.8.0_60\jre\bin\server\jvm.dll
0x000007fef3cb0000 - 0x000007fef3cb9000 	C:\Windows\system32\WSOCK32.dll
0x000007fefeac0000 - 0x000007fefeb0d000 	C:\Windows\system32\WS2_32.dll
0x000007fefdee0000 - 0x000007fefdee8000 	C:\Windows\system32\NSI.dll
0x000007fef67b0000 - 0x000007fef67eb000 	C:\Windows\system32\WINMM.dll
0x000007fefc860000 - 0x000007fefc86c000 	C:\Windows\system32\VERSION.dll
0x0000000077b10000 - 0x0000000077b17000 	C:\Windows\system32\PSAPI.DLL
0x00000000754a0000 - 0x00000000754af000 	C:\Program Files\Java\jdk1.8.0_60\jre\bin\verify.dll
0x0000000075470000 - 0x0000000075499000 	C:\Program Files\Java\jdk1.8.0_60\jre\bin\java.dll
0x0000000075450000 - 0x0000000075466000 	C:\Program Files\Java\jdk1.8.0_60\jre\bin\zip.dll
0x000007fefeb10000 - 0x000007feff898000 	C:\Windows\system32\SHELL32.dll
0x000007feffa00000 - 0x000007feffc03000 	C:\Windows\system32\ole32.dll
0x000007fefd730000 - 0x000007fefd73f000 	C:\Windows\system32\profapi.dll

VM Arguments:
jvm_args: -Djava.awt.headless=true -Xmx1024M -Dfile.encoding=windows-1252 -Duser.country=US -Duser.language=en -Duser.variant 
java_command: com.android.dx.command.Main --dex --force-jumbo --num-threads=4 --multi-dex --output D:\Hai\Demo\app\build\intermediates\transforms\dex\debug\folders\1000\10\com.android.support-support-v4-23.4.0_89d756267a63c137aa0ccd1b554c51da7071b325 D:\Hai\Demo\app\build\intermediates\exploded-aar\com.android.support\support-v4\23.4.0\jars\classes.jar
java_class_path (initial): C:\Users\Administrator\AppData\Local\Android\sdk\build-tools\23.0.3\lib\dx.jar
Launcher Type: SUN_STANDARD

Environment Variables:
PATH=C:\ProgramData\Oracle\Java\javapath;C:\Windows\system32;C:\Windows;C:\Windows\System32\Wbem;C:\Windows\System32\WindowsPowerShell\v1.0\;C:\Program Files\Git\cmd;C:\Program Files\Git\mingw64\bin;C:\Program Files\Git\usr\bin
USERNAME=Administrator
OS=Windows_NT
PROCESSOR_IDENTIFIER=Intel64 Family 6 Model 58 Stepping 9, GenuineIntel



---------------  S Y S T E M  ---------------

OS: Windows 7 , 64 bit Build 7601 (6.1.7601.18015)

CPU:total 4 (2 cores per cpu, 2 threads per core) family 6 model 58 stepping 9, cmov, cx8, fxsr, mmx, sse, sse2, sse3, ssse3, sse4.1, sse4.2, popcnt, avx, aes, clmul, erms, ht, tsc, tscinvbit, tscinv

Memory: 4k page, physical 4094316k(788564k free), swap 4094316k(5108k free)

vm_info: Java HotSpot(TM) 64-Bit Server VM (25.60-b23) for windows-amd64 JRE (1.8.0_60-b27), built on Aug  4 2015 11:06:27 by "java_re" with MS VC++ 10.0 (VS2010)

time: Sun Jul 17 10:29:19 2016
elapsed time: 4 seconds (0d 0h 0m 4s)

