#
# There is insufficient memory for the Java Runtime Environment to continue.
# Native memory allocation (malloc) failed to allocate 124768 bytes for Chunk::new
# Possible reasons:
#   The system is out of physical RAM or swap space
#   In 32 bit mode, the process size limit was hit
# Possible solutions:
#   Reduce memory load on the system
#   Increase physical memory or swap space
#   Check if swap backing store is full
#   Use 64 bit Java on a 64 bit OS
#   Decrease Java heap size (-Xmx/-Xms)
#   Decrease number of Java threads
#   Decrease Java thread stack sizes (-Xss)
#   Set larger code cache with -XX:ReservedCodeCacheSize=
# This output file may be truncated or incomplete.
#
#  Out of Memory Error (allocation.cpp:390), pid=1944, tid=2004
#
# JRE version: Java(TM) SE Runtime Environment (8.0_60-b27) (build 1.8.0_60-b27)
# Java VM: Java HotSpot(TM) 64-Bit Server VM (25.60-b23 mixed mode windows-amd64 compressed oops)
# Failed to write core dump. Minidumps are not enabled by default on client versions of Windows
#

---------------  T H R E A D  ---------------

Current thread (0x0000000056126000):  JavaThread "C2 CompilerThread1" daemon [_thread_in_native, id=2004, stack(0x00000000568e0000,0x00000000569e0000)]

Stack: [0x00000000568e0000,0x00000000569e0000]
[error occurred during error reporting (printing stack bounds), id 0xc0000005]

Native frames: (J=compiled Java code, j=interpreted, Vv=VM code, C=native code)


Current CompileTask:
C2:   2515  854   !   4       com.android.dx.cf.code.BytecodeArray::parseInstruction (2764 bytes)


---------------  P R O C E S S  ---------------

Java Threads: ( => current thread )
  0x00000000563db800 JavaThread "pool-2-thread-4" [_thread_blocked, id=3020, stack(0x0000000057260000,0x0000000057360000)]
  0x00000000562aa000 JavaThread "pool-2-thread-3" [_thread_blocked, id=2124, stack(0x00000000567b0000,0x00000000568b0000)]
  0x00000000562a2000 JavaThread "pool-2-thread-2" [_thread_in_Java, id=3056, stack(0x0000000057370000,0x0000000057470000)]
  0x0000000056260000 JavaThread "pool-3-thread-1" [_thread_blocked, id=3112, stack(0x0000000057150000,0x0000000057250000)]
  0x0000000056262800 JavaThread "pool-2-thread-1" [_thread_blocked, id=944, stack(0x0000000056fe0000,0x00000000570e0000)]
  0x0000000054c9e800 JavaThread "Service Thread" daemon [_thread_blocked, id=2128, stack(0x0000000056c80000,0x0000000056d80000)]
  0x0000000056127000 JavaThread "C1 CompilerThread2" daemon [_thread_blocked, id=2876, stack(0x0000000056a90000,0x0000000056b90000)]
=>0x0000000056126000 JavaThread "C2 CompilerThread1" daemon [_thread_in_native, id=2004, stack(0x00000000568e0000,0x00000000569e0000)]
  0x0000000056124800 JavaThread "C2 CompilerThread0" daemon [_thread_blocked, id=2980, stack(0x0000000056640000,0x0000000056740000)]
  0x0000000054c93800 JavaThread "Attach Listener" daemon [_thread_blocked, id=1416, stack(0x0000000056520000,0x0000000056620000)]
  0x0000000054c92800 JavaThread "Signal Dispatcher" daemon [_thread_blocked, id=1664, stack(0x0000000055ea0000,0x0000000055fa0000)]
  0x0000000054c31000 JavaThread "Finalizer" daemon [_thread_blocked, id=3412, stack(0x0000000056020000,0x0000000056120000)]
  0x0000000054c30000 JavaThread "Reference Handler" daemon [_thread_blocked, id=3736, stack(0x0000000055c40000,0x0000000055d40000)]
  0x000000000026e000 JavaThread "main" [_thread_blocked, id=2260, stack(0x0000000002080000,0x0000000002180000)]

Other Threads:
  0x0000000054c2a800 VMThread [stack: 0x0000000055d70000,0x0000000055e70000] [id=4092]
  0x000000005618a000 WatcherThread [stack: 0x0000000056de0000,0x0000000056ee0000] [id=2776]

VM state:not at safepoint (normal execution)

VM Mutex/Monitor currently owned by a thread: None

Heap:
 PSYoungGen      total 18944K, used 7142K [0x00000000eab00000, 0x00000000ec000000, 0x0000000100000000)
  eden space 16384K, 28% used [0x00000000eab00000,0x00000000eaf7e048,0x00000000ebb00000)
  from space 2560K, 99% used [0x00000000ebb00000,0x00000000ebd7bab8,0x00000000ebd80000)
  to   space 2560K, 0% used [0x00000000ebd80000,0x00000000ebd80000,0x00000000ec000000)
 ParOldGen       total 44032K, used 1571K [0x00000000c0000000, 0x00000000c2b00000, 0x00000000eab00000)
  object space 44032K, 3% used [0x00000000c0000000,0x00000000c0188c50,0x00000000c2b00000)
 Metaspace       used 5589K, capacity 6768K, committed 7040K, reserved 1056768K
  class space    used 577K, capacity 616K, committed 640K, reserved 1048576K

Card table byte_map: [0x0000000011810000,0x0000000011a20000] byte_map_base: 0x0000000011210000

Marking Bits: (ParMarkBitMap*) 0x0000000073eca5b0
 Begin Bits: [0x00000000120a0000, 0x00000000130a0000)
 End Bits:   [0x00000000130a0000, 0x00000000140a0000)

Polling page: 0x0000000000210000

CodeCache: size=245760Kb used=3225Kb max_used=3237Kb free=242535Kb
 bounds [0x0000000002450000, 0x0000000002780000, 0x0000000011450000]
 total_blobs=1067 nmethods=805 adapters=175
 compilation: enabled

Compilation events (10 events):
Event: 2.413 Thread 0x0000000056126000 nmethod 824 0x0000000002774c50 code [0x0000000002774da0, 0x00000000027752f8]
Event: 2.413 Thread 0x0000000056126000  835       4       com.android.dx.cf.code.Ropper::labelToResultIndex (47 bytes)
Event: 2.418 Thread 0x0000000056126000 nmethod 835 0x0000000002774690 code [0x00000000027747e0, 0x0000000002774a98]
Event: 2.419 Thread 0x0000000056126000  837 %     4       com.android.dx.cf.code.Ropper::getAvailableLabel @ 13 (54 bytes)
Event: 2.427 Thread 0x0000000056126000 nmethod 837% 0x0000000002778890 code [0x0000000002778a00, 0x0000000002778dd8]
Event: 2.427 Thread 0x0000000056126000  789       4       com.android.dx.ssa.NormalSsaInsn::mapSourceRegisters (48 bytes)
Event: 2.468 Thread 0x0000000056126000 nmethod 789 0x000000000277b810 code [0x000000000277ba00, 0x000000000277ca38]
Event: 2.469 Thread 0x0000000056126000  850       4       com.android.dx.cf.code.Ropper::getAvailableLabel (54 bytes)
Event: 2.478 Thread 0x0000000056126000 nmethod 850 0x00000000027799d0 code [0x0000000002779b40, 0x0000000002779f58]
Event: 2.478 Thread 0x0000000056126000  854   !   4       com.android.dx.cf.code.BytecodeArray::parseInstruction (2764 bytes)

GC Heap History (2 events):
Event: 1.710 GC heap before
{Heap before GC invocations=1 (full 0):
 PSYoungGen      total 18944K, used 16384K [0x00000000eab00000, 0x00000000ec000000, 0x0000000100000000)
  eden space 16384K, 100% used [0x00000000eab00000,0x00000000ebb00000,0x00000000ebb00000)
  from space 2560K, 0% used [0x00000000ebd80000,0x00000000ebd80000,0x00000000ec000000)
  to   space 2560K, 0% used [0x00000000ebb00000,0x00000000ebb00000,0x00000000ebd80000)
 ParOldGen       total 44032K, used 0K [0x00000000c0000000, 0x00000000c2b00000, 0x00000000eab00000)
  object space 44032K, 0% used [0x00000000c0000000,0x00000000c0000000,0x00000000c2b00000)
 Metaspace       used 5550K, capacity 6704K, committed 6784K, reserved 1056768K
  class space    used 575K, capacity 616K, committed 640K, reserved 1048576K
Event: 1.970 GC heap after
Heap after GC invocations=1 (full 0):
 PSYoungGen      total 18944K, used 2542K [0x00000000eab00000, 0x00000000ec000000, 0x0000000100000000)
  eden space 16384K, 0% used [0x00000000eab00000,0x00000000eab00000,0x00000000ebb00000)
  from space 2560K, 99% used [0x00000000ebb00000,0x00000000ebd7bab8,0x00000000ebd80000)
  to   space 2560K, 0% used [0x00000000ebd80000,0x00000000ebd80000,0x00000000ec000000)
 ParOldGen       total 44032K, used 1571K [0x00000000c0000000, 0x00000000c2b00000, 0x00000000eab00000)
  object space 44032K, 3% used [0x00000000c0000000,0x00000000c0188c50,0x00000000c2b00000)
 Metaspace       used 5550K, capacity 6704K, committed 6784K, reserved 1056768K
  class space    used 575K, capacity 616K, committed 640K, reserved 1048576K
}

Deoptimization events (5 events):
Event: 1.334 Thread 0x00000000562a2000 Uncommon trap: reason=unstable_if action=reinterpret pc=0x000000000261fd28 method=java.util.HashMap.getNode(ILjava/lang/Object;)Ljava/util/HashMap$Node; @ 62
Event: 2.238 Thread 0x00000000562a2000 Uncommon trap: reason=unstable_if action=reinterpret pc=0x00000000027528d4 method=com.android.dx.rop.code.RegisterSpec.equals(ILcom/android/dx/rop/type/TypeBearer;Lcom/android/dx/rop/code/LocalItem;)Z @ 24
Event: 2.241 Thread 0x00000000562a2000 Uncommon trap: reason=unloaded action=reinterpret pc=0x000000000270cd68 method=com.android.dx.ssa.SsaRenamer$BlockRenamer.visitMoveInsn(Lcom/android/dx/ssa/NormalSsaInsn;)V @ 208
Event: 2.242 Thread 0x00000000562a2000 Uncommon trap: reason=unstable_if action=reinterpret pc=0x000000000274f498 method=com.android.dx.ssa.NormalSsaInsn.getLocalAssignment()Lcom/android/dx/rop/code/RegisterSpec; @ 12
Event: 2.242 Thread 0x00000000562a2000 Uncommon trap: reason=unstable_if action=reinterpret pc=0x0000000002708760 method=com.android.dx.ssa.NormalSsaInsn.getLocalAssignment()Lcom/android/dx/rop/code/RegisterSpec; @ 12

Internal exceptions (2 events):
Event: 0.096 Thread 0x000000000026e000 Exception <a 'java/lang/NoSuchMethodError': Method sun.misc.Unsafe.defineClass(Ljava/lang/String;[BII)Ljava/lang/Class; name or signature does not match> (0x00000000eab0d398) thrown at [C:\re\workspace\8-2-build-windows-amd64-cygwin\jdk8u60\4407\hotspot\srÖ¥∆ê{∏?
Event: 0.096 Thread 0x000000000026e000 Exception <a 'java/lang/NoSuchMethodError': Method sun.misc.Unsafe.prefetchRead(Ljava/lang/Object;J)V name or signature does not match> (0x00000000eab0d680) thrown at [C:\re\workspace\8-2-build-windows-amd64-cygwin\jdk8u60\4407\hotspot\src\share\vm\prims\j

Events (10 events):
Event: 2.475 Thread 0x00000000562a2000 DEOPT PACKING pc=0x00000000026fde9e sp=0x000000005746e990
Event: 2.475 Thread 0x00000000562a2000 DEOPT UNPACKING pc=0x000000000249787f sp=0x000000005746e700 mode 0
Event: 2.476 Thread 0x00000000562a2000 DEOPT PACKING pc=0x00000000026fde9e sp=0x000000005746e990
Event: 2.476 Thread 0x00000000562a2000 DEOPT UNPACKING pc=0x000000000249787f sp=0x000000005746e700 mode 0
Event: 2.476 Thread 0x00000000562a2000 DEOPT PACKING pc=0x00000000026fde9e sp=0x000000005746e990
Event: 2.476 Thread 0x00000000562a2000 DEOPT UNPACKING pc=0x000000000249787f sp=0x000000005746e700 mode 0
Event: 2.477 Thread 0x00000000562a2000 DEOPT PACKING pc=0x00000000026fde9e sp=0x000000005746e990
Event: 2.477 Thread 0x00000000562a2000 DEOPT UNPACKING pc=0x000000000249787f sp=0x000000005746e700 mode 0
Event: 2.478 Thread 0x00000000562a2000 DEOPT PACKING pc=0x00000000026fde9e sp=0x000000005746e990
Event: 2.478 Thread 0x00000000562a2000 DEOPT UNPACKING pc=0x000000000249787f sp=0x000000005746e700 mode 0


Dynamic libraries:
0x000000013fc00000 - 0x000000013fc37000 	C:\Program Files\Java\jdk1.8.0_60\bin\java.exe
0x0000000077950000 - 0x0000000077af9000 	C:\Windows\SYSTEM32\ntdll.dll
0x0000000077830000 - 0x000000007794f000 	C:\Windows\system32\kernel32.dll
0x000007fefd7d0000 - 0x000007fefd83b000 	C:\Windows\system32\KERNELBASE.dll
0x000007fefdda0000 - 0x000007fefde7b000 	C:\Windows\system32\ADVAPI32.dll
0x000007fefe820000 - 0x000007fefe8bf000 	C:\Windows\system32\msvcrt.dll
0x000007fefe2a0000 - 0x000007fefe2bf000 	C:\Windows\SYSTEM32\sechost.dll
0x000007fefdc70000 - 0x000007fefdd9d000 	C:\Windows\system32\RPCRT4.dll
0x0000000077730000 - 0x000000007782a000 	C:\Windows\system32\USER32.dll
0x000007fefe940000 - 0x000007fefe9a7000 	C:\Windows\system32\GDI32.dll
0x000007fefe050000 - 0x000007fefe05e000 	C:\Windows\system32\LPK.dll
0x000007fefe750000 - 0x000007fefe819000 	C:\Windows\system32\USP10.dll
0x000007fefc170000 - 0x000007fefc364000 	C:\Windows\WinSxS\amd64_microsoft.windows.common-controls_6595b64144ccf1df_6.0.7601.17514_none_fa396087175ac9ac\COMCTL32.dll
0x000007feff980000 - 0x000007feff9f1000 	C:\Windows\system32\SHLWAPI.dll
0x000007feffc30000 - 0x000007feffc5e000 	C:\Windows\system32\IMM32.DLL
0x000007fefe9b0000 - 0x000007fefeab9000 	C:\Windows\system32\MSCTF.dll
0x0000000074310000 - 0x00000000743e2000 	C:\Program Files\Java\jdk1.8.0_60\jre\bin\msvcr100.dll
0x00000000736c0000 - 0x0000000073f49000 	C:\Program Files\Java\jdk1.8.0_60\jre\bin\server\jvm.dll
0x000007fef3cb0000 - 0x000007fef3cb9000 	C:\Windows\system32\WSOCK32.dll
0x000007fefeac0000 - 0x000007fefeb0d000 	C:\Windows\system32\WS2_32.dll
0x000007fefdee0000 - 0x000007fefdee8000 	C:\Windows\system32\NSI.dll
0x000007fef67b0000 - 0x000007fef67eb000 	C:\Windows\system32\WINMM.dll
0x000007fefc860000 - 0x000007fefc86c000 	C:\Windows\system32\VERSION.dll
0x0000000077b10000 - 0x0000000077b17000 	C:\Windows\system32\PSAPI.DLL
0x00000000754a0000 - 0x00000000754af000 	C:\Program Files\Java\jdk1.8.0_60\jre\bin\verify.dll
0x0000000075470000 - 0x0000000075499000 	C:\Program Files\Java\jdk1.8.0_60\jre\bin\java.dll
0x0000000075450000 - 0x0000000075466000 	C:\Program Files\Java\jdk1.8.0_60\jre\bin\zip.dll
0x000007fefeb10000 - 0x000007feff898000 	C:\Windows\system32\SHELL32.dll
0x000007feffa00000 - 0x000007feffc03000 	C:\Windows\system32\ole32.dll
0x000007fefd730000 - 0x000007fefd73f000 	C:\Windows\system32\profapi.dll

VM Arguments:
jvm_args: -Djava.awt.headless=true -Xmx1024M -Dfile.encoding=windows-1252 -Duser.country=US -Duser.language=en -Duser.variant 
java_command: com.android.dx.command.Main --dex --force-jumbo --num-threads=4 --multi-dex --output D:\Hai\Demo\app\build\intermediates\transforms\dex\debug\folders\1000\5\slice_0 D:\Hai\Demo\app\build\intermediates\transforms\instantRunSlicer\debug\folders\1\5\slice_0
java_class_path (initial): C:\Users\Administrator\AppData\Local\Android\sdk\build-tools\23.0.3\lib\dx.jar
Launcher Type: SUN_STANDARD

Environment Variables:
PATH=C:\ProgramData\Oracle\Java\javapath;C:\Windows\system32;C:\Windows;C:\Windows\System32\Wbem;C:\Windows\System32\WindowsPowerShell\v1.0\;C:\Program Files\Git\cmd;C:\Program Files\Git\mingw64\bin;C:\Program Files\Git\usr\bin
USERNAME=Administrator
OS=Windows_NT
PROCESSOR_IDENTIFIER=Intel64 Family 6 Model 58 Stepping 9, GenuineIntel



---------------  S Y S T E M  ---------------

OS: Windows 7 , 64 bit Build 7601 (6.1.7601.18015)

CPU:total 4 (2 cores per cpu, 2 threads per core) family 6 model 58 stepping 9, cmov, cx8, fxsr, mmx, sse, sse2, sse3, ssse3, sse4.1, sse4.2, popcnt, avx, aes, clmul, erms, ht, tsc, tscinvbit, tscinv

Memory: 4k page, physical 4094316k(758996k free), swap 4094316k(5592k free)

vm_info: Java HotSpot(TM) 64-Bit Server VM (25.60-b23) for windows-amd64 JRE (1.8.0_60-b27), built on Aug  4 2015 11:06:27 by "java_re" with MS VC++ 10.0 (VS2010)

time: Sun Jul 17 10:29:17 2016
elapsed time: 2 seconds (0d 0h 0m 2s)

