#
# There is insufficient memory for the Java Runtime Environment to continue.
# Native memory allocation (malloc) failed to allocate 53216 bytes for Chunk::new
# Possible reasons:
#   The system is out of physical RAM or swap space
#   In 32 bit mode, the process size limit was hit
# Possible solutions:
#   Reduce memory load on the system
#   Increase physical memory or swap space
#   Check if swap backing store is full
#   Use 64 bit Java on a 64 bit OS
#   Decrease Java heap size (-Xmx/-Xms)
#   Decrease number of Java threads
#   Decrease Java thread stack sizes (-Xss)
#   Set larger code cache with -XX:ReservedCodeCacheSize=
# This output file may be truncated or incomplete.
#
#  Out of Memory Error (allocation.cpp:390), pid=3652, tid=3604
#
# JRE version: Java(TM) SE Runtime Environment (8.0_60-b27) (build 1.8.0_60-b27)
# Java VM: Java HotSpot(TM) 64-Bit Server VM (25.60-b23 mixed mode windows-amd64 compressed oops)
# Failed to write core dump. Minidumps are not enabled by default on client versions of Windows
#

---------------  T H R E A D  ---------------

Current thread (0x000000005489c000):  JavaThread "C2 CompilerThread0" daemon [_thread_in_native, id=3604, stack(0x0000000055b90000,0x0000000055c90000)]

Stack: [0x0000000055b90000,0x0000000055c90000]
[error occurred during error reporting (printing stack bounds), id 0xc0000005]

Native frames: (J=compiled Java code, j=interpreted, Vv=VM code, C=native code)


Current CompileTask:
C2:    515  495       4       java.util.HashMap::getNode (148 bytes)


---------------  P R O C E S S  ---------------

Java Threads: ( => current thread )
  0x000000005605b000 JavaThread "pool-2-thread-4" [_thread_blocked, id=1952, stack(0x0000000056a80000,0x0000000056b80000)]
  0x0000000056056800 JavaThread "pool-2-thread-3" [_thread_blocked, id=1556, stack(0x0000000056610000,0x0000000056710000)]
  0x0000000056054800 JavaThread "pool-2-thread-2" [_thread_blocked, id=3560, stack(0x00000000568b0000,0x00000000569b0000)]
  0x000000005604f800 JavaThread "pool-3-thread-1" [_thread_blocked, id=3864, stack(0x00000000567b0000,0x00000000568b0000)]
  0x0000000056042800 JavaThread "pool-2-thread-1" [_thread_in_Java, id=1816, stack(0x0000000056510000,0x0000000056610000)]
  0x00000000548a1000 JavaThread "Service Thread" daemon [_thread_blocked, id=3492, stack(0x0000000055df0000,0x0000000055ef0000)]
  0x000000005489e000 JavaThread "C1 CompilerThread1" daemon [_thread_in_native, id=2204, stack(0x0000000055c90000,0x0000000055d90000)]
=>0x000000005489c000 JavaThread "C2 CompilerThread0" daemon [_thread_in_native, id=3604, stack(0x0000000055b90000,0x0000000055c90000)]
  0x0000000054898800 JavaThread "Attach Listener" daemon [_thread_blocked, id=3700, stack(0x00000000559e0000,0x0000000055ae0000)]
  0x0000000054897000 JavaThread "Signal Dispatcher" daemon [_thread_blocked, id=4000, stack(0x00000000557a0000,0x00000000558a0000)]
  0x0000000054838000 JavaThread "Finalizer" daemon [_thread_blocked, id=4048, stack(0x0000000055650000,0x0000000055750000)]
  0x0000000054834800 JavaThread "Reference Handler" daemon [_thread_blocked, id=1380, stack(0x00000000552b0000,0x00000000553b0000)]
  0x00000000000fd800 JavaThread "main" [_thread_in_vm, id=2672, stack(0x0000000001f00000,0x0000000002000000)]

Other Threads:
  0x000000005482d000 VMThread [stack: 0x0000000055400000,0x0000000055500000] [id=2856]
  0x0000000055ef8000 WatcherThread [stack: 0x0000000056340000,0x0000000056440000] [id=3296]

VM state:not at safepoint (normal execution)

VM Mutex/Monitor currently owned by a thread: None

Heap:
 PSYoungGen      total 18944K, used 10822K [0x00000000eab00000, 0x00000000ec000000, 0x0000000100000000)
  eden space 16384K, 66% used [0x00000000eab00000,0x00000000eb591be8,0x00000000ebb00000)
  from space 2560K, 0% used [0x00000000ebd80000,0x00000000ebd80000,0x00000000ec000000)
  to   space 2560K, 0% used [0x00000000ebb00000,0x00000000ebb00000,0x00000000ebd80000)
 ParOldGen       total 44032K, used 0K [0x00000000c0000000, 0x00000000c2b00000, 0x00000000eab00000)
  object space 44032K, 0% used [0x00000000c0000000,0x00000000c0000000,0x00000000c2b00000)
 Metaspace       used 5357K, capacity 6384K, committed 6528K, reserved 1056768K
  class space    used 580K, capacity 616K, committed 640K, reserved 1048576K

Card table byte_map: [0x0000000011710000,0x0000000011920000] byte_map_base: 0x0000000011110000

Marking Bits: (ParMarkBitMap*) 0x0000000072e2a5b0
 Begin Bits: [0x0000000011d00000, 0x0000000012d00000)
 End Bits:   [0x0000000012d00000, 0x0000000013d00000)

Polling page: 0x0000000000220000

CodeCache: size=245760Kb used=2022Kb max_used=2033Kb free=243737Kb
 bounds [0x0000000002350000, 0x00000000025c0000, 0x0000000011350000]
 total_blobs=744 nmethods=478 adapters=181
 compilation: enabled

Compilation events (10 events):
Event: 0.505 Thread 0x000000005489e000 nmethod 477 0x0000000002547710 code [0x00000000025479a0, 0x00000000025489d8]
Event: 0.505 Thread 0x000000005489e000  476       3       com.android.dx.util.Bits::get (25 bytes)
Event: 0.505 Thread 0x000000005489e000 nmethod 476 0x0000000002549550 code [0x00000000025496c0, 0x0000000002549890]
Event: 0.505 Thread 0x000000005489e000  474   !   3       com.android.dx.cf.code.BytecodeArray::parseInstruction (2764 bytes)
Event: 0.506 Thread 0x000000005489c000 nmethod 478 0x000000000254c650 code [0x000000000254c780, 0x000000000254c838]
Event: 0.507 Thread 0x000000005489c000  486       4       com.android.dx.rop.type.Type::getCategory (36 bytes)
Event: 0.508 Thread 0x000000005489c000 nmethod 486 0x000000000253c950 code [0x000000000253ca80, 0x000000000253caf8]
Event: 0.510 Thread 0x000000005489c000  494       4       java.util.ArrayList$Itr::next (66 bytes)
Event: 0.512 Thread 0x000000005489c000 nmethod 494 0x000000000254ad90 code [0x000000000254aee0, 0x000000000254aff8]
Event: 0.512 Thread 0x000000005489c000  495       4       java.util.HashMap::getNode (148 bytes)

GC Heap History (0 events):
No events

Deoptimization events (0 events):
No events

Internal exceptions (2 events):
Event: 0.087 Thread 0x00000000000fd800 Exception <a 'java/lang/NoSuchMethodError': Method sun.misc.Unsafe.defineClass(Ljava/lang/String;[BII)Ljava/lang/Class; name or signature does not match> (0x00000000eab0cdc8) thrown at [C:\re\workspace\8-2-build-windows-amd64-cygwin\jdk8u60\4407\hotspot\sr¡rì¬{7¶?
Event: 0.087 Thread 0x00000000000fd800 Exception <a 'java/lang/NoSuchMethodError': Method sun.misc.Unsafe.prefetchRead(Ljava/lang/Object;J)V name or signature does not match> (0x00000000eab0d0b0) thrown at [C:\re\workspace\8-2-build-windows-amd64-cygwin\jdk8u60\4407\hotspot\src\share\vm\prims\j

Events (10 events):
Event: 0.502 loading class com/android/dx/rop/annotation/Annotation
Event: 0.502 loading class com/android/dx/rop/annotation/Annotation done
Event: 0.503 loading class com/android/dx/rop/annotation/AnnotationVisibility
Event: 0.503 loading class com/android/dx/rop/annotation/AnnotationVisibility done
Event: 0.503 loading class com/android/dx/rop/annotation/NameValuePair
Event: 0.503 loading class com/android/dx/rop/annotation/NameValuePair done
Event: 0.503 loading class com/android/dx/rop/cst/CstArray$List
Event: 0.503 loading class com/android/dx/rop/cst/CstArray$List done
Event: 0.504 loading class com/android/dx/cf/code/BytecodeArray$ConstantParserVisitor
Event: 0.504 loading class com/android/dx/cf/code/BytecodeArray$ConstantParserVisitor done


Dynamic libraries:
0x000000013f410000 - 0x000000013f447000 	E:\jdk1.8.0_60\bin\java.exe
0x0000000076cb0000 - 0x0000000076e59000 	C:\Windows\SYSTEM32\ntdll.dll
0x0000000076a90000 - 0x0000000076baf000 	C:\Windows\system32\kernel32.dll
0x000007fefcb80000 - 0x000007fefcbeb000 	C:\Windows\system32\KERNELBASE.dll
0x000007fefecd0000 - 0x000007fefedab000 	C:\Windows\system32\ADVAPI32.dll
0x000007fefe3b0000 - 0x000007fefe44f000 	C:\Windows\system32\msvcrt.dll
0x000007fefebd0000 - 0x000007fefebef000 	C:\Windows\SYSTEM32\sechost.dll
0x000007fefdfd0000 - 0x000007fefe0fd000 	C:\Windows\system32\RPCRT4.dll
0x0000000076bb0000 - 0x0000000076caa000 	C:\Windows\system32\USER32.dll
0x000007fefe100000 - 0x000007fefe167000 	C:\Windows\system32\GDI32.dll
0x000007fefe8b0000 - 0x000007fefe8be000 	C:\Windows\system32\LPK.dll
0x000007fefdcc0000 - 0x000007fefdd89000 	C:\Windows\system32\USP10.dll
0x000007fefb0c0000 - 0x000007fefb2b4000 	C:\Windows\WinSxS\amd64_microsoft.windows.common-controls_6595b64144ccf1df_6.0.7601.17514_none_fa396087175ac9ac\COMCTL32.dll
0x000007fefec50000 - 0x000007fefecc1000 	C:\Windows\system32\SHLWAPI.dll
0x000007fefe450000 - 0x000007fefe47e000 	C:\Windows\system32\IMM32.DLL
0x000007fefea20000 - 0x000007fefeb29000 	C:\Windows\system32\MSCTF.dll
0x0000000073da0000 - 0x0000000073e72000 	E:\jdk1.8.0_60\jre\bin\msvcr100.dll
0x0000000072620000 - 0x0000000072ea9000 	E:\jdk1.8.0_60\jre\bin\server\jvm.dll
0x000007fefa8b0000 - 0x000007fefa8b9000 	C:\Windows\system32\WSOCK32.dll
0x000007fefec00000 - 0x000007fefec4d000 	C:\Windows\system32\WS2_32.dll
0x000007fefebf0000 - 0x000007fefebf8000 	C:\Windows\system32\NSI.dll
0x000007fef71a0000 - 0x000007fef71db000 	C:\Windows\system32\WINMM.dll
0x000007fefbbc0000 - 0x000007fefbbcc000 	C:\Windows\system32\VERSION.dll
0x0000000076e80000 - 0x0000000076e87000 	C:\Windows\system32\PSAPI.DLL
0x00000000741a0000 - 0x00000000741af000 	E:\jdk1.8.0_60\jre\bin\verify.dll
0x0000000074170000 - 0x0000000074199000 	E:\jdk1.8.0_60\jre\bin\java.dll
0x0000000074150000 - 0x0000000074166000 	E:\jdk1.8.0_60\jre\bin\zip.dll
0x000007fefcf30000 - 0x000007fefdcb8000 	C:\Windows\system32\SHELL32.dll
0x000007fefedb0000 - 0x000007fefefb3000 	C:\Windows\system32\ole32.dll
0x000007fefca60000 - 0x000007fefca6f000 	C:\Windows\system32\profapi.dll

VM Arguments:
jvm_args: -Djava.awt.headless=true -Xmx1024M -Dfile.encoding=windows-1252 -Duser.country=US -Duser.language=en -Duser.variant 
java_command: com.android.dx.command.Main --dex --force-jumbo --num-threads=4 --multi-dex --output D:\Android\Demo\Demo\app\build\intermediates\transforms\dex\debug\folders\1000\10\com.daimajia.androidanimations-library-1.1.3_c59b6fe449b4e9e39f3b2b7d72a845a909d72801 D:\Android\Demo\Demo\app\build\intermediates\exploded-aar\com.daimajia.androidanimations\library\1.1.3\jars\classes.jar
java_class_path (initial): C:\Users\Administrator\AppData\Local\Android\sdk\build-tools\23.0.3\lib\dx.jar
Launcher Type: SUN_STANDARD

Environment Variables:
PATH=C:\ProgramData\Oracle\Java\javapath;C:\Windows\system32;C:\Windows;C:\Windows\System32\Wbem;C:\Windows\System32\WindowsPowerShell\v1.0\;E:\Git\cmd;E:\Git\mingw64\bin;E:\Git\usr\bin
USERNAME=Administrator
OS=Windows_NT
PROCESSOR_IDENTIFIER=Intel64 Family 6 Model 23 Stepping 10, GenuineIntel



---------------  S Y S T E M  ---------------

OS: Windows 7 , 64 bit Build 7601 (6.1.7601.18015)

CPU:total 2 (2 cores per cpu, 1 threads per core) family 6 model 23 stepping 10, cmov, cx8, fxsr, mmx, sse, sse2, sse3, ssse3, sse4.1, tsc

Memory: 4k page, physical 4157944k(678212k free), swap 4157944k(5112k free)

vm_info: Java HotSpot(TM) 64-Bit Server VM (25.60-b23) for windows-amd64 JRE (1.8.0_60-b27), built on Aug  4 2015 11:06:27 by "java_re" with MS VC++ 10.0 (VS2010)

time: Sun Jul 24 18:34:23 2016
elapsed time: 0 seconds (0d 0h 0m 0s)

