#
# There is insufficient memory for the Java Runtime Environment to continue.
# Native memory allocation (malloc) failed to allocate 52096 bytes for Chunk::new
# Possible reasons:
#   The system is out of physical RAM or swap space
#   In 32 bit mode, the process size limit was hit
# Possible solutions:
#   Reduce memory load on the system
#   Increase physical memory or swap space
#   Check if swap backing store is full
#   Use 64 bit Java on a 64 bit OS
#   Decrease Java heap size (-Xmx/-Xms)
#   Decrease number of Java threads
#   Decrease Java thread stack sizes (-Xss)
#   Set larger code cache with -XX:ReservedCodeCacheSize=
# This output file may be truncated or incomplete.
#
#  Out of Memory Error (allocation.cpp:390), pid=1900, tid=2608
#
# JRE version: Java(TM) SE Runtime Environment (8.0_60-b27) (build 1.8.0_60-b27)
# Java VM: Java HotSpot(TM) 64-Bit Server VM (25.60-b23 mixed mode windows-amd64 compressed oops)
# Failed to write core dump. Minidumps are not enabled by default on client versions of Windows
#

---------------  T H R E A D  ---------------

Current thread (0x0000000054f4a000):  JavaThread "C2 CompilerThread1" daemon [_thread_in_native, id=2608, stack(0x0000000056700000,0x0000000056800000)]

Stack: [0x0000000056700000,0x0000000056800000]
[error occurred during error reporting (printing stack bounds), id 0xc0000005]

Native frames: (J=compiled Java code, j=interpreted, Vv=VM code, C=native code)


Current CompileTask:
C2:   1467  461       4       java.util.HashMap::getNode (148 bytes)


---------------  P R O C E S S  ---------------

Java Threads: ( => current thread )
  0x0000000056cc9000 JavaThread "pool-2-thread-4" [_thread_in_Java, id=556, stack(0x0000000057d20000,0x0000000057e20000)]
  0x0000000056b25000 JavaThread "pool-2-thread-3" [_thread_blocked, id=2008, stack(0x0000000055ff0000,0x00000000560f0000)]
  0x0000000056adc800 JavaThread "pool-2-thread-2" [_thread_blocked, id=2456, stack(0x00000000573f0000,0x00000000574f0000)]
  0x0000000056ac3000 JavaThread "pool-3-thread-1" [_thread_blocked, id=1540, stack(0x0000000057290000,0x0000000057390000)]
  0x0000000056ac2000 JavaThread "pool-2-thread-1" [_thread_blocked, id=1476, stack(0x0000000056d90000,0x0000000056e90000)]
  0x0000000054f4d800 JavaThread "Service Thread" daemon [_thread_blocked, id=3028, stack(0x0000000056eb0000,0x0000000056fb0000)]
  0x0000000054f4b000 JavaThread "C1 CompilerThread2" daemon [_thread_blocked, id=1828, stack(0x0000000056870000,0x0000000056970000)]
=>0x0000000054f4a000 JavaThread "C2 CompilerThread1" daemon [_thread_in_native, id=2608, stack(0x0000000056700000,0x0000000056800000)]
  0x0000000054f48000 JavaThread "C2 CompilerThread0" daemon [_thread_blocked, id=3224, stack(0x0000000056550000,0x0000000056650000)]
  0x0000000054f41800 JavaThread "Attach Listener" daemon [_thread_blocked, id=3228, stack(0x0000000056430000,0x0000000056530000)]
  0x0000000054f40800 JavaThread "Signal Dispatcher" daemon [_thread_blocked, id=3844, stack(0x0000000056250000,0x0000000056350000)]
  0x0000000054ee1000 JavaThread "Finalizer" daemon [_thread_blocked, id=3592, stack(0x0000000056130000,0x0000000056230000)]
  0x0000000054ee0000 JavaThread "Reference Handler" daemon [_thread_blocked, id=3180, stack(0x0000000055d90000,0x0000000055e90000)]
  0x000000000022e000 JavaThread "main" [_thread_in_Java, id=3364, stack(0x0000000001fa0000,0x00000000020a0000)]

Other Threads:
  0x0000000054eda800 VMThread [stack: 0x0000000055ec0000,0x0000000055fc0000] [id=3048]
  0x0000000056a1b000 WatcherThread [stack: 0x0000000057060000,0x0000000057160000] [id=3332]

VM state:not at safepoint (normal execution)

VM Mutex/Monitor currently owned by a thread: None

Heap:
 PSYoungGen      total 18944K, used 10222K [0x00000000eab00000, 0x00000000ec000000, 0x0000000100000000)
  eden space 16384K, 62% used [0x00000000eab00000,0x00000000eb4fb868,0x00000000ebb00000)
  from space 2560K, 0% used [0x00000000ebd80000,0x00000000ebd80000,0x00000000ec000000)
  to   space 2560K, 0% used [0x00000000ebb00000,0x00000000ebb00000,0x00000000ebd80000)
 ParOldGen       total 44032K, used 0K [0x00000000c0000000, 0x00000000c2b00000, 0x00000000eab00000)
  object space 44032K, 0% used [0x00000000c0000000,0x00000000c0000000,0x00000000c2b00000)
 Metaspace       used 5367K, capacity 6384K, committed 6528K, reserved 1056768K
  class space    used 589K, capacity 616K, committed 640K, reserved 1048576K

Card table byte_map: [0x0000000011820000,0x0000000011a30000] byte_map_base: 0x0000000011220000

Marking Bits: (ParMarkBitMap*) 0x0000000072aba5b0
 Begin Bits: [0x0000000012350000, 0x0000000013350000)
 End Bits:   [0x0000000013350000, 0x0000000014350000)

Polling page: 0x0000000000210000

CodeCache: size=245760Kb used=1963Kb max_used=1974Kb free=243796Kb
 bounds [0x0000000002460000, 0x00000000026d0000, 0x0000000011460000]
 total_blobs=711 nmethods=443 adapters=181
 compilation: enabled

Compilation events (10 events):
Event: 1.343 Thread 0x0000000054f4b000  431       1       com.android.dx.rop.type.Type::getBasicType (5 bytes)
Event: 1.343 Thread 0x0000000054f4b000 nmethod 431 0x000000000264a5d0 code [0x000000000264a720, 0x000000000264a830]
Event: 1.343 Thread 0x0000000054f4b000  441       3       java.util.TreeMap::setColor (10 bytes)
Event: 1.457 Thread 0x0000000054f48000  442   !   4       com.android.dx.util.FixedSizeList::get0 (47 bytes)
Event: 1.458 Thread 0x0000000054f48000 nmethod 442 0x000000000264a310 code [0x000000000264a440, 0x000000000264a4f8]
Event: 1.459 Thread 0x0000000054f4a000  448       4       com.android.dx.rop.type.Type::getCategory (36 bytes)
Event: 1.459 Thread 0x0000000054f4a000 nmethod 448 0x000000000264a110 code [0x000000000264a240, 0x000000000264a2b8]
Event: 1.461 Thread 0x0000000054f48000  453       4       java.util.ArrayList$Itr::next (66 bytes)
Event: 1.462 Thread 0x0000000054f48000 nmethod 453 0x0000000002649d50 code [0x0000000002649ea0, 0x0000000002649fb8]
Event: 1.464 Thread 0x0000000054f4a000  461       4       java.util.HashMap::getNode (148 bytes)

GC Heap History (0 events):
No events

Deoptimization events (0 events):
No events

Internal exceptions (2 events):
Event: 0.053 Thread 0x000000000022e000 Exception <a 'java/lang/NoSuchMethodError': Method sun.misc.Unsafe.defineClass(Ljava/lang/String;[BII)Ljava/lang/Class; name or signature does not match> (0x00000000eab0d2e0) thrown at [C:\re\workspace\8-2-build-windows-amd64-cygwin\jdk8u60\4407\hotspot\sr9]ã
Event: 0.053 Thread 0x000000000022e000 Exception <a 'java/lang/NoSuchMethodError': Method sun.misc.Unsafe.prefetchRead(Ljava/lang/Object;J)V name or signature does not match> (0x00000000eab0d5c8) thrown at [C:\re\workspace\8-2-build-windows-amd64-cygwin\jdk8u60\4407\hotspot\src\share\vm\prims\j

Events (10 events):
Event: 1.313 loading class com/android/dx/rop/annotation/AnnotationsList
Event: 1.313 loading class com/android/dx/rop/annotation/AnnotationsList done
Event: 1.313 loading class com/android/dx/dex/file/MethodIdItem
Event: 1.313 loading class com/android/dx/dex/file/MethodIdItem done
Event: 1.328 loading class com/android/dx/ssa/PhiInsn$Operand
Event: 1.328 loading class com/android/dx/ssa/PhiInsn$Operand done
Event: 1.343 loading class com/android/dx/rop/cst/CstEnumRef
Event: 1.343 loading class com/android/dx/rop/cst/CstEnumRef done
Event: 1.460 loading class com/android/dx/cf/code/BytecodeArray$ConstantParserVisitor
Event: 1.460 loading class com/android/dx/cf/code/BytecodeArray$ConstantParserVisitor done


Dynamic libraries:
0x000000013fc90000 - 0x000000013fcc7000 	C:\Program Files\Java\jdk1.8.0_60\bin\java.exe
0x0000000077470000 - 0x0000000077619000 	C:\Windows\SYSTEM32\ntdll.dll
0x0000000077350000 - 0x000000007746f000 	C:\Windows\system32\kernel32.dll
0x000007fefd420000 - 0x000007fefd48b000 	C:\Windows\system32\KERNELBASE.dll
0x000007fefe6c0000 - 0x000007fefe79b000 	C:\Windows\system32\ADVAPI32.dll
0x000007fefe0f0000 - 0x000007fefe18f000 	C:\Windows\system32\msvcrt.dll
0x000007fefd650000 - 0x000007fefd66f000 	C:\Windows\SYSTEM32\sechost.dll
0x000007fefd850000 - 0x000007fefd97d000 	C:\Windows\system32\RPCRT4.dll
0x0000000077250000 - 0x000000007734a000 	C:\Windows\system32\USER32.dll
0x000007fefdd00000 - 0x000007fefdd67000 	C:\Windows\system32\GDI32.dll
0x000007fefe580000 - 0x000007fefe58e000 	C:\Windows\system32\LPK.dll
0x000007fefe5f0000 - 0x000007fefe6b9000 	C:\Windows\system32\USP10.dll
0x000007fefb9b0000 - 0x000007fefbba4000 	C:\Windows\WinSxS\amd64_microsoft.windows.common-controls_6595b64144ccf1df_6.0.7601.17514_none_fa396087175ac9ac\COMCTL32.dll
0x000007fefd670000 - 0x000007fefd6e1000 	C:\Windows\system32\SHLWAPI.dll
0x000007fefd980000 - 0x000007fefd9ae000 	C:\Windows\system32\IMM32.DLL
0x000007fefdea0000 - 0x000007fefdfa9000 	C:\Windows\system32\MSCTF.dll
0x0000000074580000 - 0x0000000074652000 	C:\Program Files\Java\jdk1.8.0_60\jre\bin\msvcr100.dll
0x00000000722b0000 - 0x0000000072b39000 	C:\Program Files\Java\jdk1.8.0_60\jre\bin\server\jvm.dll
0x000007fefb870000 - 0x000007fefb879000 	C:\Windows\system32\WSOCK32.dll
0x000007fefdd70000 - 0x000007fefddbd000 	C:\Windows\system32\WS2_32.dll
0x000007fefe9e0000 - 0x000007fefe9e8000 	C:\Windows\system32\NSI.dll
0x000007fef6630000 - 0x000007fef666b000 	C:\Windows\system32\WINMM.dll
0x000007fefc380000 - 0x000007fefc38c000 	C:\Windows\system32\VERSION.dll
0x0000000077640000 - 0x0000000077647000 	C:\Windows\system32\PSAPI.DLL
0x0000000074bc0000 - 0x0000000074bcf000 	C:\Program Files\Java\jdk1.8.0_60\jre\bin\verify.dll
0x0000000074b90000 - 0x0000000074bb9000 	C:\Program Files\Java\jdk1.8.0_60\jre\bin\java.dll
0x0000000074b70000 - 0x0000000074b86000 	C:\Program Files\Java\jdk1.8.0_60\jre\bin\zip.dll
0x000007fefe9f0000 - 0x000007feff778000 	C:\Windows\system32\SHELL32.dll
0x000007fefe370000 - 0x000007fefe573000 	C:\Windows\system32\ole32.dll
0x000007fefd260000 - 0x000007fefd26f000 	C:\Windows\system32\profapi.dll

VM Arguments:
jvm_args: -Djava.awt.headless=true -Xmx1024M -Dfile.encoding=windows-1252 -Duser.country=US -Duser.language=en -Duser.variant 
java_command: com.android.dx.command.Main --dex --force-jumbo --num-threads=4 --multi-dex --output D:\Hai\Demo\app\build\intermediates\transforms\dex\debug\folders\1000\10\com.daimajia.androidanimations-library-1.1.3_922a46d0a548cd8410f50552393600fa9e512303 D:\Hai\Demo\app\build\intermediates\exploded-aar\com.daimajia.androidanimations\library\1.1.3\jars\classes.jar
java_class_path (initial): C:\Users\Administrator\AppData\Local\Android\sdk\build-tools\23.0.3\lib\dx.jar
Launcher Type: SUN_STANDARD

Environment Variables:
PATH=C:\ProgramData\Oracle\Java\javapath;C:\Windows\system32;C:\Windows;C:\Windows\System32\Wbem;C:\Windows\System32\WindowsPowerShell\v1.0\;C:\Program Files\Git\cmd;C:\Program Files\Git\mingw64\bin;C:\Program Files\Git\usr\bin
USERNAME=Administrator
OS=Windows_NT
PROCESSOR_IDENTIFIER=Intel64 Family 6 Model 58 Stepping 9, GenuineIntel



---------------  S Y S T E M  ---------------

OS: Windows 7 , 64 bit Build 7601 (6.1.7601.18015)

CPU:total 4 (2 cores per cpu, 2 threads per core) family 6 model 58 stepping 9, cmov, cx8, fxsr, mmx, sse, sse2, sse3, ssse3, sse4.1, sse4.2, popcnt, avx, aes, clmul, erms, ht, tsc, tscinvbit, tscinv

Memory: 4k page, physical 4094316k(914096k free), swap 4094316k(5088k free)

vm_info: Java HotSpot(TM) 64-Bit Server VM (25.60-b23) for windows-amd64 JRE (1.8.0_60-b27), built on Aug  4 2015 11:06:27 by "java_re" with MS VC++ 10.0 (VS2010)

time: Tue Jul 19 09:51:58 2016
elapsed time: 1 seconds (0d 0h 0m 1s)

