#
# There is insufficient memory for the Java Runtime Environment to continue.
# Native memory allocation (malloc) failed to allocate 32744 bytes for ChunkPool::allocate
# Possible reasons:
#   The system is out of physical RAM or swap space
#   In 32 bit mode, the process size limit was hit
# Possible solutions:
#   Reduce memory load on the system
#   Increase physical memory or swap space
#   Check if swap backing store is full
#   Use 64 bit Java on a 64 bit OS
#   Decrease Java heap size (-Xmx/-Xms)
#   Decrease number of Java threads
#   Decrease Java thread stack sizes (-Xss)
#   Set larger code cache with -XX:ReservedCodeCacheSize=
# This output file may be truncated or incomplete.
#
#  Out of Memory Error (allocation.cpp:273), pid=3436, tid=3512
#
# JRE version: Java(TM) SE Runtime Environment (8.0_60-b27) (build 1.8.0_60-b27)
# Java VM: Java HotSpot(TM) 64-Bit Server VM (25.60-b23 mixed mode windows-amd64 compressed oops)
# Failed to write core dump. Minidumps are not enabled by default on client versions of Windows
#

---------------  T H R E A D  ---------------

Current thread (0x000000005479c000):  JavaThread "C2 CompilerThread0" daemon [_thread_in_native, id=3512, stack(0x0000000055aa0000,0x0000000055ba0000)]

Stack: [0x0000000055aa0000,0x0000000055ba0000]
[error occurred during error reporting (printing stack bounds), id 0xc0000005]

Native frames: (J=compiled Java code, j=interpreted, Vv=VM code, C=native code)


Current CompileTask:
C2:    374  595       4       com.android.dx.ssa.NormalSsaInsn::accept (25 bytes)


---------------  P R O C E S S  ---------------

Java Threads: ( => current thread )
  0x0000000055ea0800 JavaThread "pool-2-thread-4" [_thread_in_Java, id=2468, stack(0x0000000056990000,0x0000000056a90000)]
  0x0000000055e38000 JavaThread "pool-2-thread-3" [_thread_in_Java, id=820, stack(0x0000000056870000,0x0000000056970000)]
  0x0000000055e33800 JavaThread "pool-2-thread-2" [_thread_blocked, id=1924, stack(0x0000000056660000,0x0000000056760000)]
  0x0000000055df8000 JavaThread "pool-3-thread-1" [_thread_blocked, id=2664, stack(0x00000000563b0000,0x00000000564b0000)]
  0x0000000055df3000 JavaThread "pool-2-thread-1" [_thread_in_Java, id=2288, stack(0x00000000564d0000,0x00000000565d0000)]
  0x0000000055d10800 JavaThread "Service Thread" daemon [_thread_blocked, id=3560, stack(0x0000000055770000,0x0000000055870000)]
  0x00000000547a2000 JavaThread "C1 CompilerThread1" daemon [_thread_in_native, id=1556, stack(0x0000000055bf0000,0x0000000055cf0000)]
=>0x000000005479c000 JavaThread "C2 CompilerThread0" daemon [_thread_in_native, id=3512, stack(0x0000000055aa0000,0x0000000055ba0000)]
  0x0000000054798800 JavaThread "Attach Listener" daemon [_thread_blocked, id=2916, stack(0x00000000558d0000,0x00000000559d0000)]
  0x0000000054797000 JavaThread "Signal Dispatcher" daemon [_thread_blocked, id=3588, stack(0x0000000055620000,0x0000000055720000)]
  0x000000005473d800 JavaThread "Finalizer" daemon [_thread_blocked, id=2840, stack(0x00000000551b0000,0x00000000552b0000)]
  0x0000000054734800 JavaThread "Reference Handler" daemon [_thread_blocked, id=2680, stack(0x00000000554f0000,0x00000000555f0000)]
  0x000000000026d800 JavaThread "main" [_thread_in_native, id=3876, stack(0x0000000001ff0000,0x00000000020f0000)]

Other Threads:
  0x000000005472c800 VMThread [stack: 0x0000000055330000,0x0000000055430000] [id=2412]
  0x00000000547d6800 WatcherThread [stack: 0x0000000056270000,0x0000000056370000] [id=1952]

VM state:not at safepoint (normal execution)

VM Mutex/Monitor currently owned by a thread: None

Heap:
 PSYoungGen      total 18944K, used 12808K [0x00000000eab00000, 0x00000000ec000000, 0x0000000100000000)
  eden space 16384K, 78% used [0x00000000eab00000,0x00000000eb7822c0,0x00000000ebb00000)
  from space 2560K, 0% used [0x00000000ebd80000,0x00000000ebd80000,0x00000000ec000000)
  to   space 2560K, 0% used [0x00000000ebb00000,0x00000000ebb00000,0x00000000ebd80000)
 ParOldGen       total 44032K, used 0K [0x00000000c0000000, 0x00000000c2b00000, 0x00000000eab00000)
  object space 44032K, 0% used [0x00000000c0000000,0x00000000c0000000,0x00000000c2b00000)
 Metaspace       used 5433K, capacity 6640K, committed 6784K, reserved 1056768K
  class space    used 571K, capacity 616K, committed 640K, reserved 1048576K

Card table byte_map: [0x0000000011780000,0x0000000011990000] byte_map_base: 0x0000000011180000

Marking Bits: (ParMarkBitMap*) 0x0000000072e2a5b0
 Begin Bits: [0x0000000011c00000, 0x0000000012c00000)
 End Bits:   [0x0000000012c00000, 0x0000000013c00000)

Polling page: 0x0000000000220000

CodeCache: size=245760Kb used=2417Kb max_used=2428Kb free=243342Kb
 bounds [0x00000000023c0000, 0x0000000002630000, 0x00000000113c0000]
 total_blobs=827 nmethods=568 adapters=174
 compilation: enabled

Compilation events (10 events):
Event: 0.368 Thread 0x000000005479c000 nmethod 570 0x000000000261cad0 code [0x000000000261cc00, 0x000000000261cc98]
Event: 0.368 Thread 0x000000005479c000  586       4       java.util.ArrayList::ensureExplicitCapacity (26 bytes)
Event: 0.369 Thread 0x000000005479c000 nmethod 586 0x000000000261c5d0 code [0x000000000261c720, 0x000000000261c958]
Event: 0.370 Thread 0x000000005479c000  592       4       java.util.BitSet::set (58 bytes)
Event: 0.371 Thread 0x000000005479c000 nmethod 592 0x000000000261c190 code [0x000000000261c2e0, 0x000000000261c448]
Event: 0.371 Thread 0x000000005479c000  593       4       java.util.ArrayList::iterator (10 bytes)
Event: 0.372 Thread 0x000000005479c000 nmethod 593 0x000000000261be50 code [0x000000000261bfa0, 0x000000000261c088]
Event: 0.372 Thread 0x000000005479c000  594       4       java.util.ArrayList::isEmpty (13 bytes)
Event: 0.373 Thread 0x000000005479c000 nmethod 594 0x00000000025f0a90 code [0x00000000025f0bc0, 0x00000000025f0c18]
Event: 0.373 Thread 0x000000005479c000  595       4       com.android.dx.ssa.NormalSsaInsn::accept (25 bytes)

GC Heap History (0 events):
No events

Deoptimization events (1 events):
Event: 0.324 Thread 0x0000000055ea0800 Uncommon trap: reason=unstable_if action=reinterpret pc=0x00000000025d6edc method=java.util.HashMap.getNode(ILjava/lang/Object;)Ljava/util/HashMap$Node; @ 62

Internal exceptions (2 events):
Event: 0.029 Thread 0x000000000026d800 Exception <a 'java/lang/NoSuchMethodError': Method sun.misc.Unsafe.defineClass(Ljava/lang/String;[BII)Ljava/lang/Class; name or signature does not match> (0x00000000eab0cff8) thrown at [C:\re\workspace\8-2-build-windows-amd64-cygwin\jdk8u60\4407\hotspot\sr»∫~üËù?
Event: 0.029 Thread 0x000000000026d800 Exception <a 'java/lang/NoSuchMethodError': Method sun.misc.Unsafe.prefetchRead(Ljava/lang/Object;J)V name or signature does not match> (0x00000000eab0d2e0) thrown at [C:\re\workspace\8-2-build-windows-amd64-cygwin\jdk8u60\4407\hotspot\src\share\vm\prims\j

Events (10 events):
Event: 0.318 loading class com/android/dx/dex/file/MethodIdItem done
Event: 0.319 loading class com/android/dx/cf/code/SwitchList
Event: 0.319 loading class com/android/dx/cf/code/SwitchList done
Event: 0.324 Thread 0x0000000055ea0800 Uncommon trap: trap_request=0xffffff65 fr.pc=0x00000000025d6edc
Event: 0.324 Thread 0x0000000055ea0800 DEOPT PACKING pc=0x00000000025d6edc sp=0x0000000056a8e430
Event: 0.324 Thread 0x0000000055ea0800 DEOPT UNPACKING pc=0x000000000240556a sp=0x0000000056a8e3a8 mode 2
Event: 0.333 loading class com/android/dx/ssa/back/FirstFitLocalCombiningAllocator$Multiset
Event: 0.333 loading class com/android/dx/ssa/back/FirstFitLocalCombiningAllocator$Multiset done
Event: 0.335 loading class java/util/DualPivotQuicksort
Event: 0.335 loading class java/util/DualPivotQuicksort done


Dynamic libraries:
0x000000013f410000 - 0x000000013f447000 	E:\jdk1.8.0_60\bin\java.exe
0x0000000076cb0000 - 0x0000000076e59000 	C:\Windows\SYSTEM32\ntdll.dll
0x0000000076a90000 - 0x0000000076baf000 	C:\Windows\system32\kernel32.dll
0x000007fefcb80000 - 0x000007fefcbeb000 	C:\Windows\system32\KERNELBASE.dll
0x000007fefecd0000 - 0x000007fefedab000 	C:\Windows\system32\ADVAPI32.dll
0x000007fefe3b0000 - 0x000007fefe44f000 	C:\Windows\system32\msvcrt.dll
0x000007fefebd0000 - 0x000007fefebef000 	C:\Windows\SYSTEM32\sechost.dll
0x000007fefdfd0000 - 0x000007fefe0fd000 	C:\Windows\system32\RPCRT4.dll
0x0000000076bb0000 - 0x0000000076caa000 	C:\Windows\system32\USER32.dll
0x000007fefe100000 - 0x000007fefe167000 	C:\Windows\system32\GDI32.dll
0x000007fefe8b0000 - 0x000007fefe8be000 	C:\Windows\system32\LPK.dll
0x000007fefdcc0000 - 0x000007fefdd89000 	C:\Windows\system32\USP10.dll
0x000007fefb0c0000 - 0x000007fefb2b4000 	C:\Windows\WinSxS\amd64_microsoft.windows.common-controls_6595b64144ccf1df_6.0.7601.17514_none_fa396087175ac9ac\COMCTL32.dll
0x000007fefec50000 - 0x000007fefecc1000 	C:\Windows\system32\SHLWAPI.dll
0x000007fefe450000 - 0x000007fefe47e000 	C:\Windows\system32\IMM32.DLL
0x000007fefea20000 - 0x000007fefeb29000 	C:\Windows\system32\MSCTF.dll
0x0000000073da0000 - 0x0000000073e72000 	E:\jdk1.8.0_60\jre\bin\msvcr100.dll
0x0000000072620000 - 0x0000000072ea9000 	E:\jdk1.8.0_60\jre\bin\server\jvm.dll
0x000007fefa8b0000 - 0x000007fefa8b9000 	C:\Windows\system32\WSOCK32.dll
0x000007fefec00000 - 0x000007fefec4d000 	C:\Windows\system32\WS2_32.dll
0x000007fefebf0000 - 0x000007fefebf8000 	C:\Windows\system32\NSI.dll
0x000007fef71a0000 - 0x000007fef71db000 	C:\Windows\system32\WINMM.dll
0x000007fefbbc0000 - 0x000007fefbbcc000 	C:\Windows\system32\VERSION.dll
0x0000000076e80000 - 0x0000000076e87000 	C:\Windows\system32\PSAPI.DLL
0x00000000741a0000 - 0x00000000741af000 	E:\jdk1.8.0_60\jre\bin\verify.dll
0x0000000074170000 - 0x0000000074199000 	E:\jdk1.8.0_60\jre\bin\java.dll
0x0000000074150000 - 0x0000000074166000 	E:\jdk1.8.0_60\jre\bin\zip.dll
0x000007fefcf30000 - 0x000007fefdcb8000 	C:\Windows\system32\SHELL32.dll
0x000007fefedb0000 - 0x000007fefefb3000 	C:\Windows\system32\ole32.dll
0x000007fefca60000 - 0x000007fefca6f000 	C:\Windows\system32\profapi.dll

VM Arguments:
jvm_args: -Djava.awt.headless=true -Xmx1024M -Dfile.encoding=windows-1252 -Duser.country=US -Duser.language=en -Duser.variant 
java_command: com.android.dx.command.Main --dex --force-jumbo --num-threads=4 --multi-dex --output D:\Android\Demo\Demo\app\build\intermediates\transforms\dex\debug\folders\1000\5\slice_6 D:\Android\Demo\Demo\app\build\intermediates\transforms\instantRunSlicer\debug\folders\1\5\slice_6
java_class_path (initial): C:\Users\Administrator\AppData\Local\Android\sdk\build-tools\23.0.3\lib\dx.jar
Launcher Type: SUN_STANDARD

Environment Variables:
PATH=C:\ProgramData\Oracle\Java\javapath;C:\Windows\system32;C:\Windows;C:\Windows\System32\Wbem;C:\Windows\System32\WindowsPowerShell\v1.0\;E:\Git\cmd;E:\Git\mingw64\bin;E:\Git\usr\bin
USERNAME=Administrator
OS=Windows_NT
PROCESSOR_IDENTIFIER=Intel64 Family 6 Model 23 Stepping 10, GenuineIntel



---------------  S Y S T E M  ---------------

OS: Windows 7 , 64 bit Build 7601 (6.1.7601.18015)

CPU:total 2 (2 cores per cpu, 1 threads per core) family 6 model 23 stepping 10, cmov, cx8, fxsr, mmx, sse, sse2, sse3, ssse3, sse4.1, tsc

Memory: 4k page, physical 4157944k(682768k free), swap 4157944k(5092k free)

vm_info: Java HotSpot(TM) 64-Bit Server VM (25.60-b23) for windows-amd64 JRE (1.8.0_60-b27), built on Aug  4 2015 11:06:27 by "java_re" with MS VC++ 10.0 (VS2010)

time: Sun Jul 24 18:33:58 2016
elapsed time: 0 seconds (0d 0h 0m 0s)

