#
# There is insufficient memory for the Java Runtime Environment to continue.
# Native memory allocation (malloc) failed to allocate 1091616 bytes for Chunk::new
# Possible reasons:
#   The system is out of physical RAM or swap space
#   In 32 bit mode, the process size limit was hit
# Possible solutions:
#   Reduce memory load on the system
#   Increase physical memory or swap space
#   Check if swap backing store is full
#   Use 64 bit Java on a 64 bit OS
#   Decrease Java heap size (-Xmx/-Xms)
#   Decrease number of Java threads
#   Decrease Java thread stack sizes (-Xss)
#   Set larger code cache with -XX:ReservedCodeCacheSize=
# This output file may be truncated or incomplete.
#
#  Out of Memory Error (allocation.cpp:390), pid=3848, tid=3628
#
# JRE version: Java(TM) SE Runtime Environment (8.0_60-b27) (build 1.8.0_60-b27)
# Java VM: Java HotSpot(TM) 64-Bit Server VM (25.60-b23 mixed mode windows-amd64 compressed oops)
# Failed to write core dump. Minidumps are not enabled by default on client versions of Windows
#

---------------  T H R E A D  ---------------

Current thread (0x0000000054e28000):  JavaThread "C2 CompilerThread0" daemon [_thread_in_native, id=3628, stack(0x00000000560c0000,0x00000000561c0000)]

Stack: [0x00000000560c0000,0x00000000561c0000]
[error occurred during error reporting (printing stack bounds), id 0xc0000005]

Native frames: (J=compiled Java code, j=interpreted, Vv=VM code, C=native code)


Current CompileTask:
C2:   9111 2025       4       com.android.dx.dex.code.RopToDop::dopFor (792 bytes)


---------------  P R O C E S S  ---------------

Java Threads: ( => current thread )
  0x00000000567ea000 JavaThread "pool-2-thread-4" [_thread_blocked, id=2964, stack(0x0000000057de0000,0x0000000057ee0000)]
  0x00000000567e4000 JavaThread "pool-2-thread-3" [_thread_blocked, id=2484, stack(0x0000000057c50000,0x0000000057d50000)]
  0x00000000567bc000 JavaThread "pool-2-thread-2" [_thread_blocked, id=612, stack(0x0000000057a00000,0x0000000057b00000)]
  0x00000000567b6000 JavaThread "pool-3-thread-1" [_thread_blocked, id=3468, stack(0x0000000057840000,0x0000000057940000)]
  0x000000005684b000 JavaThread "pool-2-thread-1" [_thread_blocked, id=1272, stack(0x0000000057700000,0x0000000057800000)]
  0x00000000565b0800 JavaThread "Service Thread" daemon [_thread_blocked, id=1708, stack(0x0000000056b50000,0x0000000056c50000)]
  0x0000000056593800 JavaThread "C1 CompilerThread2" daemon [_thread_blocked, id=2568, stack(0x00000000569b0000,0x0000000056ab0000)]
  0x0000000054e2a000 JavaThread "C2 CompilerThread1" daemon [_thread_in_native, id=3684, stack(0x0000000056450000,0x0000000056550000)]
=>0x0000000054e28000 JavaThread "C2 CompilerThread0" daemon [_thread_in_native, id=3628, stack(0x00000000560c0000,0x00000000561c0000)]
  0x0000000054e21800 JavaThread "Attach Listener" daemon [_thread_blocked, id=2132, stack(0x00000000562f0000,0x00000000563f0000)]
  0x0000000054e20800 JavaThread "Signal Dispatcher" daemon [_thread_blocked, id=3976, stack(0x00000000561e0000,0x00000000562e0000)]
  0x0000000054dc7000 JavaThread "Finalizer" daemon [_thread_blocked, id=2936, stack(0x0000000055f60000,0x0000000056060000)]
  0x0000000054dc0000 JavaThread "Reference Handler" daemon [_thread_blocked, id=1344, stack(0x0000000055c50000,0x0000000055d50000)]
  0x0000000001f1e000 JavaThread "main" [_thread_blocked, id=3120, stack(0x00000000021f0000,0x00000000022f0000)]

Other Threads:
  0x0000000054dba800 VMThread [stack: 0x0000000055df0000,0x0000000055ef0000] [id=3228]
  0x00000000565ba000 WatcherThread [stack: 0x0000000056dd0000,0x0000000056ed0000] [id=3592]

VM state:not at safepoint (normal execution)

VM Mutex/Monitor currently owned by a thread: None

Heap:
 PSYoungGen      total 143360K, used 46765K [0x00000000eab00000, 0x00000000f4d00000, 0x0000000100000000)
  eden space 128512K, 26% used [0x00000000eab00000,0x00000000ecbd2ab0,0x00000000f2880000)
  from space 14848K, 88% used [0x00000000f3980000,0x00000000f46589b0,0x00000000f4800000)
  to   space 17408K, 0% used [0x00000000f2880000,0x00000000f2880000,0x00000000f3980000)
 ParOldGen       total 44032K, used 22997K [0x00000000c0000000, 0x00000000c2b00000, 0x00000000eab00000)
  object space 44032K, 52% used [0x00000000c0000000,0x00000000c1675458,0x00000000c2b00000)
 Metaspace       used 6403K, capacity 7216K, committed 7296K, reserved 1056768K
  class space    used 602K, capacity 616K, committed 640K, reserved 1048576K

Card table byte_map: [0x0000000011980000,0x0000000011b90000] byte_map_base: 0x0000000011380000

Marking Bits: (ParMarkBitMap*) 0x0000000071bba5b0
 Begin Bits: [0x0000000012230000, 0x0000000013230000)
 End Bits:   [0x0000000013230000, 0x0000000014230000)

Polling page: 0x0000000000410000

CodeCache: size=245760Kb used=8096Kb max_used=8116Kb free=237663Kb
 bounds [0x00000000025c0000, 0x0000000002dc0000, 0x00000000115c0000]
 total_blobs=2253 nmethods=1983 adapters=182
 compilation: enabled

Compilation events (10 events):
Event: 9.023 Thread 0x0000000054e28000 nmethod 2013 0x0000000002d62010 code [0x0000000002d62180, 0x0000000002d62438]
Event: 9.023 Thread 0x0000000054e28000 2006       4       com.android.dx.ssa.back.FirstFitLocalCombiningAllocator::findRopRegForLocal (74 bytes)
Event: 9.028 Thread 0x0000000054e28000 nmethod 2006 0x0000000002d618d0 code [0x0000000002d61a40, 0x0000000002d61ce8]
Event: 9.028 Thread 0x0000000054e28000 2040       4       com.android.dx.rop.type.Type::compareTo (9 bytes)
Event: 9.029 Thread 0x0000000054e28000 nmethod 2040 0x0000000002d29510 code [0x0000000002d29660, 0x0000000002d297d8]
Event: 9.029 Thread 0x0000000054e28000 2019       4       com.android.dx.ssa.SsaRenamer$1::visitBlock (16 bytes)
Event: 9.037 Thread 0x0000000054e28000 nmethod 2019 0x0000000002d6b5d0 code [0x0000000002d6b760, 0x0000000002d6bba8]
Event: 9.037 Thread 0x0000000054e28000 2020       4       com.android.dx.ssa.SsaRenamer$BlockRenamer::<init> (72 bytes)
Event: 9.043 Thread 0x0000000054e28000 nmethod 2020 0x0000000002d6ae10 code [0x0000000002d6af80, 0x0000000002d6b318]
Event: 9.043 Thread 0x0000000054e28000 2025       4       com.android.dx.dex.code.RopToDop::dopFor (792 bytes)

GC Heap History (10 events):
Event: 1.324 GC heap before
{Heap before GC invocations=2 (full 0):
 PSYoungGen      total 18944K, used 17845K [0x00000000eab00000, 0x00000000ed000000, 0x0000000100000000)
  eden space 16384K, 100% used [0x00000000eab00000,0x00000000ebb00000,0x00000000ebb00000)
  from space 2560K, 57% used [0x00000000ebb00000,0x00000000ebc6d5b8,0x00000000ebd80000)
  to   space 2560K, 0% used [0x00000000ecd80000,0x00000000ecd80000,0x00000000ed000000)
 ParOldGen       total 44032K, used 8K [0x00000000c0000000, 0x00000000c2b00000, 0x00000000eab00000)
  object space 44032K, 0% used [0x00000000c0000000,0x00000000c0002000,0x00000000c2b00000)
 Metaspace       used 5877K, capacity 6832K, committed 7040K, reserved 1056768K
  class space    used 600K, capacity 616K, committed 640K, reserved 1048576K
Event: 1.331 GC heap after
Heap after GC invocations=2 (full 0):
 PSYoungGen      total 35328K, used 2537K [0x00000000eab00000, 0x00000000ed000000, 0x0000000100000000)
  eden space 32768K, 0% used [0x00000000eab00000,0x00000000eab00000,0x00000000ecb00000)
  from space 2560K, 99% used [0x00000000ecd80000,0x00000000ecffa788,0x00000000ed000000)
  to   space 2560K, 0% used [0x00000000ecb00000,0x00000000ecb00000,0x00000000ecd80000)
 ParOldGen       total 44032K, used 2356K [0x00000000c0000000, 0x00000000c2b00000, 0x00000000eab00000)
  object space 44032K, 5% used [0x00000000c0000000,0x00000000c024d120,0x00000000c2b00000)
 Metaspace       used 5877K, capacity 6832K, committed 7040K, reserved 1056768K
  class space    used 600K, capacity 616K, committed 640K, reserved 1048576K
}
Event: 2.263 GC heap before
{Heap before GC invocations=3 (full 0):
 PSYoungGen      total 35328K, used 35305K [0x00000000eab00000, 0x00000000ed000000, 0x0000000100000000)
  eden space 32768K, 100% used [0x00000000eab00000,0x00000000ecb00000,0x00000000ecb00000)
  from space 2560K, 99% used [0x00000000ecd80000,0x00000000ecffa788,0x00000000ed000000)
  to   space 2560K, 0% used [0x00000000ecb00000,0x00000000ecb00000,0x00000000ecd80000)
 ParOldGen       total 44032K, used 2356K [0x00000000c0000000, 0x00000000c2b00000, 0x00000000eab00000)
  object space 44032K, 5% used [0x00000000c0000000,0x00000000c024d120,0x00000000c2b00000)
 Metaspace       used 6121K, capacity 7024K, committed 7296K, reserved 1056768K
  class space    used 601K, capacity 616K, committed 640K, reserved 1048576K
Event: 2.648 GC heap after
Heap after GC invocations=3 (full 0):
 PSYoungGen      total 35328K, used 2556K [0x00000000eab00000, 0x00000000ef000000, 0x0000000100000000)
  eden space 32768K, 0% used [0x00000000eab00000,0x00000000eab00000,0x00000000ecb00000)
  from space 2560K, 99% used [0x00000000ecb00000,0x00000000ecd7f338,0x00000000ecd80000)
  to   space 2560K, 0% used [0x00000000eed80000,0x00000000eed80000,0x00000000ef000000)
 ParOldGen       total 44032K, used 8109K [0x00000000c0000000, 0x00000000c2b00000, 0x00000000eab00000)
  object space 44032K, 18% used [0x00000000c0000000,0x00000000c07eb5a8,0x00000000c2b00000)
 Metaspace       used 6121K, capacity 7024K, committed 7296K, reserved 1056768K
  class space    used 601K, capacity 616K, committed 640K, reserved 1048576K
}
Event: 3.046 GC heap before
{Heap before GC invocations=4 (full 0):
 PSYoungGen      total 35328K, used 35324K [0x00000000eab00000, 0x00000000ef000000, 0x0000000100000000)
  eden space 32768K, 100% used [0x00000000eab00000,0x00000000ecb00000,0x00000000ecb00000)
  from space 2560K, 99% used [0x00000000ecb00000,0x00000000ecd7f338,0x00000000ecd80000)
  to   space 2560K, 0% used [0x00000000eed80000,0x00000000eed80000,0x00000000ef000000)
 ParOldGen       total 44032K, used 8109K [0x00000000c0000000, 0x00000000c2b00000, 0x00000000eab00000)
  object space 44032K, 18% used [0x00000000c0000000,0x00000000c07eb5a8,0x00000000c2b00000)
 Metaspace       used 6157K, capacity 7024K, committed 7296K, reserved 1056768K
  class space    used 601K, capacity 616K, committed 640K, reserved 1048576K
Event: 3.064 GC heap after
Heap after GC invocations=4 (full 0):
 PSYoungGen      total 68096K, used 2545K [0x00000000eab00000, 0x00000000ef000000, 0x0000000100000000)
  eden space 65536K, 0% used [0x00000000eab00000,0x00000000eab00000,0x00000000eeb00000)
  from space 2560K, 99% used [0x00000000eed80000,0x00000000eeffc5c0,0x00000000ef000000)
  to   space 2560K, 0% used [0x00000000eeb00000,0x00000000eeb00000,0x00000000eed80000)
 ParOldGen       total 44032K, used 12179K [0x00000000c0000000, 0x00000000c2b00000, 0x00000000eab00000)
  object space 44032K, 27% used [0x00000000c0000000,0x00000000c0be4ce0,0x00000000c2b00000)
 Metaspace       used 6157K, capacity 7024K, committed 7296K, reserved 1056768K
  class space    used 601K, capacity 616K, committed 640K, reserved 1048576K
}
Event: 3.918 GC heap before
{Heap before GC invocations=5 (full 0):
 PSYoungGen      total 68096K, used 68081K [0x00000000eab00000, 0x00000000ef000000, 0x0000000100000000)
  eden space 65536K, 100% used [0x00000000eab00000,0x00000000eeb00000,0x00000000eeb00000)
  from space 2560K, 99% used [0x00000000eed80000,0x00000000eeffc5c0,0x00000000ef000000)
  to   space 2560K, 0% used [0x00000000eeb00000,0x00000000eeb00000,0x00000000eed80000)
 ParOldGen       total 44032K, used 12179K [0x00000000c0000000, 0x00000000c2b00000, 0x00000000eab00000)
  object space 44032K, 27% used [0x00000000c0000000,0x00000000c0be4ce0,0x00000000c2b00000)
 Metaspace       used 6302K, capacity 7152K, committed 7296K, reserved 1056768K
  class space    used 602K, capacity 616K, committed 640K, reserved 1048576K
Event: 3.951 GC heap after
Heap after GC invocations=5 (full 0):
 PSYoungGen      total 68096K, used 2543K [0x00000000eab00000, 0x00000000f4800000, 0x0000000100000000)
  eden space 65536K, 0% used [0x00000000eab00000,0x00000000eab00000,0x00000000eeb00000)
  from space 2560K, 99% used [0x00000000eeb00000,0x00000000eed7be08,0x00000000eed80000)
  to   space 14848K, 0% used [0x00000000f3980000,0x00000000f3980000,0x00000000f4800000)
 ParOldGen       total 44032K, used 22997K [0x00000000c0000000, 0x00000000c2b00000, 0x00000000eab00000)
  object space 44032K, 52% used [0x00000000c0000000,0x00000000c1675458,0x00000000c2b00000)
 Metaspace       used 6302K, capacity 7152K, committed 7296K, reserved 1056768K
  class space    used 602K, capacity 616K, committed 640K, reserved 1048576K
}
Event: 4.441 GC heap before
{Heap before GC invocations=6 (full 0):
 PSYoungGen      total 68096K, used 68079K [0x00000000eab00000, 0x00000000f4800000, 0x0000000100000000)
  eden space 65536K, 100% used [0x00000000eab00000,0x00000000eeb00000,0x00000000eeb00000)
  from space 2560K, 99% used [0x00000000eeb00000,0x00000000eed7be08,0x00000000eed80000)
  to   space 14848K, 0% used [0x00000000f3980000,0x00000000f3980000,0x00000000f4800000)
 ParOldGen       total 44032K, used 22997K [0x00000000c0000000, 0x00000000c2b00000, 0x00000000eab00000)
  object space 44032K, 52% used [0x00000000c0000000,0x00000000c1675458,0x00000000c2b00000)
 Metaspace       used 6396K, capacity 7216K, committed 7296K, reserved 1056768K
  class space    used 602K, capacity 616K, committed 640K, reserved 1048576K
Event: 4.684 GC heap after
Heap after GC invocations=6 (full 0):
 PSYoungGen      total 143360K, used 13154K [0x00000000eab00000, 0x00000000f4d00000, 0x0000000100000000)
  eden space 128512K, 0% used [0x00000000eab00000,0x00000000eab00000,0x00000000f2880000)
  from space 14848K, 88% used [0x00000000f3980000,0x00000000f46589b0,0x00000000f4800000)
  to   space 17408K, 0% used [0x00000000f2880000,0x00000000f2880000,0x00000000f3980000)
 ParOldGen       total 44032K, used 22997K [0x00000000c0000000, 0x00000000c2b00000, 0x00000000eab00000)
  object space 44032K, 52% used [0x00000000c0000000,0x00000000c1675458,0x00000000c2b00000)
 Metaspace       used 6396K, capacity 7216K, committed 7296K, reserved 1056768K
  class space    used 602K, capacity 616K, committed 640K, reserved 1048576K
}

Deoptimization events (10 events):
Event: 3.274 Thread 0x00000000567bc000 Uncommon trap: reason=unstable_if action=reinterpret pc=0x0000000002bb7530 method=com.android.dx.ssa.SsaRenamer$BlockRenamer.visitMoveInsn(Lcom/android/dx/ssa/NormalSsaInsn;)V @ 104
Event: 3.332 Thread 0x00000000567bc000 Uncommon trap: reason=unstable_if action=reinterpret pc=0x0000000002b3220c method=com.android.dx.ssa.SCCP.simulateBranch(Lcom/android/dx/ssa/SsaInsn;)V @ 64
Event: 3.334 Thread 0x00000000567bc000 Uncommon trap: reason=unstable_if action=reinterpret pc=0x000000000299e38c method=com.android.dx.ssa.SsaMethod.updateOneDefinition(Lcom/android/dx/ssa/SsaInsn;Lcom/android/dx/rop/code/RegisterSpec;)V @ 4
Event: 3.854 Thread 0x000000005684b000 Uncommon trap: reason=bimorphic action=maybe_recompile pc=0x0000000002c012b4 method=com.android.dx.cf.code.BytecodeArray.parseInstruction(ILcom/android/dx/cf/code/BytecodeArray$Visitor;)I @ 1130
Event: 3.855 Thread 0x000000005684b000 Uncommon trap: reason=bimorphic action=maybe_recompile pc=0x0000000002c012b4 method=com.android.dx.cf.code.BytecodeArray.parseInstruction(ILcom/android/dx/cf/code/BytecodeArray$Visitor;)I @ 1130
Event: 3.997 Thread 0x00000000567bc000 Uncommon trap: reason=bimorphic action=maybe_recompile pc=0x0000000002ca7664 method=com.android.dx.cf.code.RopperMachine.run(Lcom/android/dx/cf/code/Frame;II)V @ 310
Event: 4.011 Thread 0x00000000567e4000 Uncommon trap: reason=unstable_if action=reinterpret pc=0x0000000002ca718c method=com.android.dx.cf.code.RopperMachine.run(Lcom/android/dx/cf/code/Frame;II)V @ 1250
Event: 4.054 Thread 0x00000000567ea000 Uncommon trap: reason=unstable_if action=reinterpret pc=0x0000000002c4da80 method=com.android.dx.ssa.SCCP.simulateStmt(Lcom/android/dx/ssa/SsaInsn;)V @ 53
Event: 4.061 Thread 0x00000000567ea000 Uncommon trap: reason=class_check action=maybe_recompile pc=0x0000000002a44d30 method=java.util.HashMap.putVal(ILjava/lang/Object;Ljava/lang/Object;ZZ)Ljava/lang/Object; @ 203
Event: 4.435 Thread 0x00000000567bc000 Uncommon trap: reason=unstable_if action=reinterpret pc=0x0000000002a8a688 method=com.android.dx.rop.code.LocalItem.compareHandlesNulls(Lcom/android/dx/rop/cst/CstString;Lcom/android/dx/rop/cst/CstString;)I @ 14

Internal exceptions (3 events):
Event: 0.155 Thread 0x0000000001f1e000 Exception <a 'java/lang/NoSuchMethodError': Method sun.misc.Unsafe.defineClass(Ljava/lang/String;[BII)Ljava/lang/Class; name or signature does not match> (0x00000000eab0d440) thrown at [C:\re\workspace\8-2-build-windows-amd64-cygwin\jdk8u60\4407\hotspot\srﬂ%‡7„√?
Event: 0.155 Thread 0x0000000001f1e000 Exception <a 'java/lang/NoSuchMethodError': Method sun.misc.Unsafe.prefetchRead(Ljava/lang/Object;J)V name or signature does not match> (0x00000000eab0d728) thrown at [C:\re\workspace\8-2-build-windows-amd64-cygwin\jdk8u60\4407\hotspot\src\share\vm\prims\jÕ=,å Ω@
Event: 4.435 Thread 0x00000000567bc000 Implicit null exception at 0x0000000002a89491 to 0x0000000002a8a65d

Events (10 events):
Event: 4.388 Thread 0x0000000001f1e000 DEOPT UNPACKING pc=0x000000000260787f sp=0x00000000022ee680 mode 0
Event: 4.392 Thread 0x0000000001f1e000 DEOPT PACKING pc=0x0000000002c3c729 sp=0x00000000022ee770
Event: 4.392 Thread 0x0000000001f1e000 DEOPT UNPACKING pc=0x000000000260787f sp=0x00000000022ee530 mode 0
Event: 4.407 Thread 0x00000000567ea000 DEOPT PACKING pc=0x0000000002c4a23f sp=0x0000000057edf190
Event: 4.407 Thread 0x00000000567ea000 DEOPT UNPACKING pc=0x000000000260787f sp=0x0000000057edef88 mode 0
Event: 4.435 Thread 0x00000000567bc000 Uncommon trap: trap_request=0xffffff65 fr.pc=0x0000000002a8a688
Event: 4.435 Thread 0x00000000567bc000 DEOPT PACKING pc=0x0000000002a8a688 sp=0x0000000057afeae0
Event: 4.435 Thread 0x00000000567bc000 DEOPT UNPACKING pc=0x000000000260582a sp=0x0000000057afe868 mode 2
Event: 4.441 Executing VM operation: ParallelGCFailedAllocation
Event: 4.684 Executing VM operation: ParallelGCFailedAllocation done


Dynamic libraries:
0x000000013f040000 - 0x000000013f077000 	C:\Program Files\Java\jdk1.8.0_60\bin\java.exe
0x0000000077950000 - 0x0000000077af9000 	C:\Windows\SYSTEM32\ntdll.dll
0x0000000077830000 - 0x000000007794f000 	C:\Windows\system32\kernel32.dll
0x000007fefd7d0000 - 0x000007fefd83b000 	C:\Windows\system32\KERNELBASE.dll
0x000007fefdda0000 - 0x000007fefde7b000 	C:\Windows\system32\ADVAPI32.dll
0x000007fefe820000 - 0x000007fefe8bf000 	C:\Windows\system32\msvcrt.dll
0x000007fefe2a0000 - 0x000007fefe2bf000 	C:\Windows\SYSTEM32\sechost.dll
0x000007fefdc70000 - 0x000007fefdd9d000 	C:\Windows\system32\RPCRT4.dll
0x0000000077730000 - 0x000000007782a000 	C:\Windows\system32\USER32.dll
0x000007fefe940000 - 0x000007fefe9a7000 	C:\Windows\system32\GDI32.dll
0x000007fefe050000 - 0x000007fefe05e000 	C:\Windows\system32\LPK.dll
0x000007fefe750000 - 0x000007fefe819000 	C:\Windows\system32\USP10.dll
0x000007fefc170000 - 0x000007fefc364000 	C:\Windows\WinSxS\amd64_microsoft.windows.common-controls_6595b64144ccf1df_6.0.7601.17514_none_fa396087175ac9ac\COMCTL32.dll
0x000007feff980000 - 0x000007feff9f1000 	C:\Windows\system32\SHLWAPI.dll
0x000007feffc30000 - 0x000007feffc5e000 	C:\Windows\system32\IMM32.DLL
0x000007fefe9b0000 - 0x000007fefeab9000 	C:\Windows\system32\MSCTF.dll
0x0000000075140000 - 0x0000000075212000 	C:\Program Files\Java\jdk1.8.0_60\jre\bin\msvcr100.dll
0x00000000713b0000 - 0x0000000071c39000 	C:\Program Files\Java\jdk1.8.0_60\jre\bin\server\jvm.dll
0x000007fef9260000 - 0x000007fef9269000 	C:\Windows\system32\WSOCK32.dll
0x000007fefeac0000 - 0x000007fefeb0d000 	C:\Windows\system32\WS2_32.dll
0x000007fefdee0000 - 0x000007fefdee8000 	C:\Windows\system32\NSI.dll
0x000007fef67b0000 - 0x000007fef67eb000 	C:\Windows\system32\WINMM.dll
0x000007fefc860000 - 0x000007fefc86c000 	C:\Windows\system32\VERSION.dll
0x0000000077b10000 - 0x0000000077b17000 	C:\Windows\system32\PSAPI.DLL
0x00000000754a0000 - 0x00000000754af000 	C:\Program Files\Java\jdk1.8.0_60\jre\bin\verify.dll
0x0000000075470000 - 0x0000000075499000 	C:\Program Files\Java\jdk1.8.0_60\jre\bin\java.dll
0x0000000075450000 - 0x0000000075466000 	C:\Program Files\Java\jdk1.8.0_60\jre\bin\zip.dll
0x000007fefeb10000 - 0x000007feff898000 	C:\Windows\system32\SHELL32.dll
0x000007feffa00000 - 0x000007feffc03000 	C:\Windows\system32\ole32.dll
0x000007fefd730000 - 0x000007fefd73f000 	C:\Windows\system32\profapi.dll

VM Arguments:
jvm_args: -Djava.awt.headless=true -Xmx1024M -Dfile.encoding=windows-1252 -Duser.country=US -Duser.language=en -Duser.variant 
java_command: com.android.dx.command.Main --dex --force-jumbo --num-threads=4 --multi-dex --output D:\Hai\Demo\app\build\intermediates\transforms\dex\debug\folders\1000\10\com.android.support-support-v4-23.4.0_89d756267a63c137aa0ccd1b554c51da7071b325 D:\Hai\Demo\app\build\intermediates\exploded-aar\com.android.support\support-v4\23.4.0\jars\classes.jar
java_class_path (initial): C:\Users\Administrator\AppData\Local\Android\sdk\build-tools\23.0.3\lib\dx.jar
Launcher Type: SUN_STANDARD

Environment Variables:
PATH=C:\ProgramData\Oracle\Java\javapath;C:\Windows\system32;C:\Windows;C:\Windows\System32\Wbem;C:\Windows\System32\WindowsPowerShell\v1.0\;C:\Program Files\Git\cmd;C:\Program Files\Git\mingw64\bin;C:\Program Files\Git\usr\bin
USERNAME=Administrator
OS=Windows_NT
PROCESSOR_IDENTIFIER=Intel64 Family 6 Model 58 Stepping 9, GenuineIntel



---------------  S Y S T E M  ---------------

OS: Windows 7 , 64 bit Build 7601 (6.1.7601.18015)

CPU:total 4 (2 cores per cpu, 2 threads per core) family 6 model 58 stepping 9, cmov, cx8, fxsr, mmx, sse, sse2, sse3, ssse3, sse4.1, sse4.2, popcnt, avx, aes, clmul, erms, ht, tsc, tscinvbit, tscinv

Memory: 4k page, physical 4094316k(596000k free), swap 4094316k(35152k free)

vm_info: Java HotSpot(TM) 64-Bit Server VM (25.60-b23) for windows-amd64 JRE (1.8.0_60-b27), built on Aug  4 2015 11:06:27 by "java_re" with MS VC++ 10.0 (VS2010)

time: Sun Jul 17 16:21:20 2016
elapsed time: 9 seconds (0d 0h 0m 9s)

