#
# There is insufficient memory for the Java Runtime Environment to continue.
# Native memory allocation (malloc) failed to allocate 1848656 bytes for Chunk::new
# Possible reasons:
#   The system is out of physical RAM or swap space
#   In 32 bit mode, the process size limit was hit
# Possible solutions:
#   Reduce memory load on the system
#   Increase physical memory or swap space
#   Check if swap backing store is full
#   Use 64 bit Java on a 64 bit OS
#   Decrease Java heap size (-Xmx/-Xms)
#   Decrease number of Java threads
#   Decrease Java thread stack sizes (-Xss)
#   Set larger code cache with -XX:ReservedCodeCacheSize=
# This output file may be truncated or incomplete.
#
#  Out of Memory Error (allocation.cpp:390), pid=4088, tid=1736
#
# JRE version: Java(TM) SE Runtime Environment (8.0_60-b27) (build 1.8.0_60-b27)
# Java VM: Java HotSpot(TM) 64-Bit Server VM (25.60-b23 mixed mode windows-amd64 compressed oops)
# Failed to write core dump. Minidumps are not enabled by default on client versions of Windows
#

---------------  T H R E A D  ---------------

Current thread (0x0000000055012800):  JavaThread "C2 CompilerThread0" daemon [_thread_in_native, id=1736, stack(0x0000000056510000,0x0000000056610000)]

Stack: [0x0000000056510000,0x0000000056610000]
[error occurred during error reporting (printing stack bounds), id 0xc0000005]

Native frames: (J=compiled Java code, j=interpreted, Vv=VM code, C=native code)


Current CompileTask:
C2:   4442 1329   !   4       com.android.dx.cf.cst.ConstantPoolParser::parse0 (731 bytes)


---------------  P R O C E S S  ---------------

Java Threads: ( => current thread )
  0x0000000056922000 JavaThread "pool-2-thread-4" [_thread_blocked, id=2076, stack(0x00000000575b0000,0x00000000576b0000)]
  0x0000000056877000 JavaThread "pool-2-thread-3" [_thread_blocked, id=2888, stack(0x0000000057420000,0x0000000057520000)]
  0x000000005686e800 JavaThread "pool-2-thread-2" [_thread_blocked, id=652, stack(0x00000000572f0000,0x00000000573f0000)]
  0x0000000056881800 JavaThread "pool-3-thread-1" [_thread_blocked, id=3112, stack(0x0000000057190000,0x0000000057290000)]
  0x0000000056880800 JavaThread "pool-2-thread-1" [_thread_blocked, id=3536, stack(0x0000000056c40000,0x0000000056d40000)]
  0x0000000056679000 JavaThread "Service Thread" daemon [_thread_blocked, id=3628, stack(0x0000000056da0000,0x0000000056ea0000)]
  0x0000000055019000 JavaThread "C1 CompilerThread2" daemon [_thread_blocked, id=3076, stack(0x0000000056af0000,0x0000000056bf0000)]
  0x0000000055017800 JavaThread "C2 CompilerThread1" daemon [_thread_in_native, id=3404, stack(0x0000000055e10000,0x0000000055f10000)]
=>0x0000000055012800 JavaThread "C2 CompilerThread0" daemon [_thread_in_native, id=1736, stack(0x0000000056510000,0x0000000056610000)]
  0x000000005501d800 JavaThread "Attach Listener" daemon [_thread_blocked, id=892, stack(0x00000000560b0000,0x00000000561b0000)]
  0x000000005501c800 JavaThread "Signal Dispatcher" daemon [_thread_blocked, id=2436, stack(0x0000000056410000,0x0000000056510000)]
  0x0000000054fb1000 JavaThread "Finalizer" daemon [_thread_blocked, id=2864, stack(0x00000000562f0000,0x00000000563f0000)]
  0x0000000054fb0000 JavaThread "Reference Handler" daemon [_thread_blocked, id=1120, stack(0x00000000561b0000,0x00000000562b0000)]
  0x0000000001f8e000 JavaThread "main" [_thread_in_Java, id=3372, stack(0x0000000002350000,0x0000000002450000)]

Other Threads:
  0x0000000054faa800 VMThread [stack: 0x0000000055f70000,0x0000000056070000] [id=3296]
  0x0000000056693000 WatcherThread [stack: 0x0000000056f00000,0x0000000057000000] [id=3976]

VM state:not at safepoint (normal execution)

VM Mutex/Monitor currently owned by a thread: None

Heap:
 PSYoungGen      total 35328K, used 19494K [0x00000000eab00000, 0x00000000ed000000, 0x0000000100000000)
  eden space 32768K, 51% used [0x00000000eab00000,0x00000000ebb8f6c8,0x00000000ecb00000)
  from space 2560K, 99% used [0x00000000ecb00000,0x00000000ecd7a378,0x00000000ecd80000)
  to   space 2560K, 0% used [0x00000000ecd80000,0x00000000ecd80000,0x00000000ed000000)
 ParOldGen       total 44032K, used 8403K [0x00000000c0000000, 0x00000000c2b00000, 0x00000000eab00000)
  object space 44032K, 19% used [0x00000000c0000000,0x00000000c0834fd0,0x00000000c2b00000)
 Metaspace       used 6178K, capacity 7088K, committed 7296K, reserved 1056768K
  class space    used 602K, capacity 616K, committed 640K, reserved 1048576K

Card table byte_map: [0x0000000011ae0000,0x0000000011cf0000] byte_map_base: 0x00000000114e0000

Marking Bits: (ParMarkBitMap*) 0x0000000072aba5b0
 Begin Bits: [0x0000000012420000, 0x0000000013420000)
 End Bits:   [0x0000000013420000, 0x0000000014420000)

Polling page: 0x0000000000120000

CodeCache: size=245760Kb used=6083Kb max_used=6100Kb free=239676Kb
 bounds [0x0000000002720000, 0x0000000002d20000, 0x0000000011720000]
 total_blobs=1834 nmethods=1565 adapters=182
 compilation: enabled

Compilation events (10 events):
Event: 4.311 Thread 0x0000000055019000 1586       2       com.android.dx.dex.file.CodeItem::<init> (81 bytes)
Event: 4.311 Thread 0x0000000055019000 nmethod 1586 0x0000000002d0a550 code [0x0000000002d0a700, 0x0000000002d0ab18]
Event: 4.318 Thread 0x0000000055017800 nmethod 1325 0x0000000002d10b90 code [0x0000000002d10ee0, 0x0000000002d13f80]
Event: 4.319 Thread 0x0000000055017800 1505       4       com.android.dx.cf.code.Ropper::getAvailableLabel (54 bytes)
Event: 4.320 Thread 0x0000000055019000 1587       2       com.android.dx.rop.cst.CstLong::getType (4 bytes)
Event: 4.320 Thread 0x0000000055019000 nmethod 1587 0x0000000002d10850 code [0x0000000002d109a0, 0x0000000002d10af0]
Event: 4.331 Thread 0x0000000055017800 nmethod 1505 0x0000000002d0ced0 code [0x0000000002d0d040, 0x0000000002d0d458]
Event: 4.331 Thread 0x0000000055017800 1474       4       com.android.dx.ssa.back.LivenessAnalyzer::run (231 bytes)
Event: 4.347 Thread 0x0000000055019000 1592       2       com.android.dx.ssa.back.FirstFitLocalCombiningAllocator::handleLocalAssociatedOther (151 bytes)
Event: 4.348 Thread 0x0000000055019000 nmethod 1592 0x0000000002d0be10 code [0x0000000002d0c040, 0x0000000002d0c6f8]

GC Heap History (6 events):
Event: 1.095 GC heap before
{Heap before GC invocations=1 (full 0):
 PSYoungGen      total 18944K, used 16384K [0x00000000eab00000, 0x00000000ec000000, 0x0000000100000000)
  eden space 16384K, 100% used [0x00000000eab00000,0x00000000ebb00000,0x00000000ebb00000)
  from space 2560K, 0% used [0x00000000ebd80000,0x00000000ebd80000,0x00000000ec000000)
  to   space 2560K, 0% used [0x00000000ebb00000,0x00000000ebb00000,0x00000000ebd80000)
 ParOldGen       total 44032K, used 0K [0x00000000c0000000, 0x00000000c2b00000, 0x00000000eab00000)
  object space 44032K, 0% used [0x00000000c0000000,0x00000000c0000000,0x00000000c2b00000)
 Metaspace       used 5480K, capacity 6448K, committed 6528K, reserved 1056768K
  class space    used 599K, capacity 616K, committed 640K, reserved 1048576K
Event: 1.141 GC heap after
Heap after GC invocations=1 (full 0):
 PSYoungGen      total 18944K, used 2531K [0x00000000eab00000, 0x00000000ed000000, 0x0000000100000000)
  eden space 16384K, 0% used [0x00000000eab00000,0x00000000eab00000,0x00000000ebb00000)
  from space 2560K, 98% used [0x00000000ebb00000,0x00000000ebd78e60,0x00000000ebd80000)
  to   space 2560K, 0% used [0x00000000ecd80000,0x00000000ecd80000,0x00000000ed000000)
 ParOldGen       total 44032K, used 958K [0x00000000c0000000, 0x00000000c2b00000, 0x00000000eab00000)
  object space 44032K, 2% used [0x00000000c0000000,0x00000000c00ef930,0x00000000c2b00000)
 Metaspace       used 5480K, capacity 6448K, committed 6528K, reserved 1056768K
  class space    used 599K, capacity 616K, committed 640K, reserved 1048576K
}
Event: 2.620 GC heap before
{Heap before GC invocations=2 (full 0):
 PSYoungGen      total 18944K, used 18915K [0x00000000eab00000, 0x00000000ed000000, 0x0000000100000000)
  eden space 16384K, 100% used [0x00000000eab00000,0x00000000ebb00000,0x00000000ebb00000)
  from space 2560K, 98% used [0x00000000ebb00000,0x00000000ebd78e60,0x00000000ebd80000)
  to   space 2560K, 0% used [0x00000000ecd80000,0x00000000ecd80000,0x00000000ed000000)
 ParOldGen       total 44032K, used 958K [0x00000000c0000000, 0x00000000c2b00000, 0x00000000eab00000)
  object space 44032K, 2% used [0x00000000c0000000,0x00000000c00ef930,0x00000000c2b00000)
 Metaspace       used 6007K, capacity 6960K, committed 7040K, reserved 1056768K
  class space    used 602K, capacity 616K, committed 640K, reserved 1048576K
Event: 2.732 GC heap after
Heap after GC invocations=2 (full 0):
 PSYoungGen      total 35328K, used 2545K [0x00000000eab00000, 0x00000000ed000000, 0x0000000100000000)
  eden space 32768K, 0% used [0x00000000eab00000,0x00000000eab00000,0x00000000ecb00000)
  from space 2560K, 99% used [0x00000000ecd80000,0x00000000ecffc6a8,0x00000000ed000000)
  to   space 2560K, 0% used [0x00000000ecb00000,0x00000000ecb00000,0x00000000ecd80000)
 ParOldGen       total 44032K, used 2709K [0x00000000c0000000, 0x00000000c2b00000, 0x00000000eab00000)
  object space 44032K, 6% used [0x00000000c0000000,0x00000000c02a55d0,0x00000000c2b00000)
 Metaspace       used 6007K, capacity 6960K, committed 7040K, reserved 1056768K
  class space    used 602K, capacity 616K, committed 640K, reserved 1048576K
}
Event: 3.789 GC heap before
{Heap before GC invocations=3 (full 0):
 PSYoungGen      total 35328K, used 35313K [0x00000000eab00000, 0x00000000ed000000, 0x0000000100000000)
  eden space 32768K, 100% used [0x00000000eab00000,0x00000000ecb00000,0x00000000ecb00000)
  from space 2560K, 99% used [0x00000000ecd80000,0x00000000ecffc6a8,0x00000000ed000000)
  to   space 2560K, 0% used [0x00000000ecb00000,0x00000000ecb00000,0x00000000ecd80000)
 ParOldGen       total 44032K, used 2709K [0x00000000c0000000, 0x00000000c2b00000, 0x00000000eab00000)
  object space 44032K, 6% used [0x00000000c0000000,0x00000000c02a55d0,0x00000000c2b00000)
 Metaspace       used 6152K, capacity 7088K, committed 7296K, reserved 1056768K
  class space    used 602K, capacity 616K, committed 640K, reserved 1048576K
Event: 4.119 GC heap after
Heap after GC invocations=3 (full 0):
 PSYoungGen      total 35328K, used 2536K [0x00000000eab00000, 0x00000000ed000000, 0x0000000100000000)
  eden space 32768K, 0% used [0x00000000eab00000,0x00000000eab00000,0x00000000ecb00000)
  from space 2560K, 99% used [0x00000000ecb00000,0x00000000ecd7a378,0x00000000ecd80000)
  to   space 2560K, 0% used [0x00000000ecd80000,0x00000000ecd80000,0x00000000ed000000)
 ParOldGen       total 44032K, used 8403K [0x00000000c0000000, 0x00000000c2b00000, 0x00000000eab00000)
  object space 44032K, 19% used [0x00000000c0000000,0x00000000c0834fd0,0x00000000c2b00000)
 Metaspace       used 6152K, capacity 7088K, committed 7296K, reserved 1056768K
  class space    used 602K, capacity 616K, committed 640K, reserved 1048576K
}

Deoptimization events (10 events):
Event: 0.590 Thread 0x0000000001f8e000 Uncommon trap: reason=unstable_if action=reinterpret pc=0x000000000286be84 method=java.lang.String.compareTo(Ljava/lang/String;)I @ 38
Event: 1.429 Thread 0x0000000056922000 Uncommon trap: reason=unstable_if action=reinterpret pc=0x00000000029f2a50 method=com.android.dx.rop.code.RegisterSpec.equals(ILcom/android/dx/rop/type/TypeBearer;Lcom/android/dx/rop/code/LocalItem;)Z @ 42
Event: 1.491 Thread 0x0000000056922000 Uncommon trap: reason=null_check action=make_not_entrant pc=0x0000000002a15e90 method=com.android.dx.rop.type.Type.equals(Ljava/lang/Object;)Z @ 8
Event: 2.293 Thread 0x0000000056880800 Uncommon trap: reason=null_check action=make_not_entrant pc=0x00000000029f828c method=com.android.dx.ssa.SsaRenamer.getLocalForNewReg(I)Lcom/android/dx/rop/code/LocalItem; @ 19
Event: 2.371 Thread 0x0000000056880800 Uncommon trap: reason=unstable_if action=reinterpret pc=0x0000000002a52f68 method=com.android.dx.rop.code.LocalItem.hashCode()I @ 25
Event: 2.371 Thread 0x0000000056880800 Uncommon trap: reason=unstable_if action=reinterpret pc=0x00000000029eb918 method=com.android.dx.rop.code.LocalItem.hashCode()I @ 25
Event: 2.383 Thread 0x0000000056880800 Uncommon trap: reason=unstable_if action=reinterpret pc=0x0000000002a590dc method=com.android.dx.rop.code.RegisterSpecSet.put(Lcom/android/dx/rop/code/RegisterSpec;)V @ 77
Event: 2.383 Thread 0x0000000056880800 Uncommon trap: reason=unstable_if action=reinterpret pc=0x0000000002a584d8 method=com.android.dx.rop.code.RegisterSpecSet.put(Lcom/android/dx/rop/code/RegisterSpec;)V @ 77
Event: 3.380 Thread 0x0000000056880800 Uncommon trap: reason=unstable_if action=reinterpret pc=0x0000000002989ec4 method=com.android.dx.rop.cst.Constant.compareTo(Lcom/android/dx/rop/cst/Constant;)I @ 12
Event: 3.623 Thread 0x000000005686e800 Uncommon trap: reason=bimorphic action=maybe_recompile pc=0x0000000002b5f6a4 method=java.util.HashMap.putVal(ILjava/lang/Object;Ljava/lang/Object;ZZ)Ljava/lang/Object; @ 203

Internal exceptions (4 events):
Event: 0.108 Thread 0x0000000001f8e000 Exception <a 'java/lang/NoSuchMethodError': Method sun.misc.Unsafe.defineClass(Ljava/lang/String;[BII)Ljava/lang/Class; name or signature does not match> (0x00000000eab0d2c8) thrown at [C:\re\workspace\8-2-build-windows-amd64-cygwin\jdk8u60\4407\hotspot\sr<ñ²Ð†¾»?
Event: 0.108 Thread 0x0000000001f8e000 Exception <a 'java/lang/NoSuchMethodError': Method sun.misc.Unsafe.prefetchRead(Ljava/lang/Object;J)V name or signature does not match> (0x00000000eab0d5b0) thrown at [C:\re\workspace\8-2-build-windows-amd64-cygwin\jdk8u60\4407\hotspot\src\share\vm\prims\j{êl³Û÷?
Event: 1.491 Thread 0x0000000056922000 Implicit null exception at 0x0000000002a15d92 to 0x0000000002a15e82
Event: 2.293 Thread 0x0000000056880800 Implicit null exception at 0x00000000029f622e to 0x00000000029f8249

Events (10 events):
Event: 3.380 Thread 0x0000000056880800 Uncommon trap: trap_request=0xffffff65 fr.pc=0x0000000002989ec4
Event: 3.380 Thread 0x0000000056880800 DEOPT PACKING pc=0x0000000002989ec4 sp=0x0000000056d3e6f0
Event: 3.380 Thread 0x0000000056880800 DEOPT UNPACKING pc=0x000000000276582a sp=0x0000000056d3e690 mode 2
Event: 3.623 Thread 0x000000005686e800 Uncommon trap: trap_request=0xffffffc6 fr.pc=0x0000000002b5f6a4
Event: 3.623 Thread 0x000000005686e800 DEOPT PACKING pc=0x0000000002b5f6a4 sp=0x00000000573ee7c0
Event: 3.623 Thread 0x000000005686e800 DEOPT UNPACKING pc=0x000000000276582a sp=0x00000000573ee748 mode 2
Event: 3.678 Executing VM operation: ParallelGCFailedAllocation
Event: 4.119 Executing VM operation: ParallelGCFailedAllocation done
Event: 4.319 Executing VM operation: EnableBiasedLocking
Event: 4.319 Executing VM operation: EnableBiasedLocking done


Dynamic libraries:
0x000000013fc90000 - 0x000000013fcc7000 	C:\Program Files\Java\jdk1.8.0_60\bin\java.exe
0x0000000077470000 - 0x0000000077619000 	C:\Windows\SYSTEM32\ntdll.dll
0x0000000077350000 - 0x000000007746f000 	C:\Windows\system32\kernel32.dll
0x000007fefd420000 - 0x000007fefd48b000 	C:\Windows\system32\KERNELBASE.dll
0x000007fefe6c0000 - 0x000007fefe79b000 	C:\Windows\system32\ADVAPI32.dll
0x000007fefe0f0000 - 0x000007fefe18f000 	C:\Windows\system32\msvcrt.dll
0x000007fefd650000 - 0x000007fefd66f000 	C:\Windows\SYSTEM32\sechost.dll
0x000007fefd850000 - 0x000007fefd97d000 	C:\Windows\system32\RPCRT4.dll
0x0000000077250000 - 0x000000007734a000 	C:\Windows\system32\USER32.dll
0x000007fefdd00000 - 0x000007fefdd67000 	C:\Windows\system32\GDI32.dll
0x000007fefe580000 - 0x000007fefe58e000 	C:\Windows\system32\LPK.dll
0x000007fefe5f0000 - 0x000007fefe6b9000 	C:\Windows\system32\USP10.dll
0x000007fefb9b0000 - 0x000007fefbba4000 	C:\Windows\WinSxS\amd64_microsoft.windows.common-controls_6595b64144ccf1df_6.0.7601.17514_none_fa396087175ac9ac\COMCTL32.dll
0x000007fefd670000 - 0x000007fefd6e1000 	C:\Windows\system32\SHLWAPI.dll
0x000007fefd980000 - 0x000007fefd9ae000 	C:\Windows\system32\IMM32.DLL
0x000007fefdea0000 - 0x000007fefdfa9000 	C:\Windows\system32\MSCTF.dll
0x0000000074580000 - 0x0000000074652000 	C:\Program Files\Java\jdk1.8.0_60\jre\bin\msvcr100.dll
0x00000000722b0000 - 0x0000000072b39000 	C:\Program Files\Java\jdk1.8.0_60\jre\bin\server\jvm.dll
0x000007fefb870000 - 0x000007fefb879000 	C:\Windows\system32\WSOCK32.dll
0x000007fefdd70000 - 0x000007fefddbd000 	C:\Windows\system32\WS2_32.dll
0x000007fefe9e0000 - 0x000007fefe9e8000 	C:\Windows\system32\NSI.dll
0x000007fef6630000 - 0x000007fef666b000 	C:\Windows\system32\WINMM.dll
0x000007fefc380000 - 0x000007fefc38c000 	C:\Windows\system32\VERSION.dll
0x0000000077640000 - 0x0000000077647000 	C:\Windows\system32\PSAPI.DLL
0x0000000074bc0000 - 0x0000000074bcf000 	C:\Program Files\Java\jdk1.8.0_60\jre\bin\verify.dll
0x0000000074b90000 - 0x0000000074bb9000 	C:\Program Files\Java\jdk1.8.0_60\jre\bin\java.dll
0x0000000074b70000 - 0x0000000074b86000 	C:\Program Files\Java\jdk1.8.0_60\jre\bin\zip.dll
0x000007fefe9f0000 - 0x000007feff778000 	C:\Windows\system32\SHELL32.dll
0x000007fefe370000 - 0x000007fefe573000 	C:\Windows\system32\ole32.dll
0x000007fefd260000 - 0x000007fefd26f000 	C:\Windows\system32\profapi.dll

VM Arguments:
jvm_args: -Djava.awt.headless=true -Xmx1024M -Dfile.encoding=windows-1252 -Duser.country=US -Duser.language=en -Duser.variant 
java_command: com.android.dx.command.Main --dex --force-jumbo --num-threads=4 --multi-dex --output D:\Hai\Demo\app\build\intermediates\transforms\dex\debug\folders\1000\10\com.android.support-appcompat-v7-23.4.0_c3da417fe977320a65e4e4ae15e7fd2fc48d2adc D:\Hai\Demo\app\build\intermediates\exploded-aar\com.android.support\appcompat-v7\23.4.0\jars\classes.jar
java_class_path (initial): C:\Users\Administrator\AppData\Local\Android\sdk\build-tools\23.0.3\lib\dx.jar
Launcher Type: SUN_STANDARD

Environment Variables:
PATH=C:\ProgramData\Oracle\Java\javapath;C:\Windows\system32;C:\Windows;C:\Windows\System32\Wbem;C:\Windows\System32\WindowsPowerShell\v1.0\;C:\Program Files\Git\cmd;C:\Program Files\Git\mingw64\bin;C:\Program Files\Git\usr\bin
USERNAME=Administrator
OS=Windows_NT
PROCESSOR_IDENTIFIER=Intel64 Family 6 Model 58 Stepping 9, GenuineIntel



---------------  S Y S T E M  ---------------

OS: Windows 7 , 64 bit Build 7601 (6.1.7601.18015)

CPU:total 4 (2 cores per cpu, 2 threads per core) family 6 model 58 stepping 9, cmov, cx8, fxsr, mmx, sse, sse2, sse3, ssse3, sse4.1, sse4.2, popcnt, avx, aes, clmul, erms, ht, tsc, tscinvbit, tscinv

Memory: 4k page, physical 4094316k(884308k free), swap 4094316k(7360k free)

vm_info: Java HotSpot(TM) 64-Bit Server VM (25.60-b23) for windows-amd64 JRE (1.8.0_60-b27), built on Aug  4 2015 11:06:27 by "java_re" with MS VC++ 10.0 (VS2010)

time: Tue Jul 19 09:50:01 2016
elapsed time: 4 seconds (0d 0h 0m 4s)

