#
# There is insufficient memory for the Java Runtime Environment to continue.
# Native memory allocation (malloc) failed to allocate 1048576 bytes for AllocateHeap
# Possible reasons:
#   The system is out of physical RAM or swap space
#   In 32 bit mode, the process size limit was hit
# Possible solutions:
#   Reduce memory load on the system
#   Increase physical memory or swap space
#   Check if swap backing store is full
#   Use 64 bit Java on a 64 bit OS
#   Decrease Java heap size (-Xmx/-Xms)
#   Decrease number of Java threads
#   Decrease Java thread stack sizes (-Xss)
#   Set larger code cache with -XX:ReservedCodeCacheSize=
# This output file may be truncated or incomplete.
#
#  Out of Memory Error (memory/allocation.inline.hpp:61), pid=4000, tid=2340
#
# JRE version:  (8.0_60-b27) (build )
# Java VM: Java HotSpot(TM) 64-Bit Server VM (25.60-b23 mixed mode windows-amd64 compressed oops)
# Failed to write core dump. Minidumps are not enabled by default on client versions of Windows
#

---------------  T H R E A D  ---------------

Current thread (0x000000000032e000):  JavaThread "Unknown thread" [_thread_in_vm, id=2340, stack(0x0000000002000000,0x0000000002100000)]

Stack: [0x0000000002000000,0x0000000002100000]
[error occurred during error reporting (printing stack bounds), id 0xc0000005]

Native frames: (J=compiled Java code, j=interpreted, Vv=VM code, C=native code)


---------------  P R O C E S S  ---------------

Java Threads: ( => current thread )

Other Threads:

=>0x000000000032e000 (exited) JavaThread "Unknown thread" [_thread_in_vm, id=2340, stack(0x0000000002000000,0x0000000002100000)]

VM state:not at safepoint (normal execution)

VM Mutex/Monitor currently owned by a thread: None

Heap:
 PSYoungGen      total 18944K, used 327K [0x00000000eab00000, 0x00000000ec000000, 0x0000000100000000)
  eden space 16384K, 2% used [0x00000000eab00000,0x00000000eab51ec8,0x00000000ebb00000)
  from space 2560K, 0% used [0x00000000ebd80000,0x00000000ebd80000,0x00000000ec000000)
  to   space 2560K, 0% used [0x00000000ebb00000,0x00000000ebb00000,0x00000000ebd80000)
 ParOldGen       total 44032K, used 0K [0x00000000c0000000, 0x00000000c2b00000, 0x00000000eab00000)
  object space 44032K, 0% used [0x00000000c0000000,0x00000000c0000000,0x00000000c2b00000)
 Metaspace       used 767K, capacity 4480K, committed 4480K, reserved 1056768K
  class space    used 75K, capacity 384K, committed 384K, reserved 1048576K

Card table byte_map: [0x0000000011790000,0x00000000119a0000] byte_map_base: 0x0000000011190000

Marking Bits: (ParMarkBitMap*) 0x0000000071bba5b0
 Begin Bits: [0x0000000011f50000, 0x0000000012f50000)
 End Bits:   [0x0000000012f50000, 0x0000000013f50000)

Polling page: 0x0000000000310000

CodeCache: size=245760Kb used=328Kb max_used=328Kb free=245431Kb
 bounds [0x00000000023d0000, 0x0000000002640000, 0x00000000113d0000]
 total_blobs=57 nmethods=0 adapters=37
 compilation: enabled

Compilation events (0 events):
No events

GC Heap History (0 events):
No events

Deoptimization events (0 events):
No events

Internal exceptions (0 events):
No events

Events (10 events):
Event: 0.051 loading class java/lang/Short
Event: 0.051 loading class java/lang/Short done
Event: 0.051 loading class java/lang/Integer
Event: 0.051 loading class java/lang/Integer done
Event: 0.051 loading class java/lang/Long
Event: 0.051 loading class java/lang/Long done
Event: 0.052 loading class java/lang/NullPointerException
Event: 0.052 loading class java/lang/NullPointerException done
Event: 0.052 loading class java/lang/ArithmeticException
Event: 0.052 loading class java/lang/ArithmeticException done


Dynamic libraries:
0x000000013f040000 - 0x000000013f077000 	C:\Program Files\Java\jdk1.8.0_60\bin\java.exe
0x0000000077950000 - 0x0000000077af9000 	C:\Windows\SYSTEM32\ntdll.dll
0x0000000077830000 - 0x000000007794f000 	C:\Windows\system32\kernel32.dll
0x000007fefd7d0000 - 0x000007fefd83b000 	C:\Windows\system32\KERNELBASE.dll
0x000007fefdda0000 - 0x000007fefde7b000 	C:\Windows\system32\ADVAPI32.dll
0x000007fefe820000 - 0x000007fefe8bf000 	C:\Windows\system32\msvcrt.dll
0x000007fefe2a0000 - 0x000007fefe2bf000 	C:\Windows\SYSTEM32\sechost.dll
0x000007fefdc70000 - 0x000007fefdd9d000 	C:\Windows\system32\RPCRT4.dll
0x0000000077730000 - 0x000000007782a000 	C:\Windows\system32\USER32.dll
0x000007fefe940000 - 0x000007fefe9a7000 	C:\Windows\system32\GDI32.dll
0x000007fefe050000 - 0x000007fefe05e000 	C:\Windows\system32\LPK.dll
0x000007fefe750000 - 0x000007fefe819000 	C:\Windows\system32\USP10.dll
0x000007fefc170000 - 0x000007fefc364000 	C:\Windows\WinSxS\amd64_microsoft.windows.common-controls_6595b64144ccf1df_6.0.7601.17514_none_fa396087175ac9ac\COMCTL32.dll
0x000007feff980000 - 0x000007feff9f1000 	C:\Windows\system32\SHLWAPI.dll
0x000007feffc30000 - 0x000007feffc5e000 	C:\Windows\system32\IMM32.DLL
0x000007fefe9b0000 - 0x000007fefeab9000 	C:\Windows\system32\MSCTF.dll
0x0000000075140000 - 0x0000000075212000 	C:\Program Files\Java\jdk1.8.0_60\jre\bin\msvcr100.dll
0x00000000713b0000 - 0x0000000071c39000 	C:\Program Files\Java\jdk1.8.0_60\jre\bin\server\jvm.dll
0x000007fef9260000 - 0x000007fef9269000 	C:\Windows\system32\WSOCK32.dll
0x000007fefeac0000 - 0x000007fefeb0d000 	C:\Windows\system32\WS2_32.dll
0x000007fefdee0000 - 0x000007fefdee8000 	C:\Windows\system32\NSI.dll
0x000007fef67b0000 - 0x000007fef67eb000 	C:\Windows\system32\WINMM.dll
0x000007fefc860000 - 0x000007fefc86c000 	C:\Windows\system32\VERSION.dll
0x0000000077b10000 - 0x0000000077b17000 	C:\Windows\system32\PSAPI.DLL
0x00000000754a0000 - 0x00000000754af000 	C:\Program Files\Java\jdk1.8.0_60\jre\bin\verify.dll
0x0000000075470000 - 0x0000000075499000 	C:\Program Files\Java\jdk1.8.0_60\jre\bin\java.dll
0x0000000075450000 - 0x0000000075466000 	C:\Program Files\Java\jdk1.8.0_60\jre\bin\zip.dll

VM Arguments:
jvm_args: -Djava.awt.headless=true -Xmx1024M -Dfile.encoding=windows-1252 -Duser.country=US -Duser.language=en -Duser.variant 
java_command: com.android.dx.command.Main --dex --force-jumbo --num-threads=4 --multi-dex --output D:\Hai\Demo\app\build\intermediates\transforms\dex\debug\folders\1000\10\internal_impl-23.4.0_8345f2c17f1d5b23a81ba0592bf42e14b0805771 D:\Hai\Demo\app\build\intermediates\exploded-aar\com.android.support\support-v4\23.4.0\jars\libs\internal_impl-23.4.0.jar
java_class_path (initial): C:\Users\Administrator\AppData\Local\Android\sdk\build-tools\23.0.3\lib\dx.jar
Launcher Type: SUN_STANDARD

Environment Variables:
PATH=C:\ProgramData\Oracle\Java\javapath;C:\Windows\system32;C:\Windows;C:\Windows\System32\Wbem;C:\Windows\System32\WindowsPowerShell\v1.0\;C:\Program Files\Git\cmd;C:\Program Files\Git\mingw64\bin;C:\Program Files\Git\usr\bin
USERNAME=Administrator
OS=Windows_NT
PROCESSOR_IDENTIFIER=Intel64 Family 6 Model 58 Stepping 9, GenuineIntel



---------------  S Y S T E M  ---------------

OS: Windows 7 , 64 bit Build 7601 (6.1.7601.18015)

CPU:total 4 (2 cores per cpu, 2 threads per core) family 6 model 58 stepping 9, cmov, cx8, fxsr, mmx, sse, sse2, sse3, ssse3, sse4.1, sse4.2, popcnt, avx, aes, clmul, erms, ht, tsc, tscinvbit, tscinv

Memory: 4k page, physical 4094316k(737220k free), swap 4094316k(5428k free)

vm_info: Java HotSpot(TM) 64-Bit Server VM (25.60-b23) for windows-amd64 JRE (1.8.0_60-b27), built on Aug  4 2015 11:06:27 by "java_re" with MS VC++ 10.0 (VS2010)

time: Sun Jul 17 16:21:05 2016
elapsed time: 0 seconds (0d 0h 0m 0s)

