#
# There is insufficient memory for the Java Runtime Environment to continue.
# Native memory allocation (malloc) failed to allocate 353040 bytes for Chunk::new
# Possible reasons:
#   The system is out of physical RAM or swap space
#   In 32 bit mode, the process size limit was hit
# Possible solutions:
#   Reduce memory load on the system
#   Increase physical memory or swap space
#   Check if swap backing store is full
#   Use 64 bit Java on a 64 bit OS
#   Decrease Java heap size (-Xmx/-Xms)
#   Decrease number of Java threads
#   Decrease Java thread stack sizes (-Xss)
#   Set larger code cache with -XX:ReservedCodeCacheSize=
# This output file may be truncated or incomplete.
#
#  Out of Memory Error (allocation.cpp:390), pid=2148, tid=3988
#
# JRE version: Java(TM) SE Runtime Environment (8.0_60-b27) (build 1.8.0_60-b27)
# Java VM: Java HotSpot(TM) 64-Bit Server VM (25.60-b23 mixed mode windows-amd64 compressed oops)
# Failed to write core dump. Minidumps are not enabled by default on client versions of Windows
#

---------------  T H R E A D  ---------------

Current thread (0x0000000054d88000):  JavaThread "C2 CompilerThread0" daemon [_thread_in_native, id=3988, stack(0x0000000056650000,0x0000000056750000)]

Stack: [0x0000000056650000,0x0000000056750000]
[error occurred during error reporting (printing stack bounds), id 0xc0000005]

Native frames: (J=compiled Java code, j=interpreted, Vv=VM code, C=native code)


Current CompileTask:
C2:   3142 1352       4       com.android.dx.ssa.LocalVariableExtractor::processBlock (383 bytes)


---------------  P R O C E S S  ---------------

Java Threads: ( => current thread )
  0x00000000569af000 JavaThread "pool-2-thread-4" [_thread_blocked, id=2464, stack(0x0000000057cb0000,0x0000000057db0000)]
  0x0000000056aa5000 JavaThread "pool-2-thread-3" [_thread_blocked, id=1520, stack(0x0000000056410000,0x0000000056510000)]
  0x00000000569e8800 JavaThread "pool-2-thread-2" [_thread_blocked, id=1780, stack(0x0000000057ab0000,0x0000000057bb0000)]
  0x0000000056b4a800 JavaThread "pool-3-thread-1" [_thread_blocked, id=2916, stack(0x0000000056de0000,0x0000000056ee0000)]
  0x000000005713d800 JavaThread "pool-2-thread-1" [_thread_blocked, id=2668, stack(0x0000000057940000,0x0000000057a40000)]
  0x00000000567b2800 JavaThread "Service Thread" daemon [_thread_blocked, id=2512, stack(0x00000000561e0000,0x00000000562e0000)]
  0x000000005679e800 JavaThread "C1 CompilerThread2" daemon [_thread_blocked, id=3316, stack(0x0000000056cc0000,0x0000000056dc0000)]
  0x000000005679e000 JavaThread "C2 CompilerThread1" daemon [_thread_in_native, id=2488, stack(0x0000000056b60000,0x0000000056c60000)]
=>0x0000000054d88000 JavaThread "C2 CompilerThread0" daemon [_thread_in_native, id=3988, stack(0x0000000056650000,0x0000000056750000)]
  0x0000000054d81800 JavaThread "Attach Listener" daemon [_thread_blocked, id=1224, stack(0x0000000056520000,0x0000000056620000)]
  0x0000000054d80800 JavaThread "Signal Dispatcher" daemon [_thread_blocked, id=2684, stack(0x00000000562f0000,0x00000000563f0000)]
  0x0000000054d21000 JavaThread "Finalizer" daemon [_thread_blocked, id=3340, stack(0x0000000056070000,0x0000000056170000)]
  0x0000000054d20000 JavaThread "Reference Handler" daemon [_thread_blocked, id=1800, stack(0x0000000055ef0000,0x0000000055ff0000)]
  0x0000000001f1e000 JavaThread "main" [_thread_blocked, id=768, stack(0x0000000001f60000,0x0000000002060000)]

Other Threads:
  0x0000000054d1a800 VMThread [stack: 0x0000000055df0000,0x0000000055ef0000] [id=2348]
  0x00000000567bb800 WatcherThread [stack: 0x0000000056f60000,0x0000000057060000] [id=2892]

VM state:not at safepoint (normal execution)

VM Mutex/Monitor currently owned by a thread: None

Heap:
 PSYoungGen      total 35328K, used 24579K [0x00000000eab00000, 0x00000000ed000000, 0x0000000100000000)
  eden space 32768K, 67% used [0x00000000eab00000,0x00000000ec086a10,0x00000000ecb00000)
  from space 2560K, 99% used [0x00000000ecd80000,0x00000000ecffa2e8,0x00000000ed000000)
  to   space 2560K, 0% used [0x00000000ecb00000,0x00000000ecb00000,0x00000000ecd80000)
 ParOldGen       total 44032K, used 2605K [0x00000000c0000000, 0x00000000c2b00000, 0x00000000eab00000)
  object space 44032K, 5% used [0x00000000c0000000,0x00000000c028b6e8,0x00000000c2b00000)
 Metaspace       used 6110K, capacity 7024K, committed 7296K, reserved 1056768K
  class space    used 602K, capacity 616K, committed 640K, reserved 1048576K

Card table byte_map: [0x0000000011800000,0x0000000011a10000] byte_map_base: 0x0000000011200000

Marking Bits: (ParMarkBitMap*) 0x000000007201a5b0
 Begin Bits: [0x0000000012190000, 0x0000000013190000)
 End Bits:   [0x0000000013190000, 0x0000000014190000)

Polling page: 0x0000000000230000

CodeCache: size=245760Kb used=5868Kb max_used=5879Kb free=239891Kb
 bounds [0x0000000002440000, 0x0000000002a10000, 0x0000000011440000]
 total_blobs=1695 nmethods=1426 adapters=182
 compilation: enabled

Compilation events (10 events):
Event: 3.033 Thread 0x000000005679e800 1427       1       java.util.HashMap$Node::getKey (5 bytes)
Event: 3.033 Thread 0x000000005679e800 nmethod 1427 0x00000000029ed290 code [0x00000000029ed3e0, 0x00000000029ed4f0]
Event: 3.033 Thread 0x000000005679e000 nmethod 1384 0x0000000002a00910 code [0x0000000002a00ae0, 0x0000000002a01328]
Event: 3.033 Thread 0x000000005679e000 1369       4       java.util.HashSet::<init> (16 bytes)
Event: 3.035 Thread 0x000000005679e000 nmethod 1369 0x00000000029fcf50 code [0x00000000029fd0a0, 0x00000000029fd178]
Event: 3.035 Thread 0x000000005679e000 1431       4       com.android.dx.rop.code.InsnList::<init> (6 bytes)
Event: 3.036 Thread 0x000000005679e000 nmethod 1431 0x00000000029fcbd0 code [0x00000000029fcd20, 0x00000000029fce58]
Event: 3.036 Thread 0x000000005679e000 1429   !   4       java.util.BitSet::clone (49 bytes)
Event: 3.039 Thread 0x000000005679e000 nmethod 1429 0x00000000029fe110 code [0x00000000029fe280, 0x00000000029fe488]
Event: 3.039 Thread 0x000000005679e000 1356       4       com.android.dx.ssa.back.FirstFitLocalCombiningAllocator$1::processInsn (169 bytes)

GC Heap History (4 events):
Event: 1.012 GC heap before
{Heap before GC invocations=1 (full 0):
 PSYoungGen      total 18944K, used 16384K [0x00000000eab00000, 0x00000000ec000000, 0x0000000100000000)
  eden space 16384K, 100% used [0x00000000eab00000,0x00000000ebb00000,0x00000000ebb00000)
  from space 2560K, 0% used [0x00000000ebd80000,0x00000000ebd80000,0x00000000ec000000)
  to   space 2560K, 0% used [0x00000000ebb00000,0x00000000ebb00000,0x00000000ebd80000)
 ParOldGen       total 44032K, used 0K [0x00000000c0000000, 0x00000000c2b00000, 0x00000000eab00000)
  object space 44032K, 0% used [0x00000000c0000000,0x00000000c0000000,0x00000000c2b00000)
 Metaspace       used 5495K, capacity 6512K, committed 6784K, reserved 1056768K
  class space    used 598K, capacity 616K, committed 640K, reserved 1048576K
Event: 1.026 GC heap after
Heap after GC invocations=1 (full 0):
 PSYoungGen      total 18944K, used 2535K [0x00000000eab00000, 0x00000000ed000000, 0x0000000100000000)
  eden space 16384K, 0% used [0x00000000eab00000,0x00000000eab00000,0x00000000ebb00000)
  from space 2560K, 99% used [0x00000000ebb00000,0x00000000ebd79fa0,0x00000000ebd80000)
  to   space 2560K, 0% used [0x00000000ecd80000,0x00000000ecd80000,0x00000000ed000000)
 ParOldGen       total 44032K, used 918K [0x00000000c0000000, 0x00000000c2b00000, 0x00000000eab00000)
  object space 44032K, 2% used [0x00000000c0000000,0x00000000c00e58a0,0x00000000c2b00000)
 Metaspace       used 5495K, capacity 6512K, committed 6784K, reserved 1056768K
  class space    used 598K, capacity 616K, committed 640K, reserved 1048576K
}
Event: 2.086 GC heap before
{Heap before GC invocations=2 (full 0):
 PSYoungGen      total 18944K, used 18919K [0x00000000eab00000, 0x00000000ed000000, 0x0000000100000000)
  eden space 16384K, 100% used [0x00000000eab00000,0x00000000ebb00000,0x00000000ebb00000)
  from space 2560K, 99% used [0x00000000ebb00000,0x00000000ebd79fa0,0x00000000ebd80000)
  to   space 2560K, 0% used [0x00000000ecd80000,0x00000000ecd80000,0x00000000ed000000)
 ParOldGen       total 44032K, used 918K [0x00000000c0000000, 0x00000000c2b00000, 0x00000000eab00000)
  object space 44032K, 2% used [0x00000000c0000000,0x00000000c00e58a0,0x00000000c2b00000)
 Metaspace       used 5978K, capacity 6896K, committed 7040K, reserved 1056768K
  class space    used 602K, capacity 616K, committed 640K, reserved 1048576K
Event: 2.178 GC heap after
Heap after GC invocations=2 (full 0):
 PSYoungGen      total 35328K, used 2536K [0x00000000eab00000, 0x00000000ed000000, 0x0000000100000000)
  eden space 32768K, 0% used [0x00000000eab00000,0x00000000eab00000,0x00000000ecb00000)
  from space 2560K, 99% used [0x00000000ecd80000,0x00000000ecffa2e8,0x00000000ed000000)
  to   space 2560K, 0% used [0x00000000ecb00000,0x00000000ecb00000,0x00000000ecd80000)
 ParOldGen       total 44032K, used 2605K [0x00000000c0000000, 0x00000000c2b00000, 0x00000000eab00000)
  object space 44032K, 5% used [0x00000000c0000000,0x00000000c028b6e8,0x00000000c2b00000)
 Metaspace       used 5978K, capacity 6896K, committed 7040K, reserved 1056768K
  class space    used 602K, capacity 616K, committed 640K, reserved 1048576K
}

Deoptimization events (8 events):
Event: 1.537 Thread 0x00000000569e8800 Uncommon trap: reason=unstable_if action=reinterpret pc=0x0000000002704b90 method=com.android.dx.rop.code.RegisterSpec.equals(ILcom/android/dx/rop/type/TypeBearer;Lcom/android/dx/rop/code/LocalItem;)Z @ 42
Event: 1.703 Thread 0x00000000569af000 Uncommon trap: reason=null_check action=make_not_entrant pc=0x000000000272197c method=com.android.dx.ssa.SsaRenamer.getLocalForNewReg(I)Lcom/android/dx/rop/code/LocalItem; @ 19
Event: 1.779 Thread 0x000000005713d800 Uncommon trap: reason=unstable_if action=reinterpret pc=0x00000000027b001c method=com.android.dx.rop.code.RegisterSpecSet.put(Lcom/android/dx/rop/code/RegisterSpec;)V @ 77
Event: 1.779 Thread 0x000000005713d800 Uncommon trap: reason=unstable_if action=reinterpret pc=0x00000000027b9bd8 method=com.android.dx.rop.code.RegisterSpecSet.put(Lcom/android/dx/rop/code/RegisterSpec;)V @ 77
Event: 2.631 Thread 0x00000000569e8800 Uncommon trap: reason=bimorphic action=maybe_recompile pc=0x000000000290dcb4 method=com.android.dx.cf.code.BytecodeArray.parseInstruction(ILcom/android/dx/cf/code/BytecodeArray$Visitor;)I @ 2484
Event: 2.631 Thread 0x00000000569e8800 Uncommon trap: reason=bimorphic action=maybe_recompile pc=0x000000000290dcb4 method=com.android.dx.cf.code.BytecodeArray.parseInstruction(ILcom/android/dx/cf/code/BytecodeArray$Visitor;)I @ 2484
Event: 2.857 Thread 0x000000005713d800 Uncommon trap: reason=unstable_if action=reinterpret pc=0x0000000002992b78 method=com.android.dx.ssa.SCCP.simulateBranch(Lcom/android/dx/ssa/SsaInsn;)V @ 107
Event: 2.935 Thread 0x00000000569e8800 Uncommon trap: reason=unstable_if action=reinterpret pc=0x00000000027b7cc4 method=com.android.dx.rop.cst.Constant.compareTo(Lcom/android/dx/rop/cst/Constant;)I @ 12

Internal exceptions (3 events):
Event: 0.141 Thread 0x0000000001f1e000 Exception <a 'java/lang/NoSuchMethodError': Method sun.misc.Unsafe.defineClass(Ljava/lang/String;[BII)Ljava/lang/Class; name or signature does not match> (0x00000000eab0d448) thrown at [C:\re\workspace\8-2-build-windows-amd64-cygwin\jdk8u60\4407\hotspot\srG_ L
¬?
Event: 0.141 Thread 0x0000000001f1e000 Exception <a 'java/lang/NoSuchMethodError': Method sun.misc.Unsafe.prefetchRead(Ljava/lang/Object;J)V name or signature does not match> (0x00000000eab0d730) thrown at [C:\re\workspace\8-2-build-windows-amd64-cygwin\jdk8u60\4407\hotspot\src\share\vm\prims\jù∏iì?˚?
Event: 1.703 Thread 0x00000000569af000 Implicit null exception at 0x000000000271f8f3 to 0x0000000002721939

Events (10 events):
Event: 2.631 Thread 0x00000000569e8800 DEOPT UNPACKING pc=0x000000000248582a sp=0x0000000057bae948 mode 2
Event: 2.631 Thread 0x00000000569e8800 Uncommon trap: trap_request=0xffffffc6 fr.pc=0x000000000290dcb4
Event: 2.631 Thread 0x00000000569e8800 DEOPT PACKING pc=0x000000000290dcb4 sp=0x0000000057bae7a0
Event: 2.631 Thread 0x00000000569e8800 DEOPT UNPACKING pc=0x000000000248582a sp=0x0000000057bae728 mode 2
Event: 2.857 Thread 0x000000005713d800 Uncommon trap: trap_request=0xffffff65 fr.pc=0x0000000002992b78
Event: 2.857 Thread 0x000000005713d800 DEOPT PACKING pc=0x0000000002992b78 sp=0x0000000057a3eb00
Event: 2.857 Thread 0x000000005713d800 DEOPT UNPACKING pc=0x000000000248582a sp=0x0000000057a3eab8 mode 2
Event: 2.935 Thread 0x00000000569e8800 Uncommon trap: trap_request=0xffffff65 fr.pc=0x00000000027b7cc4
Event: 2.935 Thread 0x00000000569e8800 DEOPT PACKING pc=0x00000000027b7cc4 sp=0x0000000057bae650
Event: 2.935 Thread 0x00000000569e8800 DEOPT UNPACKING pc=0x000000000248582a sp=0x0000000057bae5f0 mode 2


Dynamic libraries:
0x000000013f5d0000 - 0x000000013f607000 	C:\Program Files\Java\jdk1.8.0_60\bin\java.exe
0x00000000771a0000 - 0x0000000077349000 	C:\Windows\SYSTEM32\ntdll.dll
0x0000000076f80000 - 0x000000007709f000 	C:\Windows\system32\kernel32.dll
0x000007fefd130000 - 0x000007fefd19b000 	C:\Windows\system32\KERNELBASE.dll
0x000007fefef40000 - 0x000007feff01b000 	C:\Windows\system32\ADVAPI32.dll
0x000007fefeea0000 - 0x000007fefef3f000 	C:\Windows\system32\msvcrt.dll
0x000007fefee80000 - 0x000007fefee9f000 	C:\Windows\SYSTEM32\sechost.dll
0x000007fefd380000 - 0x000007fefd4ad000 	C:\Windows\system32\RPCRT4.dll
0x00000000770a0000 - 0x000000007719a000 	C:\Windows\system32\USER32.dll
0x000007fefd6f0000 - 0x000007fefd757000 	C:\Windows\system32\GDI32.dll
0x000007fefd920000 - 0x000007fefd92e000 	C:\Windows\system32\LPK.dll
0x000007fefd930000 - 0x000007fefd9f9000 	C:\Windows\system32\USP10.dll
0x000007fefb600000 - 0x000007fefb7f4000 	C:\Windows\WinSxS\amd64_microsoft.windows.common-controls_6595b64144ccf1df_6.0.7601.17514_none_fa396087175ac9ac\COMCTL32.dll
0x000007fefdcb0000 - 0x000007fefdd21000 	C:\Windows\system32\SHLWAPI.dll
0x000007fefd800000 - 0x000007fefd82e000 	C:\Windows\system32\IMM32.DLL
0x000007fefdd30000 - 0x000007fefde39000 	C:\Windows\system32\MSCTF.dll
0x0000000073a20000 - 0x0000000073af2000 	C:\Program Files\Java\jdk1.8.0_60\jre\bin\msvcr100.dll
0x0000000071810000 - 0x0000000072099000 	C:\Program Files\Java\jdk1.8.0_60\jre\bin\server\jvm.dll
0x000007fefb570000 - 0x000007fefb579000 	C:\Windows\system32\WSOCK32.dll
0x000007fefde60000 - 0x000007fefdead000 	C:\Windows\system32\WS2_32.dll
0x000007fefd830000 - 0x000007fefd838000 	C:\Windows\system32\NSI.dll
0x000007fef6100000 - 0x000007fef613b000 	C:\Windows\system32\WINMM.dll
0x000007fefc0b0000 - 0x000007fefc0bc000 	C:\Windows\system32\VERSION.dll
0x0000000077370000 - 0x0000000077377000 	C:\Windows\system32\PSAPI.DLL
0x00000000745a0000 - 0x00000000745af000 	C:\Program Files\Java\jdk1.8.0_60\jre\bin\verify.dll
0x0000000074540000 - 0x0000000074569000 	C:\Program Files\Java\jdk1.8.0_60\jre\bin\java.dll
0x0000000074580000 - 0x0000000074596000 	C:\Program Files\Java\jdk1.8.0_60\jre\bin\zip.dll
0x000007fefe0f0000 - 0x000007fefee78000 	C:\Windows\system32\SHELL32.dll
0x000007fefda00000 - 0x000007fefdc03000 	C:\Windows\system32\ole32.dll
0x000007fefcf90000 - 0x000007fefcf9f000 	C:\Windows\system32\profapi.dll

VM Arguments:
jvm_args: -Djava.awt.headless=true -Xmx1024M -Dfile.encoding=windows-1252 -Duser.country=US -Duser.language=en -Duser.variant 
java_command: com.android.dx.command.Main --dex --force-jumbo --num-threads=4 --multi-dex --output D:\Hai\Demo\app\build\intermediates\transforms\dex\debug\folders\1000\10\com.android.support-appcompat-v7-23.4.0_c3da417fe977320a65e4e4ae15e7fd2fc48d2adc D:\Hai\Demo\app\build\intermediates\exploded-aar\com.android.support\appcompat-v7\23.4.0\jars\classes.jar
java_class_path (initial): C:\Users\Administrator\AppData\Local\Android\sdk\build-tools\23.0.3\lib\dx.jar
Launcher Type: SUN_STANDARD

Environment Variables:



---------------  S Y S T E M  ---------------

OS: Windows 7 , 64 bit Build 7601 (6.1.7601.18015)

CPU:total 4 (2 cores per cpu, 2 threads per core) family 6 model 58 stepping 9, cmov, cx8, fxsr, mmx, sse, sse2, sse3, ssse3, sse4.1, sse4.2, popcnt, avx, aes, clmul, erms, ht, tsc, tscinvbit, tscinv

Memory: 4k page, physical 4094316k(627464k free), swap 4094316k(5088k free)

vm_info: Java HotSpot(TM) 64-Bit Server VM (25.60-b23) for windows-amd64 JRE (1.8.0_60-b27), built on Aug  4 2015 11:06:27 by "java_re" with MS VC++ 10.0 (VS2010)

time: Fri Jul 22 22:16:05 2016
elapsed time: 3 seconds (0d 0h 0m 3s)

