#
# There is insufficient memory for the Java Runtime Environment to continue.
# Native memory allocation (malloc) failed to allocate 189856 bytes for Chunk::new
# Possible reasons:
#   The system is out of physical RAM or swap space
#   In 32 bit mode, the process size limit was hit
# Possible solutions:
#   Reduce memory load on the system
#   Increase physical memory or swap space
#   Check if swap backing store is full
#   Use 64 bit Java on a 64 bit OS
#   Decrease Java heap size (-Xmx/-Xms)
#   Decrease number of Java threads
#   Decrease Java thread stack sizes (-Xss)
#   Set larger code cache with -XX:ReservedCodeCacheSize=
# This output file may be truncated or incomplete.
#
#  Out of Memory Error (allocation.cpp:390), pid=1508, tid=1884
#
# JRE version: Java(TM) SE Runtime Environment (8.0_60-b27) (build 1.8.0_60-b27)
# Java VM: Java HotSpot(TM) 64-Bit Server VM (25.60-b23 mixed mode windows-amd64 compressed oops)
# Failed to write core dump. Minidumps are not enabled by default on client versions of Windows
#

---------------  T H R E A D  ---------------

Current thread (0x0000000056326000):  JavaThread "C2 CompilerThread1" daemon [_thread_in_native, id=1884, stack(0x0000000056c50000,0x0000000056d50000)]

Stack: [0x0000000056c50000,0x0000000056d50000]
[error occurred during error reporting (printing stack bounds), id 0xc0000005]

Native frames: (J=compiled Java code, j=interpreted, Vv=VM code, C=native code)


Current CompileTask:
C2:   6236 1405       4       com.android.dx.dex.file.DexFile::findItemOrNull (66 bytes)


---------------  P R O C E S S  ---------------

Java Threads: ( => current thread )
  0x000000005647d000 JavaThread "pool-1-thread-1" [_thread_in_Java, id=124, stack(0x0000000057000000,0x0000000057100000)]
  0x000000005637e800 JavaThread "Service Thread" daemon [_thread_blocked, id=1240, stack(0x0000000055f30000,0x0000000056030000)]
  0x000000005637d800 JavaThread "C1 CompilerThread2" daemon [_thread_blocked, id=4060, stack(0x0000000056d70000,0x0000000056e70000)]
=>0x0000000056326000 JavaThread "C2 CompilerThread1" daemon [_thread_in_native, id=1884, stack(0x0000000056c50000,0x0000000056d50000)]
  0x0000000056324800 JavaThread "C2 CompilerThread0" daemon [_thread_blocked, id=1976, stack(0x0000000056a20000,0x0000000056b20000)]
  0x0000000054db3800 JavaThread "Attach Listener" daemon [_thread_blocked, id=2004, stack(0x00000000568e0000,0x00000000569e0000)]
  0x0000000054db2800 JavaThread "Signal Dispatcher" daemon [_thread_blocked, id=1656, stack(0x0000000056770000,0x0000000056870000)]
  0x0000000054d51000 JavaThread "Finalizer" daemon [_thread_blocked, id=3460, stack(0x0000000056220000,0x0000000056320000)]
  0x0000000054d50000 JavaThread "Reference Handler" daemon [_thread_blocked, id=3792, stack(0x00000000560a0000,0x00000000561a0000)]
  0x0000000001f5e000 JavaThread "main" [_thread_blocked, id=2700, stack(0x0000000002060000,0x0000000002160000)]

Other Threads:
  0x0000000054d4a800 VMThread [stack: 0x0000000055e30000,0x0000000055f30000] [id=1984]
  0x0000000056384800 WatcherThread [stack: 0x0000000056ea0000,0x0000000056fa0000] [id=3416]

VM state:not at safepoint (normal execution)

VM Mutex/Monitor currently owned by a thread: None

Heap:
 PSYoungGen      total 35328K, used 16181K [0x00000000eab00000, 0x00000000ed000000, 0x0000000100000000)
  eden space 32768K, 41% used [0x00000000eab00000,0x00000000eb84e4c0,0x00000000ecb00000)
  from space 2560K, 99% used [0x00000000ecd80000,0x00000000ecfff238,0x00000000ed000000)
  to   space 2560K, 0% used [0x00000000ecb00000,0x00000000ecb00000,0x00000000ecd80000)
 ParOldGen       total 44032K, used 20230K [0x00000000c0000000, 0x00000000c2b00000, 0x00000000eab00000)
  object space 44032K, 45% used [0x00000000c0000000,0x00000000c13c1ae8,0x00000000c2b00000)
 Metaspace       used 5861K, capacity 6960K, committed 7040K, reserved 1056768K
  class space    used 594K, capacity 616K, committed 640K, reserved 1048576K

Card table byte_map: [0x00000000117f0000,0x0000000011a00000] byte_map_base: 0x00000000111f0000

Marking Bits: (ParMarkBitMap*) 0x00000000719da5b0
 Begin Bits: [0x00000000121c0000, 0x00000000131c0000)
 End Bits:   [0x00000000131c0000, 0x00000000141c0000)

Polling page: 0x0000000000310000

CodeCache: size=245760Kb used=5137Kb max_used=5148Kb free=240622Kb
 bounds [0x0000000002430000, 0x0000000002940000, 0x0000000011430000]
 total_blobs=1615 nmethods=1353 adapters=175
 compilation: enabled

Compilation events (10 events):
Event: 6.207 Thread 0x000000005637d800 nmethod 1396 0x0000000002938610 code [0x0000000002938780, 0x0000000002938a08]
Event: 6.208 Thread 0x0000000056326000 1401       4       com.android.dx.dex.code.DalvInsn::getAddress (22 bytes)
Event: 6.208 Thread 0x0000000056326000 nmethod 1401 0x0000000002922450 code [0x0000000002922580, 0x00000000029225f8]
Event: 6.211 Thread 0x0000000056324800 1402       4       com.android.dx.rop.code.BasicBlock::canThrow (11 bytes)
Event: 6.211 Thread 0x000000005637d800 1403       1       com.android.dx.dex.code.form.Form22c::codeSize (2 bytes)
Event: 6.212 Thread 0x000000005637d800 nmethod 1403 0x0000000002938350 code [0x00000000029384a0, 0x00000000029385b0]
Event: 6.213 Thread 0x0000000056324800 nmethod 1402 0x0000000002935150 code [0x00000000029352a0, 0x00000000029353d8]
Event: 6.214 Thread 0x000000005637d800 1404       1       com.android.dx.dex.code.form.Form31c::codeSize (2 bytes)
Event: 6.214 Thread 0x000000005637d800 nmethod 1404 0x000000000293aa90 code [0x000000000293abe0, 0x000000000293acf0]
Event: 6.227 Thread 0x0000000056326000 1405       4       com.android.dx.dex.file.DexFile::findItemOrNull (66 bytes)

GC Heap History (8 events):
Event: 2.205 GC heap before
{Heap before GC invocations=1 (full 0):
 PSYoungGen      total 18944K, used 16384K [0x00000000eab00000, 0x00000000ec000000, 0x0000000100000000)
  eden space 16384K, 100% used [0x00000000eab00000,0x00000000ebb00000,0x00000000ebb00000)
  from space 2560K, 0% used [0x00000000ebd80000,0x00000000ebd80000,0x00000000ec000000)
  to   space 2560K, 0% used [0x00000000ebb00000,0x00000000ebb00000,0x00000000ebd80000)
 ParOldGen       total 44032K, used 0K [0x00000000c0000000, 0x00000000c2b00000, 0x00000000eab00000)
  object space 44032K, 0% used [0x00000000c0000000,0x00000000c0000000,0x00000000c2b00000)
 Metaspace       used 5560K, capacity 6704K, committed 6784K, reserved 1056768K
  class space    used 574K, capacity 616K, committed 640K, reserved 1048576K
Event: 2.271 GC heap after
Heap after GC invocations=1 (full 0):
 PSYoungGen      total 18944K, used 2558K [0x00000000eab00000, 0x00000000ec000000, 0x0000000100000000)
  eden space 16384K, 0% used [0x00000000eab00000,0x00000000eab00000,0x00000000ebb00000)
  from space 2560K, 99% used [0x00000000ebb00000,0x00000000ebd7fac8,0x00000000ebd80000)
  to   space 2560K, 0% used [0x00000000ebd80000,0x00000000ebd80000,0x00000000ec000000)
 ParOldGen       total 44032K, used 1474K [0x00000000c0000000, 0x00000000c2b00000, 0x00000000eab00000)
  object space 44032K, 3% used [0x00000000c0000000,0x00000000c0170b60,0x00000000c2b00000)
 Metaspace       used 5560K, capacity 6704K, committed 6784K, reserved 1056768K
  class space    used 574K, capacity 616K, committed 640K, reserved 1048576K
}
Event: 2.770 GC heap before
{Heap before GC invocations=2 (full 0):
 PSYoungGen      total 18944K, used 18942K [0x00000000eab00000, 0x00000000ec000000, 0x0000000100000000)
  eden space 16384K, 100% used [0x00000000eab00000,0x00000000ebb00000,0x00000000ebb00000)
  from space 2560K, 99% used [0x00000000ebb00000,0x00000000ebd7fac8,0x00000000ebd80000)
  to   space 2560K, 0% used [0x00000000ebd80000,0x00000000ebd80000,0x00000000ec000000)
 ParOldGen       total 44032K, used 1474K [0x00000000c0000000, 0x00000000c2b00000, 0x00000000eab00000)
  object space 44032K, 3% used [0x00000000c0000000,0x00000000c0170b60,0x00000000c2b00000)
 Metaspace       used 5645K, capacity 6832K, committed 7040K, reserved 1056768K
  class space    used 579K, capacity 616K, committed 640K, reserved 1048576K
Event: 3.179 GC heap after
Heap after GC invocations=2 (full 0):
 PSYoungGen      total 18944K, used 2541K [0x00000000eab00000, 0x00000000ed000000, 0x0000000100000000)
  eden space 16384K, 0% used [0x00000000eab00000,0x00000000eab00000,0x00000000ebb00000)
  from space 2560K, 99% used [0x00000000ebd80000,0x00000000ebffb690,0x00000000ec000000)
  to   space 2560K, 0% used [0x00000000ebb00000,0x00000000ebb00000,0x00000000ebd80000)
 ParOldGen       total 44032K, used 8307K [0x00000000c0000000, 0x00000000c2b00000, 0x00000000eab00000)
  object space 44032K, 18% used [0x00000000c0000000,0x00000000c081ce30,0x00000000c2b00000)
 Metaspace       used 5645K, capacity 6832K, committed 7040K, reserved 1056768K
  class space    used 579K, capacity 616K, committed 640K, reserved 1048576K
}
Event: 3.319 GC heap before
{Heap before GC invocations=3 (full 0):
 PSYoungGen      total 18944K, used 18925K [0x00000000eab00000, 0x00000000ed000000, 0x0000000100000000)
  eden space 16384K, 100% used [0x00000000eab00000,0x00000000ebb00000,0x00000000ebb00000)
  from space 2560K, 99% used [0x00000000ebd80000,0x00000000ebffb690,0x00000000ec000000)
  to   space 2560K, 0% used [0x00000000ebb00000,0x00000000ebb00000,0x00000000ebd80000)
 ParOldGen       total 44032K, used 8307K [0x00000000c0000000, 0x00000000c2b00000, 0x00000000eab00000)
  object space 44032K, 18% used [0x00000000c0000000,0x00000000c081ce30,0x00000000c2b00000)
 Metaspace       used 5650K, capacity 6832K, committed 7040K, reserved 1056768K
  class space    used 579K, capacity 616K, committed 640K, reserved 1048576K
Event: 3.428 GC heap after
Heap after GC invocations=3 (full 0):
 PSYoungGen      total 18944K, used 2557K [0x00000000eab00000, 0x00000000ed000000, 0x0000000100000000)
  eden space 16384K, 0% used [0x00000000eab00000,0x00000000eab00000,0x00000000ebb00000)
  from space 2560K, 99% used [0x00000000ebb00000,0x00000000ebd7f6a0,0x00000000ebd80000)
  to   space 2560K, 0% used [0x00000000ecd80000,0x00000000ecd80000,0x00000000ed000000)
 ParOldGen       total 44032K, used 14805K [0x00000000c0000000, 0x00000000c2b00000, 0x00000000eab00000)
  object space 44032K, 33% used [0x00000000c0000000,0x00000000c0e75478,0x00000000c2b00000)
 Metaspace       used 5650K, capacity 6832K, committed 7040K, reserved 1056768K
  class space    used 579K, capacity 616K, committed 640K, reserved 1048576K
}
Event: 3.726 GC heap before
{Heap before GC invocations=4 (full 0):
 PSYoungGen      total 18944K, used 18941K [0x00000000eab00000, 0x00000000ed000000, 0x0000000100000000)
  eden space 16384K, 100% used [0x00000000eab00000,0x00000000ebb00000,0x00000000ebb00000)
  from space 2560K, 99% used [0x00000000ebb00000,0x00000000ebd7f6a0,0x00000000ebd80000)
  to   space 2560K, 0% used [0x00000000ecd80000,0x00000000ecd80000,0x00000000ed000000)
 ParOldGen       total 44032K, used 14805K [0x00000000c0000000, 0x00000000c2b00000, 0x00000000eab00000)
  object space 44032K, 33% used [0x00000000c0000000,0x00000000c0e75478,0x00000000c2b00000)
 Metaspace       used 5688K, capacity 6832K, committed 7040K, reserved 1056768K
  class space    used 581K, capacity 616K, committed 640K, reserved 1048576K
Event: 4.114 GC heap after
Heap after GC invocations=4 (full 0):
 PSYoungGen      total 35328K, used 2556K [0x00000000eab00000, 0x00000000ed000000, 0x0000000100000000)
  eden space 32768K, 0% used [0x00000000eab00000,0x00000000eab00000,0x00000000ecb00000)
  from space 2560K, 99% used [0x00000000ecd80000,0x00000000ecfff238,0x00000000ed000000)
  to   space 2560K, 0% used [0x00000000ecb00000,0x00000000ecb00000,0x00000000ecd80000)
 ParOldGen       total 44032K, used 20230K [0x00000000c0000000, 0x00000000c2b00000, 0x00000000eab00000)
  object space 44032K, 45% used [0x00000000c0000000,0x00000000c13c1ae8,0x00000000c2b00000)
 Metaspace       used 5688K, capacity 6832K, committed 7040K, reserved 1056768K
  class space    used 581K, capacity 616K, committed 640K, reserved 1048576K
}

Deoptimization events (10 events):
Event: 5.323 Thread 0x000000005647d000 Uncommon trap: reason=class_check action=maybe_recompile pc=0x00000000028c5ca8 method=java.util.Arrays.hashCode([Ljava/lang/Object;)I @ 43
Event: 5.323 Thread 0x000000005647d000 Uncommon trap: reason=class_check action=maybe_recompile pc=0x00000000028c5ca8 method=java.util.Arrays.hashCode([Ljava/lang/Object;)I @ 43
Event: 5.323 Thread 0x000000005647d000 Uncommon trap: reason=class_check action=maybe_recompile pc=0x00000000028c5ca8 method=java.util.Arrays.hashCode([Ljava/lang/Object;)I @ 43
Event: 5.335 Thread 0x000000005647d000 Uncommon trap: reason=bimorphic action=maybe_recompile pc=0x0000000002827f38 method=java.util.HashMap.getNode(ILjava/lang/Object;)Ljava/util/HashMap$Node; @ 126
Event: 5.336 Thread 0x000000005647d000 Uncommon trap: reason=unstable_if action=reinterpret pc=0x00000000028a434c method=java.util.HashMap.putVal(ILjava/lang/Object;Ljava/lang/Object;ZZ)Ljava/lang/Object; @ 94
Event: 5.338 Thread 0x000000005647d000 Uncommon trap: reason=unstable_if action=reinterpret pc=0x000000000285cf00 method=java.util.HashMap.putVal(ILjava/lang/Object;Ljava/lang/Object;ZZ)Ljava/lang/Object; @ 94
Event: 5.374 Thread 0x000000005647d000 Uncommon trap: reason=bimorphic action=maybe_recompile pc=0x0000000002827f38 method=java.util.HashMap.getNode(ILjava/lang/Object;)Ljava/util/HashMap$Node; @ 126
Event: 5.383 Thread 0x000000005647d000 Uncommon trap: reason=bimorphic action=maybe_recompile pc=0x0000000002827f38 method=java.util.HashMap.getNode(ILjava/lang/Object;)Ljava/util/HashMap$Node; @ 126
Event: 5.383 Thread 0x000000005647d000 Uncommon trap: reason=bimorphic action=maybe_recompile pc=0x0000000002827f38 method=java.util.HashMap.getNode(ILjava/lang/Object;)Ljava/util/HashMap$Node; @ 126
Event: 5.753 Thread 0x000000005647d000 Uncommon trap: reason=unstable_if action=reinterpret pc=0x0000000002922224 method=com.android.dx.dex.code.OutputFinisher.findOpcodeForInsn(Lcom/android/dx/dex/code/DalvInsn;Lcom/android/dx/dex/code/Dop;)Lcom/android/dx/dex/code/Dop; @ 12

Internal exceptions (2 events):
Event: 0.169 Thread 0x0000000001f5e000 Exception <a 'java/lang/NoSuchMethodError': Method sun.misc.Unsafe.defineClass(Ljava/lang/String;[BII)Ljava/lang/Class; name or signature does not match> (0x00000000eab0d398) thrown at [C:\re\workspace\8-2-build-windows-amd64-cygwin\jdk8u60\4407\hotspot\srÈ#Ñt™Å?
Event: 0.169 Thread 0x0000000001f5e000 Exception <a 'java/lang/NoSuchMethodError': Method sun.misc.Unsafe.prefetchRead(Ljava/lang/Object;J)V name or signature does not match> (0x00000000eab0d680) thrown at [C:\re\workspace\8-2-build-windows-amd64-cygwin\jdk8u60\4407\hotspot\src\share\vm\prims\j

Events (10 events):
Event: 5.394 loading class com/android/dx/dex/code/LocalList$Disposition done
Event: 5.395 loading class com/android/dx/dex/code/LocalList$Entry
Event: 5.395 loading class com/android/dx/dex/code/LocalList$Entry done
Event: 5.396 loading class com/android/dx/dex/code/CatchHandlerList
Event: 5.396 loading class com/android/dx/dex/code/CatchHandlerList done
Event: 5.397 loading class com/android/dx/dex/code/CatchTable
Event: 5.397 loading class com/android/dx/dex/code/CatchTable done
Event: 5.753 Thread 0x000000005647d000 Uncommon trap: trap_request=0xffffff65 fr.pc=0x0000000002922224
Event: 5.753 Thread 0x000000005647d000 DEOPT PACKING pc=0x0000000002922224 sp=0x00000000570fecc0
Event: 5.753 Thread 0x000000005647d000 DEOPT UNPACKING pc=0x000000000247582a sp=0x00000000570fec78 mode 2


Dynamic libraries:
0x000000013f700000 - 0x000000013f737000 	C:\Program Files\Java\jdk1.8.0_60\bin\java.exe
0x0000000077950000 - 0x0000000077af9000 	C:\Windows\SYSTEM32\ntdll.dll
0x0000000077830000 - 0x000000007794f000 	C:\Windows\system32\kernel32.dll
0x000007fefd7d0000 - 0x000007fefd83b000 	C:\Windows\system32\KERNELBASE.dll
0x000007fefdda0000 - 0x000007fefde7b000 	C:\Windows\system32\ADVAPI32.dll
0x000007fefe820000 - 0x000007fefe8bf000 	C:\Windows\system32\msvcrt.dll
0x000007fefe2a0000 - 0x000007fefe2bf000 	C:\Windows\SYSTEM32\sechost.dll
0x000007fefdc70000 - 0x000007fefdd9d000 	C:\Windows\system32\RPCRT4.dll
0x0000000077730000 - 0x000000007782a000 	C:\Windows\system32\USER32.dll
0x000007fefe940000 - 0x000007fefe9a7000 	C:\Windows\system32\GDI32.dll
0x000007fefe050000 - 0x000007fefe05e000 	C:\Windows\system32\LPK.dll
0x000007fefe750000 - 0x000007fefe819000 	C:\Windows\system32\USP10.dll
0x000007fefc170000 - 0x000007fefc364000 	C:\Windows\WinSxS\amd64_microsoft.windows.common-controls_6595b64144ccf1df_6.0.7601.17514_none_fa396087175ac9ac\COMCTL32.dll
0x000007feff980000 - 0x000007feff9f1000 	C:\Windows\system32\SHLWAPI.dll
0x000007feffc30000 - 0x000007feffc5e000 	C:\Windows\system32\IMM32.DLL
0x000007fefe9b0000 - 0x000007fefeab9000 	C:\Windows\system32\MSCTF.dll
0x0000000074ea0000 - 0x0000000074f72000 	C:\Program Files\Java\jdk1.8.0_60\jre\bin\msvcr100.dll
0x00000000711d0000 - 0x0000000071a59000 	C:\Program Files\Java\jdk1.8.0_60\jre\bin\server\jvm.dll
0x000007fefc3b0000 - 0x000007fefc3b9000 	C:\Windows\system32\WSOCK32.dll
0x000007fefeac0000 - 0x000007fefeb0d000 	C:\Windows\system32\WS2_32.dll
0x000007fefdee0000 - 0x000007fefdee8000 	C:\Windows\system32\NSI.dll
0x000007fef67b0000 - 0x000007fef67eb000 	C:\Windows\system32\WINMM.dll
0x000007fefc860000 - 0x000007fefc86c000 	C:\Windows\system32\VERSION.dll
0x0000000077b10000 - 0x0000000077b17000 	C:\Windows\system32\PSAPI.DLL
0x0000000075490000 - 0x000000007549f000 	C:\Program Files\Java\jdk1.8.0_60\jre\bin\verify.dll
0x0000000075460000 - 0x0000000075489000 	C:\Program Files\Java\jdk1.8.0_60\jre\bin\java.dll
0x0000000075440000 - 0x0000000075456000 	C:\Program Files\Java\jdk1.8.0_60\jre\bin\zip.dll
0x000007fefeb10000 - 0x000007feff898000 	C:\Windows\system32\SHELL32.dll
0x000007feffa00000 - 0x000007feffc03000 	C:\Windows\system32\ole32.dll
0x000007fefd730000 - 0x000007fefd73f000 	C:\Windows\system32\profapi.dll

VM Arguments:
jvm_args: -Djava.awt.headless=true -Xmx1024M -Dfile.encoding=windows-1252 -Duser.country=US -Duser.language=en -Duser.variant 
java_command: com.android.dx.command.Main --dex --force-jumbo --num-threads=4 --multi-dex --output D:\Hai\Demo\app\build\intermediates\transforms\dex\debug\folders\1000\5\slice_0 D:\Hai\Demo\app\build\intermediates\transforms\instantRunSlicer\debug\folders\1\5\slice_0
java_class_path (initial): C:\Users\Administrator\AppData\Local\Android\sdk\build-tools\23.0.3\lib\dx.jar
Launcher Type: SUN_STANDARD

Environment Variables:
PATH=C:\ProgramData\Oracle\Java\javapath;C:\Windows\system32;C:\Windows;C:\Windows\System32\Wbem;C:\Windows\System32\WindowsPowerShell\v1.0\;C:\Program Files\Git\cmd;C:\Program Files\Git\mingw64\bin;C:\Program Files\Git\usr\bin
USERNAME=Administrator
OS=Windows_NT
PROCESSOR_IDENTIFIER=Intel64 Family 6 Model 58 Stepping 9, GenuineIntel



---------------  S Y S T E M  ---------------

OS: Windows 7 , 64 bit Build 7601 (6.1.7601.18015)

CPU:total 4 (2 cores per cpu, 2 threads per core) family 6 model 58 stepping 9, cmov, cx8, fxsr, mmx, sse, sse2, sse3, ssse3, sse4.1, sse4.2, popcnt, avx, aes, clmul, erms, ht, tsc, tscinvbit, tscinv

Memory: 4k page, physical 4094316k(650528k free), swap 4094316k(4824k free)

vm_info: Java HotSpot(TM) 64-Bit Server VM (25.60-b23) for windows-amd64 JRE (1.8.0_60-b27), built on Aug  4 2015 11:06:27 by "java_re" with MS VC++ 10.0 (VS2010)

time: Sun Jul 17 15:37:47 2016
elapsed time: 6 seconds (0d 0h 0m 6s)

