#
# There is insufficient memory for the Java Runtime Environment to continue.
# Native memory allocation (malloc) failed to allocate 995536 bytes for Chunk::new
# Possible reasons:
#   The system is out of physical RAM or swap space
#   In 32 bit mode, the process size limit was hit
# Possible solutions:
#   Reduce memory load on the system
#   Increase physical memory or swap space
#   Check if swap backing store is full
#   Use 64 bit Java on a 64 bit OS
#   Decrease Java heap size (-Xmx/-Xms)
#   Decrease number of Java threads
#   Decrease Java thread stack sizes (-Xss)
#   Set larger code cache with -XX:ReservedCodeCacheSize=
# This output file may be truncated or incomplete.
#
#  Out of Memory Error (allocation.cpp:390), pid=3568, tid=2320
#
# JRE version: Java(TM) SE Runtime Environment (8.0_60-b27) (build 1.8.0_60-b27)
# Java VM: Java HotSpot(TM) 64-Bit Server VM (25.60-b23 mixed mode windows-amd64 compressed oops)
# Failed to write core dump. Minidumps are not enabled by default on client versions of Windows
#

---------------  T H R E A D  ---------------

Current thread (0x0000000056196800):  JavaThread "C2 CompilerThread1" daemon [_thread_in_native, id=2320, stack(0x0000000056ae0000,0x0000000056be0000)]

Stack: [0x0000000056ae0000,0x0000000056be0000]
[error occurred during error reporting (printing stack bounds), id 0xc0000005]

Native frames: (J=compiled Java code, j=interpreted, Vv=VM code, C=native code)


Current CompileTask:
C2:   2048 1032   !   4       com.android.dx.cf.code.RopperMachine::run (1550 bytes)


---------------  P R O C E S S  ---------------

Java Threads: ( => current thread )
  0x00000000563f7000 JavaThread "pool-2-thread-4" [_thread_in_Java, id=3504, stack(0x0000000057780000,0x0000000057880000)]
  0x00000000564a4000 JavaThread "pool-2-thread-3" [_thread_in_Java, id=2232, stack(0x00000000575f0000,0x00000000576f0000)]
  0x00000000563e3800 JavaThread "pool-2-thread-2" [_thread_blocked, id=4008, stack(0x00000000574c0000,0x00000000575c0000)]
  0x00000000562db000 JavaThread "pool-3-thread-1" [_thread_blocked, id=1988, stack(0x0000000057280000,0x0000000057380000)]
  0x00000000562da800 JavaThread "pool-2-thread-1" [_thread_in_Java, id=3688, stack(0x0000000057040000,0x0000000057140000)]
  0x0000000054d7e800 JavaThread "Service Thread" daemon [_thread_blocked, id=3640, stack(0x0000000056df0000,0x0000000056ef0000)]
  0x00000000561eb800 JavaThread "C1 CompilerThread2" daemon [_thread_in_vm, id=2496, stack(0x0000000056cd0000,0x0000000056dd0000)]
=>0x0000000056196800 JavaThread "C2 CompilerThread1" daemon [_thread_in_native, id=2320, stack(0x0000000056ae0000,0x0000000056be0000)]
  0x0000000056194800 JavaThread "C2 CompilerThread0" daemon [_thread_in_native, id=2720, stack(0x00000000569e0000,0x0000000056ae0000)]
  0x0000000054d73800 JavaThread "Attach Listener" daemon [_thread_blocked, id=2608, stack(0x00000000568e0000,0x00000000569e0000)]
  0x0000000054d72800 JavaThread "Signal Dispatcher" daemon [_thread_blocked, id=2284, stack(0x0000000056760000,0x0000000056860000)]
  0x0000000054d17000 JavaThread "Finalizer" daemon [_thread_blocked, id=2812, stack(0x0000000055f10000,0x0000000056010000)]
  0x0000000054d10000 JavaThread "Reference Handler" daemon [_thread_blocked, id=3004, stack(0x0000000056090000,0x0000000056190000)]
  0x0000000001cae000 JavaThread "main" [_thread_blocked, id=3204, stack(0x0000000002040000,0x0000000002140000)]

Other Threads:
  0x0000000054d0a800 VMThread [stack: 0x0000000055dc0000,0x0000000055ec0000] [id=1784]
  0x00000000561fc000 WatcherThread [stack: 0x0000000056660000,0x0000000056760000] [id=3664]

VM state:not at safepoint (normal execution)

VM Mutex/Monitor currently owned by a thread: None

Heap:
 PSYoungGen      total 35328K, used 19208K [0x00000000eab00000, 0x00000000ed000000, 0x0000000100000000)
  eden space 32768K, 50% used [0x00000000eab00000,0x00000000ebb46850,0x00000000ecb00000)
  from space 2560K, 99% used [0x00000000ecd80000,0x00000000ecffbac0,0x00000000ed000000)
  to   space 2560K, 0% used [0x00000000ecb00000,0x00000000ecb00000,0x00000000ecd80000)
 ParOldGen       total 44032K, used 10148K [0x00000000c0000000, 0x00000000c2b00000, 0x00000000eab00000)
  object space 44032K, 23% used [0x00000000c0000000,0x00000000c09e91c8,0x00000000c2b00000)
 Metaspace       used 5656K, capacity 6768K, committed 7040K, reserved 1056768K
  class space    used 579K, capacity 616K, committed 640K, reserved 1048576K

Card table byte_map: [0x00000000117d0000,0x00000000119e0000] byte_map_base: 0x00000000111d0000

Marking Bits: (ParMarkBitMap*) 0x00000000722aa5b0
 Begin Bits: [0x0000000012180000, 0x0000000013180000)
 End Bits:   [0x0000000013180000, 0x0000000014180000)

Polling page: 0x0000000001c60000

CodeCache: size=245760Kb used=4391Kb max_used=4391Kb free=241368Kb
 bounds [0x0000000002410000, 0x0000000002860000, 0x0000000011410000]
 total_blobs=1336 nmethods=1074 adapters=175
 compilation: enabled

Compilation events (10 events):
Event: 2.043 Thread 0x00000000561eb800 nmethod 1084 0x0000000002858450 code [0x00000000028585a0, 0x00000000028586b0]
Event: 2.043 Thread 0x00000000561eb800 1085       3       com.android.dx.ssa.PhiInsn::mapSourceRegisters (78 bytes)
Event: 2.044 Thread 0x00000000561eb800 nmethod 1085 0x0000000002858710 code [0x0000000002858900, 0x0000000002859288]
Event: 2.044 Thread 0x00000000561eb800 1086       2       com.android.dx.dex.code.RopTranslator$1::visitPlainCstInsn (64 bytes)
Event: 2.044 Thread 0x00000000561eb800 nmethod 1086 0x00000000028596d0 code [0x0000000002859840, 0x0000000002859a70]
Event: 2.044 Thread 0x00000000561eb800 1087       2       com.android.dx.dex.code.RopTranslator$LocalVariableAwareTranslationVisitor::visitPlainCstInsn (11 bytes)
Event: 2.045 Thread 0x00000000561eb800 nmethod 1087 0x0000000002859c50 code [0x0000000002859e00, 0x000000000285a1f8]
Event: 2.045 Thread 0x00000000561eb800 1089       2       java.util.ArrayList::set (20 bytes)
Event: 2.046 Thread 0x00000000561eb800 nmethod 1089 0x000000000285a690 code [0x000000000285a820, 0x000000000285aaf8]
Event: 2.046 Thread 0x00000000561eb800 1090       2       com.android.dx.ssa.SsaRenamer::setNameForSsaReg (54 bytes)

GC Heap History (4 events):
Event: 1.305 GC heap before
{Heap before GC invocations=1 (full 0):
 PSYoungGen      total 18944K, used 16384K [0x00000000eab00000, 0x00000000ec000000, 0x0000000100000000)
  eden space 16384K, 100% used [0x00000000eab00000,0x00000000ebb00000,0x00000000ebb00000)
  from space 2560K, 0% used [0x00000000ebd80000,0x00000000ebd80000,0x00000000ec000000)
  to   space 2560K, 0% used [0x00000000ebb00000,0x00000000ebb00000,0x00000000ebd80000)
 ParOldGen       total 44032K, used 0K [0x00000000c0000000, 0x00000000c2b00000, 0x00000000eab00000)
  object space 44032K, 0% used [0x00000000c0000000,0x00000000c0000000,0x00000000c2b00000)
 Metaspace       used 5581K, capacity 6768K, committed 7040K, reserved 1056768K
  class space    used 577K, capacity 616K, committed 640K, reserved 1048576K
Event: 1.383 GC heap after
Heap after GC invocations=1 (full 0):
 PSYoungGen      total 18944K, used 2558K [0x00000000eab00000, 0x00000000ed000000, 0x0000000100000000)
  eden space 16384K, 0% used [0x00000000eab00000,0x00000000eab00000,0x00000000ebb00000)
  from space 2560K, 99% used [0x00000000ebb00000,0x00000000ebd7fac0,0x00000000ebd80000)
  to   space 2560K, 0% used [0x00000000ecd80000,0x00000000ecd80000,0x00000000ed000000)
 ParOldGen       total 44032K, used 3285K [0x00000000c0000000, 0x00000000c2b00000, 0x00000000eab00000)
  object space 44032K, 7% used [0x00000000c0000000,0x00000000c03356d0,0x00000000c2b00000)
 Metaspace       used 5581K, capacity 6768K, committed 7040K, reserved 1056768K
  class space    used 577K, capacity 616K, committed 640K, reserved 1048576K
}
Event: 1.669 GC heap before
{Heap before GC invocations=2 (full 0):
 PSYoungGen      total 18944K, used 18942K [0x00000000eab00000, 0x00000000ed000000, 0x0000000100000000)
  eden space 16384K, 100% used [0x00000000eab00000,0x00000000ebb00000,0x00000000ebb00000)
  from space 2560K, 99% used [0x00000000ebb00000,0x00000000ebd7fac0,0x00000000ebd80000)
  to   space 2560K, 0% used [0x00000000ecd80000,0x00000000ecd80000,0x00000000ed000000)
 ParOldGen       total 44032K, used 3285K [0x00000000c0000000, 0x00000000c2b00000, 0x00000000eab00000)
  object space 44032K, 7% used [0x00000000c0000000,0x00000000c03356d0,0x00000000c2b00000)
 Metaspace       used 5637K, capacity 6768K, committed 7040K, reserved 1056768K
  class space    used 579K, capacity 616K, committed 640K, reserved 1048576K
Event: 1.683 GC heap after
Heap after GC invocations=2 (full 0):
 PSYoungGen      total 35328K, used 2542K [0x00000000eab00000, 0x00000000ed000000, 0x0000000100000000)
  eden space 32768K, 0% used [0x00000000eab00000,0x00000000eab00000,0x00000000ecb00000)
  from space 2560K, 99% used [0x00000000ecd80000,0x00000000ecffbac0,0x00000000ed000000)
  to   space 2560K, 0% used [0x00000000ecb00000,0x00000000ecb00000,0x00000000ecd80000)
 ParOldGen       total 44032K, used 10148K [0x00000000c0000000, 0x00000000c2b00000, 0x00000000eab00000)
  object space 44032K, 23% used [0x00000000c0000000,0x00000000c09e91c8,0x00000000c2b00000)
 Metaspace       used 5637K, capacity 6768K, committed 7040K, reserved 1056768K
  class space    used 579K, capacity 616K, committed 640K, reserved 1048576K
}

Deoptimization events (8 events):
Event: 0.564 Thread 0x0000000001cae000 Uncommon trap: reason=unstable_if action=reinterpret pc=0x000000000257d004 method=java.lang.String.<init>([CII)V @ 18
Event: 0.934 Thread 0x00000000564a4000 Uncommon trap: reason=unstable_if action=reinterpret pc=0x00000000025e1704 method=java.util.HashMap.getNode(ILjava/lang/Object;)Ljava/util/HashMap$Node; @ 129
Event: 1.023 Thread 0x00000000563e3800 Uncommon trap: reason=unstable_if action=reinterpret pc=0x000000000262c2e0 method=java.util.BitSet.nextSetBit(I)I @ 87
Event: 1.424 Thread 0x00000000563e3800 Uncommon trap: reason=class_check action=maybe_recompile pc=0x00000000027bfb4c method=com.android.dx.cf.code.BytecodeArray.parseInstruction(ILcom/android/dx/cf/code/BytecodeArray$Visitor;)I @ 1287
Event: 1.424 Thread 0x00000000563e3800 Uncommon trap: reason=class_check action=maybe_recompile pc=0x00000000027bfb4c method=com.android.dx.cf.code.BytecodeArray.parseInstruction(ILcom/android/dx/cf/code/BytecodeArray$Visitor;)I @ 1287
Event: 1.447 Thread 0x00000000562da800 Uncommon trap: reason=null_check action=make_not_entrant pc=0x00000000026e432c method=com.android.dx.ssa.SsaRenamer.getLocalForNewReg(I)Lcom/android/dx/rop/code/LocalItem; @ 19
Event: 1.918 Thread 0x00000000564a4000 Uncommon trap: reason=class_check action=maybe_recompile pc=0x00000000027bfb4c method=com.android.dx.cf.code.BytecodeArray.parseInstruction(ILcom/android/dx/cf/code/BytecodeArray$Visitor;)I @ 1287
Event: 1.919 Thread 0x00000000564a4000 Uncommon trap: reason=class_check action=maybe_recompile pc=0x00000000027bfb4c method=com.android.dx.cf.code.BytecodeArray.parseInstruction(ILcom/android/dx/cf/code/BytecodeArray$Visitor;)I @ 1287

Internal exceptions (3 events):
Event: 0.047 Thread 0x0000000001cae000 Exception <a 'java/lang/NoSuchMethodError': Method sun.misc.Unsafe.defineClass(Ljava/lang/String;[BII)Ljava/lang/Class; name or signature does not match> (0x00000000eab0d398) thrown at [C:\re\workspace\8-2-build-windows-amd64-cygwin\jdk8u60\4407\hotspot\sr¼:¼sÎ¨?
Event: 0.047 Thread 0x0000000001cae000 Exception <a 'java/lang/NoSuchMethodError': Method sun.misc.Unsafe.prefetchRead(Ljava/lang/Object;J)V name or signature does not match> (0x00000000eab0d680) thrown at [C:\re\workspace\8-2-build-windows-amd64-cygwin\jdk8u60\4407\hotspot\src\share\vm\prims\jSíí`(÷?
Event: 1.447 Thread 0x00000000562da800 Implicit null exception at 0x00000000026e2a3c to 0x00000000026e430d

Events (10 events):
Event: 1.919 Thread 0x00000000564a4000 DEOPT PACKING pc=0x00000000027bfb4c sp=0x00000000576ee790
Event: 1.919 Thread 0x00000000564a4000 DEOPT UNPACKING pc=0x000000000245582a sp=0x00000000576ee6f0 mode 2
Event: 1.928 Thread 0x00000000564a4000 DEOPT PACKING pc=0x00000000027a339b sp=0x00000000576ee9d0
Event: 1.928 Thread 0x00000000564a4000 DEOPT UNPACKING pc=0x000000000245787f sp=0x00000000576ee6c8 mode 0
Event: 2.000 Thread 0x00000000564a4000 DEOPT PACKING pc=0x00000000027a05cd sp=0x00000000576ee840
Event: 2.000 Thread 0x00000000564a4000 DEOPT UNPACKING pc=0x000000000245787f sp=0x00000000576ee630 mode 0
Event: 2.018 Thread 0x00000000564a4000 DEOPT PACKING pc=0x00000000027a05cd sp=0x00000000576ee8f0
Event: 2.018 Thread 0x00000000564a4000 DEOPT UNPACKING pc=0x000000000245787f sp=0x00000000576ee6e0 mode 0
Event: 2.045 Thread 0x00000000564a4000 DEOPT PACKING pc=0x0000000002854eda sp=0x00000000576ee870
Event: 2.045 Thread 0x00000000564a4000 DEOPT UNPACKING pc=0x000000000245787f sp=0x00000000576ee618 mode 0


Dynamic libraries:
0x000000013f2e0000 - 0x000000013f317000 	C:\Program Files\Java\jdk1.8.0_60\bin\java.exe
0x00000000771a0000 - 0x0000000077349000 	C:\Windows\SYSTEM32\ntdll.dll
0x0000000076f80000 - 0x000000007709f000 	C:\Windows\system32\kernel32.dll
0x000007fefd130000 - 0x000007fefd19b000 	C:\Windows\system32\KERNELBASE.dll
0x000007fefef40000 - 0x000007feff01b000 	C:\Windows\system32\ADVAPI32.dll
0x000007fefeea0000 - 0x000007fefef3f000 	C:\Windows\system32\msvcrt.dll
0x000007fefee80000 - 0x000007fefee9f000 	C:\Windows\SYSTEM32\sechost.dll
0x000007fefd380000 - 0x000007fefd4ad000 	C:\Windows\system32\RPCRT4.dll
0x00000000770a0000 - 0x000000007719a000 	C:\Windows\system32\USER32.dll
0x000007fefd6f0000 - 0x000007fefd757000 	C:\Windows\system32\GDI32.dll
0x000007fefd920000 - 0x000007fefd92e000 	C:\Windows\system32\LPK.dll
0x000007fefd930000 - 0x000007fefd9f9000 	C:\Windows\system32\USP10.dll
0x000007fefb600000 - 0x000007fefb7f4000 	C:\Windows\WinSxS\amd64_microsoft.windows.common-controls_6595b64144ccf1df_6.0.7601.17514_none_fa396087175ac9ac\COMCTL32.dll
0x000007fefdcb0000 - 0x000007fefdd21000 	C:\Windows\system32\SHLWAPI.dll
0x000007fefd800000 - 0x000007fefd82e000 	C:\Windows\system32\IMM32.DLL
0x000007fefdd30000 - 0x000007fefde39000 	C:\Windows\system32\MSCTF.dll
0x00000000718e0000 - 0x00000000719b2000 	C:\Program Files\Java\jdk1.8.0_60\jre\bin\msvcr100.dll
0x0000000071aa0000 - 0x0000000072329000 	C:\Program Files\Java\jdk1.8.0_60\jre\bin\server\jvm.dll
0x000007fef3460000 - 0x000007fef3469000 	C:\Windows\system32\WSOCK32.dll
0x000007fefde60000 - 0x000007fefdead000 	C:\Windows\system32\WS2_32.dll
0x000007fefd830000 - 0x000007fefd838000 	C:\Windows\system32\NSI.dll
0x000007fef6100000 - 0x000007fef613b000 	C:\Windows\system32\WINMM.dll
0x000007fefc0b0000 - 0x000007fefc0bc000 	C:\Windows\system32\VERSION.dll
0x0000000077370000 - 0x0000000077377000 	C:\Windows\system32\PSAPI.DLL
0x00000000745d0000 - 0x00000000745df000 	C:\Program Files\Java\jdk1.8.0_60\jre\bin\verify.dll
0x00000000745a0000 - 0x00000000745c9000 	C:\Program Files\Java\jdk1.8.0_60\jre\bin\java.dll
0x0000000074580000 - 0x0000000074596000 	C:\Program Files\Java\jdk1.8.0_60\jre\bin\zip.dll
0x000007fefe0f0000 - 0x000007fefee78000 	C:\Windows\system32\SHELL32.dll
0x000007fefda00000 - 0x000007fefdc03000 	C:\Windows\system32\ole32.dll
0x000007fefcf90000 - 0x000007fefcf9f000 	C:\Windows\system32\profapi.dll

VM Arguments:
jvm_args: -Djava.awt.headless=true -Xmx1024M -Dfile.encoding=windows-1252 -Duser.country=US -Duser.language=en -Duser.variant 
java_command: com.android.dx.command.Main --dex --force-jumbo --num-threads=4 --multi-dex --output D:\Hai\Demo\app\build\intermediates\transforms\dex\debug\folders\1000\5\slice_5 D:\Hai\Demo\app\build\intermediates\transforms\instantRunSlicer\debug\folders\1\5\slice_5
java_class_path (initial): C:\Users\Administrator\AppData\Local\Android\sdk\build-tools\23.0.3\lib\dx.jar
Launcher Type: SUN_STANDARD

Environment Variables:
PATH=C:\ProgramData\Oracle\Java\javapath;C:\Windows\system32;C:\Windows;C:\Windows\System32\Wbem;C:\Windows\System32\WindowsPowerShell\v1.0\;C:\Program Files\Git\cmd;C:\Program Files\Git\mingw64\bin;C:\Program Files\Git\usr\bin
USERNAME=Administrator
OS=Windows_NT
PROCESSOR_IDENTIFIER=Intel64 Family 6 Model 58 Stepping 9, GenuineIntel



---------------  S Y S T E M  ---------------

OS: Windows 7 , 64 bit Build 7601 (6.1.7601.18015)

CPU:total 4 (2 cores per cpu, 2 threads per core) family 6 model 58 stepping 9, cmov, cx8, fxsr, mmx, sse, sse2, sse3, ssse3, sse4.1, sse4.2, popcnt, avx, aes, clmul, erms, ht, tsc, tscinvbit, tscinv

Memory: 4k page, physical 4094316k(614208k free), swap 4094316k(7084k free)

vm_info: Java HotSpot(TM) 64-Bit Server VM (25.60-b23) for windows-amd64 JRE (1.8.0_60-b27), built on Aug  4 2015 11:06:27 by "java_re" with MS VC++ 10.0 (VS2010)

time: Fri Jul 22 14:14:52 2016
elapsed time: 2 seconds (0d 0h 0m 2s)

