#
# There is insufficient memory for the Java Runtime Environment to continue.
# Native memory allocation (malloc) failed to allocate 109136 bytes for Chunk::new
# Possible reasons:
#   The system is out of physical RAM or swap space
#   In 32 bit mode, the process size limit was hit
# Possible solutions:
#   Reduce memory load on the system
#   Increase physical memory or swap space
#   Check if swap backing store is full
#   Use 64 bit Java on a 64 bit OS
#   Decrease Java heap size (-Xmx/-Xms)
#   Decrease number of Java threads
#   Decrease Java thread stack sizes (-Xss)
#   Set larger code cache with -XX:ReservedCodeCacheSize=
# This output file may be truncated or incomplete.
#
#  Out of Memory Error (allocation.cpp:390), pid=3312, tid=2524
#
# JRE version: Java(TM) SE Runtime Environment (8.0_60-b27) (build 1.8.0_60-b27)
# Java VM: Java HotSpot(TM) 64-Bit Server VM (25.60-b23 mixed mode windows-amd64 compressed oops)
# Failed to write core dump. Minidumps are not enabled by default on client versions of Windows
#

---------------  T H R E A D  ---------------

Current thread (0x0000000054d38000):  JavaThread "C2 CompilerThread0" daemon [_thread_in_native, id=2524, stack(0x0000000055eb0000,0x0000000055fb0000)]

Stack: [0x0000000055eb0000,0x0000000055fb0000]
[error occurred during error reporting (printing stack bounds), id 0xc0000005]

Native frames: (J=compiled Java code, j=interpreted, Vv=VM code, C=native code)


Current CompileTask:
C2:   2859  654       4       java.util.HashMap::get (23 bytes)


---------------  P R O C E S S  ---------------

Java Threads: ( => current thread )
  0x000000005676c800 JavaThread "pool-2-thread-4" [_thread_blocked, id=3736, stack(0x0000000057440000,0x0000000057540000)]
  0x000000005676a000 JavaThread "pool-2-thread-3" [_thread_in_Java, id=3160, stack(0x0000000057210000,0x0000000057310000)]
  0x0000000056769000 JavaThread "pool-2-thread-2" [_thread_blocked, id=2988, stack(0x0000000057540000,0x0000000057640000)]
  0x0000000056768800 JavaThread "pool-3-thread-1" [_thread_blocked, id=4092, stack(0x0000000057340000,0x0000000057440000)]
  0x000000005679c800 JavaThread "pool-2-thread-1" [_thread_in_Java, id=392, stack(0x00000000570d0000,0x00000000571d0000)]
  0x000000005656b000 JavaThread "Service Thread" daemon [_thread_blocked, id=3856, stack(0x0000000056d80000,0x0000000056e80000)]
  0x000000005654e800 JavaThread "C1 CompilerThread2" daemon [_thread_blocked, id=3816, stack(0x0000000056b50000,0x0000000056c50000)]
  0x000000005654e000 JavaThread "C2 CompilerThread1" daemon [_thread_in_vm, id=1560, stack(0x0000000056a00000,0x0000000056b00000)]
=>0x0000000054d38000 JavaThread "C2 CompilerThread0" daemon [_thread_in_native, id=2524, stack(0x0000000055eb0000,0x0000000055fb0000)]
  0x0000000054d32000 JavaThread "Attach Listener" daemon [_thread_blocked, id=3924, stack(0x00000000562d0000,0x00000000563d0000)]
  0x0000000054d30800 JavaThread "Signal Dispatcher" daemon [_thread_blocked, id=2356, stack(0x0000000056400000,0x0000000056500000)]
  0x0000000054cd1000 JavaThread "Finalizer" daemon [_thread_blocked, id=3564, stack(0x0000000056190000,0x0000000056290000)]
  0x0000000054cd0000 JavaThread "Reference Handler" daemon [_thread_blocked, id=3496, stack(0x0000000055fe0000,0x00000000560e0000)]
  0x0000000001cbe000 JavaThread "main" [_thread_blocked, id=2740, stack(0x0000000002170000,0x0000000002270000)]

Other Threads:
  0x0000000054cca800 VMThread [stack: 0x0000000055db0000,0x0000000055eb0000] [id=3796]
  0x0000000056572000 WatcherThread [stack: 0x0000000056ec0000,0x0000000056fc0000] [id=1920]

VM state:not at safepoint (normal execution)

VM Mutex/Monitor currently owned by a thread: None

Heap:
 PSYoungGen      total 18944K, used 5792K [0x00000000eab00000, 0x00000000ed000000, 0x0000000100000000)
  eden space 16384K, 19% used [0x00000000eab00000,0x00000000eae2a3b8,0x00000000ebb00000)
  from space 2560K, 99% used [0x00000000ebb00000,0x00000000ebd7df90,0x00000000ebd80000)
  to   space 2560K, 0% used [0x00000000ecd80000,0x00000000ecd80000,0x00000000ed000000)
 ParOldGen       total 44032K, used 684K [0x00000000c0000000, 0x00000000c2b00000, 0x00000000eab00000)
  object space 44032K, 1% used [0x00000000c0000000,0x00000000c00ab318,0x00000000c2b00000)
 Metaspace       used 5630K, capacity 6576K, committed 6784K, reserved 1056768K
  class space    used 592K, capacity 616K, committed 640K, reserved 1048576K

Card table byte_map: [0x0000000011900000,0x0000000011b10000] byte_map_base: 0x0000000011300000

Marking Bits: (ParMarkBitMap*) 0x0000000073eca5b0
 Begin Bits: [0x0000000012140000, 0x0000000013140000)
 End Bits:   [0x0000000013140000, 0x0000000014140000)

Polling page: 0x00000000000a0000

CodeCache: size=245760Kb used=2635Kb max_used=2637Kb free=243124Kb
 bounds [0x0000000002540000, 0x00000000027e0000, 0x0000000011540000]
 total_blobs=949 nmethods=680 adapters=182
 compilation: enabled

Compilation events (10 events):
Event: 2.850 Thread 0x000000005654e800 nmethod 671 0x00000000027cec90 code [0x00000000027cede0, 0x00000000027ceef0]
Event: 2.855 Thread 0x000000005654e800  680       1       com.android.dx.cf.direct.MemberListParser::getDefiner (5 bytes)
Event: 2.855 Thread 0x000000005654e800 nmethod 680 0x00000000027ce990 code [0x00000000027ceae0, 0x00000000027cebf0]
Event: 2.855 Thread 0x000000005654e800  681       3       java.util.TreeMap::values (27 bytes)
Event: 2.855 Thread 0x000000005654e800 nmethod 681 0x00000000027d12d0 code [0x00000000027d1440, 0x00000000027d1790]
Event: 2.855 Thread 0x000000005654e800  682       3       com.android.dx.cf.code.Ropper::isSynchronized (21 bytes)
Event: 2.856 Thread 0x000000005654e800 nmethod 682 0x00000000027d0cd0 code [0x00000000027d0e40, 0x00000000027d1188]
Event: 2.856 Thread 0x000000005654e800  683       3       com.android.dx.rop.type.Type::isCategory2 (36 bytes)
Event: 2.856 Thread 0x000000005654e800 nmethod 683 0x00000000027d0990 code [0x00000000027d0ae0, 0x00000000027d0c50]
Event: 2.857 Thread 0x000000005654e800  684       3       java.util.Collections::unmodifiableList (27 bytes)

GC Heap History (2 events):
Event: 2.336 GC heap before
{Heap before GC invocations=1 (full 0):
 PSYoungGen      total 18944K, used 16384K [0x00000000eab00000, 0x00000000ec000000, 0x0000000100000000)
  eden space 16384K, 100% used [0x00000000eab00000,0x00000000ebb00000,0x00000000ebb00000)
  from space 2560K, 0% used [0x00000000ebd80000,0x00000000ebd80000,0x00000000ec000000)
  to   space 2560K, 0% used [0x00000000ebb00000,0x00000000ebb00000,0x00000000ebd80000)
 ParOldGen       total 44032K, used 0K [0x00000000c0000000, 0x00000000c2b00000, 0x00000000eab00000)
  object space 44032K, 0% used [0x00000000c0000000,0x00000000c0000000,0x00000000c2b00000)
 Metaspace       used 5440K, capacity 6448K, committed 6528K, reserved 1056768K
  class space    used 589K, capacity 616K, committed 640K, reserved 1048576K
Event: 2.555 GC heap after
Heap after GC invocations=1 (full 0):
 PSYoungGen      total 18944K, used 2551K [0x00000000eab00000, 0x00000000ed000000, 0x0000000100000000)
  eden space 16384K, 0% used [0x00000000eab00000,0x00000000eab00000,0x00000000ebb00000)
  from space 2560K, 99% used [0x00000000ebb00000,0x00000000ebd7df90,0x00000000ebd80000)
  to   space 2560K, 0% used [0x00000000ecd80000,0x00000000ecd80000,0x00000000ed000000)
 ParOldGen       total 44032K, used 684K [0x00000000c0000000, 0x00000000c2b00000, 0x00000000eab00000)
  object space 44032K, 1% used [0x00000000c0000000,0x00000000c00ab318,0x00000000c2b00000)
 Metaspace       used 5440K, capacity 6448K, committed 6528K, reserved 1056768K
  class space    used 589K, capacity 616K, committed 640K, reserved 1048576K
}

Deoptimization events (3 events):
Event: 1.535 Thread 0x0000000001cbe000 Uncommon trap: reason=unstable_if action=reinterpret pc=0x0000000002693a04 method=java.lang.String.compareTo(Ljava/lang/String;)I @ 38
Event: 2.770 Thread 0x000000005676a000 Uncommon trap: reason=unstable_if action=reinterpret pc=0x0000000002766104 method=java.util.HashMap.getNode(ILjava/lang/Object;)Ljava/util/HashMap$Node; @ 129
Event: 2.775 Thread 0x000000005676a000 Uncommon trap: reason=unstable_if action=reinterpret pc=0x000000000276a420 method=java.util.BitSet.nextSetBit(I)I @ 87

Internal exceptions (2 events):
Event: 0.126 Thread 0x0000000001cbe000 Exception <a 'java/lang/NoSuchMethodError': Method sun.misc.Unsafe.defineClass(Ljava/lang/String;[BII)Ljava/lang/Class; name or signature does not match> (0x00000000eab0d240) thrown at [C:\re\workspace\8-2-build-windows-amd64-cygwin\jdk8u60\4407\hotspot\srðVT7À?
Event: 0.126 Thread 0x0000000001cbe000 Exception <a 'java/lang/NoSuchMethodError': Method sun.misc.Unsafe.prefetchRead(Ljava/lang/Object;J)V name or signature does not match> (0x00000000eab0d528) thrown at [C:\re\workspace\8-2-build-windows-amd64-cygwin\jdk8u60\4407\hotspot\src\share\vm\prims\j

Events (10 events):
Event: 2.770 Thread 0x000000005676a000 DEOPT UNPACKING pc=0x000000000258582a sp=0x000000005730e838 mode 2
Event: 2.773 loading class java/util/HashMap$Values
Event: 2.773 loading class java/util/HashMap$Values done
Event: 2.773 loading class java/util/HashMap$ValueIterator
Event: 2.774 loading class java/util/HashMap$ValueIterator done
Event: 2.775 Thread 0x000000005676a000 Uncommon trap: trap_request=0xffffff65 fr.pc=0x000000000276a420
Event: 2.775 Thread 0x000000005676a000 DEOPT PACKING pc=0x000000000276a420 sp=0x000000005730ef40
Event: 2.775 Thread 0x000000005676a000 DEOPT UNPACKING pc=0x000000000258582a sp=0x000000005730eed8 mode 2
Event: 2.819 loading class com/android/dx/dex/file/MethodAnnotationStruct
Event: 2.819 loading class com/android/dx/dex/file/MethodAnnotationStruct done


Dynamic libraries:
0x000000013fc00000 - 0x000000013fc37000 	C:\Program Files\Java\jdk1.8.0_60\bin\java.exe
0x0000000077950000 - 0x0000000077af9000 	C:\Windows\SYSTEM32\ntdll.dll
0x0000000077830000 - 0x000000007794f000 	C:\Windows\system32\kernel32.dll
0x000007fefd7d0000 - 0x000007fefd83b000 	C:\Windows\system32\KERNELBASE.dll
0x000007fefdda0000 - 0x000007fefde7b000 	C:\Windows\system32\ADVAPI32.dll
0x000007fefe820000 - 0x000007fefe8bf000 	C:\Windows\system32\msvcrt.dll
0x000007fefe2a0000 - 0x000007fefe2bf000 	C:\Windows\SYSTEM32\sechost.dll
0x000007fefdc70000 - 0x000007fefdd9d000 	C:\Windows\system32\RPCRT4.dll
0x0000000077730000 - 0x000000007782a000 	C:\Windows\system32\USER32.dll
0x000007fefe940000 - 0x000007fefe9a7000 	C:\Windows\system32\GDI32.dll
0x000007fefe050000 - 0x000007fefe05e000 	C:\Windows\system32\LPK.dll
0x000007fefe750000 - 0x000007fefe819000 	C:\Windows\system32\USP10.dll
0x000007fefc170000 - 0x000007fefc364000 	C:\Windows\WinSxS\amd64_microsoft.windows.common-controls_6595b64144ccf1df_6.0.7601.17514_none_fa396087175ac9ac\COMCTL32.dll
0x000007feff980000 - 0x000007feff9f1000 	C:\Windows\system32\SHLWAPI.dll
0x000007feffc30000 - 0x000007feffc5e000 	C:\Windows\system32\IMM32.DLL
0x000007fefe9b0000 - 0x000007fefeab9000 	C:\Windows\system32\MSCTF.dll
0x0000000074310000 - 0x00000000743e2000 	C:\Program Files\Java\jdk1.8.0_60\jre\bin\msvcr100.dll
0x00000000736c0000 - 0x0000000073f49000 	C:\Program Files\Java\jdk1.8.0_60\jre\bin\server\jvm.dll
0x000007fef3cb0000 - 0x000007fef3cb9000 	C:\Windows\system32\WSOCK32.dll
0x000007fefeac0000 - 0x000007fefeb0d000 	C:\Windows\system32\WS2_32.dll
0x000007fefdee0000 - 0x000007fefdee8000 	C:\Windows\system32\NSI.dll
0x000007fef67b0000 - 0x000007fef67eb000 	C:\Windows\system32\WINMM.dll
0x000007fefc860000 - 0x000007fefc86c000 	C:\Windows\system32\VERSION.dll
0x0000000077b10000 - 0x0000000077b17000 	C:\Windows\system32\PSAPI.DLL
0x00000000754a0000 - 0x00000000754af000 	C:\Program Files\Java\jdk1.8.0_60\jre\bin\verify.dll
0x0000000075470000 - 0x0000000075499000 	C:\Program Files\Java\jdk1.8.0_60\jre\bin\java.dll
0x0000000075450000 - 0x0000000075466000 	C:\Program Files\Java\jdk1.8.0_60\jre\bin\zip.dll
0x000007fefeb10000 - 0x000007feff898000 	C:\Windows\system32\SHELL32.dll
0x000007feffa00000 - 0x000007feffc03000 	C:\Windows\system32\ole32.dll
0x000007fefd730000 - 0x000007fefd73f000 	C:\Windows\system32\profapi.dll

VM Arguments:
jvm_args: -Djava.awt.headless=true -Xmx1024M -Dfile.encoding=windows-1252 -Duser.country=US -Duser.language=en -Duser.variant 
java_command: com.android.dx.command.Main --dex --force-jumbo --num-threads=4 --multi-dex --output D:\Hai\Demo\app\build\intermediates\transforms\dex\debug\folders\1000\10\internal_impl-23.4.0_8345f2c17f1d5b23a81ba0592bf42e14b0805771 D:\Hai\Demo\app\build\intermediates\exploded-aar\com.android.support\support-v4\23.4.0\jars\libs\internal_impl-23.4.0.jar
java_class_path (initial): C:\Users\Administrator\AppData\Local\Android\sdk\build-tools\23.0.3\lib\dx.jar
Launcher Type: SUN_STANDARD

Environment Variables:
PATH=C:\ProgramData\Oracle\Java\javapath;C:\Windows\system32;C:\Windows;C:\Windows\System32\Wbem;C:\Windows\System32\WindowsPowerShell\v1.0\;C:\Program Files\Git\cmd;C:\Program Files\Git\mingw64\bin;C:\Program Files\Git\usr\bin
USERNAME=Administrator
OS=Windows_NT
PROCESSOR_IDENTIFIER=Intel64 Family 6 Model 58 Stepping 9, GenuineIntel



---------------  S Y S T E M  ---------------

OS: Windows 7 , 64 bit Build 7601 (6.1.7601.18015)

CPU:total 4 (2 cores per cpu, 2 threads per core) family 6 model 58 stepping 9, cmov, cx8, fxsr, mmx, sse, sse2, sse3, ssse3, sse4.1, sse4.2, popcnt, avx, aes, clmul, erms, ht, tsc, tscinvbit, tscinv

Memory: 4k page, physical 4094316k(758384k free), swap 4094316k(19596k free)

vm_info: Java HotSpot(TM) 64-Bit Server VM (25.60-b23) for windows-amd64 JRE (1.8.0_60-b27), built on Aug  4 2015 11:06:27 by "java_re" with MS VC++ 10.0 (VS2010)

time: Sun Jul 17 10:29:07 2016
elapsed time: 3 seconds (0d 0h 0m 3s)

