#
# There is insufficient memory for the Java Runtime Environment to continue.
# Native memory allocation (malloc) failed to allocate 120528 bytes for Chunk::new
# Possible reasons:
#   The system is out of physical RAM or swap space
#   In 32 bit mode, the process size limit was hit
# Possible solutions:
#   Reduce memory load on the system
#   Increase physical memory or swap space
#   Check if swap backing store is full
#   Use 64 bit Java on a 64 bit OS
#   Decrease Java heap size (-Xmx/-Xms)
#   Decrease number of Java threads
#   Decrease Java thread stack sizes (-Xss)
#   Set larger code cache with -XX:ReservedCodeCacheSize=
# This output file may be truncated or incomplete.
#
#  Out of Memory Error (allocation.cpp:390), pid=3460, tid=2128
#
# JRE version: Java(TM) SE Runtime Environment (8.0_60-b27) (build 1.8.0_60-b27)
# Java VM: Java HotSpot(TM) 64-Bit Server VM (25.60-b23 mixed mode windows-amd64 compressed oops)
# Failed to write core dump. Minidumps are not enabled by default on client versions of Windows
#

---------------  T H R E A D  ---------------

Current thread (0x0000000054d38000):  JavaThread "C2 CompilerThread0" daemon [_thread_in_native, id=2128, stack(0x0000000056630000,0x0000000056730000)]

Stack: [0x0000000056630000,0x0000000056730000]
[error occurred during error reporting (printing stack bounds), id 0xc0000005]

Native frames: (J=compiled Java code, j=interpreted, Vv=VM code, C=native code)


Current CompileTask:
C2:   2718  796       4       com.android.dx.ssa.SsaMethod::getDefinitionForRegister (61 bytes)


---------------  P R O C E S S  ---------------

Java Threads: ( => current thread )
  0x0000000056c57000 JavaThread "pool-2-thread-4" [_thread_blocked, id=1884, stack(0x0000000057c80000,0x0000000057d80000)]
  0x0000000056c54000 JavaThread "pool-2-thread-3" [_thread_blocked, id=2888, stack(0x0000000057b40000,0x0000000057c40000)]
  0x0000000056c53800 JavaThread "pool-2-thread-2" [_thread_blocked, id=3280, stack(0x0000000057950000,0x0000000057a50000)]
  0x0000000056ce8000 JavaThread "pool-3-thread-1" [_thread_blocked, id=1940, stack(0x0000000055c20000,0x0000000055d20000)]
  0x0000000056ceb000 JavaThread "pool-2-thread-1" [_thread_blocked, id=3140, stack(0x0000000057820000,0x0000000057920000)]
  0x0000000054d3d800 JavaThread "Service Thread" daemon [_thread_blocked, id=972, stack(0x0000000056de0000,0x0000000056ee0000)]
  0x0000000054d3b800 JavaThread "C1 CompilerThread2" daemon [_thread_blocked, id=2120, stack(0x00000000568e0000,0x00000000569e0000)]
  0x0000000054d3a800 JavaThread "C2 CompilerThread1" daemon [_thread_blocked, id=1752, stack(0x00000000567e0000,0x00000000568e0000)]
=>0x0000000054d38000 JavaThread "C2 CompilerThread0" daemon [_thread_in_native, id=2128, stack(0x0000000056630000,0x0000000056730000)]
  0x0000000054d32000 JavaThread "Attach Listener" daemon [_thread_blocked, id=3596, stack(0x0000000056510000,0x0000000056610000)]
  0x0000000054d30800 JavaThread "Signal Dispatcher" daemon [_thread_blocked, id=3124, stack(0x00000000562d0000,0x00000000563d0000)]
  0x0000000054cd1000 JavaThread "Finalizer" daemon [_thread_blocked, id=3272, stack(0x00000000560d0000,0x00000000561d0000)]
  0x0000000054cd0000 JavaThread "Reference Handler" daemon [_thread_blocked, id=3096, stack(0x0000000055eb0000,0x0000000055fb0000)]
  0x0000000001cde000 JavaThread "main" [_thread_blocked, id=3176, stack(0x0000000001f10000,0x0000000002010000)]

Other Threads:
  0x0000000054cca800 VMThread [stack: 0x0000000055d50000,0x0000000055e50000] [id=3180]
  0x0000000056a4a000 WatcherThread [stack: 0x0000000056f00000,0x0000000057000000] [id=824]

VM state:at safepoint (normal execution)

VM Mutex/Monitor currently owned by a thread:  ([mutex/lock_event])
[0x0000000001cdc140] Threads_lock - owner thread: 0x0000000054cca800
[0x0000000001cdc640] Heap_lock - owner thread: 0x0000000001cde000

Heap:
 PSYoungGen      total 18944K, used 17845K [0x00000000eab00000, 0x00000000ed000000, 0x0000000100000000)
  eden space 16384K, 100% used [0x00000000eab00000,0x00000000ebb00000,0x00000000ebb00000)
  from space 2560K, 57% used [0x00000000ebb00000,0x00000000ebc6d598,0x00000000ebd80000)
  to   space 2560K, 37% used [0x00000000ecd80000,0x00000000ece6e798,0x00000000ed000000)
 ParOldGen       total 44032K, used 0K [0x00000000c0000000, 0x00000000c2b00000, 0x00000000eab00000)
  object space 44032K, 0% used [0x00000000c0000000,0x00000000c0000000,0x00000000c2b00000)
 Metaspace       used 5810K, capacity 6768K, committed 7040K, reserved 1056768K
  class space    used 600K, capacity 616K, committed 640K, reserved 1048576K

Card table byte_map: [0x00000000116a0000,0x00000000118b0000] byte_map_base: 0x00000000110a0000

Marking Bits: (ParMarkBitMap*) 0x0000000073eca5b0
 Begin Bits: [0x0000000012140000, 0x0000000013140000)
 End Bits:   [0x0000000013140000, 0x0000000014140000)

Polling page: 0x0000000000310000

CodeCache: size=245760Kb used=2979Kb max_used=2979Kb free=242780Kb
 bounds [0x00000000022e0000, 0x00000000025d0000, 0x00000000112e0000]
 total_blobs=1047 nmethods=777 adapters=182
 compilation: disabled (not enough contiguous free space left)

Compilation events (10 events):
Event: 2.659 Thread 0x0000000054d3b800  818       3       com.android.dx.ssa.SsaRenamer$BlockRenamer::process (191 bytes)
Event: 2.660 Thread 0x0000000054d38000 nmethod 793 0x00000000025c1550 code [0x00000000025c16a0, 0x00000000025c17b8]
Event: 2.660 Thread 0x0000000054d38000  794       4       com.android.dx.rop.code.RegisterSpecList::get (9 bytes)
Event: 2.661 Thread 0x0000000054d38000 nmethod 794 0x00000000025c1210 code [0x00000000025c1360, 0x00000000025c1418]
Event: 2.661 Thread 0x0000000054d38000  796       4       com.android.dx.ssa.SsaMethod::getDefinitionForRegister (61 bytes)
Event: 2.662 Thread 0x0000000054d3b800 nmethod 818 0x00000000025c8210 code [0x00000000025c8540, 0x00000000025c9f68]
Event: 2.662 Thread 0x0000000054d3b800  819       3       com.android.dx.ssa.Dominators::compress (229 bytes)
Event: 2.664 Thread 0x0000000054d3b800 nmethod 819 0x00000000025caf50 code [0x00000000025cb2a0, 0x00000000025ccf18]
Event: 2.664 Thread 0x0000000054d3b800  811       3       com.android.dx.cf.code.RopperMachine::getSources (264 bytes)
Event: 2.669 Thread 0x0000000054d3b800 


GC Heap History (2 events):
Event: 1.246 GC heap before
{Heap before GC invocations=1 (full 0):
 PSYoungGen      total 18944K, used 16384K [0x00000000eab00000, 0x00000000ec000000, 0x0000000100000000)
  eden space 16384K, 100% used [0x00000000eab00000,0x00000000ebb00000,0x00000000ebb00000)
  from space 2560K, 0% used [0x00000000ebd80000,0x00000000ebd80000,0x00000000ec000000)
  to   space 2560K, 0% used [0x00000000ebb00000,0x00000000ebb00000,0x00000000ebd80000)
 ParOldGen       total 44032K, used 0K [0x00000000c0000000, 0x00000000c2b00000, 0x00000000eab00000)
  object space 44032K, 0% used [0x00000000c0000000,0x00000000c0000000,0x00000000c2b00000)
 Metaspace       used 3921K, capacity 5040K, committed 5120K, reserved 1056768K
  class space    used 441K, capacity 488K, committed 512K, reserved 1048576K
Event: 1.660 GC heap after
Heap after GC invocations=1 (full 0):
 PSYoungGen      total 18944K, used 1461K [0x00000000eab00000, 0x00000000ed000000, 0x0000000100000000)
  eden space 16384K, 0% used [0x00000000eab00000,0x00000000eab00000,0x00000000ebb00000)
  from space 2560K, 57% used [0x00000000ebb00000,0x00000000ebc6d598,0x00000000ebd80000)
  to   space 2560K, 0% used [0x00000000ecd80000,0x00000000ecd80000,0x00000000ed000000)
 ParOldGen       total 44032K, used 0K [0x00000000c0000000, 0x00000000c2b00000, 0x00000000eab00000)
  object space 44032K, 0% used [0x00000000c0000000,0x00000000c0000000,0x00000000c2b00000)
 Metaspace       used 3921K, capacity 5040K, committed 5120K, reserved 1056768K
  class space    used 441K, capacity 488K, committed 512K, reserved 1048576K
}

Deoptimization events (3 events):
Event: 0.831 Thread 0x0000000001cde000 Uncommon trap: reason=unstable_if action=reinterpret pc=0x00000000024320c4 method=java.lang.String.compareTo(Ljava/lang/String;)I @ 38
Event: 2.151 Thread 0x0000000001cde000 Uncommon trap: reason=unstable_if action=reinterpret pc=0x00000000024d966c method=java.util.HashMap.getNode(ILjava/lang/Object;)Ljava/util/HashMap$Node; @ 62
Event: 2.556 Thread 0x0000000001cde000 Uncommon trap: reason=unstable_if action=reinterpret pc=0x00000000024dd420 method=java.util.BitSet.nextSetBit(I)I @ 87

Internal exceptions (2 events):
Event: 0.288 Thread 0x0000000001cde000 Exception <a 'java/lang/NoSuchMethodError': Method sun.misc.Unsafe.defineClass(Ljava/lang/String;[BII)Ljava/lang/Class; name or signature does not match> (0x00000000eab0cfc8) thrown at [C:\re\workspace\8-2-build-windows-amd64-cygwin\jdk8u60\4407\hotspot\sr∏F9s!i“?
Event: 0.288 Thread 0x0000000001cde000 Exception <a 'java/lang/NoSuchMethodError': Method sun.misc.Unsafe.prefetchRead(Ljava/lang/Object;J)V name or signature does not match> (0x00000000eab0d2b0) thrown at [C:\re\workspace\8-2-build-windows-amd64-cygwin\jdk8u60\4407\hotspot\src\share\vm\prims\j

Events (10 events):
Event: 2.233 loading class java/util/ArrayList$1 done
Event: 2.403 loading class com/android/dx/cf/code/BytecodeArray$ConstantParserVisitor
Event: 2.403 loading class com/android/dx/cf/code/BytecodeArray$ConstantParserVisitor done
Event: 2.474 loading class com/android/dx/dex/file/FieldAnnotationStruct
Event: 2.474 loading class com/android/dx/dex/file/FieldAnnotationStruct done
Event: 2.556 Thread 0x0000000001cde000 Uncommon trap: trap_request=0xffffff65 fr.pc=0x00000000024dd420
Event: 2.556 Thread 0x0000000001cde000 DEOPT PACKING pc=0x00000000024dd420 sp=0x000000000200e550
Event: 2.556 Thread 0x0000000001cde000 DEOPT UNPACKING pc=0x000000000232582a sp=0x000000000200e4e8 mode 2
Event: 2.590 Executing VM operation: ForceSafepoint
Event: 2.634 Executing VM operation: ForceSafepoint done


Dynamic libraries:
0x000000013fc00000 - 0x000000013fc37000 	C:\Program Files\Java\jdk1.8.0_60\bin\java.exe
0x0000000077950000 - 0x0000000077af9000 	C:\Windows\SYSTEM32\ntdll.dll
0x0000000077830000 - 0x000000007794f000 	C:\Windows\system32\kernel32.dll
0x000007fefd7d0000 - 0x000007fefd83b000 	C:\Windows\system32\KERNELBASE.dll
0x000007fefdda0000 - 0x000007fefde7b000 	C:\Windows\system32\ADVAPI32.dll
0x000007fefe820000 - 0x000007fefe8bf000 	C:\Windows\system32\msvcrt.dll
0x000007fefe2a0000 - 0x000007fefe2bf000 	C:\Windows\SYSTEM32\sechost.dll
0x000007fefdc70000 - 0x000007fefdd9d000 	C:\Windows\system32\RPCRT4.dll
0x0000000077730000 - 0x000000007782a000 	C:\Windows\system32\USER32.dll
0x000007fefe940000 - 0x000007fefe9a7000 	C:\Windows\system32\GDI32.dll
0x000007fefe050000 - 0x000007fefe05e000 	C:\Windows\system32\LPK.dll
0x000007fefe750000 - 0x000007fefe819000 	C:\Windows\system32\USP10.dll
0x000007fefc170000 - 0x000007fefc364000 	C:\Windows\WinSxS\amd64_microsoft.windows.common-controls_6595b64144ccf1df_6.0.7601.17514_none_fa396087175ac9ac\COMCTL32.dll
0x000007feff980000 - 0x000007feff9f1000 	C:\Windows\system32\SHLWAPI.dll
0x000007feffc30000 - 0x000007feffc5e000 	C:\Windows\system32\IMM32.DLL
0x000007fefe9b0000 - 0x000007fefeab9000 	C:\Windows\system32\MSCTF.dll
0x0000000074310000 - 0x00000000743e2000 	C:\Program Files\Java\jdk1.8.0_60\jre\bin\msvcr100.dll
0x00000000736c0000 - 0x0000000073f49000 	C:\Program Files\Java\jdk1.8.0_60\jre\bin\server\jvm.dll
0x000007fef3cb0000 - 0x000007fef3cb9000 	C:\Windows\system32\WSOCK32.dll
0x000007fefeac0000 - 0x000007fefeb0d000 	C:\Windows\system32\WS2_32.dll
0x000007fefdee0000 - 0x000007fefdee8000 	C:\Windows\system32\NSI.dll
0x000007fef67b0000 - 0x000007fef67eb000 	C:\Windows\system32\WINMM.dll
0x000007fefc860000 - 0x000007fefc86c000 	C:\Windows\system32\VERSION.dll
0x0000000077b10000 - 0x0000000077b17000 	C:\Windows\system32\PSAPI.DLL
0x00000000754a0000 - 0x00000000754af000 	C:\Program Files\Java\jdk1.8.0_60\jre\bin\verify.dll
0x0000000075470000 - 0x0000000075499000 	C:\Program Files\Java\jdk1.8.0_60\jre\bin\java.dll
0x0000000075450000 - 0x0000000075466000 	C:\Program Files\Java\jdk1.8.0_60\jre\bin\zip.dll
0x000007fefeb10000 - 0x000007feff898000 	C:\Windows\system32\SHELL32.dll
0x000007feffa00000 - 0x000007feffc03000 	C:\Windows\system32\ole32.dll
0x000007fefd730000 - 0x000007fefd73f000 	C:\Windows\system32\profapi.dll

VM Arguments:
jvm_args: -Djava.awt.headless=true -Xmx1024M -Dfile.encoding=windows-1252 -Duser.country=US -Duser.language=en -Duser.variant 
java_command: com.android.dx.command.Main --dex --force-jumbo --num-threads=4 --multi-dex --output D:\Hai\Demo\app\build\intermediates\transforms\dex\debug\folders\1000\10\com.android.support-support-v4-23.4.0_89d756267a63c137aa0ccd1b554c51da7071b325 D:\Hai\Demo\app\build\intermediates\exploded-aar\com.android.support\support-v4\23.4.0\jars\classes.jar
java_class_path (initial): C:\Users\Administrator\AppData\Local\Android\sdk\build-tools\23.0.3\lib\dx.jar
Launcher Type: SUN_STANDARD

Environment Variables:
PATH=C:\ProgramData\Oracle\Java\javapath;C:\Windows\system32;C:\Windows;C:\Windows\System32\Wbem;C:\Windows\System32\WindowsPowerShell\v1.0\;C:\Program Files\Git\cmd;C:\Program Files\Git\mingw64\bin;C:\Program Files\Git\usr\bin
USERNAME=Administrator
OS=Windows_NT
PROCESSOR_IDENTIFIER=Intel64 Family 6 Model 58 Stepping 9, GenuineIntel



---------------  S Y S T E M  ---------------

OS: Windows 7 , 64 bit Build 7601 (6.1.7601.18015)

CPU:total 4 (2 cores per cpu, 2 threads per core) family 6 model 58 stepping 9, cmov, cx8, fxsr, mmx, sse, sse2, sse3, ssse3, sse4.1, sse4.2, popcnt, avx, aes, clmul, erms, ht, tsc, tscinvbit, tscinv

Memory: 4k page, physical 4094316k(755632k free), swap 4094316k(4992k free)

vm_info: Java HotSpot(TM) 64-Bit Server VM (25.60-b23) for windows-amd64 JRE (1.8.0_60-b27), built on Aug  4 2015 11:06:27 by "java_re" with MS VC++ 10.0 (VS2010)

time: Sun Jul 17 10:30:37 2016
elapsed time: 2 seconds (0d 0h 0m 2s)

