#
# There is insufficient memory for the Java Runtime Environment to continue.
# Native memory allocation (malloc) failed to allocate 131088 bytes for Chunk::new
# Possible reasons:
#   The system is out of physical RAM or swap space
#   In 32 bit mode, the process size limit was hit
# Possible solutions:
#   Reduce memory load on the system
#   Increase physical memory or swap space
#   Check if swap backing store is full
#   Use 64 bit Java on a 64 bit OS
#   Decrease Java heap size (-Xmx/-Xms)
#   Decrease number of Java threads
#   Decrease Java thread stack sizes (-Xss)
#   Set larger code cache with -XX:ReservedCodeCacheSize=
# This output file may be truncated or incomplete.
#
#  Out of Memory Error (allocation.cpp:390), pid=3808, tid=612
#
# JRE version: Java(TM) SE Runtime Environment (8.0_60-b27) (build 1.8.0_60-b27)
# Java VM: Java HotSpot(TM) 64-Bit Server VM (25.60-b23 mixed mode windows-amd64 compressed oops)
# Failed to write core dump. Minidumps are not enabled by default on client versions of Windows
#

---------------  T H R E A D  ---------------

Current thread (0x0000000054c04000):  JavaThread "C2 CompilerThread0" daemon [_thread_in_native, id=612, stack(0x00000000564f0000,0x00000000565f0000)]

Stack: [0x00000000564f0000,0x00000000565f0000]
[error occurred during error reporting (printing stack bounds), id 0xc0000005]

Native frames: (J=compiled Java code, j=interpreted, Vv=VM code, C=native code)


Current CompileTask:
C2:   6528 1453       4       com.android.dx.rop.code.Rops::ropFor (771 bytes)


---------------  P R O C E S S  ---------------

Java Threads: ( => current thread )
  0x0000000056a35000 JavaThread "pool-2-thread-4" [_thread_blocked, id=2512, stack(0x00000000572d0000,0x00000000573d0000)]
  0x0000000056a32000 JavaThread "pool-2-thread-3" [_thread_in_vm, id=2360, stack(0x0000000057410000,0x0000000057510000)]
  0x0000000056a4e000 JavaThread "pool-2-thread-2" [_thread_blocked, id=1748, stack(0x0000000057160000,0x0000000057260000)]
  0x0000000056a4d000 JavaThread "pool-3-thread-1" [_thread_blocked, id=2668, stack(0x0000000057050000,0x0000000057150000)]
  0x0000000056a4b800 JavaThread "pool-2-thread-1" [_thread_in_Java, id=3284, stack(0x0000000056e70000,0x0000000056f70000)]
  0x00000000567b0800 JavaThread "Service Thread" daemon [_thread_blocked, id=416, stack(0x0000000056c30000,0x0000000056d30000)]
  0x0000000054c07000 JavaThread "C1 CompilerThread2" daemon [_thread_blocked, id=3920, stack(0x0000000055fc0000,0x00000000560c0000)]
  0x0000000054c06000 JavaThread "C2 CompilerThread1" daemon [_thread_in_native, id=3240, stack(0x00000000566b0000,0x00000000567b0000)]
=>0x0000000054c04000 JavaThread "C2 CompilerThread0" daemon [_thread_in_native, id=612, stack(0x00000000564f0000,0x00000000565f0000)]
  0x0000000054bfe800 JavaThread "Attach Listener" daemon [_thread_blocked, id=1064, stack(0x0000000056330000,0x0000000056430000)]
  0x0000000054c0e000 JavaThread "Signal Dispatcher" daemon [_thread_blocked, id=3088, stack(0x0000000056170000,0x0000000056270000)]
  0x0000000054ba9000 JavaThread "Finalizer" daemon [_thread_blocked, id=1072, stack(0x0000000055dc0000,0x0000000055ec0000)]
  0x0000000054ba0000 JavaThread "Reference Handler" daemon [_thread_blocked, id=3412, stack(0x0000000055af0000,0x0000000055bf0000)]
  0x000000000015e000 JavaThread "main" [_thread_blocked, id=1680, stack(0x0000000002030000,0x0000000002130000)]

Other Threads:
  0x0000000054b9a800 VMThread [stack: 0x0000000055c30000,0x0000000055d30000] [id=3976]
  0x0000000056820800 WatcherThread [stack: 0x0000000056d50000,0x0000000056e50000] [id=3756]

VM state:not at safepoint (normal execution)

VM Mutex/Monitor currently owned by a thread: None

Heap:
 PSYoungGen      total 35328K, used 9908K [0x00000000eab00000, 0x00000000ef000000, 0x0000000100000000)
  eden space 32768K, 22% used [0x00000000eab00000,0x00000000eb233d08,0x00000000ecb00000)
  from space 2560K, 98% used [0x00000000ecb00000,0x00000000ecd79310,0x00000000ecd80000)
  to   space 2560K, 0% used [0x00000000eed80000,0x00000000eed80000,0x00000000ef000000)
 ParOldGen       total 44032K, used 6702K [0x00000000c0000000, 0x00000000c2b00000, 0x00000000eab00000)
  object space 44032K, 15% used [0x00000000c0000000,0x00000000c068b870,0x00000000c2b00000)
 Metaspace       used 6175K, capacity 7088K, committed 7296K, reserved 1056768K
  class space    used 601K, capacity 616K, committed 640K, reserved 1048576K

Card table byte_map: [0x00000000117c0000,0x00000000119d0000] byte_map_base: 0x00000000111c0000

Marking Bits: (ParMarkBitMap*) 0x00000000719da5b0
 Begin Bits: [0x0000000012010000, 0x0000000013010000)
 End Bits:   [0x0000000013010000, 0x0000000014010000)

Polling page: 0x0000000000110000

CodeCache: size=245760Kb used=5961Kb max_used=5983Kb free=239798Kb
 bounds [0x0000000002400000, 0x00000000029e0000, 0x0000000011400000]
 total_blobs=1693 nmethods=1423 adapters=182
 compilation: enabled

Compilation events (10 events):
Event: 6.460 Thread 0x0000000054c07000 1478       3       com.android.dx.ssa.SCCP::simulateMath (424 bytes)
Event: 6.462 Thread 0x0000000054c07000 nmethod 1478 0x00000000029c4e10 code [0x00000000029c50c0, 0x00000000029c69a8]
Event: 6.462 Thread 0x0000000054c07000 1481       3       com.android.dx.ssa.PhiInsn::mapSourceRegisters (78 bytes)
Event: 6.463 Thread 0x0000000054c07000 nmethod 1481 0x00000000029c8990 code [0x00000000029c8b80, 0x00000000029c9508]
Event: 6.463 Thread 0x0000000054c07000 1482       3       com.android.dx.rop.cst.CstString::<init> (42 bytes)
Event: 6.463 Thread 0x0000000054c07000 nmethod 1482 0x00000000029c9950 code [0x00000000029c9b20, 0x00000000029ca0b8]
Event: 6.469 Thread 0x0000000054c06000 nmethod 1409 0x00000000029cffd0 code [0x00000000029d0460, 0x00000000029d47d8]
Event: 6.470 Thread 0x0000000054c06000 1458 %     4       com.android.dx.ssa.SsaMethod::computeReachability @ 95 (131 bytes)
Event: 6.493 Thread 0x0000000054c06000 nmethod 1458% 0x00000000029cc890 code [0x00000000029cca40, 0x00000000029cd3d8]
Event: 6.494 Thread 0x0000000054c06000 1477       4       com.android.dx.ssa.LocalVariableExtractor::processBlock (383 bytes)

GC Heap History (6 events):
Event: 0.932 GC heap before
{Heap before GC invocations=1 (full 0):
 PSYoungGen      total 18944K, used 16384K [0x00000000eab00000, 0x00000000ec000000, 0x0000000100000000)
  eden space 16384K, 100% used [0x00000000eab00000,0x00000000ebb00000,0x00000000ebb00000)
  from space 2560K, 0% used [0x00000000ebd80000,0x00000000ebd80000,0x00000000ec000000)
  to   space 2560K, 0% used [0x00000000ebb00000,0x00000000ebb00000,0x00000000ebd80000)
 ParOldGen       total 44032K, used 0K [0x00000000c0000000, 0x00000000c2b00000, 0x00000000eab00000)
  object space 44032K, 0% used [0x00000000c0000000,0x00000000c0000000,0x00000000c2b00000)
 Metaspace       used 4001K, capacity 5168K, committed 5376K, reserved 1056768K
  class space    used 449K, capacity 488K, committed 512K, reserved 1048576K
Event: 1.246 GC heap after
Heap after GC invocations=1 (full 0):
 PSYoungGen      total 18944K, used 1477K [0x00000000eab00000, 0x00000000ed000000, 0x0000000100000000)
  eden space 16384K, 0% used [0x00000000eab00000,0x00000000eab00000,0x00000000ebb00000)
  from space 2560K, 57% used [0x00000000ebb00000,0x00000000ebc715a8,0x00000000ebd80000)
  to   space 2560K, 0% used [0x00000000ecd80000,0x00000000ecd80000,0x00000000ed000000)
 ParOldGen       total 44032K, used 0K [0x00000000c0000000, 0x00000000c2b00000, 0x00000000eab00000)
  object space 44032K, 0% used [0x00000000c0000000,0x00000000c0000000,0x00000000c2b00000)
 Metaspace       used 4001K, capacity 5168K, committed 5376K, reserved 1056768K
  class space    used 449K, capacity 488K, committed 512K, reserved 1048576K
}
Event: 3.694 GC heap before
{Heap before GC invocations=2 (full 0):
 PSYoungGen      total 18944K, used 17861K [0x00000000eab00000, 0x00000000ed000000, 0x0000000100000000)
  eden space 16384K, 100% used [0x00000000eab00000,0x00000000ebb00000,0x00000000ebb00000)
  from space 2560K, 57% used [0x00000000ebb00000,0x00000000ebc715a8,0x00000000ebd80000)
  to   space 2560K, 0% used [0x00000000ecd80000,0x00000000ecd80000,0x00000000ed000000)
 ParOldGen       total 44032K, used 0K [0x00000000c0000000, 0x00000000c2b00000, 0x00000000eab00000)
  object space 44032K, 0% used [0x00000000c0000000,0x00000000c0000000,0x00000000c2b00000)
 Metaspace       used 5873K, capacity 6768K, committed 7040K, reserved 1056768K
  class space    used 600K, capacity 616K, committed 640K, reserved 1048576K
Event: 4.070 GC heap after
Heap after GC invocations=2 (full 0):
 PSYoungGen      total 35328K, used 2537K [0x00000000eab00000, 0x00000000ed000000, 0x0000000100000000)
  eden space 32768K, 0% used [0x00000000eab00000,0x00000000eab00000,0x00000000ecb00000)
  from space 2560K, 99% used [0x00000000ecd80000,0x00000000ecffa7a8,0x00000000ed000000)
  to   space 2560K, 0% used [0x00000000ecb00000,0x00000000ecb00000,0x00000000ecd80000)
 ParOldGen       total 44032K, used 2001K [0x00000000c0000000, 0x00000000c2b00000, 0x00000000eab00000)
  object space 44032K, 4% used [0x00000000c0000000,0x00000000c01f4688,0x00000000c2b00000)
 Metaspace       used 5873K, capacity 6768K, committed 7040K, reserved 1056768K
  class space    used 600K, capacity 616K, committed 640K, reserved 1048576K
}
Event: 5.683 GC heap before
{Heap before GC invocations=3 (full 0):
 PSYoungGen      total 35328K, used 35305K [0x00000000eab00000, 0x00000000ed000000, 0x0000000100000000)
  eden space 32768K, 100% used [0x00000000eab00000,0x00000000ecb00000,0x00000000ecb00000)
  from space 2560K, 99% used [0x00000000ecd80000,0x00000000ecffa7a8,0x00000000ed000000)
  to   space 2560K, 0% used [0x00000000ecb00000,0x00000000ecb00000,0x00000000ecd80000)
 ParOldGen       total 44032K, used 2001K [0x00000000c0000000, 0x00000000c2b00000, 0x00000000eab00000)
  object space 44032K, 4% used [0x00000000c0000000,0x00000000c01f4688,0x00000000c2b00000)
 Metaspace       used 6123K, capacity 7024K, committed 7296K, reserved 1056768K
  class space    used 601K, capacity 616K, committed 640K, reserved 1048576K
Event: 6.133 GC heap after
Heap after GC invocations=3 (full 0):
 PSYoungGen      total 35328K, used 2532K [0x00000000eab00000, 0x00000000ef000000, 0x0000000100000000)
  eden space 32768K, 0% used [0x00000000eab00000,0x00000000eab00000,0x00000000ecb00000)
  from space 2560K, 98% used [0x00000000ecb00000,0x00000000ecd79310,0x00000000ecd80000)
  to   space 2560K, 0% used [0x00000000eed80000,0x00000000eed80000,0x00000000ef000000)
 ParOldGen       total 44032K, used 6702K [0x00000000c0000000, 0x00000000c2b00000, 0x00000000eab00000)
  object space 44032K, 15% used [0x00000000c0000000,0x00000000c068b870,0x00000000c2b00000)
 Metaspace       used 6123K, capacity 7024K, committed 7296K, reserved 1056768K
  class space    used 601K, capacity 616K, committed 640K, reserved 1048576K
}

Deoptimization events (8 events):
Event: 0.688 Thread 0x000000000015e000 Uncommon trap: reason=unstable_if action=reinterpret pc=0x0000000002557704 method=java.lang.String.compareTo(Ljava/lang/String;)I @ 38
Event: 1.815 Thread 0x0000000056a4b800 Uncommon trap: reason=unstable_if action=reinterpret pc=0x000000000260916c method=java.util.HashMap.getNode(ILjava/lang/Object;)Ljava/util/HashMap$Node; @ 62
Event: 3.535 Thread 0x0000000056a32000 Uncommon trap: reason=unstable_if action=reinterpret pc=0x000000000260f420 method=java.util.BitSet.nextSetBit(I)I @ 87
Event: 4.088 Thread 0x0000000056a4b800 Uncommon trap: reason=class_check action=maybe_recompile pc=0x000000000277a290 method=com.android.dx.rop.type.Type.equals(Ljava/lang/Object;)Z @ 8
Event: 4.089 Thread 0x0000000056a4b800 Uncommon trap: reason=null_check action=make_not_entrant pc=0x000000000277a2a0 method=com.android.dx.rop.type.Type.equals(Ljava/lang/Object;)Z @ 8
Event: 4.294 Thread 0x0000000056a32000 Uncommon trap: reason=unstable_if action=reinterpret pc=0x00000000027765c4 method=com.android.dx.rop.cst.Constant.compareTo(Lcom/android/dx/rop/cst/Constant;)I @ 12
Event: 5.360 Thread 0x0000000056a4e000 Uncommon trap: reason=unstable_if action=reinterpret pc=0x000000000281d5ec method=com.android.dx.util.IntList.binarysearch(I)I @ 105
Event: 5.363 Thread 0x0000000056a4e000 Uncommon trap: reason=unstable_if action=reinterpret pc=0x00000000028e386c method=com.android.dx.ssa.SCCP.simulateStmt(Lcom/android/dx/ssa/SsaInsn;)V @ 59

Internal exceptions (3 events):
Event: 0.099 Thread 0x000000000015e000 Exception <a 'java/lang/NoSuchMethodError': Method sun.misc.Unsafe.defineClass(Ljava/lang/String;[BII)Ljava/lang/Class; name or signature does not match> (0x00000000eab0d440) thrown at [C:\re\workspace\8-2-build-windows-amd64-cygwin\jdk8u60\4407\hotspot\sr8Z’éb¹?
Event: 0.099 Thread 0x000000000015e000 Exception <a 'java/lang/NoSuchMethodError': Method sun.misc.Unsafe.prefetchRead(Ljava/lang/Object;J)V name or signature does not match> (0x00000000eab0d728) thrown at [C:\re\workspace\8-2-build-windows-amd64-cygwin\jdk8u60\4407\hotspot\src\share\vm\prims\j­ã:t[@
Event: 4.089 Thread 0x0000000056a4b800 Implicit null exception at 0x000000000277a192 to 0x000000000277a291

Events (10 events):
Event: 5.363 Thread 0x0000000056a4e000 DEOPT PACKING pc=0x00000000028e386c sp=0x000000005725e440
Event: 5.363 Thread 0x0000000056a4e000 DEOPT UNPACKING pc=0x000000000244582a sp=0x000000005725e468 mode 2
Event: 5.644 Executing VM operation: ParallelGCFailedAllocation
Event: 6.133 Executing VM operation: ParallelGCFailedAllocation done
Event: 6.157 Thread 0x0000000056a4b800 DEOPT PACKING pc=0x00000000025539c6 sp=0x0000000056f6e4c0
Event: 6.157 Thread 0x0000000056a4b800 DEOPT UNPACKING pc=0x000000000244787f sp=0x0000000056f6e228 mode 0
Event: 6.168 Thread 0x0000000056a4b800 DEOPT PACKING pc=0x000000000254b65e sp=0x0000000056f6e670
Event: 6.168 Thread 0x0000000056a4b800 DEOPT UNPACKING pc=0x000000000244787f sp=0x0000000056f6e400 mode 0
Event: 6.201 Thread 0x0000000056a4b800 DEOPT PACKING pc=0x000000000282f375 sp=0x0000000056f6e3a0
Event: 6.201 Thread 0x0000000056a4b800 DEOPT UNPACKING pc=0x000000000244787f sp=0x0000000056f6e1e0 mode 0


Dynamic libraries:
0x000000013f700000 - 0x000000013f737000 	C:\Program Files\Java\jdk1.8.0_60\bin\java.exe
0x0000000077950000 - 0x0000000077af9000 	C:\Windows\SYSTEM32\ntdll.dll
0x0000000077830000 - 0x000000007794f000 	C:\Windows\system32\kernel32.dll
0x000007fefd7d0000 - 0x000007fefd83b000 	C:\Windows\system32\KERNELBASE.dll
0x000007fefdda0000 - 0x000007fefde7b000 	C:\Windows\system32\ADVAPI32.dll
0x000007fefe820000 - 0x000007fefe8bf000 	C:\Windows\system32\msvcrt.dll
0x000007fefe2a0000 - 0x000007fefe2bf000 	C:\Windows\SYSTEM32\sechost.dll
0x000007fefdc70000 - 0x000007fefdd9d000 	C:\Windows\system32\RPCRT4.dll
0x0000000077730000 - 0x000000007782a000 	C:\Windows\system32\USER32.dll
0x000007fefe940000 - 0x000007fefe9a7000 	C:\Windows\system32\GDI32.dll
0x000007fefe050000 - 0x000007fefe05e000 	C:\Windows\system32\LPK.dll
0x000007fefe750000 - 0x000007fefe819000 	C:\Windows\system32\USP10.dll
0x000007fefc170000 - 0x000007fefc364000 	C:\Windows\WinSxS\amd64_microsoft.windows.common-controls_6595b64144ccf1df_6.0.7601.17514_none_fa396087175ac9ac\COMCTL32.dll
0x000007feff980000 - 0x000007feff9f1000 	C:\Windows\system32\SHLWAPI.dll
0x000007feffc30000 - 0x000007feffc5e000 	C:\Windows\system32\IMM32.DLL
0x000007fefe9b0000 - 0x000007fefeab9000 	C:\Windows\system32\MSCTF.dll
0x0000000074ea0000 - 0x0000000074f72000 	C:\Program Files\Java\jdk1.8.0_60\jre\bin\msvcr100.dll
0x00000000711d0000 - 0x0000000071a59000 	C:\Program Files\Java\jdk1.8.0_60\jre\bin\server\jvm.dll
0x000007fefc3b0000 - 0x000007fefc3b9000 	C:\Windows\system32\WSOCK32.dll
0x000007fefeac0000 - 0x000007fefeb0d000 	C:\Windows\system32\WS2_32.dll
0x000007fefdee0000 - 0x000007fefdee8000 	C:\Windows\system32\NSI.dll
0x000007fef67b0000 - 0x000007fef67eb000 	C:\Windows\system32\WINMM.dll
0x000007fefc860000 - 0x000007fefc86c000 	C:\Windows\system32\VERSION.dll
0x0000000077b10000 - 0x0000000077b17000 	C:\Windows\system32\PSAPI.DLL
0x0000000075490000 - 0x000000007549f000 	C:\Program Files\Java\jdk1.8.0_60\jre\bin\verify.dll
0x0000000075460000 - 0x0000000075489000 	C:\Program Files\Java\jdk1.8.0_60\jre\bin\java.dll
0x0000000075440000 - 0x0000000075456000 	C:\Program Files\Java\jdk1.8.0_60\jre\bin\zip.dll
0x000007fefeb10000 - 0x000007feff898000 	C:\Windows\system32\SHELL32.dll
0x000007feffa00000 - 0x000007feffc03000 	C:\Windows\system32\ole32.dll
0x000007fefd730000 - 0x000007fefd73f000 	C:\Windows\system32\profapi.dll

VM Arguments:
jvm_args: -Djava.awt.headless=true -Xmx1024M -Dfile.encoding=windows-1252 -Duser.country=US -Duser.language=en -Duser.variant 
java_command: com.android.dx.command.Main --dex --force-jumbo --num-threads=4 --multi-dex --output D:\Hai\Demo\app\build\intermediates\transforms\dex\debug\folders\1000\10\com.android.support-support-v4-23.4.0_89d756267a63c137aa0ccd1b554c51da7071b325 D:\Hai\Demo\app\build\intermediates\exploded-aar\com.android.support\support-v4\23.4.0\jars\classes.jar
java_class_path (initial): C:\Users\Administrator\AppData\Local\Android\sdk\build-tools\23.0.3\lib\dx.jar
Launcher Type: SUN_STANDARD

Environment Variables:
PATH=C:\ProgramData\Oracle\Java\javapath;C:\Windows\system32;C:\Windows;C:\Windows\System32\Wbem;C:\Windows\System32\WindowsPowerShell\v1.0\;C:\Program Files\Git\cmd;C:\Program Files\Git\mingw64\bin;C:\Program Files\Git\usr\bin
USERNAME=Administrator
OS=Windows_NT
PROCESSOR_IDENTIFIER=Intel64 Family 6 Model 58 Stepping 9, GenuineIntel



---------------  S Y S T E M  ---------------

OS: Windows 7 , 64 bit Build 7601 (6.1.7601.18015)

CPU:total 4 (2 cores per cpu, 2 threads per core) family 6 model 58 stepping 9, cmov, cx8, fxsr, mmx, sse, sse2, sse3, ssse3, sse4.1, sse4.2, popcnt, avx, aes, clmul, erms, ht, tsc, tscinvbit, tscinv

Memory: 4k page, physical 4094316k(648420k free), swap 4094316k(5224k free)

vm_info: Java HotSpot(TM) 64-Bit Server VM (25.60-b23) for windows-amd64 JRE (1.8.0_60-b27), built on Aug  4 2015 11:06:27 by "java_re" with MS VC++ 10.0 (VS2010)

time: Sun Jul 17 15:37:47 2016
elapsed time: 6 seconds (0d 0h 0m 6s)

