#
# There is insufficient memory for the Java Runtime Environment to continue.
# Native memory allocation (malloc) failed to allocate 32744 bytes for ChunkPool::allocate
# Possible reasons:
#   The system is out of physical RAM or swap space
#   In 32 bit mode, the process size limit was hit
# Possible solutions:
#   Reduce memory load on the system
#   Increase physical memory or swap space
#   Check if swap backing store is full
#   Use 64 bit Java on a 64 bit OS
#   Decrease Java heap size (-Xmx/-Xms)
#   Decrease number of Java threads
#   Decrease Java thread stack sizes (-Xss)
#   Set larger code cache with -XX:ReservedCodeCacheSize=
# This output file may be truncated or incomplete.
#
#  Out of Memory Error (allocation.cpp:273), pid=636, tid=1864
#
# JRE version: Java(TM) SE Runtime Environment (8.0_60-b27) (build 1.8.0_60-b27)
# Java VM: Java HotSpot(TM) 64-Bit Server VM (25.60-b23 mixed mode windows-amd64 compressed oops)
# Failed to write core dump. Minidumps are not enabled by default on client versions of Windows
#

---------------  T H R E A D  ---------------

Current thread (0x00000000567f2000):  JavaThread "C1 CompilerThread2" daemon [_thread_in_native, id=1864, stack(0x00000000565a0000,0x00000000566a0000)]

Stack: [0x00000000565a0000,0x00000000566a0000]
[error occurred during error reporting (printing stack bounds), id 0xc0000005]

Native frames: (J=compiled Java code, j=interpreted, Vv=VM code, C=native code)


Current CompileTask:
C1:   1152  528   !   3      
[error occurred during error reporting (printing current compile task), id 0xe0000001]


---------------  P R O C E S S  ---------------

Java Threads: ( => current thread )
  0x0000000056aad000 JavaThread "pool-2-thread-4" [_thread_in_Java, id=2204, stack(0x0000000057550000,0x0000000057650000)]
  0x0000000056aab800 JavaThread "pool-2-thread-3" [_thread_in_vm, id=3144, stack(0x00000000573f0000,0x00000000574f0000)]
  0x0000000056a53000 JavaThread "pool-2-thread-2" [_thread_blocked, id=3712, stack(0x0000000056f00000,0x0000000057000000)]
  0x0000000056927800 JavaThread "pool-3-thread-1" [_thread_blocked, id=1800, stack(0x0000000057210000,0x0000000057310000)]
  0x0000000056927000 JavaThread "pool-2-thread-1" [_thread_in_Java, id=2108, stack(0x0000000057050000,0x0000000057150000)]
  0x000000005684f000 JavaThread "Service Thread" daemon [_thread_blocked, id=3560, stack(0x0000000056db0000,0x0000000056eb0000)]
=>0x00000000567f2000 JavaThread "C1 CompilerThread2" daemon [_thread_in_native, id=1864, stack(0x00000000565a0000,0x00000000566a0000)]
  0x0000000054dcc000 JavaThread "C2 CompilerThread1" daemon [_thread_in_native, id=1860, stack(0x00000000566e0000,0x00000000567e0000)]
  0x0000000054dca000 JavaThread "C2 CompilerThread0" daemon [_thread_in_native, id=3940, stack(0x0000000056020000,0x0000000056120000)]
  0x0000000054dc3800 JavaThread "Attach Listener" daemon [_thread_blocked, id=3088, stack(0x0000000056400000,0x0000000056500000)]
  0x0000000054dc2800 JavaThread "Signal Dispatcher" daemon [_thread_blocked, id=3080, stack(0x0000000056280000,0x0000000056380000)]
  0x0000000054d67000 JavaThread "Finalizer" daemon [_thread_blocked, id=2420, stack(0x0000000056150000,0x0000000056250000)]
  0x0000000054d60000 JavaThread "Reference Handler" daemon [_thread_blocked, id=648, stack(0x0000000055ee0000,0x0000000055fe0000)]
  0x0000000001e6e000 JavaThread "main" [_thread_blocked, id=2672, stack(0x0000000002040000,0x0000000002140000)]

Other Threads:
  0x0000000054d5a800 VMThread [stack: 0x0000000055d00000,0x0000000055e00000] [id=616]
  0x0000000056857000 WatcherThread [stack: 0x0000000056bf0000,0x0000000056cf0000] [id=1320]

VM state:not at safepoint (normal execution)

VM Mutex/Monitor currently owned by a thread: None

Heap:
 PSYoungGen      total 18944K, used 11824K [0x00000000eab00000, 0x00000000ec000000, 0x0000000100000000)
  eden space 16384K, 72% used [0x00000000eab00000,0x00000000eb68c290,0x00000000ebb00000)
  from space 2560K, 0% used [0x00000000ebd80000,0x00000000ebd80000,0x00000000ec000000)
  to   space 2560K, 0% used [0x00000000ebb00000,0x00000000ebb00000,0x00000000ebd80000)
 ParOldGen       total 44032K, used 0K [0x00000000c0000000, 0x00000000c2b00000, 0x00000000eab00000)
  object space 44032K, 0% used [0x00000000c0000000,0x00000000c0000000,0x00000000c2b00000)
 Metaspace       used 5399K, capacity 6576K, committed 6784K, reserved 1056768K
  class space    used 577K, capacity 616K, committed 640K, reserved 1048576K

Card table byte_map: [0x00000000117d0000,0x00000000119e0000] byte_map_base: 0x00000000111d0000

Marking Bits: (ParMarkBitMap*) 0x0000000073eca5b0
 Begin Bits: [0x00000000121d0000, 0x00000000131d0000)
 End Bits:   [0x00000000131d0000, 0x00000000141d0000)

Polling page: 0x0000000001c40000

CodeCache: size=245760Kb used=2216Kb max_used=2227Kb free=243543Kb
 bounds [0x0000000002410000, 0x0000000002680000, 0x0000000011410000]
 total_blobs=789 nmethods=527 adapters=175
 compilation: enabled

Compilation events (10 events):
Event: 1.136 Thread 0x0000000054dca000 nmethod 549 0x000000000263d350 code [0x000000000263d480, 0x000000000263d658]
Event: 1.136 Thread 0x0000000054dca000  538       4       com.android.dx.rop.code.InsnList::get (9 bytes)
Event: 1.137 Thread 0x0000000054dca000 nmethod 538 0x0000000002633190 code [0x00000000026332e0, 0x00000000026333b8]
Event: 1.137 Thread 0x0000000054dca000  556       4       com.android.dx.rop.code.RegisterSpec::equals (51 bytes)
Event: 1.141 Thread 0x0000000054dca000 nmethod 556 0x000000000263d710 code [0x000000000263d860, 0x000000000263db58]
Event: 1.141 Thread 0x0000000054dca000  558       4       com.android.dx.ssa.NormalSsaInsn::getOpcode (8 bytes)
Event: 1.142 Thread 0x0000000054dca000 nmethod 558 0x0000000002639d90 code [0x0000000002639ec0, 0x0000000002639f38]
Event: 1.142 Thread 0x0000000054dca000  557       4       com.android.dx.rop.code.RegisterSpecList::get (9 bytes)
Event: 1.143 Thread 0x0000000054dca000 nmethod 557 0x000000000263b490 code [0x000000000263b5e0, 0x000000000263b698]
Event: 1.145 Thread 0x0000000054dca000  559   !   4       com.android.dx.rop.code.RegisterSpec::intern (70 bytes)

GC Heap History (0 events):
No events

Deoptimization events (1 events):
Event: 1.131 Thread 0x0000000056927000 Uncommon trap: reason=unstable_if action=reinterpret pc=0x00000000025cd710 method=java.util.HashMap.getNode(ILjava/lang/Object;)Ljava/util/HashMap$Node; @ 129

Internal exceptions (2 events):
Event: 0.099 Thread 0x0000000001e6e000 Exception <a 'java/lang/NoSuchMethodError': Method sun.misc.Unsafe.defineClass(Ljava/lang/String;[BII)Ljava/lang/Class; name or signature does not match> (0x00000000eab0d398) thrown at [C:\re\workspace\8-2-build-windows-amd64-cygwin\jdk8u60\4407\hotspot\sr²ôI«0g¹?
Event: 0.099 Thread 0x0000000001e6e000 Exception <a 'java/lang/NoSuchMethodError': Method sun.misc.Unsafe.prefetchRead(Ljava/lang/Object;J)V name or signature does not match> (0x00000000eab0d680) thrown at [C:\re\workspace\8-2-build-windows-amd64-cygwin\jdk8u60\4407\hotspot\src\share\vm\prims\j

Events (10 events):
Event: 1.042 loading class com/android/dx/dex/file/DebugInfoItem done
Event: 1.043 loading class com/android/dx/rop/annotation/AnnotationsList
Event: 1.043 loading class com/android/dx/rop/annotation/AnnotationsList done
Event: 1.061 loading class java/util/DualPivotQuicksort
Event: 1.061 loading class java/util/DualPivotQuicksort done
Event: 1.070 loading class com/android/dx/cf/code/SwitchList
Event: 1.070 loading class com/android/dx/cf/code/SwitchList done
Event: 1.131 Thread 0x0000000056927000 Uncommon trap: trap_request=0xffffff65 fr.pc=0x00000000025cd710
Event: 1.131 Thread 0x0000000056927000 DEOPT PACKING pc=0x00000000025cd710 sp=0x000000005714ea30
Event: 1.131 Thread 0x0000000056927000 DEOPT UNPACKING pc=0x000000000245582a sp=0x000000005714e9a8 mode 2


Dynamic libraries:
0x000000013fc00000 - 0x000000013fc37000 	C:\Program Files\Java\jdk1.8.0_60\bin\java.exe
0x0000000077950000 - 0x0000000077af9000 	C:\Windows\SYSTEM32\ntdll.dll
0x0000000077830000 - 0x000000007794f000 	C:\Windows\system32\kernel32.dll
0x000007fefd7d0000 - 0x000007fefd83b000 	C:\Windows\system32\KERNELBASE.dll
0x000007fefdda0000 - 0x000007fefde7b000 	C:\Windows\system32\ADVAPI32.dll
0x000007fefe820000 - 0x000007fefe8bf000 	C:\Windows\system32\msvcrt.dll
0x000007fefe2a0000 - 0x000007fefe2bf000 	C:\Windows\SYSTEM32\sechost.dll
0x000007fefdc70000 - 0x000007fefdd9d000 	C:\Windows\system32\RPCRT4.dll
0x0000000077730000 - 0x000000007782a000 	C:\Windows\system32\USER32.dll
0x000007fefe940000 - 0x000007fefe9a7000 	C:\Windows\system32\GDI32.dll
0x000007fefe050000 - 0x000007fefe05e000 	C:\Windows\system32\LPK.dll
0x000007fefe750000 - 0x000007fefe819000 	C:\Windows\system32\USP10.dll
0x000007fefc170000 - 0x000007fefc364000 	C:\Windows\WinSxS\amd64_microsoft.windows.common-controls_6595b64144ccf1df_6.0.7601.17514_none_fa396087175ac9ac\COMCTL32.dll
0x000007feff980000 - 0x000007feff9f1000 	C:\Windows\system32\SHLWAPI.dll
0x000007feffc30000 - 0x000007feffc5e000 	C:\Windows\system32\IMM32.DLL
0x000007fefe9b0000 - 0x000007fefeab9000 	C:\Windows\system32\MSCTF.dll
0x0000000074310000 - 0x00000000743e2000 	C:\Program Files\Java\jdk1.8.0_60\jre\bin\msvcr100.dll
0x00000000736c0000 - 0x0000000073f49000 	C:\Program Files\Java\jdk1.8.0_60\jre\bin\server\jvm.dll
0x000007fef3cb0000 - 0x000007fef3cb9000 	C:\Windows\system32\WSOCK32.dll
0x000007fefeac0000 - 0x000007fefeb0d000 	C:\Windows\system32\WS2_32.dll
0x000007fefdee0000 - 0x000007fefdee8000 	C:\Windows\system32\NSI.dll
0x000007fef67b0000 - 0x000007fef67eb000 	C:\Windows\system32\WINMM.dll
0x000007fefc860000 - 0x000007fefc86c000 	C:\Windows\system32\VERSION.dll
0x0000000077b10000 - 0x0000000077b17000 	C:\Windows\system32\PSAPI.DLL
0x00000000754a0000 - 0x00000000754af000 	C:\Program Files\Java\jdk1.8.0_60\jre\bin\verify.dll
0x0000000075470000 - 0x0000000075499000 	C:\Program Files\Java\jdk1.8.0_60\jre\bin\java.dll
0x0000000075450000 - 0x0000000075466000 	C:\Program Files\Java\jdk1.8.0_60\jre\bin\zip.dll
0x000007fefeb10000 - 0x000007feff898000 	C:\Windows\system32\SHELL32.dll
0x000007feffa00000 - 0x000007feffc03000 	C:\Windows\system32\ole32.dll
0x000007fefd730000 - 0x000007fefd73f000 	C:\Windows\system32\profapi.dll

VM Arguments:
jvm_args: -Djava.awt.headless=true -Xmx1024M -Dfile.encoding=windows-1252 -Duser.country=US -Duser.language=en -Duser.variant 
java_command: com.android.dx.command.Main --dex --force-jumbo --num-threads=4 --multi-dex --output D:\Hai\Demo\app\build\intermediates\transforms\dex\debug\folders\1000\5\slice_1 D:\Hai\Demo\app\build\intermediates\transforms\instantRunSlicer\debug\folders\1\5\slice_1
java_class_path (initial): C:\Users\Administrator\AppData\Local\Android\sdk\build-tools\23.0.3\lib\dx.jar
Launcher Type: SUN_STANDARD

Environment Variables:
PATH=C:\ProgramData\Oracle\Java\javapath;C:\Windows\system32;C:\Windows;C:\Windows\System32\Wbem;C:\Windows\System32\WindowsPowerShell\v1.0\;C:\Program Files\Git\cmd;C:\Program Files\Git\mingw64\bin;C:\Program Files\Git\usr\bin
USERNAME=Administrator
OS=Windows_NT
PROCESSOR_IDENTIFIER=Intel64 Family 6 Model 58 Stepping 9, GenuineIntel



---------------  S Y S T E M  ---------------

OS: Windows 7 , 64 bit Build 7601 (6.1.7601.18015)

CPU:total 4 (2 cores per cpu, 2 threads per core) family 6 model 58 stepping 9, cmov, cx8, fxsr, mmx, sse, sse2, sse3, ssse3, sse4.1, sse4.2, popcnt, avx, aes, clmul, erms, ht, tsc, tscinvbit, tscinv

Memory: 4k page, physical 4094316k(722756k free), swap 4094316k(5092k free)

vm_info: Java HotSpot(TM) 64-Bit Server VM (25.60-b23) for windows-amd64 JRE (1.8.0_60-b27), built on Aug  4 2015 11:06:27 by "java_re" with MS VC++ 10.0 (VS2010)

time: Sun Jul 17 10:30:40 2016
elapsed time: 1 seconds (0d 0h 0m 1s)

