#
# There is insufficient memory for the Java Runtime Environment to continue.
# Native memory allocation (malloc) failed to allocate 40336 bytes for Chunk::new
# Possible reasons:
#   The system is out of physical RAM or swap space
#   In 32 bit mode, the process size limit was hit
# Possible solutions:
#   Reduce memory load on the system
#   Increase physical memory or swap space
#   Check if swap backing store is full
#   Use 64 bit Java on a 64 bit OS
#   Decrease Java heap size (-Xmx/-Xms)
#   Decrease number of Java threads
#   Decrease Java thread stack sizes (-Xss)
#   Set larger code cache with -XX:ReservedCodeCacheSize=
# This output file may be truncated or incomplete.
#
#  Out of Memory Error (allocation.cpp:390), pid=2068, tid=1844
#
# JRE version: Java(TM) SE Runtime Environment (8.0_60-b27) (build 1.8.0_60-b27)
# Java VM: Java HotSpot(TM) 64-Bit Server VM (25.60-b23 mixed mode windows-amd64 compressed oops)
# Failed to write core dump. Minidumps are not enabled by default on client versions of Windows
#

---------------  T H R E A D  ---------------

Current thread (0x0000000054d98000):  JavaThread "C2 CompilerThread0" daemon [_thread_in_native, id=1844, stack(0x0000000056610000,0x0000000056710000)]

Stack: [0x0000000056610000,0x0000000056710000]
[error occurred during error reporting (printing stack bounds), id 0xc0000005]

Native frames: (J=compiled Java code, j=interpreted, Vv=VM code, C=native code)


Current CompileTask:
C2:   7247  461 %     4       com.android.dx.cf.code.LineNumberList::pcToLine @ 13 (73 bytes)


---------------  P R O C E S S  ---------------

Java Threads: ( => current thread )
  0x00000000568eb000 JavaThread "pool-2-thread-4" [_thread_blocked, id=4020, stack(0x0000000057560000,0x0000000057660000)]
  0x00000000568af800 JavaThread "pool-2-thread-3" [_thread_in_vm_trans, id=2884, stack(0x00000000573b0000,0x00000000574b0000)]
  0x000000005685d000 JavaThread "pool-2-thread-2" [_thread_in_Java, id=2400, stack(0x0000000057280000,0x0000000057380000)]
  0x000000005685c000 JavaThread "pool-3-thread-1" [_thread_blocked, id=1632, stack(0x0000000056b30000,0x0000000056c30000)]
  0x000000005685a000 JavaThread "pool-2-thread-1" [_thread_in_Java, id=3600, stack(0x0000000056fc0000,0x00000000570c0000)]
  0x0000000056793000 JavaThread "Service Thread" daemon [_thread_blocked, id=3028, stack(0x0000000056d00000,0x0000000056e00000)]
  0x0000000054d9b800 JavaThread "C1 CompilerThread2" daemon [_thread_blocked, id=2588, stack(0x0000000056490000,0x0000000056590000)]
  0x0000000054d9a800 JavaThread "C2 CompilerThread1" daemon [_thread_in_native, id=284, stack(0x0000000055e20000,0x0000000055f20000)]
=>0x0000000054d98000 JavaThread "C2 CompilerThread0" daemon [_thread_in_native, id=1844, stack(0x0000000056610000,0x0000000056710000)]
  0x0000000054d92000 JavaThread "Attach Listener" daemon [_thread_blocked, id=1368, stack(0x0000000056090000,0x0000000056190000)]
  0x0000000054d90800 JavaThread "Signal Dispatcher" daemon [_thread_blocked, id=3384, stack(0x0000000056390000,0x0000000056490000)]
  0x0000000054d31000 JavaThread "Finalizer" daemon [_thread_blocked, id=3408, stack(0x00000000561d0000,0x00000000562d0000)]
  0x0000000054d30000 JavaThread "Reference Handler" daemon [_thread_blocked, id=3252, stack(0x0000000055f50000,0x0000000056050000)]
  0x000000000028e000 JavaThread "main" [_thread_blocked, id=1504, stack(0x0000000002160000,0x0000000002260000)]

Other Threads:
  0x0000000054d2a800 VMThread [stack: 0x0000000055cf0000,0x0000000055df0000] [id=3344]
  0x000000005679a000 WatcherThread [stack: 0x0000000056e80000,0x0000000056f80000] [id=3568]

VM state:not at safepoint (normal execution)

VM Mutex/Monitor currently owned by a thread: None

Heap:
 PSYoungGen      total 18944K, used 3595K [0x00000000eab00000, 0x00000000ed000000, 0x0000000100000000)
  eden space 16384K, 6% used [0x00000000eab00000,0x00000000eac05800,0x00000000ebb00000)
  from space 2560K, 99% used [0x00000000ebb00000,0x00000000ebd7d790,0x00000000ebd80000)
  to   space 2560K, 0% used [0x00000000ecd80000,0x00000000ecd80000,0x00000000ed000000)
 ParOldGen       total 44032K, used 2048K [0x00000000c0000000, 0x00000000c2b00000, 0x00000000eab00000)
  object space 44032K, 4% used [0x00000000c0000000,0x00000000c0200318,0x00000000c2b00000)
 Metaspace       used 5640K, capacity 6640K, committed 6784K, reserved 1056768K
  class space    used 600K, capacity 616K, committed 640K, reserved 1048576K

Card table byte_map: [0x00000000118f0000,0x0000000011b00000] byte_map_base: 0x00000000112f0000

Marking Bits: (ParMarkBitMap*) 0x0000000070c1a5b0
 Begin Bits: [0x00000000121a0000, 0x00000000131a0000)
 End Bits:   [0x00000000131a0000, 0x00000000141a0000)

Polling page: 0x0000000000130000

CodeCache: size=245760Kb used=2086Kb max_used=2099Kb free=243673Kb
 bounds [0x0000000002530000, 0x00000000027a0000, 0x0000000011530000]
 total_blobs=792 nmethods=523 adapters=182
 compilation: enabled

Compilation events (10 events):
Event: 7.225 Thread 0x0000000054d9b800 nmethod 520 0x000000000273b110 code [0x000000000273b260, 0x000000000273b370]
Event: 7.225 Thread 0x0000000054d9b800  499       1       com.android.dx.cf.iface.StdMember::getNat (5 bytes)
Event: 7.229 Thread 0x0000000054d9a800 nmethod 477 0x000000000273e4d0 code [0x000000000273e620, 0x000000000273e878]
Event: 7.229 Thread 0x0000000054d9a800  489       4       java.util.HashMap::get (23 bytes)
Event: 7.236 Thread 0x0000000054d98000 nmethod 446 0x000000000273c3d0 code [0x000000000273c520, 0x000000000273c878]
Event: 7.236 Thread 0x0000000054d98000  496       4       com.android.dx.rop.code.InsnList::get (9 bytes)
Event: 7.237 Thread 0x0000000054d98000 nmethod 496 0x000000000273c090 code [0x000000000273c1e0, 0x000000000273c2b8]
Event: 7.237 Thread 0x0000000054d98000  426       4       java.util.ArrayList::rangeCheck (22 bytes)
Event: 7.238 Thread 0x0000000054d98000 nmethod 426 0x0000000002727b10 code [0x0000000002727c40, 0x0000000002727cb8]
Event: 7.238 Thread 0x0000000054d98000  461 %     4       com.android.dx.cf.code.LineNumberList::pcToLine @ 13 (73 bytes)

GC Heap History (2 events):
Event: 6.240 GC heap before
{Heap before GC invocations=1 (full 0):
 PSYoungGen      total 18944K, used 16384K [0x00000000eab00000, 0x00000000ec000000, 0x0000000100000000)
  eden space 16384K, 100% used [0x00000000eab00000,0x00000000ebb00000,0x00000000ebb00000)
  from space 2560K, 0% used [0x00000000ebd80000,0x00000000ebd80000,0x00000000ec000000)
  to   space 2560K, 0% used [0x00000000ebb00000,0x00000000ebb00000,0x00000000ebd80000)
 ParOldGen       total 44032K, used 0K [0x00000000c0000000, 0x00000000c2b00000, 0x00000000eab00000)
  object space 44032K, 0% used [0x00000000c0000000,0x00000000c0000000,0x00000000c2b00000)
 Metaspace       used 5617K, capacity 6640K, committed 6784K, reserved 1056768K
  class space    used 598K, capacity 616K, committed 640K, reserved 1048576K
Event: 6.895 GC heap after
Heap after GC invocations=1 (full 0):
 PSYoungGen      total 18944K, used 2549K [0x00000000eab00000, 0x00000000ed000000, 0x0000000100000000)
  eden space 16384K, 0% used [0x00000000eab00000,0x00000000eab00000,0x00000000ebb00000)
  from space 2560K, 99% used [0x00000000ebb00000,0x00000000ebd7d790,0x00000000ebd80000)
  to   space 2560K, 0% used [0x00000000ecd80000,0x00000000ecd80000,0x00000000ed000000)
 ParOldGen       total 44032K, used 2048K [0x00000000c0000000, 0x00000000c2b00000, 0x00000000eab00000)
  object space 44032K, 4% used [0x00000000c0000000,0x00000000c0200318,0x00000000c2b00000)
 Metaspace       used 5617K, capacity 6640K, committed 6784K, reserved 1056768K
  class space    used 598K, capacity 616K, committed 640K, reserved 1048576K
}

Deoptimization events (1 events):
Event: 6.040 Thread 0x000000000028e000 Uncommon trap: reason=unstable_if action=reinterpret pc=0x00000000026f1ee8 method=java.util.HashMap.getNode(ILjava/lang/Object;)Ljava/util/HashMap$Node; @ 129

Internal exceptions (2 events):
Event: 0.159 Thread 0x000000000028e000 Exception <a 'java/lang/NoSuchMethodError': Method sun.misc.Unsafe.defineClass(Ljava/lang/String;[BII)Ljava/lang/Class; name or signature does not match> (0x00000000eab0d478) thrown at [C:\re\workspace\8-2-build-windows-amd64-cygwin\jdk8u60\4407\hotspot\srXÁ%fÀfÄ?
Event: 0.159 Thread 0x000000000028e000 Exception <a 'java/lang/NoSuchMethodError': Method sun.misc.Unsafe.prefetchRead(Ljava/lang/Object;J)V name or signature does not match> (0x00000000eab0d760) thrown at [C:\re\workspace\8-2-build-windows-amd64-cygwin\jdk8u60\4407\hotspot\src\share\vm\prims\j

Events (10 events):
Event: 6.131 loading class java/util/HashMap$KeyIterator
Event: 6.131 loading class java/util/HashMap$KeyIterator done
Event: 6.240 Executing VM operation: ParallelGCFailedAllocation
Event: 6.895 Executing VM operation: ParallelGCFailedAllocation done
Event: 6.943 loading class com/android/dx/dex/file/ParameterAnnotationStruct
Event: 6.943 loading class com/android/dx/dex/file/ParameterAnnotationStruct done
Event: 6.944 loading class com/android/dx/dex/file/UniformListItem
Event: 6.944 loading class com/android/dx/dex/file/UniformListItem done
Event: 6.945 loading class com/android/dx/dex/file/AnnotationSetRefItem
Event: 6.945 loading class com/android/dx/dex/file/AnnotationSetRefItem done


Dynamic libraries:
0x000000013f500000 - 0x000000013f537000 	C:\Program Files\Java\jdk1.8.0_60\bin\java.exe
0x0000000076d40000 - 0x0000000076ee9000 	C:\Windows\SYSTEM32\ntdll.dll
0x0000000076c20000 - 0x0000000076d3f000 	C:\Windows\system32\kernel32.dll
0x000007fefcdf0000 - 0x000007fefce5b000 	C:\Windows\system32\KERNELBASE.dll
0x000007fefd330000 - 0x000007fefd40b000 	C:\Windows\system32\ADVAPI32.dll
0x000007fefd680000 - 0x000007fefd71f000 	C:\Windows\system32\msvcrt.dll
0x000007fefdaf0000 - 0x000007fefdb0f000 	C:\Windows\SYSTEM32\sechost.dll
0x000007fefd200000 - 0x000007fefd32d000 	C:\Windows\system32\RPCRT4.dll
0x0000000076b20000 - 0x0000000076c1a000 	C:\Windows\system32\USER32.dll
0x000007fefd610000 - 0x000007fefd677000 	C:\Windows\system32\GDI32.dll
0x000007fefd1f0000 - 0x000007fefd1fe000 	C:\Windows\system32\LPK.dll
0x000007fefe980000 - 0x000007fefea49000 	C:\Windows\system32\USP10.dll
0x000007fefb2f0000 - 0x000007fefb4e4000 	C:\Windows\WinSxS\amd64_microsoft.windows.common-controls_6595b64144ccf1df_6.0.7601.17514_none_fa396087175ac9ac\COMCTL32.dll
0x000007fefe8a0000 - 0x000007fefe911000 	C:\Windows\system32\SHLWAPI.dll
0x000007fefebb0000 - 0x000007fefebde000 	C:\Windows\system32\IMM32.DLL
0x000007fefd720000 - 0x000007fefd829000 	C:\Windows\system32\MSCTF.dll
0x0000000073a50000 - 0x0000000073b22000 	C:\Program Files\Java\jdk1.8.0_60\jre\bin\msvcr100.dll
0x0000000070410000 - 0x0000000070c99000 	C:\Program Files\Java\jdk1.8.0_60\jre\bin\server\jvm.dll
0x000007fefad50000 - 0x000007fefad59000 	C:\Windows\system32\WSOCK32.dll
0x000007fefcf20000 - 0x000007fefcf6d000 	C:\Windows\system32\WS2_32.dll
0x000007fefdae0000 - 0x000007fefdae8000 	C:\Windows\system32\NSI.dll
0x000007fef7660000 - 0x000007fef769b000 	C:\Windows\system32\WINMM.dll
0x000007fefcb30000 - 0x000007fefcb3c000 	C:\Windows\system32\VERSION.dll
0x0000000076f00000 - 0x0000000076f07000 	C:\Windows\system32\PSAPI.DLL
0x0000000074600000 - 0x000000007460f000 	C:\Program Files\Java\jdk1.8.0_60\jre\bin\verify.dll
0x00000000741e0000 - 0x0000000074209000 	C:\Program Files\Java\jdk1.8.0_60\jre\bin\java.dll
0x00000000741c0000 - 0x00000000741d6000 	C:\Program Files\Java\jdk1.8.0_60\jre\bin\zip.dll
0x000007fefdb10000 - 0x000007fefe898000 	C:\Windows\system32\SHELL32.dll
0x000007fefebe0000 - 0x000007fefede3000 	C:\Windows\system32\ole32.dll
0x000007fefcb20000 - 0x000007fefcb2f000 	C:\Windows\system32\profapi.dll

VM Arguments:
jvm_args: -Djava.awt.headless=true -Xmx1024M -Dfile.encoding=windows-1252 -Duser.country=US -Duser.language=en -Duser.variant 
java_command: com.android.dx.command.Main --dex --force-jumbo --num-threads=4 --multi-dex --output D:\Hai\Demo\app\build\intermediates\transforms\dex\debug\folders\1000\10\com.android.support-support-vector-drawable-23.4.0_ea5859cd58c31dc98c17edb0e8a3a7773faf3c2b D:\Hai\Demo\app\build\intermediates\exploded-aar\com.android.support\support-vector-drawable\23.4.0\jars\classes.jar
java_class_path (initial): C:\Users\Administrator\AppData\Local\Android\sdk\build-tools\23.0.3\lib\dx.jar
Launcher Type: SUN_STANDARD

Environment Variables:
PATH=C:\ProgramData\Oracle\Java\javapath;C:\Windows\system32;C:\Windows;C:\Windows\System32\Wbem;C:\Windows\System32\WindowsPowerShell\v1.0\;C:\Program Files\Git\cmd;C:\Program Files\Git\mingw64\bin;C:\Program Files\Git\usr\bin
USERNAME=Administrator
OS=Windows_NT
PROCESSOR_IDENTIFIER=Intel64 Family 6 Model 58 Stepping 9, GenuineIntel



---------------  S Y S T E M  ---------------

OS: Windows 7 , 64 bit Build 7601 (6.1.7601.18015)

CPU:total 4 (2 cores per cpu, 2 threads per core) family 6 model 58 stepping 9, cmov, cx8, fxsr, mmx, sse, sse2, sse3, ssse3, sse4.1, sse4.2, popcnt, avx, aes, clmul, erms, ht, tsc, tscinvbit, tscinv

Memory: 4k page, physical 4094316k(803564k free), swap 4094316k(5096k free)

vm_info: Java HotSpot(TM) 64-Bit Server VM (25.60-b23) for windows-amd64 JRE (1.8.0_60-b27), built on Aug  4 2015 11:06:27 by "java_re" with MS VC++ 10.0 (VS2010)

time: Sat Jul 16 22:46:06 2016
elapsed time: 7 seconds (0d 0h 0m 7s)

