#
# There is insufficient memory for the Java Runtime Environment to continue.
# Native memory allocation (malloc) failed to allocate 81376 bytes for Chunk::new
# Possible reasons:
#   The system is out of physical RAM or swap space
#   In 32 bit mode, the process size limit was hit
# Possible solutions:
#   Reduce memory load on the system
#   Increase physical memory or swap space
#   Check if swap backing store is full
#   Use 64 bit Java on a 64 bit OS
#   Decrease Java heap size (-Xmx/-Xms)
#   Decrease number of Java threads
#   Decrease Java thread stack sizes (-Xss)
#   Set larger code cache with -XX:ReservedCodeCacheSize=
# This output file may be truncated or incomplete.
#
#  Out of Memory Error (allocation.cpp:390), pid=3216, tid=2352
#
# JRE version: Java(TM) SE Runtime Environment (8.0_60-b27) (build 1.8.0_60-b27)
# Java VM: Java HotSpot(TM) 64-Bit Server VM (25.60-b23 mixed mode windows-amd64 compressed oops)
# Failed to write core dump. Minidumps are not enabled by default on client versions of Windows
#

---------------  T H R E A D  ---------------

Current thread (0x0000000054bee000):  JavaThread "C2 CompilerThread0" daemon [_thread_in_native, id=2352, stack(0x0000000055ca0000,0x0000000055da0000)]

Stack: [0x0000000055ca0000,0x0000000055da0000]
[error occurred during error reporting (printing stack bounds), id 0xc0000005]

Native frames: (J=compiled Java code, j=interpreted, Vv=VM code, C=native code)


Current CompileTask:
C2:    657  656       4       com.android.dx.rop.cst.CstString::utf8BytesToString (391 bytes)


---------------  P R O C E S S  ---------------

Java Threads: ( => current thread )
  0x00000000560a1800 JavaThread "pool-2-thread-4" [_thread_blocked, id=3940, stack(0x0000000056c50000,0x0000000056d50000)]
  0x00000000560a1000 JavaThread "pool-2-thread-3" [_thread_in_Java, id=2380, stack(0x0000000056a70000,0x0000000056b70000)]
  0x00000000560a0000 JavaThread "pool-2-thread-2" [_thread_blocked, id=1776, stack(0x00000000568e0000,0x00000000569e0000)]
  0x000000005609f800 JavaThread "pool-3-thread-1" [_thread_blocked, id=3480, stack(0x00000000563d0000,0x00000000564d0000)]
  0x000000005609e800 JavaThread "pool-2-thread-1" [_thread_in_Java, id=260, stack(0x0000000056640000,0x0000000056740000)]
  0x0000000054c0c800 JavaThread "Service Thread" daemon [_thread_blocked, id=3812, stack(0x0000000055a10000,0x0000000055b10000)]
  0x0000000054bf0000 JavaThread "C1 CompilerThread1" daemon [_thread_in_vm, id=4036, stack(0x0000000055e20000,0x0000000055f20000)]
=>0x0000000054bee000 JavaThread "C2 CompilerThread0" daemon [_thread_in_native, id=2352, stack(0x0000000055ca0000,0x0000000055da0000)]
  0x0000000054bea800 JavaThread "Attach Listener" daemon [_thread_blocked, id=3548, stack(0x0000000055b40000,0x0000000055c40000)]
  0x0000000054be9000 JavaThread "Signal Dispatcher" daemon [_thread_blocked, id=3208, stack(0x0000000055860000,0x0000000055960000)]
  0x0000000054b8f800 JavaThread "Finalizer" daemon [_thread_blocked, id=2420, stack(0x0000000055690000,0x0000000055790000)]
  0x0000000054b84800 JavaThread "Reference Handler" daemon [_thread_blocked, id=1220, stack(0x0000000055560000,0x0000000055660000)]
  0x0000000001f2d800 JavaThread "main" [_thread_blocked, id=2332, stack(0x00000000020f0000,0x00000000021f0000)]

Other Threads:
  0x0000000054b7d000 VMThread [stack: 0x0000000055430000,0x0000000055530000] [id=3428]
  0x0000000055f5e000 WatcherThread [stack: 0x00000000564e0000,0x00000000565e0000] [id=2084]

VM state:not at safepoint (normal execution)

VM Mutex/Monitor currently owned by a thread: None

Heap:
 PSYoungGen      total 18944K, used 3717K [0x00000000eab00000, 0x00000000ed000000, 0x0000000100000000)
  eden space 16384K, 7% used [0x00000000eab00000,0x00000000eac26d48,0x00000000ebb00000)
  from space 2560K, 99% used [0x00000000ebb00000,0x00000000ebd7aaa8,0x00000000ebd80000)
  to   space 2560K, 0% used [0x00000000ecd80000,0x00000000ecd80000,0x00000000ed000000)
 ParOldGen       total 44032K, used 1460K [0x00000000c0000000, 0x00000000c2b00000, 0x00000000eab00000)
  object space 44032K, 3% used [0x00000000c0000000,0x00000000c016d110,0x00000000c2b00000)
 Metaspace       used 5626K, capacity 6576K, committed 6784K, reserved 1056768K
  class space    used 595K, capacity 616K, committed 640K, reserved 1048576K

Card table byte_map: [0x0000000011880000,0x0000000011a90000] byte_map_base: 0x0000000011280000

Marking Bits: (ParMarkBitMap*) 0x0000000072e2a5b0
 Begin Bits: [0x0000000012050000, 0x0000000013050000)
 End Bits:   [0x0000000013050000, 0x0000000014050000)

Polling page: 0x0000000000110000

CodeCache: size=245760Kb used=2543Kb max_used=2543Kb free=243216Kb
 bounds [0x00000000024c0000, 0x0000000002740000, 0x00000000114c0000]
 total_blobs=928 nmethods=661 adapters=182
 compilation: enabled

Compilation events (10 events):
Event: 0.655 Thread 0x0000000054bf0000 nmethod 666 0x0000000002736ad0 code [0x0000000002736c40, 0x0000000002736e08]
Event: 0.655 Thread 0x0000000054bf0000  669   !   2       com.android.dx.cf.code.BaseMachine::arg (36 bytes)
Event: 0.656 Thread 0x0000000054bf0000 nmethod 669 0x0000000002736f50 code [0x00000000027370e0, 0x00000000027373d8]
Event: 0.656 Thread 0x0000000054bf0000  668       2       com.android.dx.cf.code.BasicBlocker::addWorkIfNecessary (32 bytes)
Event: 0.656 Thread 0x0000000054bf0000 nmethod 668 0x00000000027375d0 code [0x0000000002737740, 0x0000000002737930]
Event: 0.656 Thread 0x0000000054bf0000  676   !   2       com.android.dx.rop.code.RegisterSpecSet::get (18 bytes)
Event: 0.656 Thread 0x0000000054bf0000 nmethod 676 0x0000000002737b90 code [0x0000000002737d00, 0x0000000002737f28]
Event: 0.656 Thread 0x0000000054bf0000  660       2       com.android.dx.ssa.SsaBasicBlock::<init> (109 bytes)
Event: 0.656 Thread 0x0000000054bf0000 nmethod 660 0x00000000027380d0 code [0x0000000002738260, 0x0000000002738708]
Event: 0.656 Thread 0x0000000054bf0000  659       2       com.android.dx.rop.cst.CstBaseMethodRef::compareTo0 (29 bytes)

GC Heap History (2 events):
Event: 0.626 GC heap before
{Heap before GC invocations=1 (full 0):
 PSYoungGen      total 18944K, used 16384K [0x00000000eab00000, 0x00000000ec000000, 0x0000000100000000)
  eden space 16384K, 100% used [0x00000000eab00000,0x00000000ebb00000,0x00000000ebb00000)
  from space 2560K, 0% used [0x00000000ebd80000,0x00000000ebd80000,0x00000000ec000000)
  to   space 2560K, 0% used [0x00000000ebb00000,0x00000000ebb00000,0x00000000ebd80000)
 ParOldGen       total 44032K, used 0K [0x00000000c0000000, 0x00000000c2b00000, 0x00000000eab00000)
  object space 44032K, 0% used [0x00000000c0000000,0x00000000c0000000,0x00000000c2b00000)
 Metaspace       used 5610K, capacity 6576K, committed 6784K, reserved 1056768K
  class space    used 594K, capacity 616K, committed 640K, reserved 1048576K
Event: 0.638 GC heap after
Heap after GC invocations=1 (full 0):
 PSYoungGen      total 18944K, used 2538K [0x00000000eab00000, 0x00000000ed000000, 0x0000000100000000)
  eden space 16384K, 0% used [0x00000000eab00000,0x00000000eab00000,0x00000000ebb00000)
  from space 2560K, 99% used [0x00000000ebb00000,0x00000000ebd7aaa8,0x00000000ebd80000)
  to   space 2560K, 0% used [0x00000000ecd80000,0x00000000ecd80000,0x00000000ed000000)
 ParOldGen       total 44032K, used 1460K [0x00000000c0000000, 0x00000000c2b00000, 0x00000000eab00000)
  object space 44032K, 3% used [0x00000000c0000000,0x00000000c016d110,0x00000000c2b00000)
 Metaspace       used 5610K, capacity 6576K, committed 6784K, reserved 1056768K
  class space    used 594K, capacity 616K, committed 640K, reserved 1048576K
}

Deoptimization events (0 events):
No events

Internal exceptions (2 events):
Event: 0.028 Thread 0x0000000001f2d800 Exception <a 'java/lang/NoSuchMethodError': Method sun.misc.Unsafe.defineClass(Ljava/lang/String;[BII)Ljava/lang/Class; name or signature does not match> (0x00000000eab0d0b8) thrown at [C:\re\workspace\8-2-build-windows-amd64-cygwin\jdk8u60\4407\hotspot\sr€»âœÚŠœ?
Event: 0.028 Thread 0x0000000001f2d800 Exception <a 'java/lang/NoSuchMethodError': Method sun.misc.Unsafe.prefetchRead(Ljava/lang/Object;J)V name or signature does not match> (0x00000000eab0d3a0) thrown at [C:\re\workspace\8-2-build-windows-amd64-cygwin\jdk8u60\4407\hotspot\src\share\vm\prims\j

Events (10 events):
Event: 0.531 loading class java/util/TreeMap$EntryIterator
Event: 0.531 loading class java/util/TreeMap$EntryIterator done
Event: 0.596 loading class com/android/dx/cf/code/BytecodeArray$ConstantParserVisitor
Event: 0.596 loading class com/android/dx/cf/code/BytecodeArray$ConstantParserVisitor done
Event: 0.604 loading class com/android/dx/cf/code/SwitchList
Event: 0.604 loading class com/android/dx/cf/code/SwitchList done
Event: 0.626 Executing VM operation: ParallelGCFailedAllocation
Event: 0.638 Executing VM operation: ParallelGCFailedAllocation done
Event: 0.641 loading class com/android/dx/cf/attrib/AttExceptions
Event: 0.641 loading class com/android/dx/cf/attrib/AttExceptions done


Dynamic libraries:
0x000000013f410000 - 0x000000013f447000 	E:\jdk1.8.0_60\bin\java.exe
0x0000000076cb0000 - 0x0000000076e59000 	C:\Windows\SYSTEM32\ntdll.dll
0x0000000076a90000 - 0x0000000076baf000 	C:\Windows\system32\kernel32.dll
0x000007fefcb80000 - 0x000007fefcbeb000 	C:\Windows\system32\KERNELBASE.dll
0x000007fefecd0000 - 0x000007fefedab000 	C:\Windows\system32\ADVAPI32.dll
0x000007fefe3b0000 - 0x000007fefe44f000 	C:\Windows\system32\msvcrt.dll
0x000007fefebd0000 - 0x000007fefebef000 	C:\Windows\SYSTEM32\sechost.dll
0x000007fefdfd0000 - 0x000007fefe0fd000 	C:\Windows\system32\RPCRT4.dll
0x0000000076bb0000 - 0x0000000076caa000 	C:\Windows\system32\USER32.dll
0x000007fefe100000 - 0x000007fefe167000 	C:\Windows\system32\GDI32.dll
0x000007fefe8b0000 - 0x000007fefe8be000 	C:\Windows\system32\LPK.dll
0x000007fefdcc0000 - 0x000007fefdd89000 	C:\Windows\system32\USP10.dll
0x000007fefb0c0000 - 0x000007fefb2b4000 	C:\Windows\WinSxS\amd64_microsoft.windows.common-controls_6595b64144ccf1df_6.0.7601.17514_none_fa396087175ac9ac\COMCTL32.dll
0x000007fefec50000 - 0x000007fefecc1000 	C:\Windows\system32\SHLWAPI.dll
0x000007fefe450000 - 0x000007fefe47e000 	C:\Windows\system32\IMM32.DLL
0x000007fefea20000 - 0x000007fefeb29000 	C:\Windows\system32\MSCTF.dll
0x0000000073da0000 - 0x0000000073e72000 	E:\jdk1.8.0_60\jre\bin\msvcr100.dll
0x0000000072620000 - 0x0000000072ea9000 	E:\jdk1.8.0_60\jre\bin\server\jvm.dll
0x000007fefa8b0000 - 0x000007fefa8b9000 	C:\Windows\system32\WSOCK32.dll
0x000007fefec00000 - 0x000007fefec4d000 	C:\Windows\system32\WS2_32.dll
0x000007fefebf0000 - 0x000007fefebf8000 	C:\Windows\system32\NSI.dll
0x000007fef71a0000 - 0x000007fef71db000 	C:\Windows\system32\WINMM.dll
0x000007fefbbc0000 - 0x000007fefbbcc000 	C:\Windows\system32\VERSION.dll
0x0000000076e80000 - 0x0000000076e87000 	C:\Windows\system32\PSAPI.DLL
0x00000000741a0000 - 0x00000000741af000 	E:\jdk1.8.0_60\jre\bin\verify.dll
0x0000000074170000 - 0x0000000074199000 	E:\jdk1.8.0_60\jre\bin\java.dll
0x0000000074150000 - 0x0000000074166000 	E:\jdk1.8.0_60\jre\bin\zip.dll
0x000007fefcf30000 - 0x000007fefdcb8000 	C:\Windows\system32\SHELL32.dll
0x000007fefedb0000 - 0x000007fefefb3000 	C:\Windows\system32\ole32.dll
0x000007fefca60000 - 0x000007fefca6f000 	C:\Windows\system32\profapi.dll

VM Arguments:
jvm_args: -Djava.awt.headless=true -Xmx1024M -Dfile.encoding=windows-1252 -Duser.country=US -Duser.language=en -Duser.variant 
java_command: com.android.dx.command.Main --dex --force-jumbo --num-threads=4 --multi-dex --output D:\Android\Demo\Demo\app\build\intermediates\transforms\dex\debug\folders\1000\10\com.android.support-recyclerview-v7-23.0.1_7d4217aa460db9391096ff238d95bb0ec11db7f0 D:\Android\Demo\Demo\app\build\intermediates\exploded-aar\com.android.support\recyclerview-v7\23.0.1\jars\classes.jar
java_class_path (initial): C:\Users\Administrator\AppData\Local\Android\sdk\build-tools\23.0.3\lib\dx.jar
Launcher Type: SUN_STANDARD

Environment Variables:
PATH=C:\ProgramData\Oracle\Java\javapath;C:\Windows\system32;C:\Windows;C:\Windows\System32\Wbem;C:\Windows\System32\WindowsPowerShell\v1.0\;E:\Git\cmd;E:\Git\mingw64\bin;E:\Git\usr\bin
USERNAME=Administrator
OS=Windows_NT
PROCESSOR_IDENTIFIER=Intel64 Family 6 Model 23 Stepping 10, GenuineIntel



---------------  S Y S T E M  ---------------

OS: Windows 7 , 64 bit Build 7601 (6.1.7601.18015)

CPU:total 2 (2 cores per cpu, 1 threads per core) family 6 model 23 stepping 10, cmov, cx8, fxsr, mmx, sse, sse2, sse3, ssse3, sse4.1, tsc

Memory: 4k page, physical 4157944k(684012k free), swap 4157944k(5156k free)

vm_info: Java HotSpot(TM) 64-Bit Server VM (25.60-b23) for windows-amd64 JRE (1.8.0_60-b27), built on Aug  4 2015 11:06:27 by "java_re" with MS VC++ 10.0 (VS2010)

time: Sun Jul 24 18:34:22 2016
elapsed time: 0 seconds (0d 0h 0m 0s)

