#
# There is insufficient memory for the Java Runtime Environment to continue.
# Native memory allocation (malloc) failed to allocate 193552 bytes for Chunk::new
# Possible reasons:
#   The system is out of physical RAM or swap space
#   In 32 bit mode, the process size limit was hit
# Possible solutions:
#   Reduce memory load on the system
#   Increase physical memory or swap space
#   Check if swap backing store is full
#   Use 64 bit Java on a 64 bit OS
#   Decrease Java heap size (-Xmx/-Xms)
#   Decrease number of Java threads
#   Decrease Java thread stack sizes (-Xss)
#   Set larger code cache with -XX:ReservedCodeCacheSize=
# This output file may be truncated or incomplete.
#
#  Out of Memory Error (allocation.cpp:390), pid=3292, tid=4012
#
# JRE version: Java(TM) SE Runtime Environment (8.0_60-b27) (build 1.8.0_60-b27)
# Java VM: Java HotSpot(TM) 64-Bit Server VM (25.60-b23 mixed mode windows-amd64 compressed oops)
# Failed to write core dump. Minidumps are not enabled by default on client versions of Windows
#

---------------  T H R E A D  ---------------

Current thread (0x0000000054d6c800):  JavaThread "C2 CompilerThread1" daemon [_thread_in_native, id=4012, stack(0x0000000056750000,0x0000000056850000)]

Stack: [0x0000000056750000,0x0000000056850000]
[error occurred during error reporting (printing stack bounds), id 0xc0000005]

Native frames: (J=compiled Java code, j=interpreted, Vv=VM code, C=native code)


Current CompileTask:
C2:   7333  728       4       com.android.dx.ssa.NormalSsaInsn::mapSourceRegisters (48 bytes)


---------------  P R O C E S S  ---------------

Java Threads: ( => current thread )
  0x0000000056c35800 JavaThread "pool-2-thread-4" [_thread_in_Java, id=964, stack(0x00000000574e0000,0x00000000575e0000)]
  0x0000000056d2b000 JavaThread "pool-2-thread-3" [_thread_blocked, id=4032, stack(0x00000000573a0000,0x00000000574a0000)]
  0x0000000056c2c000 JavaThread "pool-2-thread-2" [_thread_in_Java, id=3688, stack(0x00000000570a0000,0x00000000571a0000)]
  0x0000000056c22000 JavaThread "pool-3-thread-1" [_thread_blocked, id=2580, stack(0x0000000057210000,0x0000000057310000)]
  0x0000000056b89800 JavaThread "pool-2-thread-1" [_thread_blocked, id=3064, stack(0x00000000562c0000,0x00000000563c0000)]
  0x0000000056a30800 JavaThread "Service Thread" daemon [_thread_blocked, id=1088, stack(0x0000000056f70000,0x0000000057070000)]
  0x0000000054d6d800 JavaThread "C1 CompilerThread2" daemon [_thread_in_vm, id=2496, stack(0x0000000056930000,0x0000000056a30000)]
=>0x0000000054d6c800 JavaThread "C2 CompilerThread1" daemon [_thread_in_native, id=4012, stack(0x0000000056750000,0x0000000056850000)]
  0x0000000054d6a000 JavaThread "C2 CompilerThread0" daemon [_thread_in_native, id=3488, stack(0x00000000565c0000,0x00000000566c0000)]
  0x0000000054d64000 JavaThread "Attach Listener" daemon [_thread_blocked, id=636, stack(0x00000000563d0000,0x00000000564d0000)]
  0x0000000054d62800 JavaThread "Signal Dispatcher" daemon [_thread_blocked, id=2828, stack(0x00000000561a0000,0x00000000562a0000)]
  0x0000000054d01000 JavaThread "Finalizer" daemon [_thread_blocked, id=2252, stack(0x0000000055f90000,0x0000000056090000)]
  0x0000000054d00000 JavaThread "Reference Handler" daemon [_thread_blocked, id=2156, stack(0x0000000055e30000,0x0000000055f30000)]
  0x000000000025e000 JavaThread "main" [_thread_blocked, id=2356, stack(0x00000000021c0000,0x00000000022c0000)]

Other Threads:
  0x0000000054cfa800 VMThread [stack: 0x0000000055d10000,0x0000000055e10000] [id=3628]
  0x0000000056ab9800 WatcherThread [stack: 0x0000000056e70000,0x0000000056f70000] [id=2964]

VM state:not at safepoint (normal execution)

VM Mutex/Monitor currently owned by a thread:  ([mutex/lock_event])
[0x000000000025cc20] MethodData_lock - owner thread: 0x0000000000000000

Heap:
 PSYoungGen      total 18944K, used 4850K [0x00000000eab00000, 0x00000000ec000000, 0x0000000100000000)
  eden space 16384K, 14% used [0x00000000eab00000,0x00000000ead3e130,0x00000000ebb00000)
  from space 2560K, 99% used [0x00000000ebb00000,0x00000000ebd7eab8,0x00000000ebd80000)
  to   space 2560K, 0% used [0x00000000ebd80000,0x00000000ebd80000,0x00000000ec000000)
 ParOldGen       total 44032K, used 1420K [0x00000000c0000000, 0x00000000c2b00000, 0x00000000eab00000)
  object space 44032K, 3% used [0x00000000c0000000,0x00000000c0163290,0x00000000c2b00000)
 Metaspace       used 5740K, capacity 6704K, committed 6784K, reserved 1056768K
  class space    used 594K, capacity 616K, committed 640K, reserved 1048576K

Card table byte_map: [0x0000000011950000,0x0000000011b60000] byte_map_base: 0x0000000011350000

Marking Bits: (ParMarkBitMap*) 0x0000000070c1a5b0
 Begin Bits: [0x0000000012170000, 0x0000000013170000)
 End Bits:   [0x0000000013170000, 0x0000000014170000)

Polling page: 0x0000000000230000

CodeCache: size=245760Kb used=2909Kb max_used=2909Kb free=242850Kb
 bounds [0x0000000002590000, 0x0000000002870000, 0x0000000011590000]
 total_blobs=979 nmethods=710 adapters=182
 compilation: enabled

Compilation events (10 events):
Event: 7.325 Thread 0x0000000054d6d800 nmethod 722 0x000000000285b610 code [0x000000000285b780, 0x000000000285ba88]
Event: 7.325 Thread 0x0000000054d6d800  724       3       com.android.dx.cf.code.BaseMachine::getLocalTarget (151 bytes)
Event: 7.327 Thread 0x0000000054d6d800 nmethod 724 0x0000000002867dd0 code [0x0000000002868080, 0x0000000002869208]
Event: 7.327 Thread 0x0000000054d6d800  713       3       com.android.dx.rop.code.PlainInsn::getCatches (4 bytes)
Event: 7.327 Thread 0x0000000054d6d800 nmethod 713 0x0000000002865c10 code [0x0000000002865d60, 0x0000000002865eb0]
Event: 7.327 Thread 0x0000000054d6d800  715       3       com.android.dx.dex.code.RopTranslator$LocalVariableAwareTranslationVisitor::addIntroductionIfNecessary (30 bytes)
Event: 7.328 Thread 0x0000000054d6d800 nmethod 715 0x0000000002864a50 code [0x0000000002864c40, 0x00000000028656c8]
Event: 7.328 Thread 0x0000000054d6d800  716       3       com.android.dx.rop.code.LocalVariableInfo::getAssignment (12 bytes)
Event: 7.328 Thread 0x0000000054d6d800 nmethod 716 0x0000000002869a50 code [0x0000000002869bc0, 0x0000000002869ec8]
Event: 7.328 Thread 0x0000000054d6d800  726       3       com.android.dx.rop.code.Rops::ropFor (771 bytes)

GC Heap History (2 events):
Event: 6.926 GC heap before
{Heap before GC invocations=1 (full 0):
 PSYoungGen      total 18944K, used 16384K [0x00000000eab00000, 0x00000000ec000000, 0x0000000100000000)
  eden space 16384K, 100% used [0x00000000eab00000,0x00000000ebb00000,0x00000000ebb00000)
  from space 2560K, 0% used [0x00000000ebd80000,0x00000000ebd80000,0x00000000ec000000)
  to   space 2560K, 0% used [0x00000000ebb00000,0x00000000ebb00000,0x00000000ebd80000)
 ParOldGen       total 44032K, used 0K [0x00000000c0000000, 0x00000000c2b00000, 0x00000000eab00000)
  object space 44032K, 0% used [0x00000000c0000000,0x00000000c0000000,0x00000000c2b00000)
 Metaspace       used 5694K, capacity 6704K, committed 6784K, reserved 1056768K
  class space    used 594K, capacity 616K, committed 640K, reserved 1048576K
Event: 7.273 GC heap after
Heap after GC invocations=1 (full 0):
 PSYoungGen      total 18944K, used 2554K [0x00000000eab00000, 0x00000000ec000000, 0x0000000100000000)
  eden space 16384K, 0% used [0x00000000eab00000,0x00000000eab00000,0x00000000ebb00000)
  from space 2560K, 99% used [0x00000000ebb00000,0x00000000ebd7eab8,0x00000000ebd80000)
  to   space 2560K, 0% used [0x00000000ebd80000,0x00000000ebd80000,0x00000000ec000000)
 ParOldGen       total 44032K, used 1420K [0x00000000c0000000, 0x00000000c2b00000, 0x00000000eab00000)
  object space 44032K, 3% used [0x00000000c0000000,0x00000000c0163290,0x00000000c2b00000)
 Metaspace       used 5694K, capacity 6704K, committed 6784K, reserved 1056768K
  class space    used 594K, capacity 616K, committed 640K, reserved 1048576K
}

Deoptimization events (9 events):
Event: 4.889 Thread 0x0000000056c35800 Uncommon trap: reason=unstable_if action=reinterpret pc=0x000000000277a1e0 method=java.util.BitSet.nextSetBit(I)I @ 87
Event: 6.786 Thread 0x0000000056d2b000 Uncommon trap: reason=class_check action=maybe_recompile pc=0x000000000278c068 method=com.android.dx.rop.type.Type.equals(Ljava/lang/Object;)Z @ 8
Event: 6.786 Thread 0x0000000056d2b000 Uncommon trap: reason=class_check action=maybe_recompile pc=0x000000000278c068 method=com.android.dx.rop.type.Type.equals(Ljava/lang/Object;)Z @ 8
Event: 6.786 Thread 0x0000000056d2b000 Uncommon trap: reason=class_check action=maybe_recompile pc=0x000000000278c068 method=com.android.dx.rop.type.Type.equals(Ljava/lang/Object;)Z @ 8
Event: 6.786 Thread 0x0000000056d2b000 Uncommon trap: reason=class_check action=maybe_recompile pc=0x000000000278c068 method=com.android.dx.rop.type.Type.equals(Ljava/lang/Object;)Z @ 8
Event: 6.788 Thread 0x0000000056d2b000 Uncommon trap: reason=unstable_if action=reinterpret pc=0x0000000002780224 method=java.util.BitSet.ensureCapacity(I)V @ 6
Event: 6.804 Thread 0x0000000056d2b000 Uncommon trap: reason=null_check action=make_not_entrant pc=0x0000000002795adc method=com.android.dx.ssa.SsaRenamer.getLocalForNewReg(I)Lcom/android/dx/rop/code/LocalItem; @ 19
Event: 6.850 Thread 0x0000000056d2b000 Uncommon trap: reason=class_check action=maybe_recompile pc=0x00000000027cb0d4 method=com.android.dx.rop.type.Type.equals(Ljava/lang/Object;)Z @ 8
Event: 6.888 Thread 0x0000000056c35800 Uncommon trap: reason=unstable_if action=reinterpret pc=0x00000000027c929c method=com.android.dx.rop.code.RegisterSpecSet.put(Lcom/android/dx/rop/code/RegisterSpec;)V @ 77

Internal exceptions (3 events):
Event: 0.109 Thread 0x000000000025e000 Exception <a 'java/lang/NoSuchMethodError': Method sun.misc.Unsafe.defineClass(Ljava/lang/String;[BII)Ljava/lang/Class; name or signature does not match> (0x00000000eab0d2f0) thrown at [C:\re\workspace\8-2-build-windows-amd64-cygwin\jdk8u60\4407\hotspot\srFP*$u÷»?
Event: 0.109 Thread 0x000000000025e000 Exception <a 'java/lang/NoSuchMethodError': Method sun.misc.Unsafe.prefetchRead(Ljava/lang/Object;J)V name or signature does not match> (0x00000000eab0d5d8) thrown at [C:\re\workspace\8-2-build-windows-amd64-cygwin\jdk8u60\4407\hotspot\src\share\vm\prims\jðF3×7@
Event: 6.804 Thread 0x0000000056d2b000 Implicit null exception at 0x0000000002793d18 to 0x0000000002795abd

Events (10 events):
Event: 6.850 Thread 0x0000000056d2b000 Uncommon trap: trap_request=0xffffffde fr.pc=0x00000000027cb0d4
Event: 6.850 Thread 0x0000000056d2b000 DEOPT PACKING pc=0x00000000027cb0d4 sp=0x000000005749e6b0
Event: 6.850 Thread 0x0000000056d2b000 DEOPT UNPACKING pc=0x00000000025d582a sp=0x000000005749e3d8 mode 2
Event: 6.875 loading class com/android/dx/cf/code/BytecodeArray$ConstantParserVisitor
Event: 6.875 loading class com/android/dx/cf/code/BytecodeArray$ConstantParserVisitor done
Event: 6.888 Thread 0x0000000056c35800 Uncommon trap: trap_request=0xffffff65 fr.pc=0x00000000027c929c
Event: 6.888 Thread 0x0000000056c35800 DEOPT PACKING pc=0x00000000027c929c sp=0x00000000575ded00
Event: 6.888 Thread 0x0000000056c35800 DEOPT UNPACKING pc=0x00000000025d582a sp=0x00000000575dec98 mode 2
Event: 6.926 Executing VM operation: ParallelGCFailedAllocation
Event: 7.273 Executing VM operation: ParallelGCFailedAllocation done


Dynamic libraries:
0x000000013f500000 - 0x000000013f537000 	C:\Program Files\Java\jdk1.8.0_60\bin\java.exe
0x0000000076d40000 - 0x0000000076ee9000 	C:\Windows\SYSTEM32\ntdll.dll
0x0000000076c20000 - 0x0000000076d3f000 	C:\Windows\system32\kernel32.dll
0x000007fefcdf0000 - 0x000007fefce5b000 	C:\Windows\system32\KERNELBASE.dll
0x000007fefd330000 - 0x000007fefd40b000 	C:\Windows\system32\ADVAPI32.dll
0x000007fefd680000 - 0x000007fefd71f000 	C:\Windows\system32\msvcrt.dll
0x000007fefdaf0000 - 0x000007fefdb0f000 	C:\Windows\SYSTEM32\sechost.dll
0x000007fefd200000 - 0x000007fefd32d000 	C:\Windows\system32\RPCRT4.dll
0x0000000076b20000 - 0x0000000076c1a000 	C:\Windows\system32\USER32.dll
0x000007fefd610000 - 0x000007fefd677000 	C:\Windows\system32\GDI32.dll
0x000007fefd1f0000 - 0x000007fefd1fe000 	C:\Windows\system32\LPK.dll
0x000007fefe980000 - 0x000007fefea49000 	C:\Windows\system32\USP10.dll
0x000007fefb2f0000 - 0x000007fefb4e4000 	C:\Windows\WinSxS\amd64_microsoft.windows.common-controls_6595b64144ccf1df_6.0.7601.17514_none_fa396087175ac9ac\COMCTL32.dll
0x000007fefe8a0000 - 0x000007fefe911000 	C:\Windows\system32\SHLWAPI.dll
0x000007fefebb0000 - 0x000007fefebde000 	C:\Windows\system32\IMM32.DLL
0x000007fefd720000 - 0x000007fefd829000 	C:\Windows\system32\MSCTF.dll
0x0000000073a50000 - 0x0000000073b22000 	C:\Program Files\Java\jdk1.8.0_60\jre\bin\msvcr100.dll
0x0000000070410000 - 0x0000000070c99000 	C:\Program Files\Java\jdk1.8.0_60\jre\bin\server\jvm.dll
0x000007fefad50000 - 0x000007fefad59000 	C:\Windows\system32\WSOCK32.dll
0x000007fefcf20000 - 0x000007fefcf6d000 	C:\Windows\system32\WS2_32.dll
0x000007fefdae0000 - 0x000007fefdae8000 	C:\Windows\system32\NSI.dll
0x000007fef7660000 - 0x000007fef769b000 	C:\Windows\system32\WINMM.dll
0x000007fefcb30000 - 0x000007fefcb3c000 	C:\Windows\system32\VERSION.dll
0x0000000076f00000 - 0x0000000076f07000 	C:\Windows\system32\PSAPI.DLL
0x0000000074600000 - 0x000000007460f000 	C:\Program Files\Java\jdk1.8.0_60\jre\bin\verify.dll
0x00000000741e0000 - 0x0000000074209000 	C:\Program Files\Java\jdk1.8.0_60\jre\bin\java.dll
0x00000000741c0000 - 0x00000000741d6000 	C:\Program Files\Java\jdk1.8.0_60\jre\bin\zip.dll
0x000007fefdb10000 - 0x000007fefe898000 	C:\Windows\system32\SHELL32.dll
0x000007fefebe0000 - 0x000007fefede3000 	C:\Windows\system32\ole32.dll
0x000007fefcb20000 - 0x000007fefcb2f000 	C:\Windows\system32\profapi.dll

VM Arguments:
jvm_args: -Djava.awt.headless=true -Xmx1024M -Dfile.encoding=windows-1252 -Duser.country=US -Duser.language=en -Duser.variant 
java_command: com.android.dx.command.Main --dex --force-jumbo --num-threads=4 --multi-dex --output D:\Hai\Demo\app\build\intermediates\transforms\dex\debug\folders\1000\10\library-2.4.0_dd460f45d27a359687729c3c169358b1eda3100b C:\Users\Administrator\.gradle\caches\modules-2\files-2.1\com.nineoldandroids\library\2.4.0\e9b63380f3a242dbdbf103a2355ad7e43bad17cb\library-2.4.0.jar
java_class_path (initial): C:\Users\Administrator\AppData\Local\Android\sdk\build-tools\23.0.3\lib\dx.jar
Launcher Type: SUN_STANDARD

Environment Variables:
PATH=C:\ProgramData\Oracle\Java\javapath;C:\Windows\system32;C:\Windows;C:\Windows\System32\Wbem;C:\Windows\System32\WindowsPowerShell\v1.0\;C:\Program Files\Git\cmd;C:\Program Files\Git\mingw64\bin;C:\Program Files\Git\usr\bin
USERNAME=Administrator
OS=Windows_NT
PROCESSOR_IDENTIFIER=Intel64 Family 6 Model 58 Stepping 9, GenuineIntel



---------------  S Y S T E M  ---------------

OS: Windows 7 , 64 bit Build 7601 (6.1.7601.18015)

CPU:total 4 (2 cores per cpu, 2 threads per core) family 6 model 58 stepping 9, cmov, cx8, fxsr, mmx, sse, sse2, sse3, ssse3, sse4.1, sse4.2, popcnt, avx, aes, clmul, erms, ht, tsc, tscinvbit, tscinv

Memory: 4k page, physical 4094316k(801844k free), swap 4094316k(4740k free)

vm_info: Java HotSpot(TM) 64-Bit Server VM (25.60-b23) for windows-amd64 JRE (1.8.0_60-b27), built on Aug  4 2015 11:06:27 by "java_re" with MS VC++ 10.0 (VS2010)

time: Sat Jul 16 22:46:06 2016
elapsed time: 7 seconds (0d 0h 0m 7s)

