#
# There is insufficient memory for the Java Runtime Environment to continue.
# Native memory allocation (malloc) failed to allocate 895776 bytes for Chunk::new
# Possible reasons:
#   The system is out of physical RAM or swap space
#   In 32 bit mode, the process size limit was hit
# Possible solutions:
#   Reduce memory load on the system
#   Increase physical memory or swap space
#   Check if swap backing store is full
#   Use 64 bit Java on a 64 bit OS
#   Decrease Java heap size (-Xmx/-Xms)
#   Decrease number of Java threads
#   Decrease Java thread stack sizes (-Xss)
#   Set larger code cache with -XX:ReservedCodeCacheSize=
# This output file may be truncated or incomplete.
#
#  Out of Memory Error (allocation.cpp:390), pid=2336, tid=2340
#
# JRE version: Java(TM) SE Runtime Environment (8.0_60-b27) (build 1.8.0_60-b27)
# Java VM: Java HotSpot(TM) 64-Bit Server VM (25.60-b23 mixed mode windows-amd64 compressed oops)
# Failed to write core dump. Minidumps are not enabled by default on client versions of Windows
#

---------------  T H R E A D  ---------------

Current thread (0x0000000056145000):  JavaThread "C2 CompilerThread1" daemon [_thread_in_native, id=2340, stack(0x0000000056ae0000,0x0000000056be0000)]

Stack: [0x0000000056ae0000,0x0000000056be0000]
[error occurred during error reporting (printing stack bounds), id 0xc0000005]

Native frames: (J=compiled Java code, j=interpreted, Vv=VM code, C=native code)


Current CompileTask:
C2:   9088 1855       4       com.android.dx.ssa.back.FirstFitLocalCombiningAllocator::tryMapRegs (110 bytes)


---------------  P R O C E S S  ---------------

Java Threads: ( => current thread )
  0x00000000563ef800 JavaThread "pool-2-thread-4" [_thread_in_Java, id=720, stack(0x00000000568a0000,0x00000000569a0000)]
  0x00000000563ef000 JavaThread "pool-2-thread-3" [_thread_blocked, id=2656, stack(0x0000000057600000,0x0000000057700000)]
  0x00000000563ee000 JavaThread "pool-2-thread-2" [_thread_blocked, id=1052, stack(0x0000000057460000,0x0000000057560000)]
  0x00000000563ed800 JavaThread "pool-3-thread-1" [_thread_blocked, id=3984, stack(0x0000000057340000,0x0000000057440000)]
  0x0000000056414800 JavaThread "pool-2-thread-1" [_thread_blocked, id=3576, stack(0x0000000057220000,0x0000000057320000)]
  0x0000000056147800 JavaThread "Service Thread" daemon [_thread_blocked, id=3272, stack(0x0000000056e00000,0x0000000056f00000)]
  0x0000000056146000 JavaThread "C1 CompilerThread2" daemon [_thread_blocked, id=2044, stack(0x0000000056c10000,0x0000000056d10000)]
=>0x0000000056145000 JavaThread "C2 CompilerThread1" daemon [_thread_in_native, id=2340, stack(0x0000000056ae0000,0x0000000056be0000)]
  0x0000000054d56800 JavaThread "C2 CompilerThread0" daemon [_thread_blocked, id=1668, stack(0x00000000569b0000,0x0000000056ab0000)]
  0x0000000054d54800 JavaThread "Attach Listener" daemon [_thread_blocked, id=3276, stack(0x0000000056720000,0x0000000056820000)]
  0x000000005614c000 JavaThread "Signal Dispatcher" daemon [_thread_blocked, id=2468, stack(0x0000000056560000,0x0000000056660000)]
  0x0000000054cf7000 JavaThread "Finalizer" daemon [_thread_blocked, id=1188, stack(0x0000000055dd0000,0x0000000055ed0000)]
  0x0000000054cf0000 JavaThread "Reference Handler" daemon [_thread_blocked, id=4004, stack(0x0000000056040000,0x0000000056140000)]
  0x0000000001ece000 JavaThread "main" [_thread_blocked, id=3644, stack(0x00000000020e0000,0x00000000021e0000)]

Other Threads:
  0x0000000054cea800 VMThread [stack: 0x0000000055f10000,0x0000000056010000] [id=3596]
  0x00000000561e4800 WatcherThread [stack: 0x0000000056ff0000,0x00000000570f0000] [id=3648]

VM state:not at safepoint (normal execution)

VM Mutex/Monitor currently owned by a thread: None

Heap:
 PSYoungGen      total 68096K, used 13088K [0x00000000eab00000, 0x00000000ef000000, 0x0000000100000000)
  eden space 65536K, 16% used [0x00000000eab00000,0x00000000eb548190,0x00000000eeb00000)
  from space 2560K, 100% used [0x00000000eed80000,0x00000000ef000000,0x00000000ef000000)
  to   space 2560K, 0% used [0x00000000eeb00000,0x00000000eeb00000,0x00000000eed80000)
 ParOldGen       total 44032K, used 12703K [0x00000000c0000000, 0x00000000c2b00000, 0x00000000eab00000)
  object space 44032K, 28% used [0x00000000c0000000,0x00000000c0c67e80,0x00000000c2b00000)
 Metaspace       used 6338K, capacity 7152K, committed 7296K, reserved 1056768K
  class space    used 602K, capacity 616K, committed 640K, reserved 1048576K

Card table byte_map: [0x0000000011870000,0x0000000011a80000] byte_map_base: 0x0000000011270000

Marking Bits: (ParMarkBitMap*) 0x0000000072aba5b0
 Begin Bits: [0x0000000012160000, 0x0000000013160000)
 End Bits:   [0x0000000013160000, 0x0000000014160000)

Polling page: 0x0000000000420000

CodeCache: size=245760Kb used=8199Kb max_used=8240Kb free=237560Kb
 bounds [0x00000000024b0000, 0x0000000002cd0000, 0x00000000114b0000]
 total_blobs=2111 nmethods=1841 adapters=182
 compilation: enabled

Compilation events (10 events):
Event: 8.124 Thread 0x0000000054d56800 1852       4       com.android.dx.dex.code.RopTranslator::pickOrder (400 bytes)
Event: 8.190 Thread 0x0000000054d56800 nmethod 1852 0x0000000002c916d0 code [0x0000000002c918e0, 0x0000000002c93068]
Event: 8.190 Thread 0x0000000054d56800 1854       4       com.android.dx.ssa.LiteralOpUpgrader$1::visitNonMoveInsn (203 bytes)
Event: 8.206 Thread 0x0000000054d56800 nmethod 1854 0x0000000002c641d0 code [0x0000000002c644a0, 0x0000000002c64dc8]
Event: 8.206 Thread 0x0000000054d56800 1853 %     4       com.android.dx.ssa.Dominators::run @ 403 (506 bytes)
Event: 8.220 Thread 0x0000000054d56800 nmethod 1853% 0x0000000002c87250 code [0x0000000002c873c0, 0x0000000002c87978]
Event: 8.220 Thread 0x0000000054d56800 1851       4       com.android.dx.cf.code.Simulator$SimVisitor::visitConstant (332 bytes)
Event: 8.870 Thread 0x0000000056145000 nmethod 1788 0x0000000002c9f010 code [0x0000000002c9f6e0, 0x0000000002ca8360]
Event: 9.001 Thread 0x0000000056145000 1855       4       com.android.dx.ssa.back.FirstFitLocalCombiningAllocator::tryMapRegs (110 bytes)
Event: 9.041 Thread 0x0000000054d56800 nmethod 1851 0x0000000002cb3a90 code [0x0000000002cb4260, 0x0000000002cbd6f8]

GC Heap History (8 events):
Event: 1.187 GC heap before
{Heap before GC invocations=1 (full 0):
 PSYoungGen      total 18944K, used 16384K [0x00000000eab00000, 0x00000000ec000000, 0x0000000100000000)
  eden space 16384K, 100% used [0x00000000eab00000,0x00000000ebb00000,0x00000000ebb00000)
  from space 2560K, 0% used [0x00000000ebd80000,0x00000000ebd80000,0x00000000ec000000)
  to   space 2560K, 0% used [0x00000000ebb00000,0x00000000ebb00000,0x00000000ebd80000)
 ParOldGen       total 44032K, used 0K [0x00000000c0000000, 0x00000000c2b00000, 0x00000000eab00000)
  object space 44032K, 0% used [0x00000000c0000000,0x00000000c0000000,0x00000000c2b00000)
 Metaspace       used 5448K, capacity 6448K, committed 6528K, reserved 1056768K
  class space    used 591K, capacity 616K, committed 640K, reserved 1048576K
Event: 1.246 GC heap after
Heap after GC invocations=1 (full 0):
 PSYoungGen      total 18944K, used 2544K [0x00000000eab00000, 0x00000000ed000000, 0x0000000100000000)
  eden space 16384K, 0% used [0x00000000eab00000,0x00000000eab00000,0x00000000ebb00000)
  from space 2560K, 99% used [0x00000000ebb00000,0x00000000ebd7c050,0x00000000ebd80000)
  to   space 2560K, 0% used [0x00000000ecd80000,0x00000000ecd80000,0x00000000ed000000)
 ParOldGen       total 44032K, used 714K [0x00000000c0000000, 0x00000000c2b00000, 0x00000000eab00000)
  object space 44032K, 1% used [0x00000000c0000000,0x00000000c00b2920,0x00000000c2b00000)
 Metaspace       used 5448K, capacity 6448K, committed 6528K, reserved 1056768K
  class space    used 591K, capacity 616K, committed 640K, reserved 1048576K
}
Event: 2.307 GC heap before
{Heap before GC invocations=2 (full 0):
 PSYoungGen      total 18944K, used 18928K [0x00000000eab00000, 0x00000000ed000000, 0x0000000100000000)
  eden space 16384K, 100% used [0x00000000eab00000,0x00000000ebb00000,0x00000000ebb00000)
  from space 2560K, 99% used [0x00000000ebb00000,0x00000000ebd7c050,0x00000000ebd80000)
  to   space 2560K, 0% used [0x00000000ecd80000,0x00000000ecd80000,0x00000000ed000000)
 ParOldGen       total 44032K, used 714K [0x00000000c0000000, 0x00000000c2b00000, 0x00000000eab00000)
  object space 44032K, 1% used [0x00000000c0000000,0x00000000c00b2920,0x00000000c2b00000)
 Metaspace       used 5943K, capacity 6896K, committed 7040K, reserved 1056768K
  class space    used 595K, capacity 616K, committed 640K, reserved 1048576K
Event: 2.364 GC heap after
Heap after GC invocations=2 (full 0):
 PSYoungGen      total 35328K, used 2528K [0x00000000eab00000, 0x00000000ed000000, 0x0000000100000000)
  eden space 32768K, 0% used [0x00000000eab00000,0x00000000eab00000,0x00000000ecb00000)
  from space 2560K, 98% used [0x00000000ecd80000,0x00000000ecff8048,0x00000000ed000000)
  to   space 2560K, 0% used [0x00000000ecb00000,0x00000000ecb00000,0x00000000ecd80000)
 ParOldGen       total 44032K, used 2264K [0x00000000c0000000, 0x00000000c2b00000, 0x00000000eab00000)
  object space 44032K, 5% used [0x00000000c0000000,0x00000000c0236118,0x00000000c2b00000)
 Metaspace       used 5943K, capacity 6896K, committed 7040K, reserved 1056768K
  class space    used 595K, capacity 616K, committed 640K, reserved 1048576K
}
Event: 5.646 GC heap before
{Heap before GC invocations=3 (full 0):
 PSYoungGen      total 35328K, used 35296K [0x00000000eab00000, 0x00000000ed000000, 0x0000000100000000)
  eden space 32768K, 100% used [0x00000000eab00000,0x00000000ecb00000,0x00000000ecb00000)
  from space 2560K, 98% used [0x00000000ecd80000,0x00000000ecff8048,0x00000000ed000000)
  to   space 2560K, 0% used [0x00000000ecb00000,0x00000000ecb00000,0x00000000ecd80000)
 ParOldGen       total 44032K, used 2264K [0x00000000c0000000, 0x00000000c2b00000, 0x00000000eab00000)
  object space 44032K, 5% used [0x00000000c0000000,0x00000000c0236118,0x00000000c2b00000)
 Metaspace       used 6235K, capacity 7088K, committed 7296K, reserved 1056768K
  class space    used 601K, capacity 616K, committed 640K, reserved 1048576K
Event: 5.854 GC heap after
Heap after GC invocations=3 (full 0):
 PSYoungGen      total 35328K, used 2560K [0x00000000eab00000, 0x00000000ef000000, 0x0000000100000000)
  eden space 32768K, 0% used [0x00000000eab00000,0x00000000eab00000,0x00000000ecb00000)
  from space 2560K, 100% used [0x00000000ecb00000,0x00000000ecd80000,0x00000000ecd80000)
  to   space 2560K, 0% used [0x00000000eed80000,0x00000000eed80000,0x00000000ef000000)
 ParOldGen       total 44032K, used 7270K [0x00000000c0000000, 0x00000000c2b00000, 0x00000000eab00000)
  object space 44032K, 16% used [0x00000000c0000000,0x00000000c0719ab8,0x00000000c2b00000)
 Metaspace       used 6235K, capacity 7088K, committed 7296K, reserved 1056768K
  class space    used 601K, capacity 616K, committed 640K, reserved 1048576K
}
Event: 7.799 GC heap before
{Heap before GC invocations=4 (full 0):
 PSYoungGen      total 35328K, used 35328K [0x00000000eab00000, 0x00000000ef000000, 0x0000000100000000)
  eden space 32768K, 100% used [0x00000000eab00000,0x00000000ecb00000,0x00000000ecb00000)
  from space 2560K, 100% used [0x00000000ecb00000,0x00000000ecd80000,0x00000000ecd80000)
  to   space 2560K, 0% used [0x00000000eed80000,0x00000000eed80000,0x00000000ef000000)
 ParOldGen       total 44032K, used 7270K [0x00000000c0000000, 0x00000000c2b00000, 0x00000000eab00000)
  object space 44032K, 16% used [0x00000000c0000000,0x00000000c0719ab8,0x00000000c2b00000)
 Metaspace       used 6335K, capacity 7152K, committed 7296K, reserved 1056768K
  class space    used 602K, capacity 616K, committed 640K, reserved 1048576K
Event: 7.827 GC heap after
Heap after GC invocations=4 (full 0):
 PSYoungGen      total 68096K, used 2560K [0x00000000eab00000, 0x00000000ef000000, 0x0000000100000000)
  eden space 65536K, 0% used [0x00000000eab00000,0x00000000eab00000,0x00000000eeb00000)
  from space 2560K, 100% used [0x00000000eed80000,0x00000000ef000000,0x00000000ef000000)
  to   space 2560K, 0% used [0x00000000eeb00000,0x00000000eeb00000,0x00000000eed80000)
 ParOldGen       total 44032K, used 12703K [0x00000000c0000000, 0x00000000c2b00000, 0x00000000eab00000)
  object space 44032K, 28% used [0x00000000c0000000,0x00000000c0c67e80,0x00000000c2b00000)
 Metaspace       used 6335K, capacity 7152K, committed 7296K, reserved 1056768K
  class space    used 602K, capacity 616K, committed 640K, reserved 1048576K
}

Deoptimization events (10 events):
Event: 3.839 Thread 0x00000000563ee000 Uncommon trap: reason=unstable_if action=reinterpret pc=0x0000000002a35c68 method=com.android.dx.ssa.SCCP.simulateStmt(Lcom/android/dx/ssa/SsaInsn;)V @ 53
Event: 5.855 Thread 0x00000000563ef800 Uncommon trap: reason=bimorphic action=maybe_recompile pc=0x0000000002ac5cb0 method=com.android.dx.ssa.SCCP.simulatePhi(Lcom/android/dx/ssa/PhiInsn;)V @ 124
Event: 6.720 Thread 0x00000000563ee000 Uncommon trap: reason=bimorphic action=maybe_recompile pc=0x0000000002a7cd20 method=com.android.dx.rop.code.RegisterSpec.withSimpleType()Lcom/android/dx/rop/code/RegisterSpec; @ 21
Event: 6.768 Thread 0x00000000563ef800 Uncommon trap: reason=unstable_if action=reinterpret pc=0x0000000002b8f5d4 method=java.util.ArrayList.<init>(I)V @ 5
Event: 6.768 Thread 0x00000000563ef800 Uncommon trap: reason=unstable_if action=reinterpret pc=0x0000000002b5a560 method=com.android.dx.rop.code.RegisterSpecSet.<init>(I)V @ 2
Event: 6.769 Thread 0x00000000563ef800 Uncommon trap: reason=unstable_if action=reinterpret pc=0x000000000286dbf4 method=com.android.dx.rop.code.RegisterSpecSet.<init>(I)V @ 2
Event: 6.798 Thread 0x0000000056414800 Uncommon trap: reason=bimorphic action=maybe_recompile pc=0x0000000002b9d7b4 method=com.android.dx.cf.code.RopperMachine.run(Lcom/android/dx/cf/code/Frame;II)V @ 988
Event: 6.801 Thread 0x0000000056414800 Uncommon trap: reason=unstable_if action=reinterpret pc=0x0000000002a5f070 method=com.android.dx.ssa.SCCP.simulateBranch(Lcom/android/dx/ssa/SsaInsn;)V @ 64
Event: 6.808 Thread 0x0000000056414800 Uncommon trap: reason=unloaded action=reinterpret pc=0x0000000002a81ee8 method=com.android.dx.ssa.LiteralOpUpgrader$1.visitNonMoveInsn(Lcom/android/dx/ssa/NormalSsaInsn;)V @ 72
Event: 6.809 Thread 0x0000000056414800 Uncommon trap: reason=unstable_if action=reinterpret pc=0x000000000286bacc method=com.android.dx.ssa.SsaMethod.updateOneDefinition(Lcom/android/dx/ssa/SsaInsn;Lcom/android/dx/rop/code/RegisterSpec;)V @ 4

Internal exceptions (2 events):
Event: 0.063 Thread 0x0000000001ece000 Exception <a 'java/lang/NoSuchMethodError': Method sun.misc.Unsafe.defineClass(Ljava/lang/String;[BII)Ljava/lang/Class; name or signature does not match> (0x00000000eab0d0c0) thrown at [C:\re\workspace\8-2-build-windows-amd64-cygwin\jdk8u60\4407\hotspot\srÔô‰]ö<°?
Event: 0.063 Thread 0x0000000001ece000 Exception <a 'java/lang/NoSuchMethodError': Method sun.misc.Unsafe.prefetchRead(Ljava/lang/Object;J)V name or signature does not match> (0x00000000eab0d3a8) thrown at [C:\re\workspace\8-2-build-windows-amd64-cygwin\jdk8u60\4407\hotspot\src\share\vm\prims\j

Events (10 events):
Event: 6.808 Thread 0x0000000056414800 Uncommon trap: trap_request=0x0000004e fr.pc=0x0000000002a81ee8
Event: 6.808 loading class com/android/dx/rop/code/RegOps
Event: 6.808 loading class com/android/dx/rop/code/RegOps done
Event: 6.808 Thread 0x0000000056414800 DEOPT PACKING pc=0x0000000002a81ee8 sp=0x000000005731ea90
Event: 6.808 Thread 0x0000000056414800 DEOPT UNPACKING pc=0x00000000024f582a sp=0x000000005731ea58 mode 2
Event: 6.809 Thread 0x0000000056414800 Uncommon trap: trap_request=0xffffff65 fr.pc=0x000000000286bacc
Event: 6.809 Thread 0x0000000056414800 DEOPT PACKING pc=0x000000000286bacc sp=0x000000005731e8d0
Event: 6.809 Thread 0x0000000056414800 DEOPT UNPACKING pc=0x00000000024f582a sp=0x000000005731e878 mode 2
Event: 7.799 Executing VM operation: ParallelGCFailedAllocation
Event: 7.827 Executing VM operation: ParallelGCFailedAllocation done


Dynamic libraries:
0x000000013fc90000 - 0x000000013fcc7000 	C:\Program Files\Java\jdk1.8.0_60\bin\java.exe
0x0000000077470000 - 0x0000000077619000 	C:\Windows\SYSTEM32\ntdll.dll
0x0000000077350000 - 0x000000007746f000 	C:\Windows\system32\kernel32.dll
0x000007fefd420000 - 0x000007fefd48b000 	C:\Windows\system32\KERNELBASE.dll
0x000007fefe6c0000 - 0x000007fefe79b000 	C:\Windows\system32\ADVAPI32.dll
0x000007fefe0f0000 - 0x000007fefe18f000 	C:\Windows\system32\msvcrt.dll
0x000007fefd650000 - 0x000007fefd66f000 	C:\Windows\SYSTEM32\sechost.dll
0x000007fefd850000 - 0x000007fefd97d000 	C:\Windows\system32\RPCRT4.dll
0x0000000077250000 - 0x000000007734a000 	C:\Windows\system32\USER32.dll
0x000007fefdd00000 - 0x000007fefdd67000 	C:\Windows\system32\GDI32.dll
0x000007fefe580000 - 0x000007fefe58e000 	C:\Windows\system32\LPK.dll
0x000007fefe5f0000 - 0x000007fefe6b9000 	C:\Windows\system32\USP10.dll
0x000007fefb9b0000 - 0x000007fefbba4000 	C:\Windows\WinSxS\amd64_microsoft.windows.common-controls_6595b64144ccf1df_6.0.7601.17514_none_fa396087175ac9ac\COMCTL32.dll
0x000007fefd670000 - 0x000007fefd6e1000 	C:\Windows\system32\SHLWAPI.dll
0x000007fefd980000 - 0x000007fefd9ae000 	C:\Windows\system32\IMM32.DLL
0x000007fefdea0000 - 0x000007fefdfa9000 	C:\Windows\system32\MSCTF.dll
0x0000000074580000 - 0x0000000074652000 	C:\Program Files\Java\jdk1.8.0_60\jre\bin\msvcr100.dll
0x00000000722b0000 - 0x0000000072b39000 	C:\Program Files\Java\jdk1.8.0_60\jre\bin\server\jvm.dll
0x000007fefb870000 - 0x000007fefb879000 	C:\Windows\system32\WSOCK32.dll
0x000007fefdd70000 - 0x000007fefddbd000 	C:\Windows\system32\WS2_32.dll
0x000007fefe9e0000 - 0x000007fefe9e8000 	C:\Windows\system32\NSI.dll
0x000007fef6630000 - 0x000007fef666b000 	C:\Windows\system32\WINMM.dll
0x000007fefc380000 - 0x000007fefc38c000 	C:\Windows\system32\VERSION.dll
0x0000000077640000 - 0x0000000077647000 	C:\Windows\system32\PSAPI.DLL
0x0000000074bc0000 - 0x0000000074bcf000 	C:\Program Files\Java\jdk1.8.0_60\jre\bin\verify.dll
0x0000000074b90000 - 0x0000000074bb9000 	C:\Program Files\Java\jdk1.8.0_60\jre\bin\java.dll
0x0000000074b70000 - 0x0000000074b86000 	C:\Program Files\Java\jdk1.8.0_60\jre\bin\zip.dll
0x000007fefe9f0000 - 0x000007feff778000 	C:\Windows\system32\SHELL32.dll
0x000007fefe370000 - 0x000007fefe573000 	C:\Windows\system32\ole32.dll
0x000007fefd260000 - 0x000007fefd26f000 	C:\Windows\system32\profapi.dll

VM Arguments:
jvm_args: -Djava.awt.headless=true -Xmx1024M -Dfile.encoding=windows-1252 -Duser.country=US -Duser.language=en -Duser.variant 
java_command: com.android.dx.command.Main --dex --force-jumbo --num-threads=4 --multi-dex --output D:\Hai\Demo\app\build\intermediates\transforms\dex\debug\folders\1000\10\internal_impl-23.4.0_8345f2c17f1d5b23a81ba0592bf42e14b0805771 D:\Hai\Demo\app\build\intermediates\exploded-aar\com.android.support\support-v4\23.4.0\jars\libs\internal_impl-23.4.0.jar
java_class_path (initial): C:\Users\Administrator\AppData\Local\Android\sdk\build-tools\23.0.3\lib\dx.jar
Launcher Type: SUN_STANDARD

Environment Variables:
PATH=C:\ProgramData\Oracle\Java\javapath;C:\Windows\system32;C:\Windows;C:\Windows\System32\Wbem;C:\Windows\System32\WindowsPowerShell\v1.0\;C:\Program Files\Git\cmd;C:\Program Files\Git\mingw64\bin;C:\Program Files\Git\usr\bin
USERNAME=Administrator
OS=Windows_NT
PROCESSOR_IDENTIFIER=Intel64 Family 6 Model 58 Stepping 9, GenuineIntel



---------------  S Y S T E M  ---------------

OS: Windows 7 , 64 bit Build 7601 (6.1.7601.18015)

CPU:total 4 (2 cores per cpu, 2 threads per core) family 6 model 58 stepping 9, cmov, cx8, fxsr, mmx, sse, sse2, sse3, ssse3, sse4.1, sse4.2, popcnt, avx, aes, clmul, erms, ht, tsc, tscinvbit, tscinv

Memory: 4k page, physical 4094316k(913396k free), swap 4094316k(5492k free)

vm_info: Java HotSpot(TM) 64-Bit Server VM (25.60-b23) for windows-amd64 JRE (1.8.0_60-b27), built on Aug  4 2015 11:06:27 by "java_re" with MS VC++ 10.0 (VS2010)

time: Tue Jul 19 09:51:58 2016
elapsed time: 9 seconds (0d 0h 0m 9s)

