#
# There is insufficient memory for the Java Runtime Environment to continue.
# Native memory allocation (malloc) failed to allocate 32744 bytes for ChunkPool::allocate
# Possible reasons:
#   The system is out of physical RAM or swap space
#   In 32 bit mode, the process size limit was hit
# Possible solutions:
#   Reduce memory load on the system
#   Increase physical memory or swap space
#   Check if swap backing store is full
#   Use 64 bit Java on a 64 bit OS
#   Decrease Java heap size (-Xmx/-Xms)
#   Decrease number of Java threads
#   Decrease Java thread stack sizes (-Xss)
#   Set larger code cache with -XX:ReservedCodeCacheSize=
# This output file may be truncated or incomplete.
#
#  Out of Memory Error (allocation.cpp:273), pid=3704, tid=3588
#
# JRE version: Java(TM) SE Runtime Environment (8.0_60-b27) (build 1.8.0_60-b27)
# Java VM: Java HotSpot(TM) 64-Bit Server VM (25.60-b23 mixed mode windows-amd64 compressed oops)
# Failed to write core dump. Minidumps are not enabled by default on client versions of Windows
#

---------------  T H R E A D  ---------------

Current thread (0x0000000056159000):  JavaThread "C1 CompilerThread2" daemon [_thread_in_native, id=3588, stack(0x0000000056ab0000,0x0000000056bb0000)]

Stack: [0x0000000056ab0000,0x0000000056bb0000]
[error occurred during error reporting (printing stack bounds), id 0xc0000005]

Native frames: (J=compiled Java code, j=interpreted, Vv=VM code, C=native code)


Current CompileTask:
C1:   1159  608   !   3       com.android.dx.cf.code.RopperMachine::run (1550 bytes)


---------------  P R O C E S S  ---------------

Java Threads: ( => current thread )
  0x00000000562c5000 JavaThread "pool-2-thread-3" [_thread_in_vm, id=3740, stack(0x00000000571f0000,0x00000000572f0000)]
  0x00000000562b0800 JavaThread "pool-2-thread-2" [_thread_blocked, id=3472, stack(0x0000000057020000,0x0000000057120000)]
  0x00000000562ab000 JavaThread "pool-3-thread-1" [_thread_blocked, id=2936, stack(0x0000000056ec0000,0x0000000056fc0000)]
  0x00000000562aa000 JavaThread "pool-2-thread-1" [_thread_in_Java, id=2948, stack(0x0000000056db0000,0x0000000056eb0000)]
  0x000000005615b800 JavaThread "Service Thread" daemon [_thread_blocked, id=3908, stack(0x0000000056c30000,0x0000000056d30000)]
=>0x0000000056159000 JavaThread "C1 CompilerThread2" daemon [_thread_in_native, id=3588, stack(0x0000000056ab0000,0x0000000056bb0000)]
  0x0000000056158000 JavaThread "C2 CompilerThread1" daemon [_thread_in_native, id=264, stack(0x0000000055d80000,0x0000000055e80000)]
  0x0000000056156000 JavaThread "C2 CompilerThread0" daemon [_thread_in_native, id=2812, stack(0x00000000567f0000,0x00000000568f0000)]
  0x0000000054e75800 JavaThread "Attach Listener" daemon [_thread_blocked, id=3668, stack(0x0000000056650000,0x0000000056750000)]
  0x0000000054e74800 JavaThread "Signal Dispatcher" daemon [_thread_blocked, id=3268, stack(0x0000000056550000,0x0000000056650000)]
  0x0000000054e11000 JavaThread "Finalizer" daemon [_thread_blocked, id=3688, stack(0x0000000056050000,0x0000000056150000)]
  0x0000000054e0f800 JavaThread "Reference Handler" daemon [_thread_blocked, id=2744, stack(0x0000000055ed0000,0x0000000055fd0000)]
  0x00000000000fd800 JavaThread "main" [_thread_blocked, id=1420, stack(0x00000000020f0000,0x00000000021f0000)]

Other Threads:
  0x0000000054e0a000 VMThread [stack: 0x0000000055c80000,0x0000000055d80000] [id=1080]
  0x00000000561c8000 WatcherThread [stack: 0x0000000056910000,0x0000000056a10000] [id=600]

VM state:not at safepoint (normal execution)

VM Mutex/Monitor currently owned by a thread: None

Heap:
 PSYoungGen      total 18944K, used 11168K [0x00000000eab00000, 0x00000000ec000000, 0x0000000100000000)
  eden space 16384K, 68% used [0x00000000eab00000,0x00000000eb5e80e8,0x00000000ebb00000)
  from space 2560K, 0% used [0x00000000ebd80000,0x00000000ebd80000,0x00000000ec000000)
  to   space 2560K, 0% used [0x00000000ebb00000,0x00000000ebb00000,0x00000000ebd80000)
 ParOldGen       total 44032K, used 0K [0x00000000c0000000, 0x00000000c2b00000, 0x00000000eab00000)
  object space 44032K, 0% used [0x00000000c0000000,0x00000000c0000000,0x00000000c2b00000)
 Metaspace       used 5423K, capacity 6576K, committed 6784K, reserved 1056768K
  class space    used 575K, capacity 616K, committed 640K, reserved 1048576K

Card table byte_map: [0x0000000011880000,0x0000000011a90000] byte_map_base: 0x0000000011280000

Marking Bits: (ParMarkBitMap*) 0x0000000070c1a5b0
 Begin Bits: [0x0000000012280000, 0x0000000013280000)
 End Bits:   [0x0000000013280000, 0x0000000014280000)

Polling page: 0x0000000000150000

CodeCache: size=245760Kb used=2509Kb max_used=2515Kb free=243250Kb
 bounds [0x00000000024c0000, 0x0000000002740000, 0x00000000114c0000]
 total_blobs=866 nmethods=604 adapters=174
 compilation: enabled

Compilation events (10 events):
Event: 1.144 Thread 0x0000000056158000 nmethod 612 0x0000000002720890 code [0x00000000027209e0, 0x0000000002720ac8]
Event: 1.146 Thread 0x0000000056159000 nmethod 609 0x000000000272ca90 code [0x000000000272d0a0, 0x00000000027318d8]
Event: 1.146 Thread 0x0000000056159000  610       3       com.android.dx.cf.code.BaseMachine::storeResults (90 bytes)
Event: 1.147 Thread 0x0000000056159000 nmethod 610 0x000000000272b910 code [0x000000000272bb00, 0x000000000272c588]
Event: 1.147 Thread 0x0000000056159000  608   !   3       com.android.dx.cf.code.RopperMachine::run (1550 bytes)
Event: 1.149 Thread 0x0000000056158000  617       4       com.android.dx.rop.type.Type::hashCode (8 bytes)
Event: 1.152 Thread 0x0000000056158000 nmethod 617 0x000000000272a090 code [0x000000000272a1c0, 0x000000000272a318]
Event: 1.154 Thread 0x0000000056158000  619       4       java.util.ArrayList::isEmpty (13 bytes)
Event: 1.154 Thread 0x0000000056158000 nmethod 619 0x00000000026f1610 code [0x00000000026f1740, 0x00000000026f1798]
Event: 1.155 Thread 0x0000000056158000  620       4       com.android.dx.ssa.SsaBasicBlock::forEachInsn (37 bytes)

GC Heap History (0 events):
No events

Deoptimization events (1 events):
Event: 1.061 Thread 0x00000000562c5000 Uncommon trap: reason=unstable_if action=reinterpret pc=0x00000000026a14a8 method=java.util.HashMap.getNode(ILjava/lang/Object;)Ljava/util/HashMap$Node; @ 62

Internal exceptions (2 events):
Event: 0.423 Thread 0x00000000000fd800 Exception <a 'java/lang/NoSuchMethodError': Method sun.misc.Unsafe.defineClass(Ljava/lang/String;[BII)Ljava/lang/Class; name or signature does not match> (0x00000000eab0d2e8) thrown at [C:\re\workspace\8-2-build-windows-amd64-cygwin\jdk8u60\4407\hotspot\srœ¿Ë°ùÛ?
Event: 0.424 Thread 0x00000000000fd800 Exception <a 'java/lang/NoSuchMethodError': Method sun.misc.Unsafe.prefetchRead(Ljava/lang/Object;J)V name or signature does not match> (0x00000000eab0d5d0) thrown at [C:\re\workspace\8-2-build-windows-amd64-cygwin\jdk8u60\4407\hotspot\src\share\vm\prims\j

Events (10 events):
Event: 1.061 Thread 0x00000000562c5000 Uncommon trap: trap_request=0xffffff65 fr.pc=0x00000000026a14a8
Event: 1.061 Thread 0x00000000562c5000 DEOPT PACKING pc=0x00000000026a14a8 sp=0x00000000572ee650
Event: 1.061 Thread 0x00000000562c5000 DEOPT UNPACKING pc=0x000000000250582a sp=0x00000000572ee5c8 mode 2
Event: 1.069 loading class com/android/dx/ssa/back/FirstFitLocalCombiningAllocator$Multiset
Event: 1.069 loading class com/android/dx/ssa/back/FirstFitLocalCombiningAllocator$Multiset done
Event: 1.072 loading class java/util/DualPivotQuicksort
Event: 1.072 loading class java/util/DualPivotQuicksort done
Event: 1.128 Thread 0x00000000562c1800 Thread exited: 0x00000000562c1800
Event: 1.139 loading class com/android/dx/cf/code/BytecodeArray$ConstantParserVisitor
Event: 1.139 loading class com/android/dx/cf/code/BytecodeArray$ConstantParserVisitor done


Dynamic libraries:
0x000000013f500000 - 0x000000013f537000 	C:\Program Files\Java\jdk1.8.0_60\bin\java.exe
0x0000000076d40000 - 0x0000000076ee9000 	C:\Windows\SYSTEM32\ntdll.dll
0x0000000076c20000 - 0x0000000076d3f000 	C:\Windows\system32\kernel32.dll
0x000007fefcdf0000 - 0x000007fefce5b000 	C:\Windows\system32\KERNELBASE.dll
0x000007fefd330000 - 0x000007fefd40b000 	C:\Windows\system32\ADVAPI32.dll
0x000007fefd680000 - 0x000007fefd71f000 	C:\Windows\system32\msvcrt.dll
0x000007fefdaf0000 - 0x000007fefdb0f000 	C:\Windows\SYSTEM32\sechost.dll
0x000007fefd200000 - 0x000007fefd32d000 	C:\Windows\system32\RPCRT4.dll
0x0000000076b20000 - 0x0000000076c1a000 	C:\Windows\system32\USER32.dll
0x000007fefd610000 - 0x000007fefd677000 	C:\Windows\system32\GDI32.dll
0x000007fefd1f0000 - 0x000007fefd1fe000 	C:\Windows\system32\LPK.dll
0x000007fefe980000 - 0x000007fefea49000 	C:\Windows\system32\USP10.dll
0x000007fefb2f0000 - 0x000007fefb4e4000 	C:\Windows\WinSxS\amd64_microsoft.windows.common-controls_6595b64144ccf1df_6.0.7601.17514_none_fa396087175ac9ac\COMCTL32.dll
0x000007fefe8a0000 - 0x000007fefe911000 	C:\Windows\system32\SHLWAPI.dll
0x000007fefebb0000 - 0x000007fefebde000 	C:\Windows\system32\IMM32.DLL
0x000007fefd720000 - 0x000007fefd829000 	C:\Windows\system32\MSCTF.dll
0x0000000073a50000 - 0x0000000073b22000 	C:\Program Files\Java\jdk1.8.0_60\jre\bin\msvcr100.dll
0x0000000070410000 - 0x0000000070c99000 	C:\Program Files\Java\jdk1.8.0_60\jre\bin\server\jvm.dll
0x000007fefad50000 - 0x000007fefad59000 	C:\Windows\system32\WSOCK32.dll
0x000007fefcf20000 - 0x000007fefcf6d000 	C:\Windows\system32\WS2_32.dll
0x000007fefdae0000 - 0x000007fefdae8000 	C:\Windows\system32\NSI.dll
0x000007fef7660000 - 0x000007fef769b000 	C:\Windows\system32\WINMM.dll
0x000007fefcb30000 - 0x000007fefcb3c000 	C:\Windows\system32\VERSION.dll
0x0000000076f00000 - 0x0000000076f07000 	C:\Windows\system32\PSAPI.DLL
0x0000000074600000 - 0x000000007460f000 	C:\Program Files\Java\jdk1.8.0_60\jre\bin\verify.dll
0x00000000741e0000 - 0x0000000074209000 	C:\Program Files\Java\jdk1.8.0_60\jre\bin\java.dll
0x00000000741c0000 - 0x00000000741d6000 	C:\Program Files\Java\jdk1.8.0_60\jre\bin\zip.dll
0x000007fefdb10000 - 0x000007fefe898000 	C:\Windows\system32\SHELL32.dll
0x000007fefebe0000 - 0x000007fefede3000 	C:\Windows\system32\ole32.dll
0x000007fefcb20000 - 0x000007fefcb2f000 	C:\Windows\system32\profapi.dll

VM Arguments:
jvm_args: -Djava.awt.headless=true -Xmx1024M -Dfile.encoding=windows-1252 -Duser.country=US -Duser.language=en -Duser.variant 
java_command: com.android.dx.command.Main --dex --force-jumbo --num-threads=4 --multi-dex --output D:\Hai\Demo\app\build\intermediates\transforms\dex\debug\folders\1000\5\slice_7 D:\Hai\Demo\app\build\intermediates\transforms\instantRunSlicer\debug\folders\1\5\slice_7
java_class_path (initial): C:\Users\Administrator\AppData\Local\Android\sdk\build-tools\23.0.3\lib\dx.jar
Launcher Type: SUN_STANDARD

Environment Variables:
PATH=C:\ProgramData\Oracle\Java\javapath;C:\Windows\system32;C:\Windows;C:\Windows\System32\Wbem;C:\Windows\System32\WindowsPowerShell\v1.0\
USERNAME=Administrator
OS=Windows_NT
PROCESSOR_IDENTIFIER=Intel64 Family 6 Model 58 Stepping 9, GenuineIntel



---------------  S Y S T E M  ---------------

OS: Windows 7 , 64 bit Build 7601 (6.1.7601.18015)

CPU:total 4 (2 cores per cpu, 2 threads per core) family 6 model 58 stepping 9, cmov, cx8, fxsr, mmx, sse, sse2, sse3, ssse3, sse4.1, sse4.2, popcnt, avx, aes, clmul, erms, ht, tsc, tscinvbit, tscinv

Memory: 4k page, physical 4094316k(740116k free), swap 4094316k(5116k free)

vm_info: Java HotSpot(TM) 64-Bit Server VM (25.60-b23) for windows-amd64 JRE (1.8.0_60-b27), built on Aug  4 2015 11:06:27 by "java_re" with MS VC++ 10.0 (VS2010)

time: Sat Jul 16 22:39:52 2016
elapsed time: 1 seconds (0d 0h 0m 1s)

