#
# There is insufficient memory for the Java Runtime Environment to continue.
# Native memory allocation (malloc) failed to allocate 32744 bytes for ChunkPool::allocate
# Possible reasons:
#   The system is out of physical RAM or swap space
#   In 32 bit mode, the process size limit was hit
# Possible solutions:
#   Reduce memory load on the system
#   Increase physical memory or swap space
#   Check if swap backing store is full
#   Use 64 bit Java on a 64 bit OS
#   Decrease Java heap size (-Xmx/-Xms)
#   Decrease number of Java threads
#   Decrease Java thread stack sizes (-Xss)
#   Set larger code cache with -XX:ReservedCodeCacheSize=
# This output file may be truncated or incomplete.
#
#  Out of Memory Error (allocation.cpp:273), pid=3448, tid=3396
#
# JRE version: Java(TM) SE Runtime Environment (8.0_60-b27) (build 1.8.0_60-b27)
# Java VM: Java HotSpot(TM) 64-Bit Server VM (25.60-b23 mixed mode windows-amd64 compressed oops)
# Failed to write core dump. Minidumps are not enabled by default on client versions of Windows
#

---------------  T H R E A D  ---------------

Current thread (0x0000000054a0e000):  JavaThread "C2 CompilerThread0" daemon [_thread_in_native, id=3396, stack(0x0000000055c10000,0x0000000055d10000)]

Stack: [0x0000000055c10000,0x0000000055d10000]
[error occurred during error reporting (printing stack bounds), id 0xc0000005]

Native frames: (J=compiled Java code, j=interpreted, Vv=VM code, C=native code)


Current CompileTask:
C2:   1998 1372   !   4       com.android.dx.cf.code.BytecodeArray::parseInstruction (2764 bytes)


---------------  P R O C E S S  ---------------

Java Threads: ( => current thread )
  0x0000000055e9a800 JavaThread "pool-1-thread-1" [_thread_in_vm, id=944, stack(0x0000000056390000,0x0000000056490000)]
  0x0000000055d32800 JavaThread "Service Thread" daemon [_thread_blocked, id=3836, stack(0x00000000561d0000,0x00000000562d0000)]
  0x0000000054a13800 JavaThread "C1 CompilerThread1" daemon [_thread_blocked, id=2744, stack(0x00000000559f0000,0x0000000055af0000)]
=>0x0000000054a0e000 JavaThread "C2 CompilerThread0" daemon [_thread_in_native, id=3396, stack(0x0000000055c10000,0x0000000055d10000)]
  0x0000000054a0a800 JavaThread "Attach Listener" daemon [_thread_blocked, id=3604, stack(0x0000000055b10000,0x0000000055c10000)]
  0x0000000054a09000 JavaThread "Signal Dispatcher" daemon [_thread_blocked, id=3648, stack(0x0000000055840000,0x0000000055940000)]
  0x00000000549ad800 JavaThread "Finalizer" daemon [_thread_blocked, id=2012, stack(0x0000000055300000,0x0000000055400000)]
  0x00000000549a4800 JavaThread "Reference Handler" daemon [_thread_blocked, id=3352, stack(0x00000000556d0000,0x00000000557d0000)]
  0x0000000001d8d800 JavaThread "main" [_thread_blocked, id=1032, stack(0x0000000001fc0000,0x00000000020c0000)]

Other Threads:
  0x000000005499c800 VMThread [stack: 0x0000000055440000,0x0000000055540000] [id=3988]
  0x0000000055d37000 WatcherThread [stack: 0x00000000564c0000,0x00000000565c0000] [id=3432]

VM state:not at safepoint (normal execution)

VM Mutex/Monitor currently owned by a thread: None

Heap:
 PSYoungGen      total 18944K, used 12022K [0x00000000eab00000, 0x00000000ec000000, 0x0000000100000000)
  eden space 16384K, 57% used [0x00000000eab00000,0x00000000eb441a50,0x00000000ebb00000)
  from space 2560K, 99% used [0x00000000ebd80000,0x00000000ebffc108,0x00000000ec000000)
  to   space 2560K, 0% used [0x00000000ebb00000,0x00000000ebb00000,0x00000000ebd80000)
 ParOldGen       total 44032K, used 9146K [0x00000000c0000000, 0x00000000c2b00000, 0x00000000eab00000)
  object space 44032K, 20% used [0x00000000c0000000,0x00000000c08ee898,0x00000000c2b00000)
 Metaspace       used 6389K, capacity 7284K, committed 7552K, reserved 1056768K
  class space    used 613K, capacity 620K, committed 640K, reserved 1048576K

Card table byte_map: [0x0000000011750000,0x0000000011960000] byte_map_base: 0x0000000011150000

Marking Bits: (ParMarkBitMap*) 0x00000000745aa5b0
 Begin Bits: [0x0000000011e70000, 0x0000000012e70000)
 End Bits:   [0x0000000012e70000, 0x0000000013e70000)

Polling page: 0x0000000000120000

CodeCache: size=245760Kb used=5819Kb max_used=5819Kb free=239940Kb
 bounds [0x0000000002390000, 0x0000000002950000, 0x0000000011390000]
 total_blobs=1969 nmethods=1702 adapters=182
 compilation: enabled

Compilation events (10 events):
Event: 1.987 Thread 0x0000000054a13800 1717       1       com.android.dx.dex.code.form.Form10t::codeSize (2 bytes)
Event: 1.987 Thread 0x0000000054a13800 nmethod 1717 0x000000000293b010 code [0x000000000293b160, 0x000000000293b270]
Event: 1.987 Thread 0x0000000054a13800 1718       1       com.android.dx.dex.code.form.Form23x::codeSize (2 bytes)
Event: 1.987 Thread 0x0000000054a13800 nmethod 1718 0x000000000293b2d0 code [0x000000000293b420, 0x000000000293b530]
Event: 1.987 Thread 0x0000000054a13800 1719 %     3       com.android.dx.dex.code.OutputFinisher::assignAddresses @ 12 (51 bytes)
Event: 1.987 Thread 0x0000000054a13800 nmethod 1719% 0x000000000293b590 code [0x000000000293b780, 0x000000000293c098]
Event: 1.987 Thread 0x0000000054a13800 1720       3       com.android.dx.dex.code.OutputFinisher::assignAddresses (51 bytes)
Event: 1.988 Thread 0x0000000054a13800 nmethod 1720 0x000000000293c650 code [0x000000000293c840, 0x000000000293d0d8]
Event: 1.988 Thread 0x0000000054a13800 1721 % !   3       com.android.dx.dex.code.OutputFinisher::fixBranches @ 12 (234 bytes)
Event: 1.990 Thread 0x0000000054a13800 nmethod 1721% 0x000000000293d650 code [0x000000000293da80, 0x0000000002940078]

GC Heap History (8 events):
Event: 0.781 GC heap before
{Heap before GC invocations=1 (full 0):
 PSYoungGen      total 18944K, used 16384K [0x00000000eab00000, 0x00000000ec000000, 0x0000000100000000)
  eden space 16384K, 100% used [0x00000000eab00000,0x00000000ebb00000,0x00000000ebb00000)
  from space 2560K, 0% used [0x00000000ebd80000,0x00000000ebd80000,0x00000000ec000000)
  to   space 2560K, 0% used [0x00000000ebb00000,0x00000000ebb00000,0x00000000ebd80000)
 ParOldGen       total 44032K, used 0K [0x00000000c0000000, 0x00000000c2b00000, 0x00000000eab00000)
  object space 44032K, 0% used [0x00000000c0000000,0x00000000c0000000,0x00000000c2b00000)
 Metaspace       used 5675K, capacity 6640K, committed 6784K, reserved 1056768K
  class space    used 591K, capacity 616K, committed 640K, reserved 1048576K
Event: 0.789 GC heap after
Heap after GC invocations=1 (full 0):
 PSYoungGen      total 18944K, used 2538K [0x00000000eab00000, 0x00000000ec000000, 0x0000000100000000)
  eden space 16384K, 0% used [0x00000000eab00000,0x00000000eab00000,0x00000000ebb00000)
  from space 2560K, 99% used [0x00000000ebb00000,0x00000000ebd7aaa8,0x00000000ebd80000)
  to   space 2560K, 0% used [0x00000000ebd80000,0x00000000ebd80000,0x00000000ec000000)
 ParOldGen       total 44032K, used 1832K [0x00000000c0000000, 0x00000000c2b00000, 0x00000000eab00000)
  object space 44032K, 4% used [0x00000000c0000000,0x00000000c01ca288,0x00000000c2b00000)
 Metaspace       used 5675K, capacity 6640K, committed 6784K, reserved 1056768K
  class space    used 591K, capacity 616K, committed 640K, reserved 1048576K
}
Event: 1.123 GC heap before
{Heap before GC invocations=2 (full 0):
 PSYoungGen      total 18944K, used 18922K [0x00000000eab00000, 0x00000000ec000000, 0x0000000100000000)
  eden space 16384K, 100% used [0x00000000eab00000,0x00000000ebb00000,0x00000000ebb00000)
  from space 2560K, 99% used [0x00000000ebb00000,0x00000000ebd7aaa8,0x00000000ebd80000)
  to   space 2560K, 0% used [0x00000000ebd80000,0x00000000ebd80000,0x00000000ec000000)
 ParOldGen       total 44032K, used 1832K [0x00000000c0000000, 0x00000000c2b00000, 0x00000000eab00000)
  object space 44032K, 4% used [0x00000000c0000000,0x00000000c01ca288,0x00000000c2b00000)
 Metaspace       used 5767K, capacity 6768K, committed 7040K, reserved 1056768K
  class space    used 592K, capacity 616K, committed 640K, reserved 1048576K
Event: 1.148 GC heap after
Heap after GC invocations=2 (full 0):
 PSYoungGen      total 18944K, used 2528K [0x00000000eab00000, 0x00000000ec000000, 0x0000000100000000)
  eden space 16384K, 0% used [0x00000000eab00000,0x00000000eab00000,0x00000000ebb00000)
  from space 2560K, 98% used [0x00000000ebd80000,0x00000000ebff8028,0x00000000ec000000)
  to   space 2560K, 0% used [0x00000000ebb00000,0x00000000ebb00000,0x00000000ebd80000)
 ParOldGen       total 44032K, used 4346K [0x00000000c0000000, 0x00000000c2b00000, 0x00000000eab00000)
  object space 44032K, 9% used [0x00000000c0000000,0x00000000c043eb48,0x00000000c2b00000)
 Metaspace       used 5767K, capacity 6768K, committed 7040K, reserved 1056768K
  class space    used 592K, capacity 616K, committed 640K, reserved 1048576K
}
Event: 1.494 GC heap before
{Heap before GC invocations=3 (full 0):
 PSYoungGen      total 18944K, used 18912K [0x00000000eab00000, 0x00000000ec000000, 0x0000000100000000)
  eden space 16384K, 100% used [0x00000000eab00000,0x00000000ebb00000,0x00000000ebb00000)
  from space 2560K, 98% used [0x00000000ebd80000,0x00000000ebff8028,0x00000000ec000000)
  to   space 2560K, 0% used [0x00000000ebb00000,0x00000000ebb00000,0x00000000ebd80000)
 ParOldGen       total 44032K, used 4346K [0x00000000c0000000, 0x00000000c2b00000, 0x00000000eab00000)
  object space 44032K, 9% used [0x00000000c0000000,0x00000000c043eb48,0x00000000c2b00000)
 Metaspace       used 6031K, capacity 6960K, committed 7040K, reserved 1056768K
  class space    used 594K, capacity 616K, committed 640K, reserved 1048576K
Event: 1.515 GC heap after
Heap after GC invocations=3 (full 0):
 PSYoungGen      total 18944K, used 2528K [0x00000000eab00000, 0x00000000ec000000, 0x0000000100000000)
  eden space 16384K, 0% used [0x00000000eab00000,0x00000000eab00000,0x00000000ebb00000)
  from space 2560K, 98% used [0x00000000ebb00000,0x00000000ebd780f8,0x00000000ebd80000)
  to   space 2560K, 0% used [0x00000000ebd80000,0x00000000ebd80000,0x00000000ec000000)
 ParOldGen       total 44032K, used 6875K [0x00000000c0000000, 0x00000000c2b00000, 0x00000000eab00000)
  object space 44032K, 15% used [0x00000000c0000000,0x00000000c06b6c08,0x00000000c2b00000)
 Metaspace       used 6031K, capacity 6960K, committed 7040K, reserved 1056768K
  class space    used 594K, capacity 616K, committed 640K, reserved 1048576K
}
Event: 1.783 GC heap before
{Heap before GC invocations=4 (full 0):
 PSYoungGen      total 18944K, used 18912K [0x00000000eab00000, 0x00000000ec000000, 0x0000000100000000)
  eden space 16384K, 100% used [0x00000000eab00000,0x00000000ebb00000,0x00000000ebb00000)
  from space 2560K, 98% used [0x00000000ebb00000,0x00000000ebd780f8,0x00000000ebd80000)
  to   space 2560K, 0% used [0x00000000ebd80000,0x00000000ebd80000,0x00000000ec000000)
 ParOldGen       total 44032K, used 6875K [0x00000000c0000000, 0x00000000c2b00000, 0x00000000eab00000)
  object space 44032K, 15% used [0x00000000c0000000,0x00000000c06b6c08,0x00000000c2b00000)
 Metaspace       used 6132K, capacity 7088K, committed 7296K, reserved 1056768K
  class space    used 594K, capacity 616K, committed 640K, reserved 1048576K
Event: 1.796 GC heap after
Heap after GC invocations=4 (full 0):
 PSYoungGen      total 18944K, used 2544K [0x00000000eab00000, 0x00000000ec000000, 0x0000000100000000)
  eden space 16384K, 0% used [0x00000000eab00000,0x00000000eab00000,0x00000000ebb00000)
  from space 2560K, 99% used [0x00000000ebd80000,0x00000000ebffc108,0x00000000ec000000)
  to   space 2560K, 0% used [0x00000000ebb00000,0x00000000ebb00000,0x00000000ebd80000)
 ParOldGen       total 44032K, used 9146K [0x00000000c0000000, 0x00000000c2b00000, 0x00000000eab00000)
  object space 44032K, 20% used [0x00000000c0000000,0x00000000c08ee898,0x00000000c2b00000)
 Metaspace       used 6132K, capacity 7088K, committed 7296K, reserved 1056768K
  class space    used 594K, capacity 616K, committed 640K, reserved 1048576K
}

Deoptimization events (10 events):
Event: 1.867 Thread 0x0000000055e9a800 Uncommon trap: reason=unstable_if action=reinterpret pc=0x00000000028b66e0 method=java.util.HashMap.putVal(ILjava/lang/Object;Ljava/lang/Object;ZZ)Ljava/lang/Object; @ 94
Event: 1.868 Thread 0x0000000055e9a800 Uncommon trap: reason=unstable_if action=reinterpret pc=0x0000000002817d50 method=java.util.HashMap.putVal(ILjava/lang/Object;Ljava/lang/Object;ZZ)Ljava/lang/Object; @ 94
Event: 1.915 Thread 0x0000000055e9a800 Uncommon trap: reason=speculate_class_check action=maybe_recompile pc=0x0000000002770ba0 method=com.android.dx.util.FixedSizeList.equals(Ljava/lang/Object;)Z @ 25
Event: 1.915 Thread 0x0000000055e9a800 Uncommon trap: reason=class_check action=maybe_recompile pc=0x00000000027377c4 method=java.util.Arrays.equals([Ljava/lang/Object;[Ljava/lang/Object;)Z @ 62
Event: 1.915 Thread 0x0000000055e9a800 Uncommon trap: reason=speculate_class_check action=maybe_recompile pc=0x0000000002770ba0 method=com.android.dx.util.FixedSizeList.equals(Ljava/lang/Object;)Z @ 25
Event: 1.915 Thread 0x0000000055e9a800 Uncommon trap: reason=class_check action=maybe_recompile pc=0x00000000027377c4 method=java.util.Arrays.equals([Ljava/lang/Object;[Ljava/lang/Object;)Z @ 62
Event: 1.915 Thread 0x0000000055e9a800 Uncommon trap: reason=speculate_class_check action=maybe_recompile pc=0x0000000002770ba0 method=com.android.dx.util.FixedSizeList.equals(Ljava/lang/Object;)Z @ 25
Event: 1.915 Thread 0x0000000055e9a800 Uncommon trap: reason=class_check action=maybe_recompile pc=0x00000000027377c4 method=java.util.Arrays.equals([Ljava/lang/Object;[Ljava/lang/Object;)Z @ 62
Event: 1.915 Thread 0x0000000055e9a800 Uncommon trap: reason=speculate_class_check action=maybe_recompile pc=0x0000000002770ba0 method=com.android.dx.util.FixedSizeList.equals(Ljava/lang/Object;)Z @ 25
Event: 1.915 Thread 0x0000000055e9a800 Uncommon trap: reason=class_check action=maybe_recompile pc=0x00000000027377c4 method=java.util.Arrays.equals([Ljava/lang/Object;[Ljava/lang/Object;)Z @ 62

Internal exceptions (3 events):
Event: 0.075 Thread 0x0000000001d8d800 Exception <a 'java/lang/NoSuchMethodError': Method sun.misc.Unsafe.defineClass(Ljava/lang/String;[BII)Ljava/lang/Class; name or signature does not match> (0x00000000eab0d0c0) thrown at [C:\re\workspace\8-2-build-windows-amd64-cygwin\jdk8u60\4407\hotspot\sr¾‚sÆQ)³?
Event: 0.075 Thread 0x0000000001d8d800 Exception <a 'java/lang/NoSuchMethodError': Method sun.misc.Unsafe.prefetchRead(Ljava/lang/Object;J)V name or signature does not match> (0x00000000eab0d3a8) thrown at [C:\re\workspace\8-2-build-windows-amd64-cygwin\jdk8u60\4407\hotspot\src\share\vm\prims\j˜,–H^ê?
Event: 0.824 Thread 0x0000000055e9a800 Implicit null exception at 0x00000000026a658a to 0x00000000026a6bb1

Events (10 events):
Event: 1.954 Thread 0x0000000055e9a800 DEOPT PACKING pc=0x0000000002907a9e sp=0x000000005648eb00
Event: 1.954 Thread 0x0000000055e9a800 DEOPT UNPACKING pc=0x00000000023d71bf sp=0x000000005648e8b0 mode 0
Event: 1.964 Thread 0x0000000055e9a800 DEOPT PACKING pc=0x0000000002904a5a sp=0x000000005648e9f0
Event: 1.964 Thread 0x0000000055e9a800 DEOPT UNPACKING pc=0x00000000023d71bf sp=0x000000005648e770 mode 0
Event: 1.974 Thread 0x0000000055e9a800 DEOPT PACKING pc=0x000000000292aa8c sp=0x000000005648eab0
Event: 1.974 Thread 0x0000000055e9a800 DEOPT UNPACKING pc=0x00000000023d71bf sp=0x000000005648e818 mode 0
Event: 1.986 Thread 0x0000000055e9a800 DEOPT PACKING pc=0x00000000029323e8 sp=0x000000005648eb30
Event: 1.986 Thread 0x0000000055e9a800 DEOPT UNPACKING pc=0x00000000023d71bf sp=0x000000005648e890 mode 0
Event: 1.988 Thread 0x0000000055e9a800 DEOPT PACKING pc=0x000000000292ec7d sp=0x000000005648eb00
Event: 1.988 Thread 0x0000000055e9a800 DEOPT UNPACKING pc=0x00000000023d71bf sp=0x000000005648e880 mode 0


Dynamic libraries:
0x000000013f850000 - 0x000000013f887000 	E:\jdk1.8.0_60\bin\java.exe
0x0000000076df0000 - 0x0000000076f99000 	C:\Windows\SYSTEM32\ntdll.dll
0x0000000076cd0000 - 0x0000000076def000 	C:\Windows\system32\kernel32.dll
0x000007fefcd20000 - 0x000007fefcd8b000 	C:\Windows\system32\KERNELBASE.dll
0x000007fefd340000 - 0x000007fefd41b000 	C:\Windows\system32\ADVAPI32.dll
0x000007feff060000 - 0x000007feff0ff000 	C:\Windows\system32\msvcrt.dll
0x000007fefd280000 - 0x000007fefd29f000 	C:\Windows\SYSTEM32\sechost.dll
0x000007fefd7c0000 - 0x000007fefd8ed000 	C:\Windows\system32\RPCRT4.dll
0x0000000076bd0000 - 0x0000000076cca000 	C:\Windows\system32\USER32.dll
0x000007fefeff0000 - 0x000007feff057000 	C:\Windows\system32\GDI32.dll
0x000007fefd4a0000 - 0x000007fefd4ae000 	C:\Windows\system32\LPK.dll
0x000007fefd4b0000 - 0x000007fefd579000 	C:\Windows\system32\USP10.dll
0x000007fefb240000 - 0x000007fefb434000 	C:\Windows\WinSxS\amd64_microsoft.windows.common-controls_6595b64144ccf1df_6.0.7601.17514_none_fa396087175ac9ac\COMCTL32.dll
0x000007fefd420000 - 0x000007fefd491000 	C:\Windows\system32\SHLWAPI.dll
0x000007fefda50000 - 0x000007fefda7e000 	C:\Windows\system32\IMM32.DLL
0x000007fefecc0000 - 0x000007fefedc9000 	C:\Windows\system32\MSCTF.dll
0x0000000073890000 - 0x0000000073962000 	E:\jdk1.8.0_60\jre\bin\msvcr100.dll
0x0000000073da0000 - 0x0000000074629000 	E:\jdk1.8.0_60\jre\bin\server\jvm.dll
0x000007fee91a0000 - 0x000007fee91a9000 	C:\Windows\system32\WSOCK32.dll
0x000007fefde60000 - 0x000007fefdead000 	C:\Windows\system32\WS2_32.dll
0x000007fefedd0000 - 0x000007fefedd8000 	C:\Windows\system32\NSI.dll
0x000007fef87f0000 - 0x000007fef882b000 	C:\Windows\system32\WINMM.dll
0x000007fefbd00000 - 0x000007fefbd0c000 	C:\Windows\system32\VERSION.dll
0x0000000076fb0000 - 0x0000000076fb7000 	C:\Windows\system32\PSAPI.DLL
0x00000000749c0000 - 0x00000000749cf000 	E:\jdk1.8.0_60\jre\bin\verify.dll
0x0000000074990000 - 0x00000000749b9000 	E:\jdk1.8.0_60\jre\bin\java.dll
0x0000000074970000 - 0x0000000074986000 	E:\jdk1.8.0_60\jre\bin\zip.dll
0x000007fefdeb0000 - 0x000007fefec38000 	C:\Windows\system32\SHELL32.dll
0x000007fefede0000 - 0x000007fefefe3000 	C:\Windows\system32\ole32.dll
0x000007fefcba0000 - 0x000007fefcbaf000 	C:\Windows\system32\profapi.dll

VM Arguments:
jvm_args: -Djava.awt.headless=true -Xmx1024M -Dfile.encoding=windows-1252 -Duser.country=US -Duser.language=en -Duser.variant 
java_command: com.android.dx.command.Main --dex --force-jumbo --num-threads=4 --multi-dex --output D:\Android\Demo\Demo\app\build\intermediates\transforms\dex\debug\folders\1000\10\library-2.4.0_dd460f45d27a359687729c3c169358b1eda3100b C:\Users\Administrator\.gradle\caches\modules-2\files-2.1\com.nineoldandroids\library\2.4.0\e9b63380f3a242dbdbf103a2355ad7e43bad17cb\library-2.4.0.jar
java_class_path (initial): C:\Users\Administrator\AppData\Local\Android\sdk\build-tools\23.0.3\lib\dx.jar
Launcher Type: SUN_STANDARD

Environment Variables:
PATH=C:\ProgramData\Oracle\Java\javapath;C:\Windows\system32;C:\Windows;C:\Windows\System32\Wbem;C:\Windows\System32\WindowsPowerShell\v1.0\;E:\Git\cmd;E:\Git\mingw64\bin;E:\Git\usr\bin
USERNAME=Administrator
OS=Windows_NT
PROCESSOR_IDENTIFIER=Intel64 Family 6 Model 23 Stepping 10, GenuineIntel



---------------  S Y S T E M  ---------------

OS: Windows 7 , 64 bit Build 7601 (6.1.7601.18015)

CPU:total 2 (2 cores per cpu, 1 threads per core) family 6 model 23 stepping 10, cmov, cx8, fxsr, mmx, sse, sse2, sse3, ssse3, sse4.1, tsc

Memory: 4k page, physical 4157944k(501932k free), swap 4157944k(5124k free)

vm_info: Java HotSpot(TM) 64-Bit Server VM (25.60-b23) for windows-amd64 JRE (1.8.0_60-b27), built on Aug  4 2015 11:06:27 by "java_re" with MS VC++ 10.0 (VS2010)

time: Mon Jul 25 20:09:43 2016
elapsed time: 2 seconds (0d 0h 0m 2s)

