Native frames: (J=compiled Java code, j=interpreted, Vv=VM code, C=native code)


Current CompileTask:
C2:   3578 1350       4       com.android.dx.ssa.back.FirstFitLocalCombiningAllocator$1::processInsn (169 bytes)


---------------  P R O C E S S  ---------------

Java Threads: ( => current thread )
  0x0000000056ca6800 JavaThread "pool-2-thread-4" [_thread_in_Java, id=3536, stack(0x0000000057700000,0x0000000057800000)]
  0x0000000056c90000 JavaThread "pool-2-thread-3" [_thread_blocked, id=3228, stack(0x00000000575c0000,0x00000000576c0000)]
  0x0000000056c8e800 JavaThread "pool-2-thread-2" [_thread_blocked, id=3652, stack(0x00000000574c0000,0x00000000575c0000)]
  0x0000000056c1b000 JavaThread "pool-3-thread-1" [_thread_blocked, id=3564, stack(0x00000000572c0000,0x00000000573c0000)]
  0x0000000056c05800 JavaThread "pool-2-thread-1" [_thread_blocked, id=1764, stack(0x0000000057170000,0x0000000057270000)]
  0x0000000054dcd000 JavaThread "Service Thread" daemon [_thread_blocked, id=3620, stack(0x0000000056e90000,0x0000000056f90000)]
  0x0000000054dcb000 JavaThread "C1 CompilerThread2" daemon [_thread_in_native, id=3844, stack(0x0000000055e90000,0x0000000055f90000)]
=>0x0000000054dca000 JavaThread "C2 CompilerThread1" daemon [_thread_in_native, id=1812, stack(0x0000000056850000,0x0000000056950000)]
  0x0000000054dc7800 JavaThread "C2 CompilerThread0" daemon [_thread_in_native, id=1468, stack(0x00000000566e0000,0x00000000567e0000)]
  0x0000000054dc1800 JavaThread "Attach Listener" daemon [_thread_blocked, id=4080, stack(0x0000000056530000,0x0000000056630000)]
  0x0000000054dc0000 JavaThread "Signal Dispatcher" daemon [_thread_blocked, id=352, stack(0x00000000562d0000,0x00000000563d0000)]
  0x0000000054d61800 JavaThread "Finalizer" daemon [_thread_blocked, id=3540, stack(0x0000000056170000,0x0000000056270000)]
  0x0000000054d60000 JavaThread "Reference Handler" daemon [_thread_blocked, id=2208, stack(0x0000000055fa0000,0x00000000560a0000)]
  0x0000000001f5e000 JavaThread "main" [_thread_blocked, id=3972, stack(0x0000000002020000,0x0000000002120000)]

Other Threads:
  0x0000000054d5a800 VMThread [stack: 0x0000000055d40000,0x0000000055e40000] [id=2416]
  0x00000000569bf800 WatcherThread [stack: 0x0000000057070000,0x0000000057170000] [id=3488]

VM state:not at safepoint (normal execution)

VM Mutex/Monitor currently owned by a thread: None

Heap:
 PSYoungGen      total 35328K, used 16418K [0x00000000eab00000, 0x00000000ed000000, 0x0000000100000000)
  eden space 32768K, 42% used [0x00000000eab00000,0x00000000eb88ac08,0x00000000ecb00000)
  from space 2560K, 99% used [0x00000000ecd80000,0x00000000ecffdc88,0x00000000ed000000)
  to   space 2560K, 0% used [0x00000000ecb00000,0x00000000ecb00000,0x00000000ecd80000)
 ParOldGen       total 44032K, used 3746K [0x00000000c0000000, 0x00000000c2b00000, 0x00000000eab00000)
  object space 44032K, 8% used [0x00000000c0000000,0x00000000c03a8a28,0x00000000c2b00000)
 Metaspace       used 6051K, capacity 6960K, committed 7040K, reserved 1056768K
  class space    used 598K, capacity 616K, committed 640K, reserved 1048576K

Card table byte_map: [0x0000000011830000,0x0000000011a40000] byte_map_base: 0x0000000011230000

Marking Bits: (ParMarkBitMap*) 0x00000000719da5b0
 Begin Bits: [0x00000000121d0000, 0x00000000131d0000)
 End Bits:   [0x00000000131d0000, 0x00000000141d0000)

Polling page: 0x0000000000210000

CodeCache: size=245760Kb used=5753Kb max_used=5771Kb free=240006Kb
 bounds [0x0000000002470000, 0x0000000002a20000, 0x0000000011470000]
 total_blobs=1639 nmethods=1370 adapters=182
 compilation: enabled

Compilation events (10 events):
Event: 3.330 Thread 0x0000000054dcb000 1349       3       java.util.HashMap$EntryIterator::next (5 bytes)
Event: 3.330 Thread 0x0000000054dca000 1350       4       com.android.dx.ssa.back.FirstFitLocalCombiningAllocator$1::processInsn (169 bytes)
Event: 3.330 Thread 0x0000000054dcb000 nmethod 1349 0x00000000029e6bd0 code [0x00000000029e6d40, 0x00000000029e7028]
Event: 3.330 Thread 0x0000000054dc7800 nmethod 1347 0x00000000029e66d0 code [0x00000000029e6840, 0x00000000029e6a48]
Event: 3.429 Thread 0x0000000054dcb000 1351       3       com.android.dx.cf.code.ConcreteMethod::getMaxStack (8 bytes)
Event: 3.429 Thread 0x0000000054dcb000 nmethod 1351 0x00000000029e62d0 code [0x00000000029e6420, 0x00000000029e6610]
Event: 3.430 Thread 0x0000000054dcb000 1352       3       com.android.dx.ssa.back.FirstFitLocalCombiningAllocator::handleUnassociatedParameters (60 bytes)
Event: 3.430 Thread 0x0000000054dcb000 nmethod 1352 0x00000000029ef4d0 code [0x00000000029ef680, 0x00000000029efd18]
Event: 3.430 Thread 0x0000000054dcb000 1353       3       com.android.dx.rop.type.Type::getInitializedType (42 bytes)
Event: 3.431 Thread 0x0000000054dcb000 nmethod 1353 0x00000000029ee790 code [0x00000000029ee960, 0x00000000029ef158]

GC Heap History (4 events):
Event: 0.967 GC heap before
{Heap before GC invocations=1 (full 0):
 PSYoungGen      total 18944K, used 16384K [0x00000000eab00000, 0x00000000ec000000, 0x0000000100000000)
  eden space 16384K, 100% used [0x00000000eab00000,0x00000000ebb00000,0x00000000ebb00000)
  from space 2560K, 0% used [0x00000000ebd80000,0x00000000ebd80000,0x00000000ec000000)
  to   space 2560K, 0% used [0x00000000ebb00000,0x00000000ebb00000,0x00000000ebd80000)
 ParOldGen       total 44032K, used 0K [0x00000000c0000000, 0x00000000c2b00000, 0x00000000eab00000)
  object space 44032K, 0% used [0x00000000c0000000,0x00000000c0000000,0x00000000c2b00000)
 Metaspace       used 5706K, capacity 6704K, committed 6784K, reserved 1056768K
  class space    used 597K, capacity 616K, committed 640K, reserved 1048576K
Event: 1.012 GC heap after
Heap after GC invocations=1 (full 0):
 PSYoungGen      total 18944K, used 2551K [0x00000000eab00000, 0x00000000ed000000, 0x0000000100000000)
  eden space 16384K, 0% used [0x00000000eab00000,0x00000000eab00000,0x00000000ebb00000)
  from space 2560K, 99% used [0x00000000ebb00000,0x00000000ebd7dc78,0x00000000ebd80000)
  to   space 2560K, 0% used [0x00000000ecd80000,0x00000000ecd80000,0x00000000ed000000)
 ParOldGen       total 44032K, used 1489K [0x00000000c0000000, 0x00000000c2b00000, 0x00000000eab00000)
  object space 44032K, 3% used [0x00000000c0000000,0x00000000c01746f0,0x00000000c2b00000)
 Metaspace       used 5706K, capacity 6704K, committed 6784K, reserved 1056768K
  class space    used 597K, capacity 616K, committed 640K, reserved 1048576K
}
Event: 1.507 GC heap before
{Heap before GC invocations=2 (full 0):
 PSYoungGen      total 18944K, used 18935K [0x00000000eab00000, 0x00000000ed000000, 0x0000000100000000)
  eden space 16384K, 100% used [0x00000000eab00000,0x00000000ebb00000,0x00000000ebb00000)
  from space 2560K, 99% used [0x00000000ebb00000,0x00000000ebd7dc78,0x00000000ebd80000)
  to   space 2560K, 0% used [0x00000000ecd80000,0x00000000ecd80000,0x00000000ed000000)
 ParOldGen       total 44032K, used 1489K [0x00000000c0000000, 0x00000000c2b00000, 0x00000000eab00000)
  object space 44032K, 3% used [0x00000000c0000000,0x00000000c01746f0,0x00000000c2b00000)
 Metaspace       used 5940K, capacity 6896K, committed 7040K, reserved 1056768K
  class space    used 598K, capacity 616K, committed 640K, reserved 1048576K
Event: 1.610 GC heap after
Heap after GC invocations=2 (full 0):
 PSYoungGen      total 35328K, used 2551K [0x00000000eab00000, 0x00000000ed000000, 0x0000000100000000)
  eden space 32768K, 0% used [0x00000000eab00000,0x00000000eab00000,0x00000000ecb00000)
  from space 2560K, 99% used [0x00000000ecd80000,0x00000000ecffdc88,0x00000000ed000000)
  to   space 2560K, 0% used [0x00000000ecb00000,0x00000000ecb00000,0x00000000ecd80000)
 ParOldGen       total 44032K, used 3746K [0x00000000c0000000, 0x00000000c2b00000, 0x00000000eab00000)
  object space 44032K, 8% used [0x00000000c0000000,0x00000000c03a8a28,0x00000000c2b00000)
 Metaspace       used 5940K, capacity 6896K, committed 7040K, reserved 1056768K
  class space    used 598K, capacity 616K, committed 640K, reserved 1048576K
}

Deoptimization events (10 events):
Event: 1.290 Thread 0x0000000056c8e800 Uncommon trap: reason=null_check action=make_not_entrant pc=0x0000000002871e10 method=com.android.dx.rop.type.Type.equals(Ljava/lang/Object;)Z @ 8
Event: 1.406 Thread 0x0000000056c90000 Uncommon trap: reason=bimorphic action=maybe_recompile pc=0x00000000026cef24 method=java.util.HashMap.getNode(ILjava/lang/Object;)Ljava/util/HashMap$Node; @ 126
Event: 1.409 Thread 0x0000000056c90000 Uncommon trap: reason=unstable_if action=reinterpret pc=0x00000000027cee5c method=com.android.dx.rop.code.RegisterSpecSet.put(Lcom/android/dx/rop/code/RegisterSpec;)V @ 77
Event: 1.409 Thread 0x0000000056c90000 Uncommon trap: reason=unstable_if action=reinterpret pc=0x000000000284ee4c method=com.android.dx.rop.code.RegisterSpecSet.put(Lcom/android/dx/rop/code/RegisterSpec;)V @ 77
Event: 1.410 Thread 0x0000000056c90000 Uncommon trap: reason=bimorphic action=maybe_recompile pc=0x00000000026cef24 method=java.util.HashMap.getNode(ILjava/lang/Object;)Ljava/util/HashMap$Node; @ 126
Event: 1.410 Thread 0x0000000056c90000 Uncommon trap: reason=bimorphic action=maybe_recompile pc=0x00000000026cef24 method=java.util.HashMap.getNode(ILjava/lang/Object;)Ljava/util/HashMap$Node; @ 126
Event: 1.410 Thread 0x0000000056c90000 Uncommon trap: reason=bimorphic action=maybe_recompile pc=0x00000000026cef24 method=java.util.HashMap.getNode(ILjava/lang/Object;)Ljava/util/HashMap$Node; @ 126
Event: 1.411 Thread 0x0000000056c90000 Uncommon trap: reason=unstable_if action=reinterpret pc=0x000000000277a6c4 method=com.android.dx.rop.cst.Constant.compareTo(Lcom/android/dx/rop/cst/Constant;)I @ 12
Event: 1.505 Thread 0x0000000056c8e800 Uncommon trap: reason=unstable_if action=reinterpret pc=0x0000000002751504 method=com.android.dx.rop.code.RegisterSpec.equals(ILcom/android/dx/rop/type/TypeBearer;Lcom/android/dx/rop/code/LocalItem;)Z @ 42
Event: 1.674 Thread 0x0000000056c8e800 Uncommon trap: reason=uninitialized action=reinterpret pc=0x000000000290e52c method=com.android.dx.cf.code.BytecodeArray.parseInstruction(ILcom/android/dx/cf/code/BytecodeArray$Visitor;)I @ 1031

Internal exceptions (3 events):
Event: 0.090 Thread 0x0000000001f5e000 Exception <a 'java/lang/NoSuchMethodError': Method sun.misc.Unsafe.defineClass(Ljava/lang/String;[BII)Ljava/lang/Class; name or signature does not match> (0x00000000eab0d2d8) thrown at [C:\re\workspace\8-2-build-windows-amd64-cygwin\jdk8u60\4407\hotspot\sr¿I™µ.∑?
Event: 0.090 Thread 0x0000000001f5e000 Exception <a 'java/lang/NoSuchMethodError': Method sun.misc.Unsafe.prefetchRead(Ljava/lang/Object;J)V name or signature does not match> (0x00000000eab0d5c0) thrown at [C:\re\workspace\8-2-build-windows-amd64-cygwin\jdk8u60\4407\hotspot\src\share\vm\prims\jÎ”ÔC§Ù?
Event: 1.290 Thread 0x0000000056c8e800 Implicit null exception at 0x0000000002871d12 to 0x0000000002871e02

Events (10 events):
Event: 1.610 Executing VM operation: ParallelGCFailedAllocation done
Event: 1.666 Thread 0x0000000056c8e800 DEOPT PACKING pc=0x000000000284243b sp=0x00000000575be700
Event: 1.666 Thread 0x0000000056c8e800 DEOPT UNPACKING pc=0x00000000024b787f sp=0x00000000575be4d0 mode 0
Event: 1.674 Thread 0x0000000056c8e800 Uncommon trap: trap_request=0xffffffb5 fr.pc=0x000000000290e52c
Event: 1.674 Thread 0x0000000056c8e800 DEOPT PACKING pc=0x000000000290e52c sp=0x00000000575be790
Event: 1.674 Thread 0x0000000056c8e800 DEOPT UNPACKING pc=0x00000000024b582a sp=0x00000000575be710 mode 2
Event: 2.121 Thread 0x0000000056c8e800 DEOPT PACKING pc=0x000000000284243b sp=0x00000000575be5e0
Event: 2.121 Thread 0x0000000056c8e800 DEOPT UNPACKING pc=0x00000000024b787f sp=0x00000000575be3a8 mode 0
Event: 2.121 Thread 0x0000000056c8e800 DEOPT PACKING pc=0x00000000027f2fe7 sp=0x00000000575be740
Event: 2.121 Thread 0x0000000056c8e800 DEOPT UNPACKING pc=0x00000000024b787f sp=0x00000000575be4b0 mode 0


Dynamic libraries:
0x000000013f700000 - 0x000000013f737000 	C:\Program Files\Java\jdk1.8.0_60\bin\java.exe
0x0000000077950000 - 0x0000000077af9000 	C:\Windows\SYSTEM32\ntdll.dll
0x0000000077830000 - 0x000000007794f000 	C:\Windows\system32\kernel32.dll
0x000007fefd7d0000 - 0x000007fefd83b000 	C:\Windows\system32\KERNELBASE.dll
0x000007fefdda0000 - 0x000007fefde7b000 	C:\Windows\system32\ADVAPI32.dll
0x000007fefe820000 - 0x000007fefe8bf000 	C:\Windows\system32\msvcrt.dll
0x000007fefe2a0000 - 0x000007fefe2bf000 	C:\Windows\SYSTEM32\sechost.dll
0x000007fefdc70000 - 0x000007fefdd9d000 	C:\Windows\system32\RPCRT4.dll
0x0000000077730000 - 0x000000007782a000 	C:\Windows\system32\USER32.dll
0x000007fefe940000 - 0x000007fefe9a7000 	C:\Windows\system32\GDI32.dll
0x000007fefe050000 - 0x000007fefe05e000 	C:\Windows\system32\LPK.dll
0x000007fefe750000 - 0x000007fefe819000 	C:\Windows\system32\USP10.dll
0x000007fefc170000 - 0x000007fefc364000 	C:\Windows\WinSxS\amd64_microsoft.windows.common-controls_6595b64144ccf1df_6.0.7601.17514_none_fa396087175ac9ac\COMCTL32.dll
0x000007feff980000 - 0x000007feff9f1000 	C:\Windows\system32\SHLWAPI.dll
0x000007feffc30000 - 0x000007feffc5e000 	C:\Windows\system32\IMM32.DLL
0x000007fefe9b0000 - 0x000007fefeab9000 	C:\Windows\system32\MSCTF.dll
0x0000000074ea0000 - 0x0000000074f72000 	C:\Program Files\Java\jdk1.8.0_60\jre\bin\msvcr100.dll
0x00000000711d0000 - 0x0000000071a59000 	C:\Program Files\Java\jdk1.8.0_60\jre\bin\server\jvm.dll
0x000007fefc3b0000 - 0x000007fefc3b9000 	C:\Windows\system32\WSOCK32.dll
0x000007fefeac0000 - 0x000007fefeb0d000 	C:\Windows\system32\WS2_32.dll
0x000007fefdee0000 - 0x000007fefdee8000 	C:\Windows\system32\NSI.dll
0x000007fef67b0000 - 0x000007fef67eb000 	C:\Windows\system32\WINMM.dll
0x000007fefc860000 - 0x000007fefc86c000 	C:\Windows\system32\VERSION.dll
0x0000000077b10000 - 0x0000000077b17000 	C:\Windows\system32\PSAPI.DLL
0x0000000075490000 - 0x000000007549f000 	C:\Program Files\Java\jdk1.8.0_60\jre\bin\verify.dll
0x0000000075460000 - 0x0000000075489000 	C:\Program Files\Java\jdk1.8.0_60\jre\bin\java.dll
0x0000000075440000 - 0x0000000075456000 	C:\Program Files\Java\jdk1.8.0_60\jre\bin\zip.dll
0x000007fefeb10000 - 0x000007feff898000 	C:\Windows\system32\SHELL32.dll
0x000007feffa00000 - 0x000007feffc03000 	C:\Windows\system32\ole32.dll
0x000007fefd730000 - 0x000007fefd73f000 	C:\Windows\system32\profapi.dll

VM Arguments:
jvm_args: -Djava.awt.headless=true -Xmx1024M -Dfile.encoding=windows-1252 -Duser.country=US -Duser.language=en -Duser.variant 
java_command: com.android.dx.command.Main --dex --force-jumbo --num-threads=4 --multi-dex --output D:\Hai\Demo\app\build\intermediates\transforms\dex\debug\folders\1000\10\com.android.support-recyclerview-v7-23.0.1_ef42b39e44568ef527d45b22fc50f9ef23e0c332 D:\Hai\Demo\app\build\intermediates\exploded-aar\com.android.support\recyclerview-v7\23.0.1\jars\classes.jar
java_class_path (initial): C:\Users\Administrator\AppData\Local\Android\sdk\build-tools\23.0.3\lib\dx.jar
Launcher Type: SUN_STANDARD

Environment Variables:
PATH=C:\ProgramData\Oracle\Java\javapath;C:\Windows\system32;C:\Windows;C:\Windows\System32\Wbem;C:\Windows\System32\WindowsPowerShell\v1.0\;C:\Program Files\Git\cmd;C:\Program Files\Git\mingw64\bin;C:\Program Files\Git\usr\bin
USERNAME=Administrator
OS=Windows_NT
PROCESSOR_IDENTIFIER=Intel64 Family 6 Model 58 Stepping 9, GenuineIntel



---------------  S Y S T E M  ---------------

OS: Windows 7 , 64 bit Build 7601 (6.1.7601.18015)

CPU:total 4 (2 cores per cpu, 2 threads per core) family 6 model 58 stepping 9, cmov, cx8, fxsr, mmx, sse, sse2, sse3, ssse3, sse4.1, sse4.2, popcnt, avx, aes, clmul, erms, ht, tsc, tscinvbit, tscinv

Memory: 4k page, physical 4094316k(696876k free), swap 4094316k(42676k free)

vm_info: Java HotSpot(TM) 64-Bit Server VM (25.60-b23) for windows-amd64 JRE (1.8.0_60-b27), built on Aug  4 2015 11:06:27 by "java_re" with MS VC++ 10.0 (VS2010)

time: Sun Jul 17 15:37:44 2016
elapsed time: 3 seconds (0d 0h 0m 3s)

